#
# There is insufficient memory for the Java Runtime Environment to continue.
# Native memory allocation (malloc) failed to allocate 1949744 bytes for Chunk::new
# Possible reasons:
#   The system is out of physical RAM or swap space
#   The process is running with CompressedOops enabled, and the Java Heap may be blocking the growth of the native heap
# Possible solutions:
#   Reduce memory load on the system
#   Increase physical memory or swap space
#   Check if swap backing store is full
#   Decrease Java heap size (-Xmx/-Xms)
#   Decrease number of Java threads
#   Decrease Java thread stack sizes (-Xss)
#   Set larger code cache with -XX:ReservedCodeCacheSize=
#   JVM is running with Unscaled Compressed Oops mode in which the Java heap is
#     placed in the first 4GB address space. The Java Heap base address is the
#     maximum limit for the native heap growth. Please use -XX:HeapBaseMinAddress
#     to set the Java Heap base and to place the Java Heap above 4GB virtual address.
# This output file may be truncated or incomplete.
#
#  Out of Memory Error (arena.cpp:189), pid=9124, tid=3648
#
# JRE version: OpenJDK Runtime Environment (17.0.6) (build 17.0.6+0-b2043.56-10027231)
# Java VM: OpenJDK 64-Bit Server VM (17.0.6+0-b2043.56-10027231, mixed mode, tiered, compressed oops, compressed class ptrs, g1 gc, windows-amd64)
# No core dump will be written. Minidumps are not enabled by default on client versions of Windows
#

---------------  S U M M A R Y ------------

Command Line: -XX:MaxPermSize=512m -XX:+HeapDumpOnOutOfMemoryError --add-opens=java.base/java.util=ALL-UNNAMED --add-opens=java.base/java.lang=ALL-UNNAMED --add-opens=java.base/java.lang.invoke=ALL-UNNAMED --add-opens=java.prefs/java.util.prefs=ALL-UNNAMED --add-opens=java.base/java.nio.charset=ALL-UNNAMED --add-opens=java.base/java.net=ALL-UNNAMED --add-opens=java.base/java.util.concurrent.atomic=ALL-UNNAMED -Xmx1024m -Dfile.encoding=UTF-8 -Duser.country=ID -Duser.language=en -Duser.variant -javaagent:C:\Users\LENOVO\.gradle\wrapper\dists\gradle-8.3-bin\dxjbbhstwasg8cbags9q7cvli\gradle-8.3\lib\agents\gradle-instrumentation-agent-8.3.jar org.gradle.launcher.daemon.bootstrap.GradleDaemon 8.3

Host: AMD A9-9420 RADEON R5, 5 COMPUTE CORES 2C+3G   , 2 cores, 11G,  Windows 10 , 64 bit Build 19041 (10.0.19041.5438)
Time: Sat Feb 22 18:08:04 2025 SE Asia Standard Time elapsed time: 67.097526 seconds (0d 0h 1m 7s)

---------------  T H R E A D  ---------------

Current thread (0x000001fe28386a50):  JavaThread "C2 CompilerThread0" daemon [_thread_in_native, id=3648, stack(0x000000a9f8a00000,0x000000a9f8b00000)]


Current CompileTask:
C2:  67097 12662       4       org.gradle.internal.operations.DefaultBuildOperationRunner::execute (23 bytes)

Stack: [0x000000a9f8a00000,0x000000a9f8b00000]
Native frames: (J=compiled Java code, j=interpreted, Vv=VM code, C=native code)
V  [jvm.dll+0x683c9a]
V  [jvm.dll+0x8427a4]
V  [jvm.dll+0x843f9e]
V  [jvm.dll+0x844603]
V  [jvm.dll+0x249b75]
V  [jvm.dll+0xabcac]
V  [jvm.dll+0xac27c]
V  [jvm.dll+0x368857]
V  [jvm.dll+0x332f31]
V  [jvm.dll+0x3323da]
V  [jvm.dll+0x21c201]
V  [jvm.dll+0x21b621]
V  [jvm.dll+0x1a4fdd]
V  [jvm.dll+0x22b098]
V  [jvm.dll+0x229159]
V  [jvm.dll+0x7f81ec]
V  [jvm.dll+0x7f274a]
V  [jvm.dll+0x682ad5]
C  [ucrtbase.dll+0x21bb2]
C  [KERNEL32.DLL+0x17374]
C  [ntdll.dll+0x4cc91]


---------------  P R O C E S S  ---------------

Threads class SMR info:
_java_thread_list=0x000001fe2d72b6b0, length=59, elements={
0x000001fe0f893800, 0x000001fe2833d7b0, 0x000001fe28340800, 0x000001fe28382000,
0x000001fe28384ce0, 0x000001fe283855a0, 0x000001fe28385e60, 0x000001fe28386a50,
0x000001fe28d5ff40, 0x000001fe28d60c60, 0x000001fe28de0010, 0x000001fe29042a40,
0x000001fe29b61200, 0x000001fe28f71440, 0x000001fe29699b30, 0x000001fe2a6ff110,
0x000001fe29bc3350, 0x000001fe2922e720, 0x000001fe28fd23b0, 0x000001fe2919f030,
0x000001fe29bc3fc0, 0x000001fe29bc4490, 0x000001fe2b9c94f0, 0x000001fe2b9c7340,
0x000001fe2b9c9020, 0x000001fe2b9c7810, 0x000001fe2b9c7ce0, 0x000001fe2b9c6000,
0x000001fe2b9c64d0, 0x000001fe2b9c99c0, 0x000001fe2b9c69a0, 0x000001fe2b9c6e70,
0x000001fe2b9c81b0, 0x000001fe2b9c8680, 0x000001fe2b9c8b50, 0x000001fe2a746d40,
0x000001fe2a7463a0, 0x000001fe2a745060, 0x000001fe2a745a00, 0x000001fe2a747bb0,
0x000001fe2a747210, 0x000001fe30bee540, 0x000001fe30bf06f0, 0x000001fe30bef880,
0x000001fe30bf0bc0, 0x000001fe30befd50, 0x000001fe30bf1090, 0x000001fe30bf1560,
0x000001fe30bf40b0, 0x000001fe30bf3710, 0x000001fe30bf1a30, 0x000001fe30bf1f00,
0x000001fe30bf28a0, 0x000001fe30bf2d70, 0x000001fe308ac4c0, 0x000001fe308aa7e0,
0x000001fe308ab180, 0x000001fe308ab650, 0x000001fe308b0350
}

Java Threads: ( => current thread )
  0x000001fe0f893800 JavaThread "main" [_thread_blocked, id=1612, stack(0x000000a9f7c00000,0x000000a9f7d00000)]
  0x000001fe2833d7b0 JavaThread "Reference Handler" daemon [_thread_blocked, id=10220, stack(0x000000a9f8400000,0x000000a9f8500000)]
  0x000001fe28340800 JavaThread "Finalizer" daemon [_thread_blocked, id=8352, stack(0x000000a9f8500000,0x000000a9f8600000)]
  0x000001fe28382000 JavaThread "Signal Dispatcher" daemon [_thread_blocked, id=4540, stack(0x000000a9f8600000,0x000000a9f8700000)]
  0x000001fe28384ce0 JavaThread "Attach Listener" daemon [_thread_blocked, id=7360, stack(0x000000a9f8700000,0x000000a9f8800000)]
  0x000001fe283855a0 JavaThread "Service Thread" daemon [_thread_blocked, id=7320, stack(0x000000a9f8800000,0x000000a9f8900000)]
  0x000001fe28385e60 JavaThread "Monitor Deflation Thread" daemon [_thread_blocked, id=4404, stack(0x000000a9f8900000,0x000000a9f8a00000)]
=>0x000001fe28386a50 JavaThread "C2 CompilerThread0" daemon [_thread_in_native, id=3648, stack(0x000000a9f8a00000,0x000000a9f8b00000)]
  0x000001fe28d5ff40 JavaThread "C1 CompilerThread0" daemon [_thread_blocked, id=5160, stack(0x000000a9f8b00000,0x000000a9f8c00000)]
  0x000001fe28d60c60 JavaThread "Sweeper thread" daemon [_thread_blocked, id=7936, stack(0x000000a9f8c00000,0x000000a9f8d00000)]
  0x000001fe28de0010 JavaThread "Common-Cleaner" daemon [_thread_blocked, id=8492, stack(0x000000a9f8d00000,0x000000a9f8e00000)]
  0x000001fe29042a40 JavaThread "Notification Thread" daemon [_thread_blocked, id=6828, stack(0x000000a9f8e00000,0x000000a9f8f00000)]
  0x000001fe29b61200 JavaThread "Daemon health stats" [_thread_blocked, id=6988, stack(0x000000a9f9100000,0x000000a9f9200000)]
  0x000001fe28f71440 JavaThread "Incoming local TCP Connector on port 54491" [_thread_in_native, id=6588, stack(0x000000a9f9200000,0x000000a9f9300000)]
  0x000001fe29699b30 JavaThread "Daemon periodic checks" [_thread_blocked, id=7244, stack(0x000000a9f9300000,0x000000a9f9400000)]
  0x000001fe2a6ff110 JavaThread "Daemon" [_thread_blocked, id=1748, stack(0x000000a9f9400000,0x000000a9f9500000)]
  0x000001fe29bc3350 JavaThread "Handler for socket connection from /127.0.0.1:54491 to /127.0.0.1:54492" [_thread_in_native, id=5876, stack(0x000000a9f9500000,0x000000a9f9600000)]
  0x000001fe2922e720 JavaThread "Cancel handler" [_thread_blocked, id=3428, stack(0x000000a9f9600000,0x000000a9f9700000)]
  0x000001fe28fd23b0 JavaThread "Daemon worker" [_thread_blocked, id=10168, stack(0x000000a9f9700000,0x000000a9f9800000)]
  0x000001fe2919f030 JavaThread "Asynchronous log dispatcher for DefaultDaemonConnection: socket connection from /127.0.0.1:54491 to /127.0.0.1:54492" [_thread_blocked, id=8176, stack(0x000000a9f9800000,0x000000a9f9900000)]
  0x000001fe29bc3fc0 JavaThread "Stdin handler" [_thread_blocked, id=7796, stack(0x000000a9f9900000,0x000000a9f9a00000)]
  0x000001fe29bc4490 JavaThread "Daemon client event forwarder" [_thread_blocked, id=7504, stack(0x000000a9f9a00000,0x000000a9f9b00000)]
  0x000001fe2b9c94f0 JavaThread "Cache worker for journal cache (C:\Users\LENOVO\.gradle\caches\journal-1)" [_thread_blocked, id=4704, stack(0x000000a9f9b00000,0x000000a9f9c00000)]
  0x000001fe2b9c7340 JavaThread "File lock request listener" [_thread_in_native, id=1644, stack(0x000000a9f9c00000,0x000000a9f9d00000)]
  0x000001fe2b9c9020 JavaThread "Cache worker for file hash cache (C:\Users\LENOVO\.gradle\caches\8.3\fileHashes)" [_thread_blocked, id=4760, stack(0x000000a9f9d00000,0x000000a9f9e00000)]
  0x000001fe2b9c7810 JavaThread "File watcher server" daemon [_thread_in_native, id=4476, stack(0x000000a9f9e00000,0x000000a9f9f00000)]
  0x000001fe2b9c7ce0 JavaThread "File watcher consumer" daemon [_thread_blocked, id=5540, stack(0x000000a9f9f00000,0x000000a9fa000000)]
  0x000001fe2b9c6000 JavaThread "Cache worker for checksums cache (G:\NANDA APRILLIA LESTARI MUFTI\BISMILLAH\SERBA-SERBI SKRIPSI 2024\WidyaAksara\program\.gradle\8.3\checksums)" [_thread_blocked, id=10100, stack(0x000000a9fa000000,0x000000a9fa100000)]
  0x000001fe2b9c64d0 JavaThread "Cache worker for file hash cache (G:\NANDA APRILLIA LESTARI MUFTI\BISMILLAH\SERBA-SERBI SKRIPSI 2024\WidyaAksara\program\.gradle\8.3\fileHashes)" [_thread_blocked, id=10580, stack(0x000000a9fa100000,0x000000a9fa200000)]
  0x000001fe2b9c99c0 JavaThread "Cache worker for cache directory md-supplier (C:\Users\LENOVO\.gradle\caches\8.3\md-supplier)" [_thread_blocked, id=2296, stack(0x000000a9fa200000,0x000000a9fa300000)]
  0x000001fe2b9c69a0 JavaThread "Cache worker for file content cache (C:\Users\LENOVO\.gradle\caches\8.3\fileContent)" [_thread_blocked, id=4072, stack(0x000000a9fa300000,0x000000a9fa400000)]
  0x000001fe2b9c6e70 JavaThread "Cache worker for cache directory md-rule (C:\Users\LENOVO\.gradle\caches\8.3\md-rule)" [_thread_blocked, id=5072, stack(0x000000a9fa400000,0x000000a9fa500000)]
  0x000001fe2b9c81b0 JavaThread "Cache worker for execution history cache (C:\Users\LENOVO\.gradle\caches\8.3\executionHistory)" [_thread_blocked, id=648, stack(0x000000a9fa500000,0x000000a9fa600000)]
  0x000001fe2b9c8680 JavaThread "jar transforms" [_thread_blocked, id=4980, stack(0x000000a9fa700000,0x000000a9fa800000)]
  0x000001fe2b9c8b50 JavaThread "jar transforms Thread 2" [_thread_blocked, id=5776, stack(0x000000a9fa800000,0x000000a9fa900000)]
  0x000001fe2a746d40 JavaThread "Cache worker for kotlin-dsl (C:\Users\LENOVO\.gradle\caches\8.3\kotlin-dsl)" [_thread_blocked, id=9980, stack(0x000000a9fa900000,0x000000a9faa00000)]
  0x000001fe2a7463a0 JavaThread "Cache worker for dependencies-accessors (G:\NANDA APRILLIA LESTARI MUFTI\BISMILLAH\SERBA-SERBI SKRIPSI 2024\WidyaAksara\program\.gradle\8.3\dependencies-accessors)" [_thread_blocked, id=10416, stack(0x000000a9faa00000,0x000000a9fab00000)]
  0x000001fe2a745060 JavaThread "Cache worker for Build Output Cleanup Cache (G:\NANDA APRILLIA LESTARI MUFTI\BISMILLAH\SERBA-SERBI SKRIPSI 2024\WidyaAksara\program\.gradle\buildOutputCleanup)" [_thread_blocked, id=1048, stack(0x000000a9fab00000,0x000000a9fac00000)]
  0x000001fe2a745a00 JavaThread "Unconstrained build operations" [_thread_blocked, id=3608, stack(0x000000a9fac00000,0x000000a9fad00000)]
  0x000001fe2a747bb0 JavaThread "build event listener" [_thread_blocked, id=10700, stack(0x000000a9fad00000,0x000000a9fae00000)]
  0x000001fe2a747210 JavaThread "Memory manager" [_thread_blocked, id=4952, stack(0x000000a9fae00000,0x000000a9faf00000)]
  0x000001fe30bee540 JavaThread "included builds" [_thread_blocked, id=732, stack(0x000000a9fb100000,0x000000a9fb200000)]
  0x000001fe30bf06f0 JavaThread "Execution worker" [_thread_blocked, id=300, stack(0x000000a9fb200000,0x000000a9fb300000)]
  0x000001fe30bef880 JavaThread "Cache worker for execution history cache (G:\NANDA APRILLIA LESTARI MUFTI\BISMILLAH\SERBA-SERBI SKRIPSI 2024\WidyaAksara\program\.gradle\8.3\executionHistory)" [_thread_blocked, id=1168, stack(0x000000a9fb300000,0x000000a9fb400000)]
  0x000001fe30bf0bc0 JavaThread "Unconstrained build operations Thread 2" [_thread_blocked, id=11208, stack(0x000000a9fb400000,0x000000a9fb500000)]
  0x000001fe30befd50 JavaThread "Unconstrained build operations Thread 3" [_thread_blocked, id=5648, stack(0x000000a9fb500000,0x000000a9fb600000)]
  0x000001fe30bf1090 JavaThread "Unconstrained build operations Thread 4" [_thread_blocked, id=7260, stack(0x000000a9fb600000,0x000000a9fb700000)]
  0x000001fe30bf1560 JavaThread "Unconstrained build operations Thread 5" [_thread_blocked, id=2340, stack(0x000000a9fb700000,0x000000a9fb800000)]
  0x000001fe30bf40b0 JavaThread "Unconstrained build operations Thread 6" [_thread_blocked, id=1916, stack(0x000000a9f7b00000,0x000000a9f7c00000)]
  0x000001fe30bf3710 JavaThread "Unconstrained build operations Thread 7" [_thread_blocked, id=10384, stack(0x000000a9f7d00000,0x000000a9f7e00000)]
  0x000001fe30bf1a30 JavaThread "Unconstrained build operations Thread 8" [_thread_blocked, id=3884, stack(0x000000a9fb800000,0x000000a9fb900000)]
  0x000001fe30bf1f00 JavaThread "Unconstrained build operations Thread 9" [_thread_blocked, id=7196, stack(0x000000a9fb900000,0x000000a9fba00000)]
  0x000001fe30bf28a0 JavaThread "Unconstrained build operations Thread 10" [_thread_blocked, id=7948, stack(0x000000a9fba00000,0x000000a9fbb00000)]
  0x000001fe30bf2d70 JavaThread "Unconstrained build operations Thread 11" [_thread_blocked, id=8128, stack(0x000000a9fbb00000,0x000000a9fbc00000)]
  0x000001fe308ac4c0 JavaThread "WorkerExecutor Queue" [_thread_blocked, id=1512, stack(0x000000a9fbc00000,0x000000a9fbd00000)]
  0x000001fe308aa7e0 JavaThread "Unconstrained build operations Thread 12" [_thread_blocked, id=7052, stack(0x000000a9fbd00000,0x000000a9fbe00000)]
  0x000001fe308ab180 JavaThread "Unconstrained build operations Thread 13" [_thread_blocked, id=5972, stack(0x000000a9fbe00000,0x000000a9fbf00000)]
  0x000001fe308ab650 JavaThread "Unconstrained build operations Thread 14" [_thread_blocked, id=8044, stack(0x000000a9fbf00000,0x000000a9fc000000)]
  0x000001fe308b0350 JavaThread "Thread-43" [_thread_in_native, id=8332, stack(0x000000a9fc000000,0x000000a9fc100000)]

Other Threads:
  0x000001fe28339c70 VMThread "VM Thread" [stack: 0x000000a9f8300000,0x000000a9f8400000] [id=9272]
  0x000001fe0f8946c0 WatcherThread [stack: 0x000000a9f8f00000,0x000000a9f9000000] [id=4908]
  0x000001fe0f8cf2b0 GCTaskThread "GC Thread#0" [stack: 0x000000a9f7e00000,0x000000a9f7f00000] [id=7112]
  0x000001fe2903f6a0 GCTaskThread "GC Thread#1" [stack: 0x000000a9f9000000,0x000000a9f9100000] [id=112]
  0x000001fe0f8d8100 ConcurrentGCThread "G1 Main Marker" [stack: 0x000000a9f7f00000,0x000000a9f8000000] [id=8660]
  0x000001fe0f8d9a30 ConcurrentGCThread "G1 Conc#0" [stack: 0x000000a9f8000000,0x000000a9f8100000] [id=11260]
  0x000001fe0f95ea90 ConcurrentGCThread "G1 Refine#0" [stack: 0x000000a9f8100000,0x000000a9f8200000] [id=10588]
  0x000001fe2b605320 ConcurrentGCThread "G1 Refine#1" [stack: 0x000000a9fa600000,0x000000a9fa700000] [id=10764]
  0x000001fe28192480 ConcurrentGCThread "G1 Service" [stack: 0x000000a9f8200000,0x000000a9f8300000] [id=7728]

Threads with active compile tasks:
C2 CompilerThread0    67160 12662       4       org.gradle.internal.operations.DefaultBuildOperationRunner::execute (23 bytes)

VM state: not at safepoint (normal execution)

VM Mutex/Monitor currently owned by a thread: None

Heap address: 0x00000000c0000000, size: 1024 MB, Compressed Oops mode: 32-bit

CDS archive(s) not mapped
Compressed class space mapped at: 0x0000000100000000-0x0000000140000000, reserved size: 1073741824
Narrow klass base: 0x0000000000000000, Narrow klass shift: 3, Narrow klass range: 0x140000000

GC Precious Log:
 CPUs: 2 total, 2 available
 Memory: 11680M
 Large Page Support: Disabled
 NUMA Support: Disabled
 Compressed Oops: Enabled (32-bit)
 Heap Region Size: 1M
 Heap Min Capacity: 8M
 Heap Initial Capacity: 184M
 Heap Max Capacity: 1G
 Pre-touch: Disabled
 Parallel Workers: 2
 Concurrent Workers: 1
 Concurrent Refinement Workers: 2
 Periodic GC: Disabled

Heap:
 garbage-first heap   total 194560K, used 119743K [0x00000000c0000000, 0x0000000100000000)
  region size 1024K, 17 young (17408K), 7 survivors (7168K)
 Metaspace       used 102531K, committed 103232K, reserved 1138688K
  class space    used 14025K, committed 14400K, reserved 1048576K

Heap Regions: E=young(eden), S=young(survivor), O=old, HS=humongous(starts), HC=humongous(continues), CS=collection set, F=free, OA=open archive, CA=closed archive, TAMS=top-at-mark-start (previous, next)
|   0|0x00000000c0000000, 0x00000000c0100000, 0x00000000c0100000|100%|HS|  |TAMS 0x00000000c0100000, 0x00000000c0000000| Complete 
|   1|0x00000000c0100000, 0x00000000c0200000, 0x00000000c0200000|100%|HC|  |TAMS 0x00000000c0200000, 0x00000000c0100000| Complete 
|   2|0x00000000c0200000, 0x00000000c0300000, 0x00000000c0300000|100%|HC|  |TAMS 0x00000000c0300000, 0x00000000c0200000| Complete 
|   3|0x00000000c0300000, 0x00000000c0400000, 0x00000000c0400000|100%|HC|  |TAMS 0x00000000c0400000, 0x00000000c0300000| Complete 
|   4|0x00000000c0400000, 0x00000000c0500000, 0x00000000c0500000|100%| O|  |TAMS 0x00000000c0500000, 0x00000000c0400000| Untracked 
|   5|0x00000000c0500000, 0x00000000c0600000, 0x00000000c0600000|100%| O|  |TAMS 0x00000000c0600000, 0x00000000c0500000| Untracked 
|   6|0x00000000c0600000, 0x00000000c0700000, 0x00000000c0700000|100%| O|  |TAMS 0x00000000c0700000, 0x00000000c0600000| Untracked 
|   7|0x00000000c0700000, 0x00000000c0800000, 0x00000000c0800000|100%| O|  |TAMS 0x00000000c0800000, 0x00000000c0700000| Untracked 
|   8|0x00000000c0800000, 0x00000000c0900000, 0x00000000c0900000|100%| O|  |TAMS 0x00000000c0900000, 0x00000000c0800000| Untracked 
|   9|0x00000000c0900000, 0x00000000c0a00000, 0x00000000c0a00000|100%| O|  |TAMS 0x00000000c0a00000, 0x00000000c0900000| Untracked 
|  10|0x00000000c0a00000, 0x00000000c0b00000, 0x00000000c0b00000|100%| O|  |TAMS 0x00000000c0b00000, 0x00000000c0a00000| Untracked 
|  11|0x00000000c0b00000, 0x00000000c0c00000, 0x00000000c0c00000|100%| O|  |TAMS 0x00000000c0c00000, 0x00000000c0b00000| Untracked 
|  12|0x00000000c0c00000, 0x00000000c0d00000, 0x00000000c0d00000|100%| O|  |TAMS 0x00000000c0d00000, 0x00000000c0c00000| Untracked 
|  13|0x00000000c0d00000, 0x00000000c0e00000, 0x00000000c0e00000|100%| O|  |TAMS 0x00000000c0e00000, 0x00000000c0d00000| Untracked 
|  14|0x00000000c0e00000, 0x00000000c0f00000, 0x00000000c0f00000|100%| O|  |TAMS 0x00000000c0f00000, 0x00000000c0e00000| Untracked 
|  15|0x00000000c0f00000, 0x00000000c1000000, 0x00000000c1000000|100%| O|  |TAMS 0x00000000c1000000, 0x00000000c0f00000| Untracked 
|  16|0x00000000c1000000, 0x00000000c1100000, 0x00000000c1100000|100%| O|  |TAMS 0x00000000c1100000, 0x00000000c1000000| Untracked 
|  17|0x00000000c1100000, 0x00000000c1200000, 0x00000000c1200000|100%| O|  |TAMS 0x00000000c1200000, 0x00000000c1100000| Untracked 
|  18|0x00000000c1200000, 0x00000000c1300000, 0x00000000c1300000|100%| O|  |TAMS 0x00000000c1300000, 0x00000000c1200000| Untracked 
|  19|0x00000000c1300000, 0x00000000c1400000, 0x00000000c1400000|100%| O|  |TAMS 0x00000000c1400000, 0x00000000c1300000| Untracked 
|  20|0x00000000c1400000, 0x00000000c1500000, 0x00000000c1500000|100%| O|  |TAMS 0x00000000c1500000, 0x00000000c1400000| Untracked 
|  21|0x00000000c1500000, 0x00000000c1600000, 0x00000000c1600000|100%|HS|  |TAMS 0x00000000c1600000, 0x00000000c1500000| Complete 
|  22|0x00000000c1600000, 0x00000000c1700000, 0x00000000c1700000|100%| O|  |TAMS 0x00000000c1700000, 0x00000000c1600000| Untracked 
|  23|0x00000000c1700000, 0x00000000c1800000, 0x00000000c1800000|100%| O|  |TAMS 0x00000000c1800000, 0x00000000c1700000| Untracked 
|  24|0x00000000c1800000, 0x00000000c1900000, 0x00000000c1900000|100%| O|  |TAMS 0x00000000c1900000, 0x00000000c1800000| Untracked 
|  25|0x00000000c1900000, 0x00000000c1a00000, 0x00000000c1a00000|100%| O|  |TAMS 0x00000000c1a00000, 0x00000000c1900000| Untracked 
|  26|0x00000000c1a00000, 0x00000000c1b00000, 0x00000000c1b00000|100%| O|  |TAMS 0x00000000c1b00000, 0x00000000c1a00000| Untracked 
|  27|0x00000000c1b00000, 0x00000000c1c00000, 0x00000000c1c00000|100%| O|  |TAMS 0x00000000c1c00000, 0x00000000c1b00000| Untracked 
|  28|0x00000000c1c00000, 0x00000000c1d00000, 0x00000000c1d00000|100%| O|  |TAMS 0x00000000c1d00000, 0x00000000c1c00000| Untracked 
|  29|0x00000000c1d00000, 0x00000000c1e00000, 0x00000000c1e00000|100%| O|  |TAMS 0x00000000c1e00000, 0x00000000c1d00000| Untracked 
|  30|0x00000000c1e00000, 0x00000000c1f00000, 0x00000000c1f00000|100%| O|  |TAMS 0x00000000c1f00000, 0x00000000c1e00000| Untracked 
|  31|0x00000000c1f00000, 0x00000000c2000000, 0x00000000c2000000|100%| O|  |TAMS 0x00000000c2000000, 0x00000000c1f00000| Untracked 
|  32|0x00000000c2000000, 0x00000000c2100000, 0x00000000c2100000|100%| O|  |TAMS 0x00000000c2100000, 0x00000000c2000000| Untracked 
|  33|0x00000000c2100000, 0x00000000c2200000, 0x00000000c2200000|100%| O|  |TAMS 0x00000000c2200000, 0x00000000c2100000| Untracked 
|  34|0x00000000c2200000, 0x00000000c2300000, 0x00000000c2300000|100%| O|  |TAMS 0x00000000c2300000, 0x00000000c2200000| Untracked 
|  35|0x00000000c2300000, 0x00000000c2400000, 0x00000000c2400000|100%| O|  |TAMS 0x00000000c2400000, 0x00000000c2300000| Untracked 
|  36|0x00000000c2400000, 0x00000000c2500000, 0x00000000c2500000|100%| O|  |TAMS 0x00000000c2500000, 0x00000000c2400000| Untracked 
|  37|0x00000000c2500000, 0x00000000c2600000, 0x00000000c2600000|100%| O|  |TAMS 0x00000000c2600000, 0x00000000c2500000| Untracked 
|  38|0x00000000c2600000, 0x00000000c2700000, 0x00000000c2700000|100%|HS|  |TAMS 0x00000000c2700000, 0x00000000c2600000| Complete 
|  39|0x00000000c2700000, 0x00000000c2800000, 0x00000000c2800000|100%|HS|  |TAMS 0x00000000c2800000, 0x00000000c2700000| Complete 
|  40|0x00000000c2800000, 0x00000000c2900000, 0x00000000c2900000|100%|HC|  |TAMS 0x00000000c2900000, 0x00000000c2800000| Complete 
|  41|0x00000000c2900000, 0x00000000c2a00000, 0x00000000c2a00000|100%|HS|  |TAMS 0x00000000c2a00000, 0x00000000c2900000| Complete 
|  42|0x00000000c2a00000, 0x00000000c2b00000, 0x00000000c2b00000|100%|HC|  |TAMS 0x00000000c2b00000, 0x00000000c2a00000| Complete 
|  43|0x00000000c2b00000, 0x00000000c2c00000, 0x00000000c2c00000|100%|HS|  |TAMS 0x00000000c2c00000, 0x00000000c2b00000| Complete 
|  44|0x00000000c2c00000, 0x00000000c2d00000, 0x00000000c2d00000|100%|HS|  |TAMS 0x00000000c2d00000, 0x00000000c2c00000| Complete 
|  45|0x00000000c2d00000, 0x00000000c2e00000, 0x00000000c2e00000|100%|HC|  |TAMS 0x00000000c2e00000, 0x00000000c2d00000| Complete 
|  46|0x00000000c2e00000, 0x00000000c2f00000, 0x00000000c2f00000|100%|HC|  |TAMS 0x00000000c2f00000, 0x00000000c2e00000| Complete 
|  47|0x00000000c2f00000, 0x00000000c3000000, 0x00000000c3000000|100%|HC|  |TAMS 0x00000000c3000000, 0x00000000c2f00000| Complete 
|  48|0x00000000c3000000, 0x00000000c3100000, 0x00000000c3100000|100%| O|  |TAMS 0x00000000c3100000, 0x00000000c3000000| Untracked 
|  49|0x00000000c3100000, 0x00000000c3200000, 0x00000000c3200000|100%|HS|  |TAMS 0x00000000c3200000, 0x00000000c3100000| Complete 
|  50|0x00000000c3200000, 0x00000000c3300000, 0x00000000c3300000|100%| O|  |TAMS 0x00000000c3300000, 0x00000000c3200000| Untracked 
|  51|0x00000000c3300000, 0x00000000c3400000, 0x00000000c3400000|100%| O|  |TAMS 0x00000000c3400000, 0x00000000c3300000| Untracked 
|  52|0x00000000c3400000, 0x00000000c3500000, 0x00000000c3500000|100%| O|  |TAMS 0x00000000c3500000, 0x00000000c3400000| Untracked 
|  53|0x00000000c3500000, 0x00000000c3600000, 0x00000000c3600000|100%| O|  |TAMS 0x00000000c3600000, 0x00000000c3500000| Untracked 
|  54|0x00000000c3600000, 0x00000000c3700000, 0x00000000c3700000|100%| O|  |TAMS 0x00000000c3700000, 0x00000000c3600000| Untracked 
|  55|0x00000000c3700000, 0x00000000c3800000, 0x00000000c3800000|100%| O|  |TAMS 0x00000000c3800000, 0x00000000c3700000| Untracked 
|  56|0x00000000c3800000, 0x00000000c3900000, 0x00000000c3900000|100%| O|  |TAMS 0x00000000c3900000, 0x00000000c3800000| Untracked 
|  57|0x00000000c3900000, 0x00000000c3a00000, 0x00000000c3a00000|100%| O|  |TAMS 0x00000000c3a00000, 0x00000000c3900000| Untracked 
|  58|0x00000000c3a00000, 0x00000000c3b00000, 0x00000000c3b00000|100%| O|  |TAMS 0x00000000c3b00000, 0x00000000c3a00000| Untracked 
|  59|0x00000000c3b00000, 0x00000000c3c00000, 0x00000000c3c00000|100%| O|  |TAMS 0x00000000c3c00000, 0x00000000c3b00000| Untracked 
|  60|0x00000000c3c00000, 0x00000000c3d00000, 0x00000000c3d00000|100%| O|  |TAMS 0x00000000c3d00000, 0x00000000c3c00000| Untracked 
|  61|0x00000000c3d00000, 0x00000000c3e00000, 0x00000000c3e00000|100%| O|  |TAMS 0x00000000c3e00000, 0x00000000c3d00000| Untracked 
|  62|0x00000000c3e00000, 0x00000000c3f00000, 0x00000000c3f00000|100%| O|  |TAMS 0x00000000c3f00000, 0x00000000c3e00000| Untracked 
|  63|0x00000000c3f00000, 0x00000000c4000000, 0x00000000c4000000|100%| O|  |TAMS 0x00000000c4000000, 0x00000000c3f00000| Untracked 
|  64|0x00000000c4000000, 0x00000000c4100000, 0x00000000c4100000|100%|HS|  |TAMS 0x00000000c4100000, 0x00000000c4000000| Complete 
|  65|0x00000000c4100000, 0x00000000c4200000, 0x00000000c4200000|100%|HC|  |TAMS 0x00000000c4200000, 0x00000000c4100000| Complete 
|  66|0x00000000c4200000, 0x00000000c4300000, 0x00000000c4300000|100%|HC|  |TAMS 0x00000000c4300000, 0x00000000c4200000| Complete 
|  67|0x00000000c4300000, 0x00000000c4400000, 0x00000000c4400000|100%|HC|  |TAMS 0x00000000c4400000, 0x00000000c4300000| Complete 
|  68|0x00000000c4400000, 0x00000000c4500000, 0x00000000c4500000|100%| O|  |TAMS 0x00000000c4500000, 0x00000000c4400000| Untracked 
|  69|0x00000000c4500000, 0x00000000c4600000, 0x00000000c4600000|100%| O|  |TAMS 0x00000000c4600000, 0x00000000c4500000| Untracked 
|  70|0x00000000c4600000, 0x00000000c4700000, 0x00000000c4700000|100%| O|  |TAMS 0x00000000c4700000, 0x00000000c4600000| Untracked 
|  71|0x00000000c4700000, 0x00000000c4800000, 0x00000000c4800000|100%| O|  |TAMS 0x00000000c4800000, 0x00000000c4700000| Untracked 
|  72|0x00000000c4800000, 0x00000000c4900000, 0x00000000c4900000|100%| O|  |TAMS 0x00000000c4900000, 0x00000000c4800000| Untracked 
|  73|0x00000000c4900000, 0x00000000c4a00000, 0x00000000c4a00000|100%| O|  |TAMS 0x00000000c4a00000, 0x00000000c4900000| Untracked 
|  74|0x00000000c4a00000, 0x00000000c4b00000, 0x00000000c4b00000|100%| O|  |TAMS 0x00000000c4b00000, 0x00000000c4a00000| Untracked 
|  75|0x00000000c4b00000, 0x00000000c4c00000, 0x00000000c4c00000|100%| O|  |TAMS 0x00000000c4c00000, 0x00000000c4b00000| Untracked 
|  76|0x00000000c4c00000, 0x00000000c4d00000, 0x00000000c4d00000|100%| O|  |TAMS 0x00000000c4d00000, 0x00000000c4c00000| Untracked 
|  77|0x00000000c4d00000, 0x00000000c4e00000, 0x00000000c4e00000|100%| O|  |TAMS 0x00000000c4e00000, 0x00000000c4d00000| Untracked 
|  78|0x00000000c4e00000, 0x00000000c4f00000, 0x00000000c4f00000|100%| O|  |TAMS 0x00000000c4f00000, 0x00000000c4e00000| Untracked 
|  79|0x00000000c4f00000, 0x00000000c5000000, 0x00000000c5000000|100%| O|  |TAMS 0x00000000c5000000, 0x00000000c4f00000| Untracked 
|  80|0x00000000c5000000, 0x00000000c5100000, 0x00000000c5100000|100%| O|  |TAMS 0x00000000c5100000, 0x00000000c5000000| Untracked 
|  81|0x00000000c5100000, 0x00000000c5200000, 0x00000000c5200000|100%| O|  |TAMS 0x00000000c5200000, 0x00000000c5100000| Untracked 
|  82|0x00000000c5200000, 0x00000000c5300000, 0x00000000c5300000|100%| O|  |TAMS 0x00000000c5300000, 0x00000000c5200000| Untracked 
|  83|0x00000000c5300000, 0x00000000c5400000, 0x00000000c5400000|100%| O|  |TAMS 0x00000000c5400000, 0x00000000c5300000| Untracked 
|  84|0x00000000c5400000, 0x00000000c5500000, 0x00000000c5500000|100%| O|  |TAMS 0x00000000c5500000, 0x00000000c5400000| Untracked 
|  85|0x00000000c5500000, 0x00000000c5600000, 0x00000000c5600000|100%| O|  |TAMS 0x00000000c5600000, 0x00000000c5500000| Untracked 
|  86|0x00000000c5600000, 0x00000000c5700000, 0x00000000c5700000|100%| O|  |TAMS 0x00000000c5700000, 0x00000000c5600000| Untracked 
|  87|0x00000000c5700000, 0x00000000c5800000, 0x00000000c5800000|100%| O|  |TAMS 0x00000000c5800000, 0x00000000c5700000| Untracked 
|  88|0x00000000c5800000, 0x00000000c5900000, 0x00000000c5900000|100%| O|  |TAMS 0x00000000c5900000, 0x00000000c5800000| Untracked 
|  89|0x00000000c5900000, 0x00000000c5a00000, 0x00000000c5a00000|100%| O|  |TAMS 0x00000000c5a00000, 0x00000000c5900000| Untracked 
|  90|0x00000000c5a00000, 0x00000000c5b00000, 0x00000000c5b00000|100%| O|  |TAMS 0x00000000c5b00000, 0x00000000c5a00000| Untracked 
|  91|0x00000000c5b00000, 0x00000000c5c00000, 0x00000000c5c00000|100%| O|  |TAMS 0x00000000c5c00000, 0x00000000c5b00000| Untracked 
|  92|0x00000000c5c00000, 0x00000000c5d00000, 0x00000000c5d00000|100%| O|  |TAMS 0x00000000c5d00000, 0x00000000c5c00000| Untracked 
|  93|0x00000000c5d00000, 0x00000000c5e00000, 0x00000000c5e00000|100%| O|  |TAMS 0x00000000c5e00000, 0x00000000c5d00000| Untracked 
|  94|0x00000000c5e00000, 0x00000000c5f00000, 0x00000000c5f00000|100%| O|  |TAMS 0x00000000c5f00000, 0x00000000c5e00000| Untracked 
|  95|0x00000000c5f00000, 0x00000000c6000000, 0x00000000c6000000|100%| O|  |TAMS 0x00000000c6000000, 0x00000000c5f00000| Untracked 
|  96|0x00000000c6000000, 0x00000000c6100000, 0x00000000c6100000|100%| O|  |TAMS 0x00000000c6000000, 0x00000000c6000000| Untracked 
|  97|0x00000000c6100000, 0x00000000c6200000, 0x00000000c6200000|100%| O|  |TAMS 0x00000000c6100000, 0x00000000c6100000| Untracked 
|  98|0x00000000c6200000, 0x00000000c6300000, 0x00000000c6300000|100%| O|  |TAMS 0x00000000c6200000, 0x00000000c6200000| Untracked 
|  99|0x00000000c6300000, 0x00000000c6400000, 0x00000000c6400000|100%| O|  |TAMS 0x00000000c6300000, 0x00000000c6300000| Untracked 
| 100|0x00000000c6400000, 0x00000000c64efe00, 0x00000000c6500000| 93%| O|  |TAMS 0x00000000c6400000, 0x00000000c6400000| Untracked 
| 101|0x00000000c6500000, 0x00000000c6500000, 0x00000000c6600000|  0%| F|  |TAMS 0x00000000c6500000, 0x00000000c6500000| Untracked 
| 102|0x00000000c6600000, 0x00000000c6600000, 0x00000000c6700000|  0%| F|  |TAMS 0x00000000c6600000, 0x00000000c6600000| Untracked 
| 103|0x00000000c6700000, 0x00000000c6700000, 0x00000000c6800000|  0%| F|  |TAMS 0x00000000c6700000, 0x00000000c6700000| Untracked 
| 104|0x00000000c6800000, 0x00000000c6800000, 0x00000000c6900000|  0%| F|  |TAMS 0x00000000c6800000, 0x00000000c6800000| Untracked 
| 105|0x00000000c6900000, 0x00000000c6900000, 0x00000000c6a00000|  0%| F|  |TAMS 0x00000000c6900000, 0x00000000c6900000| Untracked 
| 106|0x00000000c6a00000, 0x00000000c6a00000, 0x00000000c6b00000|  0%| F|  |TAMS 0x00000000c6a00000, 0x00000000c6a00000| Untracked 
| 107|0x00000000c6b00000, 0x00000000c6b00000, 0x00000000c6c00000|  0%| F|  |TAMS 0x00000000c6b00000, 0x00000000c6b00000| Untracked 
| 108|0x00000000c6c00000, 0x00000000c6c00000, 0x00000000c6d00000|  0%| F|  |TAMS 0x00000000c6c00000, 0x00000000c6c00000| Untracked 
| 109|0x00000000c6d00000, 0x00000000c6d00000, 0x00000000c6e00000|  0%| F|  |TAMS 0x00000000c6d00000, 0x00000000c6d00000| Untracked 
| 110|0x00000000c6e00000, 0x00000000c6e00000, 0x00000000c6f00000|  0%| F|  |TAMS 0x00000000c6e00000, 0x00000000c6e00000| Untracked 
| 111|0x00000000c6f00000, 0x00000000c6f00000, 0x00000000c7000000|  0%| F|  |TAMS 0x00000000c6f00000, 0x00000000c6f00000| Untracked 
| 112|0x00000000c7000000, 0x00000000c7000000, 0x00000000c7100000|  0%| F|  |TAMS 0x00000000c7000000, 0x00000000c7000000| Untracked 
| 113|0x00000000c7100000, 0x00000000c7100000, 0x00000000c7200000|  0%| F|  |TAMS 0x00000000c7100000, 0x00000000c7100000| Untracked 
| 114|0x00000000c7200000, 0x00000000c7200000, 0x00000000c7300000|  0%| F|  |TAMS 0x00000000c7200000, 0x00000000c7200000| Untracked 
| 115|0x00000000c7300000, 0x00000000c7300000, 0x00000000c7400000|  0%| F|  |TAMS 0x00000000c7300000, 0x00000000c7300000| Untracked 
| 116|0x00000000c7400000, 0x00000000c7400000, 0x00000000c7500000|  0%| F|  |TAMS 0x00000000c7400000, 0x00000000c7400000| Untracked 
| 117|0x00000000c7500000, 0x00000000c7500000, 0x00000000c7600000|  0%| F|  |TAMS 0x00000000c7500000, 0x00000000c7500000| Untracked 
| 118|0x00000000c7600000, 0x00000000c7600000, 0x00000000c7700000|  0%| F|  |TAMS 0x00000000c7600000, 0x00000000c7600000| Untracked 
| 119|0x00000000c7700000, 0x00000000c7700000, 0x00000000c7800000|  0%| F|  |TAMS 0x00000000c7700000, 0x00000000c7700000| Untracked 
| 120|0x00000000c7800000, 0x00000000c7800000, 0x00000000c7900000|  0%| F|  |TAMS 0x00000000c7800000, 0x00000000c7800000| Untracked 
| 121|0x00000000c7900000, 0x00000000c7900000, 0x00000000c7a00000|  0%| F|  |TAMS 0x00000000c7900000, 0x00000000c7900000| Untracked 
| 122|0x00000000c7a00000, 0x00000000c7a00000, 0x00000000c7b00000|  0%| F|  |TAMS 0x00000000c7a00000, 0x00000000c7a00000| Untracked 
| 123|0x00000000c7b00000, 0x00000000c7b00000, 0x00000000c7c00000|  0%| F|  |TAMS 0x00000000c7b00000, 0x00000000c7b00000| Untracked 
| 124|0x00000000c7c00000, 0x00000000c7c00000, 0x00000000c7d00000|  0%| F|  |TAMS 0x00000000c7c00000, 0x00000000c7c00000| Untracked 
| 125|0x00000000c7d00000, 0x00000000c7d00000, 0x00000000c7e00000|  0%| F|  |TAMS 0x00000000c7d00000, 0x00000000c7d00000| Untracked 
| 126|0x00000000c7e00000, 0x00000000c7e00000, 0x00000000c7f00000|  0%| F|  |TAMS 0x00000000c7e00000, 0x00000000c7e00000| Untracked 
| 127|0x00000000c7f00000, 0x00000000c8000000, 0x00000000c8000000|100%| S|CS|TAMS 0x00000000c7f00000, 0x00000000c7f00000| Complete 
| 128|0x00000000c8000000, 0x00000000c8000000, 0x00000000c8100000|  0%| F|  |TAMS 0x00000000c8000000, 0x00000000c8000000| Untracked 
| 129|0x00000000c8100000, 0x00000000c8200000, 0x00000000c8200000|100%| S|CS|TAMS 0x00000000c8100000, 0x00000000c8100000| Complete 
| 130|0x00000000c8200000, 0x00000000c8300000, 0x00000000c8300000|100%| S|CS|TAMS 0x00000000c8200000, 0x00000000c8200000| Complete 
| 131|0x00000000c8300000, 0x00000000c8400000, 0x00000000c8400000|100%| S|CS|TAMS 0x00000000c8300000, 0x00000000c8300000| Complete 
| 132|0x00000000c8400000, 0x00000000c8500000, 0x00000000c8500000|100%| S|CS|TAMS 0x00000000c8400000, 0x00000000c8400000| Complete 
| 133|0x00000000c8500000, 0x00000000c8600000, 0x00000000c8600000|100%| S|CS|TAMS 0x00000000c8500000, 0x00000000c8500000| Complete 
| 134|0x00000000c8600000, 0x00000000c8600000, 0x00000000c8700000|  0%| F|  |TAMS 0x00000000c8600000, 0x00000000c8600000| Untracked 
| 135|0x00000000c8700000, 0x00000000c8700000, 0x00000000c8800000|  0%| F|  |TAMS 0x00000000c8700000, 0x00000000c8700000| Untracked 
| 136|0x00000000c8800000, 0x00000000c8800000, 0x00000000c8900000|  0%| F|  |TAMS 0x00000000c8800000, 0x00000000c8800000| Untracked 
| 137|0x00000000c8900000, 0x00000000c8a00000, 0x00000000c8a00000|100%| S|CS|TAMS 0x00000000c8900000, 0x00000000c8900000| Complete 
| 138|0x00000000c8a00000, 0x00000000c8a00000, 0x00000000c8b00000|  0%| F|  |TAMS 0x00000000c8a00000, 0x00000000c8a00000| Untracked 
| 139|0x00000000c8b00000, 0x00000000c8b00000, 0x00000000c8c00000|  0%| F|  |TAMS 0x00000000c8b00000, 0x00000000c8b00000| Untracked 
| 140|0x00000000c8c00000, 0x00000000c8c00000, 0x00000000c8d00000|  0%| F|  |TAMS 0x00000000c8c00000, 0x00000000c8c00000| Untracked 
| 141|0x00000000c8d00000, 0x00000000c8d00000, 0x00000000c8e00000|  0%| F|  |TAMS 0x00000000c8d00000, 0x00000000c8d00000| Untracked 
| 142|0x00000000c8e00000, 0x00000000c8e00000, 0x00000000c8f00000|  0%| F|  |TAMS 0x00000000c8e00000, 0x00000000c8e00000| Untracked 
| 143|0x00000000c8f00000, 0x00000000c8f00000, 0x00000000c9000000|  0%| F|  |TAMS 0x00000000c8f00000, 0x00000000c8f00000| Untracked 
| 144|0x00000000c9000000, 0x00000000c9000000, 0x00000000c9100000|  0%| F|  |TAMS 0x00000000c9000000, 0x00000000c9000000| Untracked 
| 145|0x00000000c9100000, 0x00000000c9100000, 0x00000000c9200000|  0%| F|  |TAMS 0x00000000c9100000, 0x00000000c9100000| Untracked 
| 146|0x00000000c9200000, 0x00000000c9200000, 0x00000000c9300000|  0%| F|  |TAMS 0x00000000c9200000, 0x00000000c9200000| Untracked 
| 147|0x00000000c9300000, 0x00000000c9300000, 0x00000000c9400000|  0%| F|  |TAMS 0x00000000c9300000, 0x00000000c9300000| Untracked 
| 148|0x00000000c9400000, 0x00000000c9400000, 0x00000000c9500000|  0%| F|  |TAMS 0x00000000c9400000, 0x00000000c9400000| Untracked 
| 149|0x00000000c9500000, 0x00000000c9500000, 0x00000000c9600000|  0%| F|  |TAMS 0x00000000c9500000, 0x00000000c9500000| Untracked 
| 150|0x00000000c9600000, 0x00000000c9600000, 0x00000000c9700000|  0%| F|  |TAMS 0x00000000c9600000, 0x00000000c9600000| Untracked 
| 151|0x00000000c9700000, 0x00000000c9700000, 0x00000000c9800000|  0%| F|  |TAMS 0x00000000c9700000, 0x00000000c9700000| Untracked 
| 152|0x00000000c9800000, 0x00000000c9800000, 0x00000000c9900000|  0%| F|  |TAMS 0x00000000c9800000, 0x00000000c9800000| Untracked 
| 153|0x00000000c9900000, 0x00000000c9900000, 0x00000000c9a00000|  0%| F|  |TAMS 0x00000000c9900000, 0x00000000c9900000| Untracked 
| 154|0x00000000c9a00000, 0x00000000c9a00000, 0x00000000c9b00000|  0%| F|  |TAMS 0x00000000c9a00000, 0x00000000c9a00000| Untracked 
| 155|0x00000000c9b00000, 0x00000000c9b00000, 0x00000000c9c00000|  0%| F|  |TAMS 0x00000000c9b00000, 0x00000000c9b00000| Untracked 
| 156|0x00000000c9c00000, 0x00000000c9c00000, 0x00000000c9d00000|  0%| F|  |TAMS 0x00000000c9c00000, 0x00000000c9c00000| Untracked 
| 157|0x00000000c9d00000, 0x00000000c9d00000, 0x00000000c9e00000|  0%| F|  |TAMS 0x00000000c9d00000, 0x00000000c9d00000| Untracked 
| 158|0x00000000c9e00000, 0x00000000c9e00000, 0x00000000c9f00000|  0%| F|  |TAMS 0x00000000c9e00000, 0x00000000c9e00000| Untracked 
| 159|0x00000000c9f00000, 0x00000000c9f00000, 0x00000000ca000000|  0%| F|  |TAMS 0x00000000c9f00000, 0x00000000c9f00000| Untracked 
| 160|0x00000000ca000000, 0x00000000ca000000, 0x00000000ca100000|  0%| F|  |TAMS 0x00000000ca000000, 0x00000000ca000000| Untracked 
| 161|0x00000000ca100000, 0x00000000ca100000, 0x00000000ca200000|  0%| F|  |TAMS 0x00000000ca100000, 0x00000000ca100000| Untracked 
| 162|0x00000000ca200000, 0x00000000ca200000, 0x00000000ca300000|  0%| F|  |TAMS 0x00000000ca200000, 0x00000000ca200000| Untracked 
| 163|0x00000000ca300000, 0x00000000ca300000, 0x00000000ca400000|  0%| F|  |TAMS 0x00000000ca300000, 0x00000000ca300000| Untracked 
| 164|0x00000000ca400000, 0x00000000ca400000, 0x00000000ca500000|  0%| F|  |TAMS 0x00000000ca400000, 0x00000000ca400000| Untracked 
| 165|0x00000000ca500000, 0x00000000ca500000, 0x00000000ca600000|  0%| F|  |TAMS 0x00000000ca500000, 0x00000000ca500000| Untracked 
| 166|0x00000000ca600000, 0x00000000ca600000, 0x00000000ca700000|  0%| F|  |TAMS 0x00000000ca600000, 0x00000000ca600000| Untracked 
| 167|0x00000000ca700000, 0x00000000ca700000, 0x00000000ca800000|  0%| F|  |TAMS 0x00000000ca700000, 0x00000000ca700000| Untracked 
| 168|0x00000000ca800000, 0x00000000ca800000, 0x00000000ca900000|  0%| F|  |TAMS 0x00000000ca800000, 0x00000000ca800000| Untracked 
| 169|0x00000000ca900000, 0x00000000ca900000, 0x00000000caa00000|  0%| F|  |TAMS 0x00000000ca900000, 0x00000000ca900000| Untracked 
| 170|0x00000000caa00000, 0x00000000caa00000, 0x00000000cab00000|  0%| F|  |TAMS 0x00000000caa00000, 0x00000000caa00000| Untracked 
| 171|0x00000000cab00000, 0x00000000cab00000, 0x00000000cac00000|  0%| F|  |TAMS 0x00000000cab00000, 0x00000000cab00000| Untracked 
| 172|0x00000000cac00000, 0x00000000cac00000, 0x00000000cad00000|  0%| F|  |TAMS 0x00000000cac00000, 0x00000000cac00000| Untracked 
| 173|0x00000000cad00000, 0x00000000cad00000, 0x00000000cae00000|  0%| F|  |TAMS 0x00000000cad00000, 0x00000000cad00000| Untracked 
| 174|0x00000000cae00000, 0x00000000cae00000, 0x00000000caf00000|  0%| F|  |TAMS 0x00000000cae00000, 0x00000000cae00000| Untracked 
| 175|0x00000000caf00000, 0x00000000caf00000, 0x00000000cb000000|  0%| F|  |TAMS 0x00000000caf00000, 0x00000000caf00000| Untracked 
| 176|0x00000000cb000000, 0x00000000cb000000, 0x00000000cb100000|  0%| F|  |TAMS 0x00000000cb000000, 0x00000000cb000000| Untracked 
| 177|0x00000000cb100000, 0x00000000cb100000, 0x00000000cb200000|  0%| F|  |TAMS 0x00000000cb100000, 0x00000000cb100000| Untracked 
| 178|0x00000000cb200000, 0x00000000cb200000, 0x00000000cb300000|  0%| F|  |TAMS 0x00000000cb200000, 0x00000000cb200000| Untracked 
| 179|0x00000000cb300000, 0x00000000cb300000, 0x00000000cb400000|  0%| F|  |TAMS 0x00000000cb300000, 0x00000000cb300000| Untracked 
| 180|0x00000000cb400000, 0x00000000cb500000, 0x00000000cb500000|100%| E|  |TAMS 0x00000000cb400000, 0x00000000cb400000| Complete 
| 181|0x00000000cb500000, 0x00000000cb600000, 0x00000000cb600000|100%| E|CS|TAMS 0x00000000cb500000, 0x00000000cb500000| Complete 
| 182|0x00000000cb600000, 0x00000000cb700000, 0x00000000cb700000|100%| E|CS|TAMS 0x00000000cb600000, 0x00000000cb600000| Complete 
| 183|0x00000000cb700000, 0x00000000cb800000, 0x00000000cb800000|100%| E|CS|TAMS 0x00000000cb700000, 0x00000000cb700000| Complete 
| 184|0x00000000cb800000, 0x00000000cb900000, 0x00000000cb900000|100%| E|CS|TAMS 0x00000000cb800000, 0x00000000cb800000| Complete 
| 185|0x00000000cb900000, 0x00000000cba00000, 0x00000000cba00000|100%| E|CS|TAMS 0x00000000cb900000, 0x00000000cb900000| Complete 
| 186|0x00000000cba00000, 0x00000000cbb00000, 0x00000000cbb00000|100%| E|CS|TAMS 0x00000000cba00000, 0x00000000cba00000| Complete 
| 187|0x00000000cbb00000, 0x00000000cbc00000, 0x00000000cbc00000|100%| E|CS|TAMS 0x00000000cbb00000, 0x00000000cbb00000| Complete 
| 188|0x00000000cbc00000, 0x00000000cbd00000, 0x00000000cbd00000|100%| E|CS|TAMS 0x00000000cbc00000, 0x00000000cbc00000| Complete 
| 189|0x00000000cbd00000, 0x00000000cbe00000, 0x00000000cbe00000|100%| E|CS|TAMS 0x00000000cbd00000, 0x00000000cbd00000| Complete 

Card table byte_map: [0x000001fe23b70000,0x000001fe23d70000] _byte_map_base: 0x000001fe23570000

Marking Bits (Prev, Next): (CMBitMap*) 0x000001fe0f8cf810, (CMBitMap*) 0x000001fe0f8cf7d0
 Prev Bits: [0x000001fe24f70000, 0x000001fe25f70000)
 Next Bits: [0x000001fe23f70000, 0x000001fe24f70000)

Polling page: 0x000001fe0f960000

Metaspace:

Usage:
  Non-class:     86.43 MB used.
      Class:     13.70 MB used.
       Both:    100.13 MB used.

Virtual space:
  Non-class space:       88.00 MB reserved,      86.75 MB ( 99%) committed,  11 nodes.
      Class space:        1.00 GB reserved,      14.06 MB (  1%) committed,  1 nodes.
             Both:        1.09 GB reserved,     100.81 MB (  9%) committed. 

Chunk freelists:
   Non-Class:  1.08 MB
       Class:  1.90 MB
        Both:  2.98 MB

MaxMetaspaceSize: unlimited
CompressedClassSpaceSize: 1.00 GB
Initial GC threshold: 21.00 MB
Current GC threshold: 162.44 MB
CDS: off
MetaspaceReclaimPolicy: balanced
 - commit_granule_bytes: 65536.
 - commit_granule_words: 8192.
 - virtual_space_node_default_size: 1048576.
 - enlarge_chunks_in_place: 1.
 - new_chunks_are_fully_committed: 0.
 - uncommit_free_chunks: 1.
 - use_allocation_guard: 0.
 - handle_deallocations: 1.


Internal statistics:

num_allocs_failed_limit: 6.
num_arena_births: 1156.
num_arena_deaths: 0.
num_vsnodes_births: 12.
num_vsnodes_deaths: 0.
num_space_committed: 1613.
num_space_uncommitted: 0.
num_chunks_returned_to_freelist: 6.
num_chunks_taken_from_freelist: 5053.
num_chunk_merges: 3.
num_chunk_splits: 3297.
num_chunks_enlarged: 2199.
num_purges: 0.
num_inconsistent_stats: 0.

CodeHeap 'non-profiled nmethods': size=120064Kb used=6029Kb max_used=6029Kb free=114034Kb
 bounds [0x000001fe1c030000, 0x000001fe1c620000, 0x000001fe23570000]
CodeHeap 'profiled nmethods': size=120000Kb used=21767Kb max_used=21767Kb free=98232Kb
 bounds [0x000001fe14570000, 0x000001fe15ac0000, 0x000001fe1baa0000]
CodeHeap 'non-nmethods': size=5696Kb used=2409Kb max_used=2436Kb free=3286Kb
 bounds [0x000001fe1baa0000, 0x000001fe1bd10000, 0x000001fe1c030000]
 total_blobs=11936 nmethods=10981 adapters=868
 compilation: enabled
              stopped_count=0, restarted_count=0
 full_count=0

Compilation events (20 events):
Event: 66.894 Thread 0x000001fe28d5ff40 12678       3       org.gradle.internal.execution.steps.ResolveChangesStep$$Lambda$588/0x0000000100619270::apply (12 bytes)
Event: 66.894 Thread 0x000001fe28d5ff40 nmethod 12678 0x000001fe15aad290 code [0x000001fe15aad440, 0x000001fe15aad688]
Event: 66.894 Thread 0x000001fe28d5ff40 12679       3       org.gradle.internal.execution.steps.IncrementalChangesContext::<init> (16 bytes)
Event: 66.895 Thread 0x000001fe28d5ff40 nmethod 12679 0x000001fe15aad790 code [0x000001fe15aad9a0, 0x000001fe15aae378]
Event: 66.895 Thread 0x000001fe28d5ff40 12680       3       org.gradle.internal.execution.steps.SkipUpToDateStep::execute (10 bytes)
Event: 66.895 Thread 0x000001fe28d5ff40 nmethod 12680 0x000001fe15aae710 code [0x000001fe15aae8c0, 0x000001fe15aaeae8]
Event: 66.896 Thread 0x000001fe28d5ff40 12681       3       org.gradle.internal.execution.steps.SkipUpToDateStep$$Lambda$590/0x0000000100619720::<init> (10 bytes)
Event: 66.896 Thread 0x000001fe28d5ff40 nmethod 12681 0x000001fe15aaec10 code [0x000001fe15aaeda0, 0x000001fe15aaef58]
Event: 66.896 Thread 0x000001fe28d5ff40 12682       3       org.gradle.internal.execution.steps.SkipUpToDateStep$$Lambda$590/0x0000000100619720::test (12 bytes)
Event: 66.896 Thread 0x000001fe28d5ff40 nmethod 12682 0x000001fe15aaf010 code [0x000001fe15aaf1c0, 0x000001fe15aaf4e8]
Event: 66.896 Thread 0x000001fe28d5ff40 12683       3       org.gradle.internal.execution.steps.SkipUpToDateStep$$Lambda$591/0x0000000100619998::<init> (20 bytes)
Event: 66.896 Thread 0x000001fe28d5ff40 nmethod 12683 0x000001fe15aaf610 code [0x000001fe15aaf7c0, 0x000001fe15aafa38]
Event: 66.896 Thread 0x000001fe28d5ff40 12684       3       org.gradle.internal.execution.steps.SkipUpToDateStep$$Lambda$592/0x000000010061a148::<init> (26 bytes)
Event: 66.897 Thread 0x000001fe28d5ff40 nmethod 12684 0x000001fe15aafb10 code [0x000001fe15aafcc0, 0x000001fe15aaff98]
Event: 66.904 Thread 0x000001fe28d5ff40 12685       3       org.gradle.internal.execution.steps.SkipUpToDateStep::skipExecution (111 bytes)
Event: 66.906 Thread 0x000001fe28d5ff40 nmethod 12685 0x000001fe15ab0090 code [0x000001fe15ab03c0, 0x000001fe15ab1bb8]
Event: 67.029 Thread 0x000001fe28d5ff40 12687       1       org.gradle.api.internal.artifacts.dsl.ArtifactFile::getName (5 bytes)
Event: 67.029 Thread 0x000001fe28d5ff40 nmethod 12687 0x000001fe1c613090 code [0x000001fe1c613220, 0x000001fe1c6132f8]
Event: 67.029 Thread 0x000001fe28d5ff40 12688       1       org.gradle.api.internal.artifacts.dsl.ArtifactFile::getClassifier (5 bytes)
Event: 67.029 Thread 0x000001fe28d5ff40 nmethod 12688 0x000001fe1c613390 code [0x000001fe1c613520, 0x000001fe1c6135f8]

GC Heap History (20 events):
Event: 43.563 GC heap before
{Heap before GC invocations=46 (full 0):
 garbage-first heap   total 194560K, used 137289K [0x00000000c0000000, 0x0000000100000000)
  region size 1024K, 70 young (71680K), 6 survivors (6144K)
 Metaspace       used 77603K, committed 78208K, reserved 1122304K
  class space    used 10366K, committed 10624K, reserved 1048576K
}
Event: 43.590 GC heap after
{Heap after GC invocations=47 (full 0):
 garbage-first heap   total 194560K, used 75651K [0x00000000c0000000, 0x0000000100000000)
  region size 1024K, 6 young (6144K), 6 survivors (6144K)
 Metaspace       used 77603K, committed 78208K, reserved 1122304K
  class space    used 10366K, committed 10624K, reserved 1048576K
}
Event: 44.178 GC heap before
{Heap before GC invocations=47 (full 0):
 garbage-first heap   total 194560K, used 99203K [0x00000000c0000000, 0x0000000100000000)
  region size 1024K, 30 young (30720K), 6 survivors (6144K)
 Metaspace       used 79386K, committed 79936K, reserved 1122304K
  class space    used 10621K, committed 10880K, reserved 1048576K
}
Event: 44.197 GC heap after
{Heap after GC invocations=48 (full 0):
 garbage-first heap   total 194560K, used 76556K [0x00000000c0000000, 0x0000000100000000)
  region size 1024K, 5 young (5120K), 5 survivors (5120K)
 Metaspace       used 79386K, committed 79936K, reserved 1122304K
  class space    used 10621K, committed 10880K, reserved 1048576K
}
Event: 47.014 GC heap before
{Heap before GC invocations=49 (full 0):
 garbage-first heap   total 194560K, used 145164K [0x00000000c0000000, 0x0000000100000000)
  region size 1024K, 71 young (72704K), 5 survivors (5120K)
 Metaspace       used 84527K, committed 85184K, reserved 1130496K
  class space    used 11527K, committed 11840K, reserved 1048576K
}
Event: 47.032 GC heap after
{Heap after GC invocations=50 (full 0):
 garbage-first heap   total 194560K, used 79125K [0x00000000c0000000, 0x0000000100000000)
  region size 1024K, 4 young (4096K), 4 survivors (4096K)
 Metaspace       used 84527K, committed 85184K, reserved 1130496K
  class space    used 11527K, committed 11840K, reserved 1048576K
}
Event: 47.204 GC heap before
{Heap before GC invocations=50 (full 0):
 garbage-first heap   total 194560K, used 83221K [0x00000000c0000000, 0x0000000100000000)
  region size 1024K, 9 young (9216K), 4 survivors (4096K)
 Metaspace       used 84926K, committed 85504K, reserved 1130496K
  class space    used 11579K, committed 11840K, reserved 1048576K
}
Event: 47.220 GC heap after
{Heap after GC invocations=51 (full 0):
 garbage-first heap   total 194560K, used 79434K [0x00000000c0000000, 0x0000000100000000)
  region size 1024K, 1 young (1024K), 1 survivors (1024K)
 Metaspace       used 84926K, committed 85504K, reserved 1130496K
  class space    used 11579K, committed 11840K, reserved 1048576K
}
Event: 51.145 GC heap before
{Heap before GC invocations=51 (full 0):
 garbage-first heap   total 194560K, used 153162K [0x00000000c0000000, 0x0000000100000000)
  region size 1024K, 73 young (74752K), 1 survivors (1024K)
 Metaspace       used 91201K, committed 91840K, reserved 1130496K
  class space    used 12530K, committed 12800K, reserved 1048576K
}
Event: 51.172 GC heap after
{Heap after GC invocations=52 (full 0):
 garbage-first heap   total 194560K, used 83016K [0x00000000c0000000, 0x0000000100000000)
  region size 1024K, 5 young (5120K), 5 survivors (5120K)
 Metaspace       used 91201K, committed 91840K, reserved 1130496K
  class space    used 12530K, committed 12800K, reserved 1048576K
}
Event: 53.591 GC heap before
{Heap before GC invocations=52 (full 0):
 garbage-first heap   total 194560K, used 153672K [0x00000000c0000000, 0x0000000100000000)
  region size 1024K, 74 young (75776K), 5 survivors (5120K)
 Metaspace       used 95410K, committed 96064K, reserved 1138688K
  class space    used 13077K, committed 13376K, reserved 1048576K
}
Event: 53.632 GC heap after
{Heap after GC invocations=53 (full 0):
 garbage-first heap   total 194560K, used 90112K [0x00000000c0000000, 0x0000000100000000)
  region size 1024K, 10 young (10240K), 10 survivors (10240K)
 Metaspace       used 95410K, committed 96064K, reserved 1138688K
  class space    used 13077K, committed 13376K, reserved 1048576K
}
Event: 57.457 GC heap before
{Heap before GC invocations=53 (full 0):
 garbage-first heap   total 194560K, used 155648K [0x00000000c0000000, 0x0000000100000000)
  region size 1024K, 74 young (75776K), 10 survivors (10240K)
 Metaspace       used 97482K, committed 98176K, reserved 1138688K
  class space    used 13402K, committed 13696K, reserved 1048576K
}
Event: 57.515 GC heap after
{Heap after GC invocations=54 (full 0):
 garbage-first heap   total 194560K, used 98304K [0x00000000c0000000, 0x0000000100000000)
  region size 1024K, 8 young (8192K), 8 survivors (8192K)
 Metaspace       used 97482K, committed 98176K, reserved 1138688K
  class space    used 13402K, committed 13696K, reserved 1048576K
}
Event: 60.671 GC heap before
{Heap before GC invocations=55 (full 0):
 garbage-first heap   total 194560K, used 155648K [0x00000000c0000000, 0x0000000100000000)
  region size 1024K, 64 young (65536K), 8 survivors (8192K)
 Metaspace       used 98126K, committed 98880K, reserved 1138688K
  class space    used 13440K, committed 13760K, reserved 1048576K
}
Event: 60.715 GC heap after
{Heap after GC invocations=56 (full 0):
 garbage-first heap   total 194560K, used 102912K [0x00000000c0000000, 0x0000000100000000)
  region size 1024K, 5 young (5120K), 5 survivors (5120K)
 Metaspace       used 98126K, committed 98880K, reserved 1138688K
  class space    used 13440K, committed 13760K, reserved 1048576K
}
Event: 63.387 GC heap before
{Heap before GC invocations=56 (full 0):
 garbage-first heap   total 194560K, used 156160K [0x00000000c0000000, 0x0000000100000000)
  region size 1024K, 58 young (59392K), 5 survivors (5120K)
 Metaspace       used 98882K, committed 99584K, reserved 1138688K
  class space    used 13549K, committed 13888K, reserved 1048576K
}
Event: 63.419 GC heap after
{Heap after GC invocations=57 (full 0):
 garbage-first heap   total 194560K, used 106454K [0x00000000c0000000, 0x0000000100000000)
  region size 1024K, 4 young (4096K), 4 survivors (4096K)
 Metaspace       used 98882K, committed 99584K, reserved 1138688K
  class space    used 13549K, committed 13888K, reserved 1048576K
}
Event: 66.570 GC heap before
{Heap before GC invocations=58 (full 0):
 garbage-first heap   total 194560K, used 158678K [0x00000000c0000000, 0x0000000100000000)
  region size 1024K, 56 young (57344K), 4 survivors (4096K)
 Metaspace       used 102518K, committed 103232K, reserved 1138688K
  class space    used 14024K, committed 14400K, reserved 1048576K
}
Event: 66.599 GC heap after
{Heap after GC invocations=59 (full 0):
 garbage-first heap   total 194560K, used 110527K [0x00000000c0000000, 0x0000000100000000)
  region size 1024K, 7 young (7168K), 7 survivors (7168K)
 Metaspace       used 102518K, committed 103232K, reserved 1138688K
  class space    used 14024K, committed 14400K, reserved 1048576K
}

Dll operation events (3 events):
Event: 0.017 Loaded shared library C:\Program Files\Android\Android Studio\jbr\bin\java.dll
Event: 0.624 Loaded shared library C:\Program Files\Android\Android Studio\jbr\bin\zip.dll
Event: 2.098 Loaded shared library C:\Program Files\Android\Android Studio\jbr\bin\verify.dll

Deoptimization events (20 events):
Event: 66.254 Thread 0x000001fe30bee540 Uncommon trap: trap_request=0xffffffc6 fr.pc=0x000001fe1c334808 relative=0x00000000000000e8
Event: 66.254 Thread 0x000001fe30bee540 Uncommon trap: reason=bimorphic_or_optimized_type_check action=maybe_recompile pc=0x000001fe1c334808 method=com.google.common.collect.RegularImmutableMap.checkNoConflictInKeyBucket(Ljava/lang/Object;Ljava/lang/Object;Lcom/google/common/collect/ImmutableMa
Event: 66.254 Thread 0x000001fe30bee540 DEOPT PACKING pc=0x000001fe1c334808 sp=0x000000a9fb1fba80
Event: 66.254 Thread 0x000001fe30bee540 DEOPT UNPACKING pc=0x000001fe1baf69a3 sp=0x000000a9fb1fba18 mode 2
Event: 66.379 Thread 0x000001fe30bee540 DEOPT PACKING pc=0x000001fe15a6df9f sp=0x000000a9fb1f8cd0
Event: 66.379 Thread 0x000001fe30bee540 DEOPT UNPACKING pc=0x000001fe1baf7143 sp=0x000000a9fb1f8190 mode 0
Event: 66.454 Thread 0x000001fe30bee540 DEOPT PACKING pc=0x000001fe15a60bec sp=0x000000a9fb1f7100
Event: 66.455 Thread 0x000001fe30bee540 DEOPT UNPACKING pc=0x000001fe1baf7143 sp=0x000000a9fb1f6658 mode 0
Event: 66.478 Thread 0x000001fe308ac4c0 Uncommon trap: trap_request=0xffffffde fr.pc=0x000001fe1c226ab4 relative=0x0000000000001af4
Event: 66.478 Thread 0x000001fe308ac4c0 Uncommon trap: reason=class_check action=maybe_recompile pc=0x000001fe1c226ab4 method=java.util.concurrent.locks.AbstractQueuedSynchronizer.acquire(Ljava/util/concurrent/locks/AbstractQueuedSynchronizer$Node;IZZZJ)I @ 108 c2
Event: 66.478 Thread 0x000001fe308ac4c0 DEOPT PACKING pc=0x000001fe1c226ab4 sp=0x000000a9fbcfd770
Event: 66.478 Thread 0x000001fe308ac4c0 DEOPT UNPACKING pc=0x000001fe1baf69a3 sp=0x000000a9fbcfd758 mode 2
Event: 66.500 Thread 0x000001fe308b0350 Uncommon trap: trap_request=0xffffff45 fr.pc=0x000001fe1c2934a4 relative=0x0000000000000184
Event: 66.500 Thread 0x000001fe308b0350 Uncommon trap: reason=unstable_if action=reinterpret pc=0x000001fe1c2934a4 method=java.lang.ThreadLocal.get()Ljava/lang/Object; @ 11 c2
Event: 66.500 Thread 0x000001fe308b0350 DEOPT PACKING pc=0x000001fe1c2934a4 sp=0x000000a9fc0feae0
Event: 66.501 Thread 0x000001fe308b0350 DEOPT UNPACKING pc=0x000001fe1baf69a3 sp=0x000000a9fc0fea68 mode 2
Event: 66.674 Thread 0x000001fe30bee540 DEOPT PACKING pc=0x000001fe15a60bec sp=0x000000a9fb1f91b0
Event: 66.674 Thread 0x000001fe30bee540 DEOPT UNPACKING pc=0x000001fe1baf7143 sp=0x000000a9fb1f8708 mode 0
Event: 66.955 Thread 0x000001fe30bee540 DEOPT PACKING pc=0x000001fe15a60bec sp=0x000000a9fb1f9320
Event: 66.955 Thread 0x000001fe30bee540 DEOPT UNPACKING pc=0x000001fe1baf7143 sp=0x000000a9fb1f8878 mode 0

Classes unloaded (0 events):
No events

Classes redefined (0 events):
No events

Internal exceptions (20 events):
Event: 56.221 Thread 0x000001fe30bf06f0 Exception <a 'java/lang/NoSuchMethodError'{0x00000000c91cce98}: 'java.lang.Object java.lang.invoke.DirectMethodHandle$Holder.invokeSpecialIFC(java.lang.Object, java.lang.Object, java.lang.Object)'> (0x00000000c91cce98) 
thrown [s\src\hotspot\share\interpreter\linkResolver.cpp, line 771]
Event: 57.664 Thread 0x000001fe30bf06f0 Implicit null exception at 0x000001fe1c5710db to 0x000001fe1c571164
Event: 57.976 Thread 0x000001fe30bf06f0 Exception <a 'java/lang/NoSuchMethodError'{0x00000000cba8a208}: 'void java.lang.invoke.DirectMethodHandle$Holder.invokeVirtual(java.lang.Object, java.lang.Object)'> (0x00000000cba8a208) 
thrown [s\src\hotspot\share\interpreter\linkResolver.cpp, line 771]
Event: 60.739 Thread 0x000001fe30bf06f0 Exception <a 'java/lang/NoSuchMethodError'{0x00000000cbdc07a0}: static Lcom/android/build/gradle/internal/scope/InternalArtifactType;.<clinit>()V> (0x00000000cbdc07a0) 
thrown [s\src\hotspot\share\prims\jni.cpp, line 1108]
Event: 60.739 Thread 0x000001fe30bf06f0 Exception <a 'java/lang/NoSuchMethodError'{0x00000000cbdd71b0}: static Lcom/android/build/gradle/internal/scope/InternalArtifactType;.<clinit>()V> (0x00000000cbdd71b0) 
thrown [s\src\hotspot\share\prims\jni.cpp, line 1108]
Event: 60.740 Thread 0x000001fe30bf06f0 Exception <a 'java/lang/NoSuchMethodError'{0x00000000cbdda350}: static Lcom/android/build/api/artifact/Artifact$Single;.<clinit>()V> (0x00000000cbdda350) 
thrown [s\src\hotspot\share\prims\jni.cpp, line 1108]
Event: 60.740 Thread 0x000001fe30bf06f0 Exception <a 'java/lang/NoSuchMethodError'{0x00000000cbddcb88}: static Ljava/lang/Object;.<clinit>()V> (0x00000000cbddcb88) 
thrown [s\src\hotspot\share\prims\jni.cpp, line 1108]
Event: 60.743 Thread 0x000001fe30bf06f0 Exception <a 'java/lang/NoSuchMethodError'{0x00000000cbdf5748}: static Lcom/android/build/api/artifact/ArtifactKind;.<clinit>()V> (0x00000000cbdf5748) 
thrown [s\src\hotspot\share\prims\jni.cpp, line 1108]
Event: 60.743 Thread 0x000001fe30bf06f0 Exception <a 'java/lang/NoSuchMethodError'{0x00000000cbdf6bb0}: static Lcom/android/build/api/artifact/ArtifactKind;.<clinit>()V> (0x00000000cbdf6bb0) 
thrown [s\src\hotspot\share\prims\jni.cpp, line 1108]
Event: 62.026 Thread 0x000001fe30bf06f0 Exception <a 'java/lang/NoSuchMethodError'{0x00000000c9ffe710}: 'int java.lang.invoke.DirectMethodHandle$Holder.invokeSpecial(java.lang.Object, java.lang.Object, java.lang.Object, java.lang.Object, java.lang.Object)'> (0x00000000c9ffe710) 
thrown [s\src\hotspot\share\interpreter\linkResolver.cpp, line 771]
Event: 65.486 Thread 0x000001fe30bf06f0 Exception <a 'java/lang/NoSuchMethodError'{0x00000000c9e2aea8}: static Lorg/jetbrains/kotlin/incremental/ChangedFiles$Known;.<clinit>()V> (0x00000000c9e2aea8) 
thrown [s\src\hotspot\share\prims\jni.cpp, line 1108]
Event: 65.489 Thread 0x000001fe30bf06f0 Exception <a 'java/lang/NoSuchMethodError'{0x00000000c9e49f20}: static Lorg/jetbrains/kotlin/incremental/ClasspathChanges;.<clinit>()V> (0x00000000c9e49f20) 
thrown [s\src\hotspot\share\prims\jni.cpp, line 1108]
Event: 65.489 Thread 0x000001fe30bf06f0 Exception <a 'java/lang/NoSuchMethodError'{0x00000000c9e4b728}: static Lorg/jetbrains/kotlin/incremental/ClasspathChanges;.<clinit>()V> (0x00000000c9e4b728) 
thrown [s\src\hotspot\share\prims\jni.cpp, line 1108]
Event: 65.506 Thread 0x000001fe30bf06f0 Exception <a 'java/lang/NoSuchMethodError'{0x00000000c9ebe510}: static Lorg/jetbrains/kotlin/build/report/metrics/BuildMetricsReporterImpl;.<clinit>()V> (0x00000000c9ebe510) 
thrown [s\src\hotspot\share\prims\jni.cpp, line 1108]
Event: 65.695 Thread 0x000001fe30bee540 Exception <a 'sun/nio/fs/WindowsException'{0x00000000c9952378}> (0x00000000c9952378) 
thrown [s\src\hotspot\share\prims\jni.cpp, line 517]
Event: 66.463 Thread 0x000001fe308ac4c0 Exception <a 'java/lang/NoSuchMethodError'{0x00000000c8ceda70}: 'void java.lang.invoke.DirectMethodHandle$Holder.invokeStatic(java.lang.Object, long)'> (0x00000000c8ceda70) 
thrown [s\src\hotspot\share\interpreter\linkResolver.cpp, line 771]
Event: 66.464 Thread 0x000001fe308ac4c0 Exception <a 'java/lang/NoSuchMethodError'{0x00000000c8cf3328}: 'java.lang.Object java.lang.invoke.DirectMethodHandle$Holder.newInvokeSpecial(java.lang.Object, long)'> (0x00000000c8cf3328) 
thrown [s\src\hotspot\share\interpreter\linkResolver.cpp, line 771]
Event: 66.468 Thread 0x000001fe308ac4c0 Exception <a 'java/lang/NoSuchMethodError'{0x00000000c8cfcc08}: 'java.lang.Object java.lang.invoke.DirectMethodHandle$Holder.invokeStatic(java.lang.Object, java.lang.Object, long, java.lang.Object)'> (0x00000000c8cfcc08) 
thrown [s\src\hotspot\share\interpreter\linkResolver.cpp, line 771]
Event: 66.469 Thread 0x000001fe308ac4c0 Exception <a 'java/lang/NoSuchMethodError'{0x00000000c8b1a640}: 'java.lang.Object java.lang.invoke.DirectMethodHandle$Holder.invokeStaticInit(java.lang.Object, java.lang.Object, long, java.lang.Object)'> (0x00000000c8b1a640) 
thrown [s\src\hotspot\share\interpreter\linkResolver.cpp, line 771]
Event: 66.500 Thread 0x000001fe308b0350 Implicit null exception at 0x000001fe1c29335d to 0x000001fe1c293494

VM Operations (20 events):
Event: 63.109 Executing VM operation: Cleanup
Event: 63.110 Executing VM operation: Cleanup done
Event: 63.387 Executing VM operation: G1CollectForAllocation
Event: 63.419 Executing VM operation: G1CollectForAllocation done
Event: 63.630 Executing VM operation: G1Concurrent
Event: 63.647 Executing VM operation: G1Concurrent done
Event: 63.728 Executing VM operation: G1Concurrent
Event: 63.728 Executing VM operation: G1Concurrent done
Event: 64.731 Executing VM operation: Cleanup
Event: 64.733 Executing VM operation: Cleanup done
Event: 64.990 Executing VM operation: HandshakeAllThreads
Event: 64.990 Executing VM operation: HandshakeAllThreads done
Event: 65.116 Executing VM operation: HandshakeAllThreads
Event: 65.117 Executing VM operation: HandshakeAllThreads done
Event: 66.027 Executing VM operation: ICBufferFull
Event: 66.028 Executing VM operation: ICBufferFull done
Event: 66.472 Executing VM operation: HandshakeAllThreads
Event: 66.473 Executing VM operation: HandshakeAllThreads done
Event: 66.570 Executing VM operation: G1CollectForAllocation
Event: 66.600 Executing VM operation: G1CollectForAllocation done

Events (20 events):
Event: 65.985 loading class java/lang/IllegalThreadStateException done
Event: 66.303 Thread 0x000001fe308ab650 Thread added: 0x000001fe308ab650
Event: 66.438 Loaded shared library C:\Users\LENOVO\AppData\Local\Temp\native-platform11472363430177689882dir\native-platform.dll
Event: 66.453 loading class java/lang/ProcessImpl
Event: 66.454 loading class java/lang/ProcessImpl done
Event: 66.464 loading class java/lang/ProcessHandleImpl
Event: 66.467 loading class java/lang/ProcessHandleImpl done
Event: 66.470 loading class java/lang/ProcessImpl$2
Event: 66.470 loading class java/lang/ProcessImpl$2 done
Event: 66.470 loading class java/lang/Process$PipeInputStream
Event: 66.471 loading class java/lang/Process$PipeInputStream done
Event: 66.473 loading class java/lang/ProcessBuilder$NullInputStream
Event: 66.474 loading class java/lang/ProcessBuilder$NullInputStream done
Event: 66.474 loading class jdk/internal/event/ProcessStartEvent
Event: 66.474 loading class jdk/internal/event/ProcessStartEvent done
Event: 66.474 loading class java/util/concurrent/Semaphore$NonfairSync
Event: 66.475 loading class java/util/concurrent/Semaphore$Sync
Event: 66.475 loading class java/util/concurrent/Semaphore$Sync done
Event: 66.475 loading class java/util/concurrent/Semaphore$NonfairSync done
Event: 66.478 Thread 0x000001fe308b0350 Thread added: 0x000001fe308b0350


Dynamic libraries:
0x00007ff792d60000 - 0x00007ff792d6a000 	C:\Program Files\Android\Android Studio\jbr\bin\java.exe
0x00007ff98a3f0000 - 0x00007ff98a5e8000 	C:\Windows\SYSTEM32\ntdll.dll
0x00007ff98a2b0000 - 0x00007ff98a372000 	C:\Windows\System32\KERNEL32.DLL
0x00007ff987c60000 - 0x00007ff987f5f000 	C:\Windows\System32\KERNELBASE.dll
0x00007ff987a90000 - 0x00007ff987b90000 	C:\Windows\System32\ucrtbase.dll
0x00007ff9552c0000 - 0x00007ff9552d7000 	C:\Program Files\Android\Android Studio\jbr\bin\jli.dll
0x00007ff988580000 - 0x00007ff98871d000 	C:\Windows\System32\USER32.dll
0x00007ff9883e0000 - 0x00007ff988402000 	C:\Windows\System32\win32u.dll
0x00007ff98a170000 - 0x00007ff98a19b000 	C:\Windows\System32\GDI32.dll
0x00007ff9881c0000 - 0x00007ff9882da000 	C:\Windows\System32\gdi32full.dll
0x00007ff987b90000 - 0x00007ff987c2d000 	C:\Windows\System32\msvcp_win.dll
0x00007ff982090000 - 0x00007ff9820ab000 	C:\Program Files\Android\Android Studio\jbr\bin\VCRUNTIME140.dll
0x00007ff973860000 - 0x00007ff973afa000 	C:\Windows\WinSxS\amd64_microsoft.windows.common-controls_6595b64144ccf1df_6.0.19041.4355_none_60b8b9eb71f62e16\COMCTL32.dll
0x00007ff988ee0000 - 0x00007ff988f7e000 	C:\Windows\System32\msvcrt.dll
0x00007ff98a380000 - 0x00007ff98a3af000 	C:\Windows\System32\IMM32.DLL
0x00007ff984e90000 - 0x00007ff984e9c000 	C:\Program Files\Android\Android Studio\jbr\bin\vcruntime140_1.dll
0x00007ff963580000 - 0x00007ff96360d000 	C:\Program Files\Android\Android Studio\jbr\bin\msvcp140.dll
0x00007ff950d50000 - 0x00007ff9519be000 	C:\Program Files\Android\Android Studio\jbr\bin\server\jvm.dll
0x00007ff988c00000 - 0x00007ff988caf000 	C:\Windows\System32\ADVAPI32.dll
0x00007ff989ff0000 - 0x00007ff98a08f000 	C:\Windows\System32\sechost.dll
0x00007ff988d90000 - 0x00007ff988eb3000 	C:\Windows\System32\RPCRT4.dll
0x00007ff987c30000 - 0x00007ff987c57000 	C:\Windows\System32\bcrypt.dll
0x00007ff981530000 - 0x00007ff981539000 	C:\Windows\SYSTEM32\WSOCK32.dll
0x00007ff988cb0000 - 0x00007ff988d1b000 	C:\Windows\System32\WS2_32.dll
0x00007ff97dac0000 - 0x00007ff97dae7000 	C:\Windows\SYSTEM32\WINMM.dll
0x00007ff97ed30000 - 0x00007ff97ed3a000 	C:\Windows\SYSTEM32\VERSION.dll
0x00007ff985910000 - 0x00007ff985922000 	C:\Windows\SYSTEM32\kernel.appcore.dll
0x00007ff979620000 - 0x00007ff97962a000 	C:\Program Files\Android\Android Studio\jbr\bin\jimage.dll
0x00007ff96b000000 - 0x00007ff96b1e4000 	C:\Windows\SYSTEM32\DBGHELP.DLL
0x00007ff96af00000 - 0x00007ff96af34000 	C:\Windows\SYSTEM32\dbgcore.DLL
0x00007ff9882e0000 - 0x00007ff988362000 	C:\Windows\System32\bcryptPrimitives.dll
0x00007ff967850000 - 0x00007ff96785e000 	C:\Program Files\Android\Android Studio\jbr\bin\instrument.dll
0x00007ff962b40000 - 0x00007ff962b65000 	C:\Program Files\Android\Android Studio\jbr\bin\java.dll
0x00007ff964f40000 - 0x00007ff964f58000 	C:\Program Files\Android\Android Studio\jbr\bin\zip.dll
0x00007ff988fe0000 - 0x00007ff98974d000 	C:\Windows\System32\SHELL32.dll
0x00007ff985b10000 - 0x00007ff9862b4000 	C:\Windows\SYSTEM32\windows.storage.dll
0x00007ff989810000 - 0x00007ff989b65000 	C:\Windows\System32\combase.dll
0x00007ff9873f0000 - 0x00007ff98741f000 	C:\Windows\SYSTEM32\Wldp.dll
0x00007ff98a090000 - 0x00007ff98a15d000 	C:\Windows\System32\OLEAUT32.dll
0x00007ff98a200000 - 0x00007ff98a2ad000 	C:\Windows\System32\SHCORE.dll
0x00007ff988d20000 - 0x00007ff988d75000 	C:\Windows\System32\shlwapi.dll
0x00007ff9879c0000 - 0x00007ff9879e4000 	C:\Windows\SYSTEM32\profapi.dll
0x00007ff9639c0000 - 0x00007ff9639d9000 	C:\Program Files\Android\Android Studio\jbr\bin\net.dll
0x00007ff97b2e0000 - 0x00007ff97b3ea000 	C:\Windows\SYSTEM32\WINHTTP.dll
0x00007ff987150000 - 0x00007ff9871bc000 	C:\Windows\system32\mswsock.dll
0x00007ff963950000 - 0x00007ff963966000 	C:\Program Files\Android\Android Studio\jbr\bin\nio.dll
0x00007ff9697d0000 - 0x00007ff9697e0000 	C:\Program Files\Android\Android Studio\jbr\bin\verify.dll
0x00007ff9828f0000 - 0x00007ff982917000 	C:\Users\LENOVO\.gradle\native\68d5fa5c4cc2d200863cafc0d521ce42e7d3e7ee720ec0a83991735586a16f82\windows-amd64\native-platform.dll
0x00007ff959df0000 - 0x00007ff959f34000 	C:\Users\LENOVO\.gradle\native\e376f236ea51e6404a007f0833ffe2c6e607c4080706a723a18a27aeea778392\windows-amd64\native-platform-file-events.dll
0x00007ff968670000 - 0x00007ff968679000 	C:\Program Files\Android\Android Studio\jbr\bin\management.dll
0x00007ff968110000 - 0x00007ff96811b000 	C:\Program Files\Android\Android Studio\jbr\bin\management_ext.dll
0x00007ff989800000 - 0x00007ff989808000 	C:\Windows\System32\PSAPI.DLL
0x00007ff987350000 - 0x00007ff987368000 	C:\Windows\SYSTEM32\CRYPTSP.dll
0x00007ff986a70000 - 0x00007ff986aa4000 	C:\Windows\system32\rsaenh.dll
0x00007ff987980000 - 0x00007ff9879ae000 	C:\Windows\SYSTEM32\USERENV.dll
0x00007ff987340000 - 0x00007ff98734c000 	C:\Windows\SYSTEM32\CRYPTBASE.dll
0x00007ff986e30000 - 0x00007ff986e6b000 	C:\Windows\SYSTEM32\IPHLPAPI.DLL
0x00007ff98a160000 - 0x00007ff98a168000 	C:\Windows\System32\NSI.dll
0x00007ff97b960000 - 0x00007ff97b977000 	C:\Windows\SYSTEM32\dhcpcsvc6.DLL
0x00007ff97e060000 - 0x00007ff97e07d000 	C:\Windows\SYSTEM32\dhcpcsvc.DLL
0x00007ff986e70000 - 0x00007ff986f3a000 	C:\Windows\SYSTEM32\DNSAPI.dll
0x00007ff966a10000 - 0x00007ff966a17000 	C:\Windows\system32\wshunix.dll
0x00007ff967750000 - 0x00007ff967767000 	C:\Windows\system32\napinsp.dll
0x00007ff967730000 - 0x00007ff96774b000 	C:\Windows\system32\pnrpnsp.dll
0x00007ff981920000 - 0x00007ff981935000 	C:\Windows\system32\wshbth.dll
0x00007ff982830000 - 0x00007ff98284d000 	C:\Windows\system32\NLAapi.dll
0x00007ff966ff0000 - 0x00007ff967002000 	C:\Windows\System32\winrnr.dll
0x00007ff9785e0000 - 0x00007ff9785ea000 	C:\Windows\System32\rasadhlp.dll
0x00007ff9785f0000 - 0x00007ff978670000 	C:\Windows\System32\fwpuclnt.dll
0x00007ff982010000 - 0x00007ff98202e000 	C:\Users\LENOVO\AppData\Local\Temp\native-platform11472363430177689882dir\native-platform.dll

dbghelp: loaded successfully - version: 4.0.5 - missing functions: none
symbol engine: initialized successfully - sym options: 0x614 - pdb path: .;C:\Program Files\Android\Android Studio\jbr\bin;C:\Windows\SYSTEM32;C:\Windows\WinSxS\amd64_microsoft.windows.common-controls_6595b64144ccf1df_6.0.19041.4355_none_60b8b9eb71f62e16;C:\Program Files\Android\Android Studio\jbr\bin\server;C:\Users\LENOVO\.gradle\native\68d5fa5c4cc2d200863cafc0d521ce42e7d3e7ee720ec0a83991735586a16f82\windows-amd64;C:\Users\LENOVO\.gradle\native\e376f236ea51e6404a007f0833ffe2c6e607c4080706a723a18a27aeea778392\windows-amd64;C:\Users\LENOVO\AppData\Local\Temp\native-platform11472363430177689882dir

VM Arguments:
jvm_args: -XX:MaxPermSize=512m -XX:+HeapDumpOnOutOfMemoryError --add-opens=java.base/java.util=ALL-UNNAMED --add-opens=java.base/java.lang=ALL-UNNAMED --add-opens=java.base/java.lang.invoke=ALL-UNNAMED --add-opens=java.prefs/java.util.prefs=ALL-UNNAMED --add-opens=java.base/java.nio.charset=ALL-UNNAMED --add-opens=java.base/java.net=ALL-UNNAMED --add-opens=java.base/java.util.concurrent.atomic=ALL-UNNAMED -Xmx1024m -Dfile.encoding=UTF-8 -Duser.country=ID -Duser.language=en -Duser.variant -javaagent:C:\Users\LENOVO\.gradle\wrapper\dists\gradle-8.3-bin\dxjbbhstwasg8cbags9q7cvli\gradle-8.3\lib\agents\gradle-instrumentation-agent-8.3.jar 
java_command: org.gradle.launcher.daemon.bootstrap.GradleDaemon 8.3
java_class_path (initial): C:\Users\LENOVO\.gradle\wrapper\dists\gradle-8.3-bin\dxjbbhstwasg8cbags9q7cvli\gradle-8.3\lib\gradle-launcher-8.3.jar
Launcher Type: SUN_STANDARD

[Global flags]
     intx CICompilerCount                          = 2                                         {product} {ergonomic}
     uint ConcGCThreads                            = 1                                         {product} {ergonomic}
     uint G1ConcRefinementThreads                  = 2                                         {product} {ergonomic}
   size_t G1HeapRegionSize                         = 1048576                                   {product} {ergonomic}
    uintx GCDrainStackTargetSize                   = 64                                        {product} {ergonomic}
     bool HeapDumpOnOutOfMemoryError               = true                                   {manageable} {command line}
   size_t InitialHeapSize                          = 192937984                                 {product} {ergonomic}
   size_t MarkStackSize                            = 4194304                                   {product} {ergonomic}
   size_t MaxHeapSize                              = 1073741824                                {product} {command line}
   size_t MaxNewSize                               = 643825664                                 {product} {ergonomic}
   size_t MinHeapDeltaBytes                        = 1048576                                   {product} {ergonomic}
   size_t MinHeapSize                              = 8388608                                   {product} {ergonomic}
    uintx NonNMethodCodeHeapSize                   = 5826188                                {pd product} {ergonomic}
    uintx NonProfiledCodeHeapSize                  = 122916026                              {pd product} {ergonomic}
    uintx ProfiledCodeHeapSize                     = 122916026                              {pd product} {ergonomic}
    uintx ReservedCodeCacheSize                    = 251658240                              {pd product} {ergonomic}
     bool SegmentedCodeCache                       = true                                      {product} {ergonomic}
   size_t SoftMaxHeapSize                          = 1073741824                             {manageable} {ergonomic}
     bool UseCompressedClassPointers               = true                           {product lp64_product} {ergonomic}
     bool UseCompressedOops                        = true                           {product lp64_product} {ergonomic}
     bool UseG1GC                                  = true                                      {product} {ergonomic}
     bool UseLargePagesIndividualAllocation        = false                                  {pd product} {ergonomic}

Logging:
Log output configuration:
 #0: stdout all=warning uptime,level,tags
 #1: stderr all=off uptime,level,tags

Environment Variables:
JAVA_HOME=C:\Program Files\Java\jdk1.8.0_202
PATH=C:\Program Files\Java\jdk1.8.0_202\bin;C:\Program Files (x86)\Common Files\Oracle\Java\javapath;C:\Windows\system32;C:\Windows;C:\Windows\System32\Wbem;C:\Windows\System32\WindowsPowerShell\v1.0\;C:\Windows\System32\OpenSSH\;C:\Program Files (x86)\Rational\common;C:\Program Files\IBM\SPSS\Statistics\25\JRE\bin;C:\laragon\bin\php\php;C:\composer;C:\Program Files\Git\cmd;C:\Program Files\kotlinc\bin;C:\Users\LENOVO\AppData\Local\Microsoft\WindowsApps;C:\Users\LENOVO\AppData\Local\Programs\Microsoft VS Code\bin;C:\Program Files\JetBrains\IntelliJ IDEA 2023.2\bin;C:\Program Files\kotlinc;;C:\Users\LENOVO\AppData\Local\JetBrains\IntelliJ IDEA Community Edition 2023.2.1\bin;;C:\Users\LENOVO\AppData\Roaming\Composer\vendor\bin;C:\Program Files\kotlinc;
USERNAME=DZAKY
OS=Windows_NT
PROCESSOR_IDENTIFIER=AMD64 Family 21 Model 112 Stepping 0, AuthenticAMD
TMP=C:\Users\LENOVO\AppData\Local\Temp
TEMP=C:\Users\LENOVO\AppData\Local\Temp


JNI global refs:
JNI global refs: 25, weak refs: 4

JNI global refs memory usage: 843, weak refs: 841


---------------  S Y S T E M  ---------------

OS:
 Windows 10 , 64 bit Build 19041 (10.0.19041.5438)
OS uptime: 0 days 12:41 hours

CPU: total 2 (initial active 2) (2 cores per cpu, 1 threads per core) family 21 model 112 stepping 0 microcode 0x0, cx8, cmov, fxsr, mmx, 3dnowpref, sse, sse2, sse3, ssse3, sse4a, sse4.1, sse4.2, popcnt, lzcnt, tsc, tscinvbit, avx, avx2, aes, clmul, bmi1, bmi2, fma, vzeroupper, clflush

Memory: 4k page, system-wide physical 11680M (2377M free)
TotalPageFile size 11680M (AvailPageFile size 5M)
current process WorkingSet (physical memory assigned to process): 429M, peak: 429M
current process commit charge ("private bytes"): 459M, peak: 461M

vm_info: OpenJDK 64-Bit Server VM (17.0.6+0-b2043.56-10027231) for windows-amd64 JRE (17.0.6+0-b2043.56-10027231), built on Apr 28 2023 00:43:19 by "androidbuild" with MS VC++ 16.10 / 16.11 (VS2019)

END.
