#
# There is insufficient memory for the Java Runtime Environment to continue.
# Native memory allocation (malloc) failed to allocate 32744 bytes for ChunkPool::allocate
# Possible reasons:
#   The system is out of physical RAM or swap space
#   The process is running with CompressedOops enabled, and the Java Heap may be blocking the growth of the native heap
# Possible solutions:
#   Reduce memory load on the system
#   Increase physical memory or swap space
#   Check if swap backing store is full
#   Decrease Java heap size (-Xmx/-Xms)
#   Decrease number of Java threads
#   Decrease Java thread stack sizes (-Xss)
#   Set larger code cache with -XX:ReservedCodeCacheSize=
#   JVM is running with Zero Based Compressed Oops mode in which the Java heap is
#     placed in the first 32GB address space. The Java Heap base address is the
#     maximum limit for the native heap growth. Please use -XX:HeapBaseMinAddress
#     to set the Java Heap base and to place the Java Heap above 32GB virtual address.
# This output file may be truncated or incomplete.
#
#  Out of Memory Error (arena.cpp:78), pid=9772, tid=2508
#
# JRE version: OpenJDK Runtime Environment (17.0.6) (build 17.0.6+0-b2043.56-10027231)
# Java VM: OpenJDK 64-Bit Server VM (17.0.6+0-b2043.56-10027231, mixed mode, tiered, compressed oops, compressed class ptrs, g1 gc, windows-amd64)
# No core dump will be written. Minidumps are not enabled by default on client versions of Windows
#

---------------  S U M M A R Y ------------

Command Line: org.jetbrains.kotlin.cli.jvm.K2JVMCompiler @G:\NANDA APRILLIA LESTARI MUFTI\BISMILLAH\SERBA-SERBI SKRIPSI 2024\WidyaAksara\program\app\build\20250219_8968420088129565843.compiler.options

Host: AMD A9-9420 RADEON R5, 5 COMPUTE CORES 2C+3G   , 2 cores, 11G,  Windows 10 , 64 bit Build 19041 (10.0.19041.5438)
Time: Wed Feb 19 14:59:13 2025 SE Asia Standard Time elapsed time: 72.109152 seconds (0d 0h 1m 12s)

---------------  T H R E A D  ---------------

Current thread (0x000001c27ec31f50):  JavaThread "C2 CompilerThread0" daemon [_thread_in_native, id=2508, stack(0x000000b703c00000,0x000000b703d00000)]


Current CompileTask:
C2:  72109 16699       4       org.jetbrains.kotlin.backend.jvm.mapping.MethodSignatureMapper::mapSignature (573 bytes)

Stack: [0x000000b703c00000,0x000000b703d00000]
Native frames: (J=compiled Java code, j=interpreted, Vv=VM code, C=native code)
V  [jvm.dll+0x683c9a]
V  [jvm.dll+0x8427a4]
V  [jvm.dll+0x843f9e]
V  [jvm.dll+0x844603]
V  [jvm.dll+0x249b75]
V  [jvm.dll+0xabecc]
V  [jvm.dll+0xac27c]
V  [jvm.dll+0x36e380]
V  [jvm.dll+0x36d8d1]
V  [jvm.dll+0x36d914]
V  [jvm.dll+0x56b685]
V  [jvm.dll+0x56beb3]
V  [jvm.dll+0x332f60]
V  [jvm.dll+0x3323da]
V  [jvm.dll+0x21c201]
V  [jvm.dll+0x21b621]
V  [jvm.dll+0x1a4fdd]
V  [jvm.dll+0x22b098]
V  [jvm.dll+0x229159]
V  [jvm.dll+0x7f81ec]
V  [jvm.dll+0x7f274a]
V  [jvm.dll+0x682ad5]
C  [ucrtbase.dll+0x21bb2]
C  [KERNEL32.DLL+0x17374]
C  [ntdll.dll+0x4cc91]


---------------  P R O C E S S  ---------------

Threads class SMR info:
_java_thread_list=0x000001c27eda8bc0, length=12, elements={
0x000001c27010b7d0, 0x000001c27e2dba30, 0x000001c27e2dd1d0, 0x000001c27ec2d660,
0x000001c27ec2e120, 0x000001c27ec309f0, 0x000001c27ec312b0, 0x000001c27ec31f50,
0x000001c27eca02e0, 0x000001c27ecbcf80, 0x000001c27eda7010, 0x000001c27edab900
}

Java Threads: ( => current thread )
  0x000001c27010b7d0 JavaThread "main" [_thread_in_Java, id=10220, stack(0x000000b702f00000,0x000000b703000000)]
  0x000001c27e2dba30 JavaThread "Reference Handler" daemon [_thread_blocked, id=10112, stack(0x000000b703600000,0x000000b703700000)]
  0x000001c27e2dd1d0 JavaThread "Finalizer" daemon [_thread_blocked, id=1456, stack(0x000000b703700000,0x000000b703800000)]
  0x000001c27ec2d660 JavaThread "Signal Dispatcher" daemon [_thread_blocked, id=6996, stack(0x000000b703800000,0x000000b703900000)]
  0x000001c27ec2e120 JavaThread "Attach Listener" daemon [_thread_blocked, id=11440, stack(0x000000b703900000,0x000000b703a00000)]
  0x000001c27ec309f0 JavaThread "Service Thread" daemon [_thread_blocked, id=11832, stack(0x000000b703a00000,0x000000b703b00000)]
  0x000001c27ec312b0 JavaThread "Monitor Deflation Thread" daemon [_thread_blocked, id=8996, stack(0x000000b703b00000,0x000000b703c00000)]
=>0x000001c27ec31f50 JavaThread "C2 CompilerThread0" daemon [_thread_in_native, id=2508, stack(0x000000b703c00000,0x000000b703d00000)]
  0x000001c27eca02e0 JavaThread "C1 CompilerThread0" daemon [_thread_in_vm, id=9848, stack(0x000000b703d00000,0x000000b703e00000)]
  0x000001c27ecbcf80 JavaThread "Sweeper thread" daemon [_thread_blocked, id=11040, stack(0x000000b703e00000,0x000000b703f00000)]
  0x000001c27eda7010 JavaThread "Notification Thread" daemon [_thread_blocked, id=1112, stack(0x000000b703f00000,0x000000b704000000)]
  0x000001c27edab900 JavaThread "Common-Cleaner" daemon [_thread_blocked, id=11500, stack(0x000000b704100000,0x000000b704200000)]

Other Threads:
  0x000001c27e25c6a0 VMThread "VM Thread" [stack: 0x000000b703500000,0x000000b703600000] [id=8512]
  0x000001c2701acce0 WatcherThread [stack: 0x000000b704000000,0x000000b704100000] [id=11456]
  0x000001c270199f90 GCTaskThread "GC Thread#0" [stack: 0x000000b703000000,0x000000b703100000] [id=10808]
  0x000001c27edc8b40 GCTaskThread "GC Thread#1" [stack: 0x000000b704200000,0x000000b704300000] [id=7052]
  0x000001c2701a6470 ConcurrentGCThread "G1 Main Marker" [stack: 0x000000b703100000,0x000000b703200000] [id=11376]
  0x000001c2701a7530 ConcurrentGCThread "G1 Conc#0" [stack: 0x000000b703200000,0x000000b703300000] [id=6948]
  0x000001c2701fea60 ConcurrentGCThread "G1 Refine#0" [stack: 0x000000b703300000,0x000000b703400000] [id=6280]
  0x000001c210429ba0 ConcurrentGCThread "G1 Refine#1" [stack: 0x000000b704300000,0x000000b704400000] [id=11148]
  0x000001c27e120490 ConcurrentGCThread "G1 Service" [stack: 0x000000b703400000,0x000000b703500000] [id=11308]

Threads with active compile tasks:
C2 CompilerThread0    72149 16699       4       org.jetbrains.kotlin.backend.jvm.mapping.MethodSignatureMapper::mapSignature (573 bytes)
C1 CompilerThread0    72149 16776       2       org.jetbrains.kotlin.codegen.optimization.temporaryVals.TemporaryValsAnalyzer::analyze (1271 bytes)

VM state: not at safepoint (normal execution)

VM Mutex/Monitor currently owned by a thread:  ([mutex/lock_event])
[0x000001c270141950] Metaspace_lock - owner thread: 0x000001c27eca02e0
[0x000001c270143830] MethodData_lock - owner thread: 0x000001c27eca02e0

Heap address: 0x0000000749600000, size: 2922 MB, Compressed Oops mode: Zero based, Oop shift amount: 3

CDS archive(s) not mapped
Compressed class space mapped at: 0x0000000800000000-0x0000000840000000, reserved size: 1073741824
Narrow klass base: 0x0000000800000000, Narrow klass shift: 0, Narrow klass range: 0x40000000

GC Precious Log:
 CPUs: 2 total, 2 available
 Memory: 11680M
 Large Page Support: Disabled
 NUMA Support: Disabled
 Compressed Oops: Enabled (Zero based)
 Heap Region Size: 2M
 Heap Min Capacity: 8M
 Heap Initial Capacity: 184M
 Heap Max Capacity: 2922M
 Pre-touch: Disabled
 Parallel Workers: 2
 Concurrent Workers: 1
 Concurrent Refinement Workers: 2
 Periodic GC: Disabled

Heap:
 garbage-first heap   total 241664K, used 171343K [0x0000000749600000, 0x0000000800000000)
  region size 2048K, 34 young (69632K), 3 survivors (6144K)
 Metaspace       used 88254K, committed 88576K, reserved 1130496K
  class space    used 9443K, committed 9600K, reserved 1048576K

Heap Regions: E=young(eden), S=young(survivor), O=old, HS=humongous(starts), HC=humongous(continues), CS=collection set, F=free, OA=open archive, CA=closed archive, TAMS=top-at-mark-start (previous, next)
|   0|0x0000000749600000, 0x0000000749800000, 0x0000000749800000|100%|HS|  |TAMS 0x0000000749800000, 0x0000000749600000| Complete 
|   1|0x0000000749800000, 0x0000000749a00000, 0x0000000749a00000|100%|HC|  |TAMS 0x0000000749a00000, 0x0000000749800000| Complete 
|   2|0x0000000749a00000, 0x0000000749c00000, 0x0000000749c00000|100%| O|  |TAMS 0x0000000749c00000, 0x0000000749a00000| Untracked 
|   3|0x0000000749c00000, 0x0000000749e00000, 0x0000000749e00000|100%|HS|  |TAMS 0x0000000749e00000, 0x0000000749c00000| Complete 
|   4|0x0000000749e00000, 0x000000074a000000, 0x000000074a000000|100%|HC|  |TAMS 0x000000074a000000, 0x0000000749e00000| Complete 
|   5|0x000000074a000000, 0x000000074a200000, 0x000000074a200000|100%| O|  |TAMS 0x000000074a200000, 0x000000074a000000| Untracked 
|   6|0x000000074a200000, 0x000000074a400000, 0x000000074a400000|100%| O|  |TAMS 0x000000074a400000, 0x000000074a200000| Untracked 
|   7|0x000000074a400000, 0x000000074a600000, 0x000000074a600000|100%| O|  |TAMS 0x000000074a600000, 0x000000074a400000| Untracked 
|   8|0x000000074a600000, 0x000000074a800000, 0x000000074a800000|100%| O|  |TAMS 0x000000074a800000, 0x000000074a600000| Untracked 
|   9|0x000000074a800000, 0x000000074aa00000, 0x000000074aa00000|100%|HS|  |TAMS 0x000000074aa00000, 0x000000074a800000| Complete 
|  10|0x000000074aa00000, 0x000000074ac00000, 0x000000074ac00000|100%| O|  |TAMS 0x000000074ac00000, 0x000000074aa00000| Untracked 
|  11|0x000000074ac00000, 0x000000074ae00000, 0x000000074ae00000|100%| O|  |TAMS 0x000000074ae00000, 0x000000074ac00000| Untracked 
|  12|0x000000074ae00000, 0x000000074b000000, 0x000000074b000000|100%| O|  |TAMS 0x000000074b000000, 0x000000074ae00000| Untracked 
|  13|0x000000074b000000, 0x000000074b200000, 0x000000074b200000|100%| O|  |TAMS 0x000000074b200000, 0x000000074b000000| Untracked 
|  14|0x000000074b200000, 0x000000074b400000, 0x000000074b400000|100%| O|  |TAMS 0x000000074b400000, 0x000000074b200000| Untracked 
|  15|0x000000074b400000, 0x000000074b600000, 0x000000074b600000|100%| O|  |TAMS 0x000000074b400000, 0x000000074b400000| Untracked 
|  16|0x000000074b600000, 0x000000074b800000, 0x000000074b800000|100%| O|  |TAMS 0x000000074b800000, 0x000000074b600000| Untracked 
|  17|0x000000074b800000, 0x000000074ba00000, 0x000000074ba00000|100%| O|  |TAMS 0x000000074ba00000, 0x000000074b800000| Untracked 
|  18|0x000000074ba00000, 0x000000074bc00000, 0x000000074bc00000|100%| O|  |TAMS 0x000000074bc00000, 0x000000074ba00000| Untracked 
|  19|0x000000074bc00000, 0x000000074be00000, 0x000000074be00000|100%| O|  |TAMS 0x000000074be00000, 0x000000074bc00000| Untracked 
|  20|0x000000074be00000, 0x000000074c000000, 0x000000074c000000|100%| O|  |TAMS 0x000000074be00000, 0x000000074be00000| Untracked 
|  21|0x000000074c000000, 0x000000074c200000, 0x000000074c200000|100%| O|  |TAMS 0x000000074c000000, 0x000000074c000000| Untracked 
|  22|0x000000074c200000, 0x000000074c400000, 0x000000074c400000|100%| O|  |TAMS 0x000000074c200000, 0x000000074c200000| Untracked 
|  23|0x000000074c400000, 0x000000074c600000, 0x000000074c600000|100%| O|  |TAMS 0x000000074c400000, 0x000000074c400000| Untracked 
|  24|0x000000074c600000, 0x000000074c800000, 0x000000074c800000|100%| O|  |TAMS 0x000000074c600000, 0x000000074c600000| Untracked 
|  25|0x000000074c800000, 0x000000074ca00000, 0x000000074ca00000|100%| O|  |TAMS 0x000000074c800000, 0x000000074c800000| Untracked 
|  26|0x000000074ca00000, 0x000000074cc00000, 0x000000074cc00000|100%| O|  |TAMS 0x000000074ca00000, 0x000000074ca00000| Untracked 
|  27|0x000000074cc00000, 0x000000074ce00000, 0x000000074ce00000|100%|HS|  |TAMS 0x000000074cc00000, 0x000000074cc00000| Complete 
|  28|0x000000074ce00000, 0x000000074d000000, 0x000000074d000000|100%| O|  |TAMS 0x000000074ce00000, 0x000000074ce00000| Untracked 
|  29|0x000000074d000000, 0x000000074d200000, 0x000000074d200000|100%| O|  |TAMS 0x000000074d000000, 0x000000074d000000| Untracked 
|  30|0x000000074d200000, 0x000000074d400000, 0x000000074d400000|100%| O|  |TAMS 0x000000074d200000, 0x000000074d200000| Untracked 
|  31|0x000000074d400000, 0x000000074d600000, 0x000000074d600000|100%| O|  |TAMS 0x000000074d400000, 0x000000074d400000| Untracked 
|  32|0x000000074d600000, 0x000000074d800000, 0x000000074d800000|100%| O|  |TAMS 0x000000074d600000, 0x000000074d600000| Untracked 
|  33|0x000000074d800000, 0x000000074da00000, 0x000000074da00000|100%| O|  |TAMS 0x000000074d800000, 0x000000074d800000| Untracked 
|  34|0x000000074da00000, 0x000000074dc00000, 0x000000074dc00000|100%| O|  |TAMS 0x000000074da00000, 0x000000074da00000| Untracked 
|  35|0x000000074dc00000, 0x000000074de00000, 0x000000074de00000|100%| O|  |TAMS 0x000000074dc00000, 0x000000074dc00000| Untracked 
|  36|0x000000074de00000, 0x000000074e000000, 0x000000074e000000|100%| O|  |TAMS 0x000000074de00000, 0x000000074de00000| Untracked 
|  37|0x000000074e000000, 0x000000074e200000, 0x000000074e200000|100%| O|  |TAMS 0x000000074e000000, 0x000000074e000000| Untracked 
|  38|0x000000074e200000, 0x000000074e400000, 0x000000074e400000|100%| O|  |TAMS 0x000000074e200000, 0x000000074e200000| Untracked 
|  39|0x000000074e400000, 0x000000074e600000, 0x000000074e600000|100%| O|  |TAMS 0x000000074e400000, 0x000000074e400000| Untracked 
|  40|0x000000074e600000, 0x000000074e800000, 0x000000074e800000|100%| O|  |TAMS 0x000000074e600000, 0x000000074e600000| Untracked 
|  41|0x000000074e800000, 0x000000074ea00000, 0x000000074ea00000|100%| O|  |TAMS 0x000000074e800000, 0x000000074e800000| Untracked 
|  42|0x000000074ea00000, 0x000000074ec00000, 0x000000074ec00000|100%| O|  |TAMS 0x000000074ea00000, 0x000000074ea00000| Untracked 
|  43|0x000000074ec00000, 0x000000074ee00000, 0x000000074ee00000|100%| O|  |TAMS 0x000000074ec00000, 0x000000074ec00000| Untracked 
|  44|0x000000074ee00000, 0x000000074f000000, 0x000000074f000000|100%| O|  |TAMS 0x000000074ee00000, 0x000000074ee00000| Untracked 
|  45|0x000000074f000000, 0x000000074f200000, 0x000000074f200000|100%| O|  |TAMS 0x000000074f000000, 0x000000074f000000| Untracked 
|  46|0x000000074f200000, 0x000000074f400000, 0x000000074f400000|100%| O|  |TAMS 0x000000074f200000, 0x000000074f200000| Untracked 
|  47|0x000000074f400000, 0x000000074f600000, 0x000000074f600000|100%| O|  |TAMS 0x000000074f400000, 0x000000074f400000| Untracked 
|  48|0x000000074f600000, 0x000000074f800000, 0x000000074f800000|100%| O|  |TAMS 0x000000074f600000, 0x000000074f600000| Untracked 
|  49|0x000000074f800000, 0x000000074fa00000, 0x000000074fa00000|100%| O|  |TAMS 0x000000074f800000, 0x000000074f800000| Untracked 
|  50|0x000000074fa00000, 0x000000074fa00000, 0x000000074fc00000|  0%| F|  |TAMS 0x000000074fa00000, 0x000000074fa00000| Untracked 
|  51|0x000000074fc00000, 0x000000074fc00000, 0x000000074fe00000|  0%| F|  |TAMS 0x000000074fc00000, 0x000000074fc00000| Untracked 
|  52|0x000000074fe00000, 0x000000074fe00000, 0x0000000750000000|  0%| F|  |TAMS 0x000000074fe00000, 0x000000074fe00000| Untracked 
|  53|0x0000000750000000, 0x0000000750000000, 0x0000000750200000|  0%| F|  |TAMS 0x0000000750000000, 0x0000000750000000| Untracked 
|  54|0x0000000750200000, 0x0000000750200000, 0x0000000750400000|  0%| F|  |TAMS 0x0000000750200000, 0x0000000750200000| Untracked 
|  55|0x0000000750400000, 0x0000000750400000, 0x0000000750600000|  0%| F|  |TAMS 0x0000000750400000, 0x0000000750400000| Untracked 
|  56|0x0000000750600000, 0x0000000750600000, 0x0000000750800000|  0%| F|  |TAMS 0x0000000750600000, 0x0000000750600000| Untracked 
|  57|0x0000000750800000, 0x0000000750800000, 0x0000000750a00000|  0%| F|  |TAMS 0x0000000750800000, 0x0000000750800000| Untracked 
|  58|0x0000000750a00000, 0x0000000750a00000, 0x0000000750c00000|  0%| F|  |TAMS 0x0000000750a00000, 0x0000000750a00000| Untracked 
|  59|0x0000000750c00000, 0x0000000750c00000, 0x0000000750e00000|  0%| F|  |TAMS 0x0000000750c00000, 0x0000000750c00000| Untracked 
|  60|0x0000000750e00000, 0x0000000750e00000, 0x0000000751000000|  0%| F|  |TAMS 0x0000000750e00000, 0x0000000750e00000| Untracked 
|  61|0x0000000751000000, 0x0000000751000000, 0x0000000751200000|  0%| F|  |TAMS 0x0000000751000000, 0x0000000751000000| Untracked 
|  62|0x0000000751200000, 0x0000000751200000, 0x0000000751400000|  0%| F|  |TAMS 0x0000000751200000, 0x0000000751200000| Untracked 
|  63|0x0000000751400000, 0x0000000751400000, 0x0000000751600000|  0%| F|  |TAMS 0x0000000751400000, 0x0000000751400000| Untracked 
|  64|0x0000000751600000, 0x0000000751600000, 0x0000000751800000|  0%| F|  |TAMS 0x0000000751600000, 0x0000000751600000| Untracked 
|  65|0x0000000751800000, 0x0000000751800000, 0x0000000751a00000|  0%| F|  |TAMS 0x0000000751800000, 0x0000000751800000| Untracked 
|  66|0x0000000751a00000, 0x0000000751a00000, 0x0000000751c00000|  0%| F|  |TAMS 0x0000000751a00000, 0x0000000751a00000| Untracked 
|  67|0x0000000751c00000, 0x0000000751c00000, 0x0000000751e00000|  0%| F|  |TAMS 0x0000000751c00000, 0x0000000751c00000| Untracked 
|  68|0x0000000751e00000, 0x0000000751e00000, 0x0000000752000000|  0%| F|  |TAMS 0x0000000751e00000, 0x0000000751e00000| Untracked 
|  69|0x0000000752000000, 0x0000000752000000, 0x0000000752200000|  0%| F|  |TAMS 0x0000000752000000, 0x0000000752000000| Untracked 
|  70|0x0000000752200000, 0x0000000752353d20, 0x0000000752400000| 66%| S|CS|TAMS 0x0000000752200000, 0x0000000752200000| Complete 
|  71|0x0000000752400000, 0x0000000752600000, 0x0000000752600000|100%| S|CS|TAMS 0x0000000752400000, 0x0000000752400000| Complete 
|  72|0x0000000752600000, 0x0000000752800000, 0x0000000752800000|100%| S|CS|TAMS 0x0000000752600000, 0x0000000752600000| Complete 
|  73|0x0000000752800000, 0x0000000752800000, 0x0000000752a00000|  0%| F|  |TAMS 0x0000000752800000, 0x0000000752800000| Untracked 
|  74|0x0000000752a00000, 0x0000000752a00000, 0x0000000752c00000|  0%| F|  |TAMS 0x0000000752a00000, 0x0000000752a00000| Untracked 
|  75|0x0000000752c00000, 0x0000000752c00000, 0x0000000752e00000|  0%| F|  |TAMS 0x0000000752c00000, 0x0000000752c00000| Untracked 
|  76|0x0000000752e00000, 0x0000000752e00000, 0x0000000753000000|  0%| F|  |TAMS 0x0000000752e00000, 0x0000000752e00000| Untracked 
|  77|0x0000000753000000, 0x0000000753000000, 0x0000000753200000|  0%| F|  |TAMS 0x0000000753000000, 0x0000000753000000| Untracked 
|  78|0x0000000753200000, 0x0000000753200000, 0x0000000753400000|  0%| F|  |TAMS 0x0000000753200000, 0x0000000753200000| Untracked 
|  79|0x0000000753400000, 0x0000000753400000, 0x0000000753600000|  0%| F|  |TAMS 0x0000000753400000, 0x0000000753400000| Untracked 
|  80|0x0000000753600000, 0x0000000753600000, 0x0000000753800000|  0%| F|  |TAMS 0x0000000753600000, 0x0000000753600000| Untracked 
|  81|0x0000000753800000, 0x0000000753800000, 0x0000000753a00000|  0%| F|  |TAMS 0x0000000753800000, 0x0000000753800000| Untracked 
|  82|0x0000000753a00000, 0x0000000753a00000, 0x0000000753c00000|  0%| F|  |TAMS 0x0000000753a00000, 0x0000000753a00000| Untracked 
|  83|0x0000000753c00000, 0x0000000753c00000, 0x0000000753e00000|  0%| F|  |TAMS 0x0000000753c00000, 0x0000000753c00000| Untracked 
|  84|0x0000000753e00000, 0x0000000753e00000, 0x0000000754000000|  0%| F|  |TAMS 0x0000000753e00000, 0x0000000753e00000| Untracked 
|  85|0x0000000754000000, 0x0000000754000000, 0x0000000754200000|  0%| F|  |TAMS 0x0000000754000000, 0x0000000754000000| Untracked 
|  86|0x0000000754200000, 0x0000000754300800, 0x0000000754400000| 50%| E|  |TAMS 0x0000000754200000, 0x0000000754200000| Complete 
|  87|0x0000000754400000, 0x0000000754600000, 0x0000000754600000|100%| E|CS|TAMS 0x0000000754400000, 0x0000000754400000| Complete 
|  88|0x0000000754600000, 0x0000000754800000, 0x0000000754800000|100%| E|CS|TAMS 0x0000000754600000, 0x0000000754600000| Complete 
|  89|0x0000000754800000, 0x0000000754a00000, 0x0000000754a00000|100%| E|CS|TAMS 0x0000000754800000, 0x0000000754800000| Complete 
|  90|0x0000000754a00000, 0x0000000754c00000, 0x0000000754c00000|100%| E|CS|TAMS 0x0000000754a00000, 0x0000000754a00000| Complete 
|  91|0x0000000754c00000, 0x0000000754e00000, 0x0000000754e00000|100%| E|CS|TAMS 0x0000000754c00000, 0x0000000754c00000| Complete 
|  92|0x0000000754e00000, 0x0000000755000000, 0x0000000755000000|100%| E|CS|TAMS 0x0000000754e00000, 0x0000000754e00000| Complete 
|  93|0x0000000755000000, 0x0000000755200000, 0x0000000755200000|100%| E|CS|TAMS 0x0000000755000000, 0x0000000755000000| Complete 
|  94|0x0000000755200000, 0x0000000755400000, 0x0000000755400000|100%| E|CS|TAMS 0x0000000755200000, 0x0000000755200000| Complete 
|  95|0x0000000755400000, 0x0000000755600000, 0x0000000755600000|100%| E|CS|TAMS 0x0000000755400000, 0x0000000755400000| Complete 
|  96|0x0000000755600000, 0x0000000755800000, 0x0000000755800000|100%| E|CS|TAMS 0x0000000755600000, 0x0000000755600000| Complete 
|  97|0x0000000755800000, 0x0000000755a00000, 0x0000000755a00000|100%| E|CS|TAMS 0x0000000755800000, 0x0000000755800000| Complete 
|  98|0x0000000755a00000, 0x0000000755c00000, 0x0000000755c00000|100%| E|CS|TAMS 0x0000000755a00000, 0x0000000755a00000| Complete 
|  99|0x0000000755c00000, 0x0000000755e00000, 0x0000000755e00000|100%| E|CS|TAMS 0x0000000755c00000, 0x0000000755c00000| Complete 
| 100|0x0000000755e00000, 0x0000000756000000, 0x0000000756000000|100%| E|CS|TAMS 0x0000000755e00000, 0x0000000755e00000| Complete 
| 101|0x0000000756000000, 0x0000000756200000, 0x0000000756200000|100%| E|CS|TAMS 0x0000000756000000, 0x0000000756000000| Complete 
| 102|0x0000000756200000, 0x0000000756400000, 0x0000000756400000|100%| E|CS|TAMS 0x0000000756200000, 0x0000000756200000| Complete 
| 103|0x0000000756400000, 0x0000000756600000, 0x0000000756600000|100%| E|CS|TAMS 0x0000000756400000, 0x0000000756400000| Complete 
| 104|0x0000000756600000, 0x0000000756800000, 0x0000000756800000|100%| E|CS|TAMS 0x0000000756600000, 0x0000000756600000| Complete 
| 105|0x0000000756800000, 0x0000000756a00000, 0x0000000756a00000|100%| E|CS|TAMS 0x0000000756800000, 0x0000000756800000| Complete 
| 106|0x0000000756a00000, 0x0000000756c00000, 0x0000000756c00000|100%| E|CS|TAMS 0x0000000756a00000, 0x0000000756a00000| Complete 
| 107|0x0000000756c00000, 0x0000000756e00000, 0x0000000756e00000|100%| E|CS|TAMS 0x0000000756c00000, 0x0000000756c00000| Complete 
| 108|0x0000000756e00000, 0x0000000757000000, 0x0000000757000000|100%| E|CS|TAMS 0x0000000756e00000, 0x0000000756e00000| Complete 
| 109|0x0000000757000000, 0x0000000757200000, 0x0000000757200000|100%| E|CS|TAMS 0x0000000757000000, 0x0000000757000000| Complete 
| 110|0x0000000757200000, 0x0000000757400000, 0x0000000757400000|100%| E|CS|TAMS 0x0000000757200000, 0x0000000757200000| Complete 
| 111|0x0000000757400000, 0x0000000757600000, 0x0000000757600000|100%| E|CS|TAMS 0x0000000757400000, 0x0000000757400000| Complete 
| 112|0x0000000757600000, 0x0000000757800000, 0x0000000757800000|100%| E|CS|TAMS 0x0000000757600000, 0x0000000757600000| Complete 
| 113|0x0000000757800000, 0x0000000757a00000, 0x0000000757a00000|100%| E|CS|TAMS 0x0000000757800000, 0x0000000757800000| Complete 
| 114|0x0000000757a00000, 0x0000000757c00000, 0x0000000757c00000|100%| E|CS|TAMS 0x0000000757a00000, 0x0000000757a00000| Complete 
| 115|0x0000000757c00000, 0x0000000757e00000, 0x0000000757e00000|100%| E|CS|TAMS 0x0000000757c00000, 0x0000000757c00000| Complete 
| 116|0x0000000757e00000, 0x0000000758000000, 0x0000000758000000|100%| E|CS|TAMS 0x0000000757e00000, 0x0000000757e00000| Complete 
|1460|0x00000007ffe00000, 0x0000000800000000, 0x0000000800000000|100%| O|  |TAMS 0x0000000800000000, 0x00000007ffe00000| Untracked 

Card table byte_map: [0x000001c2757e0000,0x000001c275da0000] _byte_map_base: 0x000001c271d95000

Marking Bits (Prev, Next): (CMBitMap*) 0x000001c27019a4b0, (CMBitMap*) 0x000001c27019a4f0
 Prev Bits: [0x000001c276360000, 0x000001c279108000)
 Next Bits: [0x000001c279110000, 0x000001c27beb8000)

Polling page: 0x000001c26ff90000

Metaspace:

Usage:
  Non-class:     76.96 MB used.
      Class:      9.22 MB used.
       Both:     86.19 MB used.

Virtual space:
  Non-class space:       80.00 MB reserved,      77.12 MB ( 96%) committed,  10 nodes.
      Class space:        1.00 GB reserved,       9.38 MB ( <1%) committed,  1 nodes.
             Both:        1.08 GB reserved,      86.50 MB (  8%) committed. 

Chunk freelists:
   Non-Class:  2.48 MB
       Class:  2.59 MB
        Both:  5.08 MB

MaxMetaspaceSize: unlimited
CompressedClassSpaceSize: 1.00 GB
Initial GC threshold: 21.00 MB
Current GC threshold: 94.81 MB
CDS: off
MetaspaceReclaimPolicy: balanced
 - commit_granule_bytes: 65536.
 - commit_granule_words: 8192.
 - virtual_space_node_default_size: 1048576.
 - enlarge_chunks_in_place: 1.
 - new_chunks_are_fully_committed: 0.
 - uncommit_free_chunks: 1.
 - use_allocation_guard: 0.
 - handle_deallocations: 1.


Internal statistics:

num_allocs_failed_limit: 3.
num_arena_births: 378.
num_arena_deaths: 0.
num_vsnodes_births: 11.
num_vsnodes_deaths: 0.
num_space_committed: 1382.
num_space_uncommitted: 0.
num_chunks_returned_to_freelist: 3.
num_chunks_taken_from_freelist: 3188.
num_chunk_merges: 3.
num_chunk_splits: 2595.
num_chunks_enlarged: 2310.
num_purges: 0.
num_inconsistent_stats: 0.

CodeHeap 'non-profiled nmethods': size=120064Kb used=7232Kb max_used=7290Kb free=112831Kb
 bounds [0x000001c207ac0000, 0x000001c2081e0000, 0x000001c20f000000]
CodeHeap 'profiled nmethods': size=120000Kb used=38775Kb max_used=39411Kb free=81224Kb
 bounds [0x000001c200000000, 0x000001c202680000, 0x000001c207530000]
CodeHeap 'non-nmethods': size=5696Kb used=1415Kb max_used=1461Kb free=4280Kb
 bounds [0x000001c207530000, 0x000001c2077a0000, 0x000001c207ac0000]
 total_blobs=14096 nmethods=13353 adapters=651
 compilation: enabled
              stopped_count=0, restarted_count=0
 full_count=0

Compilation events (20 events):
Event: 72.055 Thread 0x000001c27eca02e0 16766       2       org.jetbrains.kotlin.codegen.signature.BothSignatureWriter::push (9 bytes)
Event: 72.055 Thread 0x000001c27eca02e0 nmethod 16766 0x000001c201f3df10 code [0x000001c201f3e0c0, 0x000001c201f3e348]
Event: 72.056 Thread 0x000001c27eca02e0 16767       2       org.jetbrains.kotlin.codegen.signature.BothSignatureWriter::pop (9 bytes)
Event: 72.056 Thread 0x000001c27eca02e0 nmethod 16767 0x000001c20102ca90 code [0x000001c20102cc40, 0x000001c20102ce38]
Event: 72.058 Thread 0x000001c27eca02e0 16768       2       org.jetbrains.kotlin.codegen.signature.JvmSignatureWriter::<init> (24 bytes)
Event: 72.058 Thread 0x000001c27eca02e0 nmethod 16768 0x000001c201f84190 code [0x000001c201f84340, 0x000001c201f845f8]
Event: 72.061 Thread 0x000001c27eca02e0 16769       2       org.jetbrains.kotlin.codegen.inline.FileMapping::mapNewLineNumber (144 bytes)
Event: 72.063 Thread 0x000001c27eca02e0 nmethod 16769 0x000001c202149190 code [0x000001c202149400, 0x000001c202149b48]
Event: 72.065 Thread 0x000001c27eca02e0 16770       2       org.jetbrains.kotlin.codegen.optimization.common.UtilKt::removeEmptyCatchBlocks (199 bytes)
Event: 72.067 Thread 0x000001c27eca02e0 nmethod 16770 0x000001c200ee3f10 code [0x000001c200ee4200, 0x000001c200ee5008]
Event: 72.075 Thread 0x000001c27eca02e0 16771       2       org.jetbrains.org.objectweb.asm.tree.analysis.Frame::executeInvokeInsn (100 bytes)
Event: 72.076 Thread 0x000001c27eca02e0 nmethod 16771 0x000001c202132a90 code [0x000001c202132cc0, 0x000001c202133158]
Event: 72.094 Thread 0x000001c27eca02e0 16772       1       org.jetbrains.kotlin.backend.jvm.JvmBackendContext::getDefaultTypeMapper (5 bytes)
Event: 72.095 Thread 0x000001c27eca02e0 nmethod 16772 0x000001c20810f010 code [0x000001c20810f1a0, 0x000001c20810f278]
Event: 72.097 Thread 0x000001c27eca02e0 16773       2       org.jetbrains.kotlin.backend.jvm.codegen.ExpressionCodegen::visitContainerExpression (58 bytes)
Event: 72.099 Thread 0x000001c27eca02e0 nmethod 16773 0x000001c2009f1e90 code [0x000001c2009f2140, 0x000001c2009f2898]
Event: 72.100 Thread 0x000001c27eca02e0 16774       2       org.jetbrains.kotlin.backend.jvm.codegen.ExpressionCodegen::getAsmType (16 bytes)
Event: 72.101 Thread 0x000001c27eca02e0 nmethod 16774 0x000001c200bfa190 code [0x000001c200bfa380, 0x000001c200bfa678]
Event: 72.105 Thread 0x000001c27eca02e0 16775       2       org.jetbrains.org.objectweb.asm.tree.Util::asArrayList (57 bytes)
Event: 72.106 Thread 0x000001c27eca02e0 nmethod 16775 0x000001c20054fc90 code [0x000001c20054fe60, 0x000001c200550318]

GC Heap History (20 events):
Event: 24.662 GC heap before
{Heap before GC invocations=31 (full 0):
 garbage-first heap   total 155648K, used 112799K [0x0000000749600000, 0x0000000800000000)
  region size 2048K, 28 young (57344K), 1 survivors (2048K)
 Metaspace       used 58685K, committed 59008K, reserved 1105920K
  class space    used 6824K, committed 6976K, reserved 1048576K
}
Event: 24.666 GC heap after
{Heap after GC invocations=32 (full 0):
 garbage-first heap   total 155648K, used 56450K [0x0000000749600000, 0x0000000800000000)
  region size 2048K, 1 young (2048K), 1 survivors (2048K)
 Metaspace       used 58685K, committed 59008K, reserved 1105920K
  class space    used 6824K, committed 6976K, reserved 1048576K
}
Event: 32.432 GC heap before
{Heap before GC invocations=32 (full 0):
 garbage-first heap   total 155648K, used 117890K [0x0000000749600000, 0x0000000800000000)
  region size 2048K, 31 young (63488K), 1 survivors (2048K)
 Metaspace       used 63448K, committed 63744K, reserved 1105920K
  class space    used 7238K, committed 7360K, reserved 1048576K
}
Event: 32.466 GC heap after
{Heap after GC invocations=33 (full 0):
 garbage-first heap   total 200704K, used 63468K [0x0000000749600000, 0x0000000800000000)
  region size 2048K, 4 young (8192K), 4 survivors (8192K)
 Metaspace       used 63448K, committed 63744K, reserved 1105920K
  class space    used 7238K, committed 7360K, reserved 1048576K
}
Event: 46.472 GC heap before
{Heap before GC invocations=33 (full 0):
 garbage-first heap   total 200704K, used 157676K [0x0000000749600000, 0x0000000800000000)
  region size 2048K, 49 young (100352K), 4 survivors (8192K)
 Metaspace       used 66372K, committed 66688K, reserved 1114112K
  class space    used 7422K, committed 7552K, reserved 1048576K
}
Event: 46.535 GC heap after
{Heap after GC invocations=34 (full 0):
 garbage-first heap   total 200704K, used 73584K [0x0000000749600000, 0x0000000800000000)
  region size 2048K, 4 young (8192K), 4 survivors (8192K)
 Metaspace       used 66372K, committed 66688K, reserved 1114112K
  class space    used 7422K, committed 7552K, reserved 1048576K
}
Event: 52.747 GC heap before
{Heap before GC invocations=34 (full 0):
 garbage-first heap   total 200704K, used 153456K [0x0000000749600000, 0x0000000800000000)
  region size 2048K, 43 young (88064K), 4 survivors (8192K)
 Metaspace       used 72688K, committed 73024K, reserved 1114112K
  class space    used 8018K, committed 8192K, reserved 1048576K
}
Event: 52.809 GC heap after
{Heap after GC invocations=35 (full 0):
 garbage-first heap   total 200704K, used 84710K [0x0000000749600000, 0x0000000800000000)
  region size 2048K, 6 young (12288K), 6 survivors (12288K)
 Metaspace       used 72688K, committed 73024K, reserved 1114112K
  class space    used 8018K, committed 8192K, reserved 1048576K
}
Event: 56.825 GC heap before
{Heap before GC invocations=35 (full 0):
 garbage-first heap   total 200704K, used 154342K [0x0000000749600000, 0x0000000800000000)
  region size 2048K, 40 young (81920K), 6 survivors (12288K)
 Metaspace       used 76334K, committed 76672K, reserved 1122304K
  class space    used 8396K, committed 8576K, reserved 1048576K
}
Event: 56.897 GC heap after
{Heap after GC invocations=36 (full 0):
 garbage-first heap   total 200704K, used 98304K [0x0000000749600000, 0x0000000800000000)
  region size 2048K, 5 young (10240K), 5 survivors (10240K)
 Metaspace       used 76334K, committed 76672K, reserved 1122304K
  class space    used 8396K, committed 8576K, reserved 1048576K
}
Event: 60.086 GC heap before
{Heap before GC invocations=36 (full 0):
 garbage-first heap   total 200704K, used 155648K [0x0000000749600000, 0x0000000800000000)
  region size 2048K, 33 young (67584K), 5 survivors (10240K)
 Metaspace       used 82182K, committed 82496K, reserved 1130496K
  class space    used 9018K, committed 9152K, reserved 1048576K
}
Event: 60.139 GC heap after
{Heap after GC invocations=37 (full 0):
 garbage-first heap   total 200704K, used 105460K [0x0000000749600000, 0x0000000800000000)
  region size 2048K, 3 young (6144K), 3 survivors (6144K)
 Metaspace       used 82182K, committed 82496K, reserved 1130496K
  class space    used 9018K, committed 9152K, reserved 1048576K
}
Event: 62.191 GC heap before
{Heap before GC invocations=37 (full 0):
 garbage-first heap   total 200704K, used 158708K [0x0000000749600000, 0x0000000800000000)
  region size 2048K, 29 young (59392K), 3 survivors (6144K)
 Metaspace       used 82809K, committed 83136K, reserved 1130496K
  class space    used 9039K, committed 9216K, reserved 1048576K
}
Event: 62.216 GC heap after
{Heap after GC invocations=38 (full 0):
 garbage-first heap   total 200704K, used 106309K [0x0000000749600000, 0x0000000800000000)
  region size 2048K, 1 young (2048K), 1 survivors (2048K)
 Metaspace       used 82809K, committed 83136K, reserved 1130496K
  class space    used 9039K, committed 9216K, reserved 1048576K
}
Event: 63.113 GC heap before
{Heap before GC invocations=38 (full 0):
 garbage-first heap   total 200704K, used 161605K [0x0000000749600000, 0x0000000800000000)
  region size 2048K, 28 young (57344K), 1 survivors (2048K)
 Metaspace       used 82934K, committed 83264K, reserved 1130496K
  class space    used 9041K, committed 9216K, reserved 1048576K
}
Event: 63.135 GC heap after
{Heap after GC invocations=39 (full 0):
 garbage-first heap   total 200704K, used 106385K [0x0000000749600000, 0x0000000800000000)
  region size 2048K, 1 young (2048K), 1 survivors (2048K)
 Metaspace       used 82934K, committed 83264K, reserved 1130496K
  class space    used 9041K, committed 9216K, reserved 1048576K
}
Event: 63.896 GC heap before
{Heap before GC invocations=39 (full 0):
 garbage-first heap   total 200704K, used 163729K [0x0000000749600000, 0x0000000800000000)
  region size 2048K, 29 young (59392K), 1 survivors (2048K)
 Metaspace       used 83032K, committed 83328K, reserved 1130496K
  class space    used 9043K, committed 9216K, reserved 1048576K
}
Event: 63.922 GC heap after
{Heap after GC invocations=40 (full 0):
 garbage-first heap   total 241664K, used 107239K [0x0000000749600000, 0x0000000800000000)
  region size 2048K, 2 young (4096K), 2 survivors (4096K)
 Metaspace       used 83032K, committed 83328K, reserved 1130496K
  class space    used 9043K, committed 9216K, reserved 1048576K
}
Event: 67.354 GC heap before
{Heap before GC invocations=40 (full 0):
 garbage-first heap   total 241664K, used 197351K [0x0000000749600000, 0x0000000800000000)
  region size 2048K, 46 young (94208K), 2 survivors (4096K)
 Metaspace       used 86502K, committed 86848K, reserved 1130496K
  class space    used 9323K, committed 9472K, reserved 1048576K
}
Event: 67.381 GC heap after
{Heap after GC invocations=41 (full 0):
 garbage-first heap   total 241664K, used 109903K [0x0000000749600000, 0x0000000800000000)
  region size 2048K, 3 young (6144K), 3 survivors (6144K)
 Metaspace       used 86502K, committed 86848K, reserved 1130496K
  class space    used 9323K, committed 9472K, reserved 1048576K
}

Dll operation events (2 events):
Event: 0.018 Loaded shared library C:\Program Files\Android\Android Studio\jbr\bin\java.dll
Event: 4.062 Loaded shared library C:\Program Files\Android\Android Studio\jbr\bin\verify.dll

Deoptimization events (20 events):
Event: 71.658 Thread 0x000001c27010b7d0 Uncommon trap: trap_request=0xffffff66 fr.pc=0x000001c2081da9b8 relative=0x0000000000002cd8
Event: 71.658 Thread 0x000001c27010b7d0 Uncommon trap: reason=speculate_class_check action=maybe_recompile pc=0x000001c2081da9b8 method=org.jetbrains.kotlin.ir.util.IrUtilsKt.isFromJava(Lorg/jetbrains/kotlin/ir/declarations/IrDeclaration;)Z @ 35 c2
Event: 71.658 Thread 0x000001c27010b7d0 DEOPT PACKING pc=0x000001c2081da9b8 sp=0x000000b702ffda30
Event: 71.658 Thread 0x000001c27010b7d0 DEOPT UNPACKING pc=0x000001c2075869a3 sp=0x000000b702ffd960 mode 2
Event: 71.659 Thread 0x000001c27010b7d0 Uncommon trap: trap_request=0xffffffde fr.pc=0x000001c2081af85c relative=0x00000000000062bc
Event: 71.659 Thread 0x000001c27010b7d0 Uncommon trap: reason=class_check action=maybe_recompile pc=0x000001c2081af85c method=org.jetbrains.kotlin.ir.types.IrTypeSystemContext$DefaultImpls.getNameForClassUnderKotlinPackage(Lorg/jetbrains/kotlin/ir/types/IrTypeSystemContext;Lorg/jetbrains/kotlin
Event: 71.659 Thread 0x000001c27010b7d0 DEOPT PACKING pc=0x000001c2081af85c sp=0x000000b702ffc450
Event: 71.659 Thread 0x000001c27010b7d0 DEOPT UNPACKING pc=0x000001c2075869a3 sp=0x000000b702ffc260 mode 2
Event: 71.659 Thread 0x000001c27010b7d0 Uncommon trap: trap_request=0xffffffde fr.pc=0x000001c20800d7f4 relative=0x0000000000000714
Event: 71.659 Thread 0x000001c27010b7d0 Uncommon trap: reason=class_check action=maybe_recompile pc=0x000001c20800d7f4 method=org.jetbrains.kotlin.ir.types.IrTypeSystemContext$DefaultImpls.getNameForClassUnderKotlinPackage(Lorg/jetbrains/kotlin/ir/types/IrTypeSystemContext;Lorg/jetbrains/kotlin
Event: 71.659 Thread 0x000001c27010b7d0 DEOPT PACKING pc=0x000001c20800d7f4 sp=0x000000b702ffc270
Event: 71.659 Thread 0x000001c27010b7d0 DEOPT UNPACKING pc=0x000001c2075869a3 sp=0x000000b702ffc220 mode 2
Event: 72.095 Thread 0x000001c27010b7d0 Uncommon trap: trap_request=0xffffffde fr.pc=0x000001c2081af85c relative=0x00000000000062bc
Event: 72.096 Thread 0x000001c27010b7d0 Uncommon trap: reason=class_check action=maybe_recompile pc=0x000001c2081af85c method=org.jetbrains.kotlin.ir.types.IrTypeSystemContext$DefaultImpls.getNameForClassUnderKotlinPackage(Lorg/jetbrains/kotlin/ir/types/IrTypeSystemContext;Lorg/jetbrains/kotlin
Event: 72.096 Thread 0x000001c27010b7d0 DEOPT PACKING pc=0x000001c2081af85c sp=0x000000b702ffc450
Event: 72.096 Thread 0x000001c27010b7d0 DEOPT UNPACKING pc=0x000001c2075869a3 sp=0x000000b702ffc260 mode 2
Event: 72.096 Thread 0x000001c27010b7d0 Uncommon trap: trap_request=0xffffffde fr.pc=0x000001c20800d7f4 relative=0x0000000000000714
Event: 72.096 Thread 0x000001c27010b7d0 Uncommon trap: reason=class_check action=maybe_recompile pc=0x000001c20800d7f4 method=org.jetbrains.kotlin.ir.types.IrTypeSystemContext$DefaultImpls.getNameForClassUnderKotlinPackage(Lorg/jetbrains/kotlin/ir/types/IrTypeSystemContext;Lorg/jetbrains/kotlin
Event: 72.096 Thread 0x000001c27010b7d0 DEOPT PACKING pc=0x000001c20800d7f4 sp=0x000000b702ffc270
Event: 72.096 Thread 0x000001c27010b7d0 DEOPT UNPACKING pc=0x000001c2075869a3 sp=0x000000b702ffc220 mode 2

Classes unloaded (0 events):
No events

Classes redefined (0 events):
No events

Internal exceptions (20 events):
Event: 27.406 Thread 0x000001c27010b7d0 Implicit null exception at 0x000001c207d05c15 to 0x000001c207d0b320
Event: 27.412 Thread 0x000001c27010b7d0 Implicit null exception at 0x000001c207adae72 to 0x000001c207adb464
Event: 27.478 Thread 0x000001c27010b7d0 Exception <a 'java/lang/NoSuchMethodError'{0x0000000750c105b0}: 'java.lang.Object java.lang.invoke.DirectMethodHandle$Holder.invokeInterface(java.lang.Object, java.lang.Object, java.lang.Object)'> (0x0000000750c105b0) 
thrown [s\src\hotspot\share\interpreter\linkResolver.cpp, line 771]
Event: 27.479 Thread 0x000001c27010b7d0 Exception <a 'java/lang/IncompatibleClassChangeError'{0x0000000750c13f20}: Found class java.lang.Object, but interface was expected> (0x0000000750c13f20) 
thrown [s\src\hotspot\share\interpreter\linkResolver.cpp, line 838]
Event: 27.510 Thread 0x000001c27010b7d0 Implicit null exception at 0x000001c207adbaf2 to 0x000001c207adc0dc
Event: 28.431 Thread 0x000001c27010b7d0 Exception <a 'java/lang/NoSuchMethodError'{0x000000075066e620}: 'java.lang.Object java.lang.invoke.DirectMethodHandle$Holder.newInvokeSpecial(java.lang.Object, java.lang.Object, java.lang.Object, java.lang.Object, java.lang.Object, java.lang.Object, java.lang.Object)'> (0x000000075066e620) 
thrown [s\src\hotspot\share\interpreter\linkResolver.cpp, line 771]
Event: 28.436 Thread 0x000001c27010b7d0 Exception <a 'java/lang/NoSuchMethodError'{0x0000000750673480}: 'java.lang.Object java.lang.invoke.Invokers$Holder.linkToTargetMethod(java.lang.Object, java.lang.Object, java.lang.Object, java.lang.Object, java.lang.Object, java.lang.Object, java.lang.Object)'> (0x0000000750673480) 
thrown [s\src\hotspot\share\interpreter\linkResolver.cpp, line 771]
Event: 31.591 Thread 0x000001c27010b7d0 Implicit null exception at 0x000001c207e408c8 to 0x000001c207e410b8
Event: 33.131 Thread 0x000001c27010b7d0 Exception <a 'java/lang/NoSuchMethodError'{0x00000007552e83a0}: 'java.lang.Object java.lang.invoke.DirectMethodHandle$Holder.invokeStatic(java.lang.Object, int, java.lang.Object)'> (0x00000007552e83a0) 
thrown [s\src\hotspot\share\interpreter\linkResolver.cpp, line 771]
Event: 45.363 Thread 0x000001c27010b7d0 Implicit null exception at 0x000001c207d07a00 to 0x000001c207d093e8
Event: 46.716 Thread 0x000001c27010b7d0 Implicit null exception at 0x000001c207b50e14 to 0x000001c207b51098
Event: 47.887 Thread 0x000001c27010b7d0 Implicit null exception at 0x000001c207f329e1 to 0x000001c207f32d0c
Event: 47.895 Thread 0x000001c27010b7d0 Implicit null exception at 0x000001c207cc88d9 to 0x000001c207cc8bc0
Event: 48.619 Thread 0x000001c27010b7d0 Exception <a 'java/lang/NoSuchMethodError'{0x00000007545c2c50}: 'java.lang.Object java.lang.invoke.DirectMethodHandle$Holder.invokeStaticInit(java.lang.Object, java.lang.Object, java.lang.Object, java.lang.Object)'> (0x00000007545c2c50) 
thrown [s\src\hotspot\share\interpreter\linkResolver.cpp, line 771]
Event: 49.530 Thread 0x000001c27010b7d0 Exception <a 'java/lang/NoSuchMethodError'{0x0000000753679220}: 'java.lang.Object java.lang.invoke.DirectMethodHandle$Holder.newInvokeSpecial(java.lang.Object, java.lang.Object, java.lang.Object, int, int)'> (0x0000000753679220) 
thrown [s\src\hotspot\share\interpreter\linkResolver.cpp, line 771]
Event: 49.531 Thread 0x000001c27010b7d0 Exception <a 'java/lang/NoSuchMethodError'{0x000000075367d060}: 'java.lang.Object java.lang.invoke.DirectMethodHandle$Holder.invokeSpecial(java.lang.Object, java.lang.Object, java.lang.Object, java.lang.Object, int, int)'> (0x000000075367d060) 
thrown [s\src\hotspot\share\interpreter\linkResolver.cpp, line 771]
Event: 49.650 Thread 0x000001c27010b7d0 Exception <a 'java/lang/NoSuchMethodError'{0x000000075345b5b8}: 'java.lang.Object java.lang.invoke.Invokers$Holder.linkToTargetMethod(java.lang.Object, java.lang.Object, int, int, java.lang.Object, java.lang.Object, java.lang.Object, java.lang.Object, java.lang.Object)'> (0x000000075345b5b8) 
thrown [s\src\hotspot\share\interpreter\linkResolver.cpp, line 771]
Event: 51.484 Thread 0x000001c27010b7d0 Exception <a 'java/lang/NoSuchMethodError'{0x0000000751a9c418}: 'java.lang.Object java.lang.invoke.DirectMethodHandle$Holder.newInvokeSpecial(java.lang.Object, int, java.lang.Object, java.lang.Object)'> (0x0000000751a9c418) 
thrown [s\src\hotspot\share\interpreter\linkResolver.cpp, line 771]
Event: 54.665 Thread 0x000001c27010b7d0 Implicit null exception at 0x000001c20800e7b0 to 0x000001c20800f0ec
Event: 59.452 Thread 0x000001c27010b7d0 Implicit null exception at 0x000001c2080b8f35 to 0x000001c2080b9156

VM Operations (20 events):
Event: 66.980 Executing VM operation: ICBufferFull
Event: 66.980 Executing VM operation: ICBufferFull done
Event: 67.354 Executing VM operation: G1CollectForAllocation
Event: 67.381 Executing VM operation: G1CollectForAllocation done
Event: 68.245 Executing VM operation: HandshakeAllThreads
Event: 68.245 Executing VM operation: HandshakeAllThreads done
Event: 68.343 Executing VM operation: HandshakeAllThreads
Event: 68.343 Executing VM operation: HandshakeAllThreads done
Event: 68.824 Executing VM operation: ICBufferFull
Event: 68.824 Executing VM operation: ICBufferFull done
Event: 69.837 Executing VM operation: Cleanup
Event: 70.159 Executing VM operation: Cleanup done
Event: 71.170 Executing VM operation: Cleanup
Event: 71.190 Executing VM operation: Cleanup done
Event: 71.583 Executing VM operation: HandshakeAllThreads
Event: 71.587 Executing VM operation: HandshakeAllThreads done
Event: 71.781 Executing VM operation: HandshakeAllThreads
Event: 71.781 Executing VM operation: HandshakeAllThreads done
Event: 72.072 Executing VM operation: ICBufferFull
Event: 72.072 Executing VM operation: ICBufferFull done

Events (20 events):
Event: 71.631 Thread 0x000001c27ecbcf80 flushing nmethod 0x000001c202149910
Event: 71.631 Thread 0x000001c27ecbcf80 flushing nmethod 0x000001c202149e10
Event: 71.631 Thread 0x000001c27ecbcf80 flushing nmethod 0x000001c202152e90
Event: 71.631 Thread 0x000001c27ecbcf80 flushing nmethod 0x000001c202156f10
Event: 71.631 Thread 0x000001c27ecbcf80 flushing nmethod 0x000001c202159290
Event: 71.631 Thread 0x000001c27ecbcf80 flushing nmethod 0x000001c202185190
Event: 71.631 Thread 0x000001c27ecbcf80 flushing nmethod 0x000001c20218c990
Event: 71.631 Thread 0x000001c27ecbcf80 flushing nmethod 0x000001c2021b3090
Event: 71.631 Thread 0x000001c27ecbcf80 flushing nmethod 0x000001c2021d0f90
Event: 71.631 Thread 0x000001c27ecbcf80 flushing nmethod 0x000001c2021d1d90
Event: 71.632 Thread 0x000001c27ecbcf80 flushing nmethod 0x000001c202239010
Event: 71.632 Thread 0x000001c27ecbcf80 flushing nmethod 0x000001c202263a90
Event: 71.632 Thread 0x000001c27ecbcf80 flushing nmethod 0x000001c202269110
Event: 71.632 Thread 0x000001c27ecbcf80 flushing nmethod 0x000001c202277f10
Event: 71.632 Thread 0x000001c27ecbcf80 flushing nmethod 0x000001c20227b390
Event: 71.632 Thread 0x000001c27ecbcf80 flushing nmethod 0x000001c202299690
Event: 71.632 Thread 0x000001c27ecbcf80 flushing nmethod 0x000001c2022d4c10
Event: 71.633 Thread 0x000001c27ecbcf80 flushing nmethod 0x000001c202387310
Event: 71.633 Thread 0x000001c27ecbcf80 flushing nmethod 0x000001c202388b90
Event: 71.633 Thread 0x000001c27ecbcf80 flushing nmethod 0x000001c202417d10


Dynamic libraries:
0x00007ff6e6890000 - 0x00007ff6e689a000 	C:\Program Files\Android\Android Studio\jbr\bin\java.exe
0x00007ffc19430000 - 0x00007ffc19628000 	C:\Windows\SYSTEM32\ntdll.dll
0x00007ffc176d0000 - 0x00007ffc17792000 	C:\Windows\System32\KERNEL32.DLL
0x00007ffc16c90000 - 0x00007ffc16f8f000 	C:\Windows\System32\KERNELBASE.dll
0x00007ffc16f90000 - 0x00007ffc17090000 	C:\Windows\System32\ucrtbase.dll
0x00007ffc0f440000 - 0x00007ffc0f45b000 	C:\Program Files\Android\Android Studio\jbr\bin\VCRUNTIME140.dll
0x00007ffbc1830000 - 0x00007ffbc1847000 	C:\Program Files\Android\Android Studio\jbr\bin\jli.dll
0x00007ffc177e0000 - 0x00007ffc1797d000 	C:\Windows\System32\USER32.dll
0x00007ffc16bf0000 - 0x00007ffc16c12000 	C:\Windows\System32\win32u.dll
0x00007ffc176a0000 - 0x00007ffc176cb000 	C:\Windows\System32\GDI32.dll
0x00007ffc16ad0000 - 0x00007ffc16bea000 	C:\Windows\System32\gdi32full.dll
0x00007ffbff670000 - 0x00007ffbff90a000 	C:\Windows\WinSxS\amd64_microsoft.windows.common-controls_6595b64144ccf1df_6.0.19041.4355_none_60b8b9eb71f62e16\COMCTL32.dll
0x00007ffc17280000 - 0x00007ffc1731d000 	C:\Windows\System32\msvcp_win.dll
0x00007ffc18570000 - 0x00007ffc1860e000 	C:\Windows\System32\msvcrt.dll
0x00007ffc177b0000 - 0x00007ffc177df000 	C:\Windows\System32\IMM32.DLL
0x00007ffc0c460000 - 0x00007ffc0c46c000 	C:\Program Files\Android\Android Studio\jbr\bin\vcruntime140_1.dll
0x00007ffbc5730000 - 0x00007ffbc57bd000 	C:\Program Files\Android\Android Studio\jbr\bin\msvcp140.dll
0x00007ffb81850000 - 0x00007ffb824be000 	C:\Program Files\Android\Android Studio\jbr\bin\server\jvm.dll
0x00007ffc17590000 - 0x00007ffc1763f000 	C:\Windows\System32\ADVAPI32.dll
0x00007ffc189f0000 - 0x00007ffc18a8f000 	C:\Windows\System32\sechost.dll
0x00007ffc18b60000 - 0x00007ffc18c83000 	C:\Windows\System32\RPCRT4.dll
0x00007ffc17420000 - 0x00007ffc17447000 	C:\Windows\System32\bcrypt.dll
0x00007ffc107e0000 - 0x00007ffc107e9000 	C:\Windows\SYSTEM32\WSOCK32.dll
0x00007ffc0c0d0000 - 0x00007ffc0c0f7000 	C:\Windows\SYSTEM32\WINMM.dll
0x00007ffc18610000 - 0x00007ffc1867b000 	C:\Windows\System32\WS2_32.dll
0x00007ffc151f0000 - 0x00007ffc151fa000 	C:\Windows\SYSTEM32\VERSION.dll
0x00007ffc152f0000 - 0x00007ffc15302000 	C:\Windows\SYSTEM32\kernel.appcore.dll
0x00007ffc0f5b0000 - 0x00007ffc0f5ba000 	C:\Program Files\Android\Android Studio\jbr\bin\jimage.dll
0x00007ffbf9560000 - 0x00007ffbf9744000 	C:\Windows\SYSTEM32\DBGHELP.DLL
0x00007ffbf9520000 - 0x00007ffbf9554000 	C:\Windows\SYSTEM32\dbgcore.DLL
0x00007ffc171f0000 - 0x00007ffc17272000 	C:\Windows\System32\bcryptPrimitives.dll
0x00007ffbce8c0000 - 0x00007ffbce8e5000 	C:\Program Files\Android\Android Studio\jbr\bin\java.dll
0x00007ffbc5870000 - 0x00007ffbc5888000 	C:\Program Files\Android\Android Studio\jbr\bin\zip.dll
0x00007ffc17980000 - 0x00007ffc180ed000 	C:\Windows\System32\SHELL32.dll
0x00007ffc147a0000 - 0x00007ffc14f44000 	C:\Windows\SYSTEM32\windows.storage.dll
0x00007ffc19090000 - 0x00007ffc193e5000 	C:\Windows\System32\combase.dll
0x00007ffc16430000 - 0x00007ffc1645f000 	C:\Windows\SYSTEM32\Wldp.dll
0x00007ffc18a90000 - 0x00007ffc18b5d000 	C:\Windows\System32\OLEAUT32.dll
0x00007ffc18f70000 - 0x00007ffc1901d000 	C:\Windows\System32\SHCORE.dll
0x00007ffc18680000 - 0x00007ffc186d5000 	C:\Windows\System32\shlwapi.dll
0x00007ffc16a00000 - 0x00007ffc16a24000 	C:\Windows\SYSTEM32\profapi.dll
0x00007ffbc5850000 - 0x00007ffbc5869000 	C:\Program Files\Android\Android Studio\jbr\bin\net.dll
0x00007ffc0d5c0000 - 0x00007ffc0d6ca000 	C:\Windows\SYSTEM32\WINHTTP.dll
0x00007ffc16190000 - 0x00007ffc161fc000 	C:\Windows\system32\mswsock.dll
0x00007ffbc5830000 - 0x00007ffbc5846000 	C:\Program Files\Android\Android Studio\jbr\bin\nio.dll
0x00007ffbf85f0000 - 0x00007ffbf8600000 	C:\Program Files\Android\Android Studio\jbr\bin\verify.dll

dbghelp: loaded successfully - version: 4.0.5 - missing functions: none
symbol engine: initialized successfully - sym options: 0x614 - pdb path: (cannot be retrieved)

VM Arguments:
java_command: org.jetbrains.kotlin.cli.jvm.K2JVMCompiler @G:\NANDA APRILLIA LESTARI MUFTI\BISMILLAH\SERBA-SERBI SKRIPSI 2024\WidyaAksara\program\app\build\20250219_8968420088129565843.compiler.options
java_class_path (initial): C:\Users\LENOVO\.gradle\caches\modules-2\files-2.1\org.jetbrains.kotlin\kotlin-compiler-embeddable\1.8.0\eb9118d4bcceaa2a94b2ae2a33a4ddba7c9a947f\kotlin-compiler-embeddable-1.8.0.jar;C:\Users\LENOVO\.gradle\caches\modules-2\files-2.1\org.jetbrains.kotlin\kotlin-stdlib\1.8.0\1796921c7a3e2e2665a83e6c8d33399336cd39bc\kotlin-stdlib-1.8.0.jar;C:\Users\LENOVO\.gradle\caches\modules-2\files-2.1\org.jetbrains.kotlin\kotlin-script-runtime\1.8.0\b2f7e760d283cb339974851c222a4c1d48f2d3d\kotlin-script-runtime-1.8.0.jar;C:\Users\LENOVO\.gradle\caches\modules-2\files-2.1\org.jetbrains.kotlin\kotlin-reflect\1.6.10\1cbe9c92c12a94eea200d23c2bbaedaf3daf5132\kotlin-reflect-1.6.10.jar;C:\Users\LENOVO\.gradle\caches\modules-2\files-2.1\org.jetbrains.kotlin\kotlin-daemon-embeddable\1.8.0\d255216c551685dc3a7e852b53617f5f01aaaa5c\kotlin-daemon-embeddable-1.8.0.jar;C:\Users\LENOVO\.gradle\caches\modules-2\files-2.1\org.jetbrains.intellij.deps\trove4j\1.0.20200330\3afb14d5f9ceb459d724e907a21145e8ff394f02\trove4j-1.0.20200330.jar;C:\Users\LENOVO\.gradle\caches\modules-2\files-2.1\net.java.dev.jna\jna\5.6.0\330f2244e9030119ab3030fc3fededc86713d9cc\jna-5.6.0.jar;C:\Users\LENOVO\.gradle\caches\modules-2\files-2.1\org.jetbrains.kotlin\kotlin-stdlib-common\1.8.0\f7197e7cc76453ac59f8b0f8d5137cc600becd36\kotlin-stdlib-common-1.8.0.jar;C:\Users\LENOVO\.gradle\caches\modules-2\files-2.1\org.jetbrains\annotations\13.0\919f0dfe192fb4e063e7dacadee7f8bb9a2672a9\annotations-13.0.jar
Launcher Type: SUN_STANDARD

[Global flags]
     intx CICompilerCount                          = 2                                         {product} {ergonomic}
     uint ConcGCThreads                            = 1                                         {product} {ergonomic}
     uint G1ConcRefinementThreads                  = 2                                         {product} {ergonomic}
   size_t G1HeapRegionSize                         = 2097152                                   {product} {ergonomic}
    uintx GCDrainStackTargetSize                   = 64                                        {product} {ergonomic}
   size_t InitialHeapSize                          = 192937984                                 {product} {ergonomic}
   size_t MarkStackSize                            = 4194304                                   {product} {ergonomic}
   size_t MaxHeapSize                              = 3063939072                                {product} {ergonomic}
   size_t MaxNewSize                               = 1837105152                                {product} {ergonomic}
   size_t MinHeapDeltaBytes                        = 2097152                                   {product} {ergonomic}
   size_t MinHeapSize                              = 8388608                                   {product} {ergonomic}
    uintx NonNMethodCodeHeapSize                   = 5826188                                {pd product} {ergonomic}
    uintx NonProfiledCodeHeapSize                  = 122916026                              {pd product} {ergonomic}
    uintx ProfiledCodeHeapSize                     = 122916026                              {pd product} {ergonomic}
    uintx ReservedCodeCacheSize                    = 251658240                              {pd product} {ergonomic}
     bool SegmentedCodeCache                       = true                                      {product} {ergonomic}
   size_t SoftMaxHeapSize                          = 3063939072                             {manageable} {ergonomic}
     bool UseCompressedClassPointers               = true                           {product lp64_product} {ergonomic}
     bool UseCompressedOops                        = true                           {product lp64_product} {ergonomic}
     bool UseG1GC                                  = true                                      {product} {ergonomic}
     bool UseLargePagesIndividualAllocation        = false                                  {pd product} {ergonomic}

Logging:
Log output configuration:
 #0: stdout all=warning uptime,level,tags
 #1: stderr all=off uptime,level,tags

Environment Variables:
JAVA_HOME=C:\Program Files\Java\jdk1.8.0_202
PATH=C:\Program Files\Java\jdk1.8.0_202\bin;C:\Program Files (x86)\Common Files\Oracle\Java\javapath;C:\Windows\system32;C:\Windows;C:\Windows\System32\Wbem;C:\Windows\System32\WindowsPowerShell\v1.0\;C:\Windows\System32\OpenSSH\;C:\Program Files (x86)\Rational\common;C:\Program Files\IBM\SPSS\Statistics\25\JRE\bin;C:\laragon\bin\php\php;C:\composer;C:\Program Files\Git\cmd;C:\Program Files\kotlinc\bin;C:\Users\LENOVO\AppData\Local\Microsoft\WindowsApps;C:\Users\LENOVO\AppData\Local\Programs\Microsoft VS Code\bin;C:\Program Files\JetBrains\IntelliJ IDEA 2023.2\bin;C:\Program Files\kotlinc;;C:\Users\LENOVO\AppData\Local\JetBrains\IntelliJ IDEA Community Edition 2023.2.1\bin;;C:\Users\LENOVO\AppData\Roaming\Composer\vendor\bin;C:\Program Files\kotlinc;
USERNAME=DZAKY
OS=Windows_NT
PROCESSOR_IDENTIFIER=AMD64 Family 21 Model 112 Stepping 0, AuthenticAMD
TMP=C:\Users\LENOVO\AppData\Local\Temp
TEMP=C:\Users\LENOVO\AppData\Local\Temp


JNI global refs:
JNI global refs: 9, weak refs: 28

JNI global refs memory usage: 843, weak refs: 841


---------------  S Y S T E M  ---------------

OS:
 Windows 10 , 64 bit Build 19041 (10.0.19041.5438)
OS uptime: 0 days 9:53 hours

CPU: total 2 (initial active 2) (2 cores per cpu, 1 threads per core) family 21 model 112 stepping 0 microcode 0x0, cx8, cmov, fxsr, mmx, 3dnowpref, sse, sse2, sse3, ssse3, sse4a, sse4.1, sse4.2, popcnt, lzcnt, tsc, tscinvbit, avx, avx2, aes, clmul, bmi1, bmi2, fma, vzeroupper, clflush

Memory: 4k page, system-wide physical 11680M (2431M free)
TotalPageFile size 11680M (AvailPageFile size 5M)
current process WorkingSet (physical memory assigned to process): 481M, peak: 481M
current process commit charge ("private bytes"): 510M, peak: 510M

vm_info: OpenJDK 64-Bit Server VM (17.0.6+0-b2043.56-10027231) for windows-amd64 JRE (17.0.6+0-b2043.56-10027231), built on Apr 28 2023 00:43:19 by "androidbuild" with MS VC++ 16.10 / 16.11 (VS2019)

END.
