#
# There is insufficient memory for the Java Runtime Environment to continue.
# Native memory allocation (malloc) failed to allocate 769136 bytes for Chunk::new
# Possible reasons:
#   The system is out of physical RAM or swap space
#   The process is running with CompressedOops enabled, and the Java Heap may be blocking the growth of the native heap
# Possible solutions:
#   Reduce memory load on the system
#   Increase physical memory or swap space
#   Check if swap backing store is full
#   Decrease Java heap size (-Xmx/-Xms)
#   Decrease number of Java threads
#   Decrease Java thread stack sizes (-Xss)
#   Set larger code cache with -XX:ReservedCodeCacheSize=
#   JVM is running with Unscaled Compressed Oops mode in which the Java heap is
#     placed in the first 4GB address space. The Java Heap base address is the
#     maximum limit for the native heap growth. Please use -XX:HeapBaseMinAddress
#     to set the Java Heap base and to place the Java Heap above 4GB virtual address.
# This output file may be truncated or incomplete.
#
#  Out of Memory Error (arena.cpp:189), pid=7472, tid=4900
#
# JRE version: OpenJDK Runtime Environment (17.0.6) (build 17.0.6+0-b2043.56-10027231)
# Java VM: OpenJDK 64-Bit Server VM (17.0.6+0-b2043.56-10027231, mixed mode, tiered, compressed oops, compressed class ptrs, g1 gc, windows-amd64)
# No core dump will be written. Minidumps are not enabled by default on client versions of Windows
#

---------------  S U M M A R Y ------------

Command Line: -XX:MaxPermSize=512m -XX:+HeapDumpOnOutOfMemoryError --add-opens=java.base/java.util=ALL-UNNAMED --add-opens=java.base/java.lang=ALL-UNNAMED --add-opens=java.base/java.lang.invoke=ALL-UNNAMED --add-opens=java.prefs/java.util.prefs=ALL-UNNAMED --add-opens=java.base/java.nio.charset=ALL-UNNAMED --add-opens=java.base/java.net=ALL-UNNAMED --add-opens=java.base/java.util.concurrent.atomic=ALL-UNNAMED -Xmx1024m -Dfile.encoding=UTF-8 -Duser.country=ID -Duser.language=en -Duser.variant -javaagent:C:\Users\LENOVO\.gradle\wrapper\dists\gradle-8.3-bin\dxjbbhstwasg8cbags9q7cvli\gradle-8.3\lib\agents\gradle-instrumentation-agent-8.3.jar org.gradle.launcher.daemon.bootstrap.GradleDaemon 8.3

Host: AMD A9-9420 RADEON R5, 5 COMPUTE CORES 2C+3G   , 2 cores, 11G,  Windows 10 , 64 bit Build 19041 (10.0.19041.5438)
Time: Wed Feb 26 21:48:37 2025 SE Asia Standard Time elapsed time: 99.950034 seconds (0d 0h 1m 39s)

---------------  T H R E A D  ---------------

Current thread (0x0000014f9a258980):  JavaThread "C2 CompilerThread0" daemon [_thread_in_native, id=4900, stack(0x00000007d8e00000,0x00000007d8f00000)]


Current CompileTask:
C2:  99950 13554       4       java.util.regex.Pattern::split (288 bytes)

Stack: [0x00000007d8e00000,0x00000007d8f00000]
Native frames: (J=compiled Java code, j=interpreted, Vv=VM code, C=native code)
V  [jvm.dll+0x683c9a]
V  [jvm.dll+0x8427a4]
V  [jvm.dll+0x843f9e]
V  [jvm.dll+0x844603]
V  [jvm.dll+0x249b75]
V  [jvm.dll+0xabcac]
V  [jvm.dll+0xac27c]
V  [jvm.dll+0x368802]
V  [jvm.dll+0x332f31]
V  [jvm.dll+0x3323da]
V  [jvm.dll+0x21c201]
V  [jvm.dll+0x21b621]
V  [jvm.dll+0x1a4fdd]
V  [jvm.dll+0x22b098]
V  [jvm.dll+0x229159]
V  [jvm.dll+0x7f81ec]
V  [jvm.dll+0x7f274a]
V  [jvm.dll+0x682ad5]
C  [ucrtbase.dll+0x21bb2]
C  [KERNEL32.DLL+0x17374]
C  [ntdll.dll+0x4cc91]


---------------  P R O C E S S  ---------------

Threads class SMR info:
_java_thread_list=0x0000014fa469fd20, length=55, elements={
0x0000014f83775ba0, 0x0000014f9a22e260, 0x0000014f9a22efe0, 0x0000014f9a253130,
0x0000014f9a254c00, 0x0000014f9a2574d0, 0x0000014f9a257d90, 0x0000014f9a258980,
0x0000014f9a25c780, 0x0000014f9a25d470, 0x0000014f9ad2a750, 0x0000014f9ae9e370,
0x0000014f9bcc3090, 0x0000014f9c5ad070, 0x0000014f9d0a8760, 0x0000014f9be48e40,
0x0000014f9c655060, 0x0000014f9ae90440, 0x0000014f9bd51400, 0x0000014f9b9decd0,
0x0000014f9b9e0e80, 0x0000014f9b9de330, 0x0000014f9b9e1350, 0x0000014f9b9de800,
0x0000014f9b9dde60, 0x0000014f9b9e0010, 0x0000014f9b9e1820, 0x0000014f9b9df1a0,
0x0000014f9b9df670, 0x0000014f9d893ef0, 0x0000014f9d895bd0, 0x0000014f9d895230,
0x0000014f9d895700, 0x0000014f9d897d80, 0x0000014f9d898250, 0x0000014f9d89a400,
0x0000014f9d893550, 0x0000014f9d896a40, 0x0000014f9d896f10, 0x0000014f9d899a60,
0x0000014f9d898bf0, 0x0000014f9d899f30, 0x0000014f9d8943c0, 0x0000014f9b9e04e0,
0x0000014fa44d6550, 0x0000014fa44d8700, 0x0000014fa44d6a20, 0x0000014fa44d56e0,
0x0000014fa44d43a0, 0x0000014fa44d4870, 0x0000014fa44d7d60, 0x0000014fa44d6ef0,
0x0000014fa44d9570, 0x0000014fa44d9a40, 0x0000014fa44d8230
}

Java Threads: ( => current thread )
  0x0000014f83775ba0 JavaThread "main" [_thread_blocked, id=8380, stack(0x00000007d8100000,0x00000007d8200000)]
  0x0000014f9a22e260 JavaThread "Reference Handler" daemon [_thread_blocked, id=11404, stack(0x00000007d8800000,0x00000007d8900000)]
  0x0000014f9a22efe0 JavaThread "Finalizer" daemon [_thread_blocked, id=5452, stack(0x00000007d8900000,0x00000007d8a00000)]
  0x0000014f9a253130 JavaThread "Signal Dispatcher" daemon [_thread_blocked, id=5344, stack(0x00000007d8a00000,0x00000007d8b00000)]
  0x0000014f9a254c00 JavaThread "Attach Listener" daemon [_thread_blocked, id=9596, stack(0x00000007d8b00000,0x00000007d8c00000)]
  0x0000014f9a2574d0 JavaThread "Service Thread" daemon [_thread_blocked, id=6824, stack(0x00000007d8c00000,0x00000007d8d00000)]
  0x0000014f9a257d90 JavaThread "Monitor Deflation Thread" daemon [_thread_blocked, id=7680, stack(0x00000007d8d00000,0x00000007d8e00000)]
=>0x0000014f9a258980 JavaThread "C2 CompilerThread0" daemon [_thread_in_native, id=4900, stack(0x00000007d8e00000,0x00000007d8f00000)]
  0x0000014f9a25c780 JavaThread "C1 CompilerThread0" daemon [_thread_blocked, id=9124, stack(0x00000007d8f00000,0x00000007d9000000)]
  0x0000014f9a25d470 JavaThread "Sweeper thread" daemon [_thread_blocked, id=3344, stack(0x00000007d9000000,0x00000007d9100000)]
  0x0000014f9ad2a750 JavaThread "Common-Cleaner" daemon [_thread_blocked, id=13076, stack(0x00000007d9100000,0x00000007d9200000)]
  0x0000014f9ae9e370 JavaThread "Notification Thread" daemon [_thread_blocked, id=4528, stack(0x00000007d9200000,0x00000007d9300000)]
  0x0000014f9bcc3090 JavaThread "Daemon health stats" [_thread_blocked, id=7748, stack(0x00000007d9500000,0x00000007d9600000)]
  0x0000014f9c5ad070 JavaThread "Incoming local TCP Connector on port 57517" [_thread_in_native, id=7732, stack(0x00000007d9600000,0x00000007d9700000)]
  0x0000014f9d0a8760 JavaThread "Daemon periodic checks" [_thread_blocked, id=3980, stack(0x00000007d9700000,0x00000007d9800000)]
  0x0000014f9be48e40 JavaThread "Daemon" [_thread_blocked, id=6660, stack(0x00000007d9800000,0x00000007d9900000)]
  0x0000014f9c655060 JavaThread "Handler for socket connection from /127.0.0.1:57517 to /127.0.0.1:57518" [_thread_in_native, id=13048, stack(0x00000007d9900000,0x00000007d9a00000)]
  0x0000014f9ae90440 JavaThread "Cancel handler" [_thread_blocked, id=7000, stack(0x00000007d9a00000,0x00000007d9b00000)]
  0x0000014f9bd51400 JavaThread "Daemon worker" [_thread_blocked, id=11284, stack(0x00000007d9b00000,0x00000007d9c00000)]
  0x0000014f9b9decd0 JavaThread "Asynchronous log dispatcher for DefaultDaemonConnection: socket connection from /127.0.0.1:57517 to /127.0.0.1:57518" [_thread_blocked, id=11036, stack(0x00000007d9c00000,0x00000007d9d00000)]
  0x0000014f9b9e0e80 JavaThread "Daemon client event forwarder" [_thread_blocked, id=4860, stack(0x00000007d9e00000,0x00000007d9f00000)]
  0x0000014f9b9de330 JavaThread "Cache worker for journal cache (C:\Users\LENOVO\.gradle\caches\journal-1)" [_thread_blocked, id=11908, stack(0x00000007d9f00000,0x00000007da000000)]
  0x0000014f9b9e1350 JavaThread "File lock request listener" [_thread_in_native, id=6792, stack(0x00000007da000000,0x00000007da100000)]
  0x0000014f9b9de800 JavaThread "Cache worker for file hash cache (C:\Users\LENOVO\.gradle\caches\8.3\fileHashes)" [_thread_blocked, id=5372, stack(0x00000007da100000,0x00000007da200000)]
  0x0000014f9b9dde60 JavaThread "File watcher server" daemon [_thread_in_native, id=11692, stack(0x00000007da200000,0x00000007da300000)]
  0x0000014f9b9e0010 JavaThread "File watcher consumer" daemon [_thread_blocked, id=12836, stack(0x00000007da300000,0x00000007da400000)]
  0x0000014f9b9e1820 JavaThread "Cache worker for checksums cache (G:\NANDA APRILLIA LESTARI MUFTI\BISMILLAH\SERBA-SERBI SKRIPSI 2024\WidyaAksara\program\.gradle\8.3\checksums)" [_thread_blocked, id=10388, stack(0x00000007da400000,0x00000007da500000)]
  0x0000014f9b9df1a0 JavaThread "Cache worker for file hash cache (G:\NANDA APRILLIA LESTARI MUFTI\BISMILLAH\SERBA-SERBI SKRIPSI 2024\WidyaAksara\program\.gradle\8.3\fileHashes)" [_thread_blocked, id=8692, stack(0x00000007da500000,0x00000007da600000)]
  0x0000014f9b9df670 JavaThread "Cache worker for cache directory md-supplier (C:\Users\LENOVO\.gradle\caches\8.3\md-supplier)" [_thread_blocked, id=4672, stack(0x00000007da600000,0x00000007da700000)]
  0x0000014f9d893ef0 JavaThread "Cache worker for file content cache (C:\Users\LENOVO\.gradle\caches\8.3\fileContent)" [_thread_blocked, id=7908, stack(0x00000007da700000,0x00000007da800000)]
  0x0000014f9d895bd0 JavaThread "Cache worker for cache directory md-rule (C:\Users\LENOVO\.gradle\caches\8.3\md-rule)" [_thread_blocked, id=12444, stack(0x00000007da800000,0x00000007da900000)]
  0x0000014f9d895230 JavaThread "Cache worker for execution history cache (C:\Users\LENOVO\.gradle\caches\8.3\executionHistory)" [_thread_blocked, id=3992, stack(0x00000007da900000,0x00000007daa00000)]
  0x0000014f9d895700 JavaThread "jar transforms" [_thread_blocked, id=12856, stack(0x00000007daa00000,0x00000007dab00000)]
  0x0000014f9d897d80 JavaThread "jar transforms Thread 2" [_thread_blocked, id=13172, stack(0x00000007dab00000,0x00000007dac00000)]
  0x0000014f9d898250 JavaThread "Cache worker for kotlin-dsl (C:\Users\LENOVO\.gradle\caches\8.3\kotlin-dsl)" [_thread_blocked, id=12076, stack(0x00000007dad00000,0x00000007dae00000)]
  0x0000014f9d89a400 JavaThread "Cache worker for dependencies-accessors (G:\NANDA APRILLIA LESTARI MUFTI\BISMILLAH\SERBA-SERBI SKRIPSI 2024\WidyaAksara\program\.gradle\8.3\dependencies-accessors)" [_thread_blocked, id=11876, stack(0x00000007dae00000,0x00000007daf00000)]
  0x0000014f9d893550 JavaThread "Cache worker for Build Output Cleanup Cache (G:\NANDA APRILLIA LESTARI MUFTI\BISMILLAH\SERBA-SERBI SKRIPSI 2024\WidyaAksara\program\.gradle\buildOutputCleanup)" [_thread_blocked, id=4404, stack(0x00000007daf00000,0x00000007db000000)]
  0x0000014f9d896a40 JavaThread "Unconstrained build operations" [_thread_blocked, id=4460, stack(0x00000007db300000,0x00000007db400000)]
  0x0000014f9d896f10 JavaThread "build event listener" [_thread_blocked, id=12348, stack(0x00000007db400000,0x00000007db500000)]
  0x0000014f9d899a60 JavaThread "Memory manager" [_thread_blocked, id=2132, stack(0x00000007db500000,0x00000007db600000)]
  0x0000014f9d898bf0 JavaThread "included builds" [_thread_blocked, id=11980, stack(0x00000007d7f00000,0x00000007d8000000)]
  0x0000014f9d899f30 JavaThread "Execution worker" [_thread_blocked, id=10784, stack(0x00000007d8000000,0x00000007d8100000)]
  0x0000014f9d8943c0 JavaThread "Cache worker for execution history cache (G:\NANDA APRILLIA LESTARI MUFTI\BISMILLAH\SERBA-SERBI SKRIPSI 2024\WidyaAksara\program\.gradle\8.3\executionHistory)" [_thread_blocked, id=2876, stack(0x00000007d9d00000,0x00000007d9e00000)]
  0x0000014f9b9e04e0 JavaThread "Unconstrained build operations Thread 2" [_thread_blocked, id=12852, stack(0x00000007db600000,0x00000007db700000)]
  0x0000014fa44d6550 JavaThread "Unconstrained build operations Thread 3" [_thread_blocked, id=11604, stack(0x00000007db700000,0x00000007db800000)]
  0x0000014fa44d8700 JavaThread "WorkerExecutor Queue" [_thread_blocked, id=11104, stack(0x00000007db800000,0x00000007db900000)]
  0x0000014fa44d6a20 JavaThread "WorkerExecutor Queue Thread 2" [_thread_in_vm, id=9088, stack(0x00000007db900000,0x00000007dba00000)]
  0x0000014fa44d56e0 JavaThread "Unconstrained build operations Thread 4" [_thread_blocked, id=7300, stack(0x00000007dbb00000,0x00000007dbc00000)]
  0x0000014fa44d43a0 JavaThread "Unconstrained build operations Thread 5" [_thread_blocked, id=6516, stack(0x00000007dbc00000,0x00000007dbd00000)]
  0x0000014fa44d4870 JavaThread "Unconstrained build operations Thread 6" [_thread_blocked, id=9860, stack(0x00000007dbd00000,0x00000007dbe00000)]
  0x0000014fa44d7d60 JavaThread "Unconstrained build operations Thread 7" [_thread_blocked, id=1660, stack(0x00000007dbe00000,0x00000007dbf00000)]
  0x0000014fa44d6ef0 JavaThread "Unconstrained build operations Thread 8" [_thread_blocked, id=8964, stack(0x00000007dbf00000,0x00000007dc000000)]
  0x0000014fa44d9570 JavaThread "Unconstrained build operations Thread 9" [_thread_blocked, id=4700, stack(0x00000007dc000000,0x00000007dc100000)]
  0x0000014fa44d9a40 JavaThread "Unconstrained build operations Thread 10" [_thread_blocked, id=6724, stack(0x00000007dc100000,0x00000007dc200000)]
  0x0000014fa44d8230 JavaThread "Unconstrained build operations Thread 11" [_thread_blocked, id=1564, stack(0x00000007dc200000,0x00000007dc300000)]

Other Threads:
  0x0000014f9a1b1d60 VMThread "VM Thread" [stack: 0x00000007d8700000,0x00000007d8800000] [id=10984]
  0x0000014f9ae638f0 WatcherThread [stack: 0x00000007d9300000,0x00000007d9400000] [id=13260]
  0x0000014f837b1550 GCTaskThread "GC Thread#0" [stack: 0x00000007d8200000,0x00000007d8300000] [id=4360]
  0x0000014f9aea01c0 GCTaskThread "GC Thread#1" [stack: 0x00000007d9400000,0x00000007d9500000] [id=10328]
  0x0000014f837ba3a0 ConcurrentGCThread "G1 Main Marker" [stack: 0x00000007d8300000,0x00000007d8400000] [id=5316]
  0x0000014f837bbcd0 ConcurrentGCThread "G1 Conc#0" [stack: 0x00000007d8400000,0x00000007d8500000] [id=2732]
  0x0000014f83835290 ConcurrentGCThread "G1 Refine#0" [stack: 0x00000007d8500000,0x00000007d8600000] [id=908]
  0x0000014f9d58c980 ConcurrentGCThread "G1 Refine#1" [stack: 0x00000007dac00000,0x00000007dad00000] [id=4724]
  0x0000014f83835bc0 ConcurrentGCThread "G1 Service" [stack: 0x00000007d8600000,0x00000007d8700000] [id=5736]

Threads with active compile tasks:
C2 CompilerThread0    99989 13554       4       java.util.regex.Pattern::split (288 bytes)

VM state: not at safepoint (normal execution)

VM Mutex/Monitor currently owned by a thread: None

Heap address: 0x00000000c0000000, size: 1024 MB, Compressed Oops mode: 32-bit

CDS archive(s) not mapped
Compressed class space mapped at: 0x0000000100000000-0x0000000140000000, reserved size: 1073741824
Narrow klass base: 0x0000000000000000, Narrow klass shift: 3, Narrow klass range: 0x140000000

GC Precious Log:
 CPUs: 2 total, 2 available
 Memory: 11680M
 Large Page Support: Disabled
 NUMA Support: Disabled
 Compressed Oops: Enabled (32-bit)
 Heap Region Size: 1M
 Heap Min Capacity: 8M
 Heap Initial Capacity: 184M
 Heap Max Capacity: 1G
 Pre-touch: Disabled
 Parallel Workers: 2
 Concurrent Workers: 1
 Concurrent Refinement Workers: 2
 Periodic GC: Disabled

Heap:
 garbage-first heap   total 230400K, used 166195K [0x00000000c0000000, 0x0000000100000000)
  region size 1024K, 33 young (33792K), 3 survivors (3072K)
 Metaspace       used 110699K, committed 111424K, reserved 1146880K
  class space    used 14943K, committed 15296K, reserved 1048576K

Heap Regions: E=young(eden), S=young(survivor), O=old, HS=humongous(starts), HC=humongous(continues), CS=collection set, F=free, OA=open archive, CA=closed archive, TAMS=top-at-mark-start (previous, next)
|   0|0x00000000c0000000, 0x00000000c0100000, 0x00000000c0100000|100%|HS|  |TAMS 0x00000000c0100000, 0x00000000c0000000| Complete 
|   1|0x00000000c0100000, 0x00000000c0200000, 0x00000000c0200000|100%|HC|  |TAMS 0x00000000c0200000, 0x00000000c0100000| Complete 
|   2|0x00000000c0200000, 0x00000000c0300000, 0x00000000c0300000|100%|HC|  |TAMS 0x00000000c0300000, 0x00000000c0200000| Complete 
|   3|0x00000000c0300000, 0x00000000c0400000, 0x00000000c0400000|100%|HC|  |TAMS 0x00000000c0400000, 0x00000000c0300000| Complete 
|   4|0x00000000c0400000, 0x00000000c0500000, 0x00000000c0500000|100%| O|  |TAMS 0x00000000c0500000, 0x00000000c0400000| Untracked 
|   5|0x00000000c0500000, 0x00000000c0600000, 0x00000000c0600000|100%| O|  |TAMS 0x00000000c0600000, 0x00000000c0500000| Untracked 
|   6|0x00000000c0600000, 0x00000000c0700000, 0x00000000c0700000|100%| O|  |TAMS 0x00000000c0700000, 0x00000000c0600000| Untracked 
|   7|0x00000000c0700000, 0x00000000c0800000, 0x00000000c0800000|100%| O|  |TAMS 0x00000000c0800000, 0x00000000c0700000| Untracked 
|   8|0x00000000c0800000, 0x00000000c0900000, 0x00000000c0900000|100%| O|  |TAMS 0x00000000c0900000, 0x00000000c0800000| Untracked 
|   9|0x00000000c0900000, 0x00000000c0a00000, 0x00000000c0a00000|100%| O|  |TAMS 0x00000000c0a00000, 0x00000000c0900000| Untracked 
|  10|0x00000000c0a00000, 0x00000000c0b00000, 0x00000000c0b00000|100%| O|  |TAMS 0x00000000c0b00000, 0x00000000c0a00000| Untracked 
|  11|0x00000000c0b00000, 0x00000000c0c00000, 0x00000000c0c00000|100%| O|  |TAMS 0x00000000c0c00000, 0x00000000c0b00000| Untracked 
|  12|0x00000000c0c00000, 0x00000000c0d00000, 0x00000000c0d00000|100%| O|  |TAMS 0x00000000c0d00000, 0x00000000c0c00000| Untracked 
|  13|0x00000000c0d00000, 0x00000000c0e00000, 0x00000000c0e00000|100%| O|  |TAMS 0x00000000c0e00000, 0x00000000c0d00000| Untracked 
|  14|0x00000000c0e00000, 0x00000000c0f00000, 0x00000000c0f00000|100%| O|  |TAMS 0x00000000c0f00000, 0x00000000c0e00000| Untracked 
|  15|0x00000000c0f00000, 0x00000000c1000000, 0x00000000c1000000|100%| O|  |TAMS 0x00000000c1000000, 0x00000000c0f00000| Untracked 
|  16|0x00000000c1000000, 0x00000000c1100000, 0x00000000c1100000|100%| O|  |TAMS 0x00000000c1100000, 0x00000000c1000000| Untracked 
|  17|0x00000000c1100000, 0x00000000c1200000, 0x00000000c1200000|100%| O|  |TAMS 0x00000000c1200000, 0x00000000c1100000| Untracked 
|  18|0x00000000c1200000, 0x00000000c1300000, 0x00000000c1300000|100%| O|  |TAMS 0x00000000c1300000, 0x00000000c1200000| Untracked 
|  19|0x00000000c1300000, 0x00000000c1400000, 0x00000000c1400000|100%| O|  |TAMS 0x00000000c1400000, 0x00000000c1300000| Untracked 
|  20|0x00000000c1400000, 0x00000000c1500000, 0x00000000c1500000|100%| O|  |TAMS 0x00000000c1500000, 0x00000000c1400000| Untracked 
|  21|0x00000000c1500000, 0x00000000c1600000, 0x00000000c1600000|100%| O|  |TAMS 0x00000000c1600000, 0x00000000c1500000| Untracked 
|  22|0x00000000c1600000, 0x00000000c1700000, 0x00000000c1700000|100%| O|  |TAMS 0x00000000c1700000, 0x00000000c1600000| Untracked 
|  23|0x00000000c1700000, 0x00000000c1800000, 0x00000000c1800000|100%| O|  |TAMS 0x00000000c1800000, 0x00000000c1700000| Untracked 
|  24|0x00000000c1800000, 0x00000000c1900000, 0x00000000c1900000|100%| O|  |TAMS 0x00000000c1900000, 0x00000000c1800000| Untracked 
|  25|0x00000000c1900000, 0x00000000c1a00000, 0x00000000c1a00000|100%| O|  |TAMS 0x00000000c1a00000, 0x00000000c1900000| Untracked 
|  26|0x00000000c1a00000, 0x00000000c1b00000, 0x00000000c1b00000|100%| O|  |TAMS 0x00000000c1b00000, 0x00000000c1a00000| Untracked 
|  27|0x00000000c1b00000, 0x00000000c1c00000, 0x00000000c1c00000|100%| O|  |TAMS 0x00000000c1c00000, 0x00000000c1b00000| Untracked 
|  28|0x00000000c1c00000, 0x00000000c1d00000, 0x00000000c1d00000|100%| O|  |TAMS 0x00000000c1d00000, 0x00000000c1c00000| Untracked 
|  29|0x00000000c1d00000, 0x00000000c1e00000, 0x00000000c1e00000|100%| O|  |TAMS 0x00000000c1e00000, 0x00000000c1d00000| Untracked 
|  30|0x00000000c1e00000, 0x00000000c1f00000, 0x00000000c1f00000|100%| O|  |TAMS 0x00000000c1f00000, 0x00000000c1e00000| Untracked 
|  31|0x00000000c1f00000, 0x00000000c2000000, 0x00000000c2000000|100%| O|  |TAMS 0x00000000c2000000, 0x00000000c1f00000| Untracked 
|  32|0x00000000c2000000, 0x00000000c2100000, 0x00000000c2100000|100%| O|  |TAMS 0x00000000c2100000, 0x00000000c2000000| Untracked 
|  33|0x00000000c2100000, 0x00000000c2200000, 0x00000000c2200000|100%| O|  |TAMS 0x00000000c2200000, 0x00000000c2100000| Untracked 
|  34|0x00000000c2200000, 0x00000000c2300000, 0x00000000c2300000|100%| O|  |TAMS 0x00000000c2300000, 0x00000000c2200000| Untracked 
|  35|0x00000000c2300000, 0x00000000c2400000, 0x00000000c2400000|100%| O|  |TAMS 0x00000000c2400000, 0x00000000c2300000| Untracked 
|  36|0x00000000c2400000, 0x00000000c2500000, 0x00000000c2500000|100%| O|  |TAMS 0x00000000c2500000, 0x00000000c2400000| Untracked 
|  37|0x00000000c2500000, 0x00000000c2600000, 0x00000000c2600000|100%| O|  |TAMS 0x00000000c2600000, 0x00000000c2500000| Untracked 
|  38|0x00000000c2600000, 0x00000000c2700000, 0x00000000c2700000|100%| O|  |TAMS 0x00000000c2700000, 0x00000000c2600000| Untracked 
|  39|0x00000000c2700000, 0x00000000c2800000, 0x00000000c2800000|100%| O|  |TAMS 0x00000000c2800000, 0x00000000c2700000| Untracked 
|  40|0x00000000c2800000, 0x00000000c2900000, 0x00000000c2900000|100%|HS|  |TAMS 0x00000000c2900000, 0x00000000c2800000| Complete 
|  41|0x00000000c2900000, 0x00000000c2a00000, 0x00000000c2a00000|100%|HS|  |TAMS 0x00000000c2a00000, 0x00000000c2900000| Complete 
|  42|0x00000000c2a00000, 0x00000000c2b00000, 0x00000000c2b00000|100%|HS|  |TAMS 0x00000000c2b00000, 0x00000000c2a00000| Complete 
|  43|0x00000000c2b00000, 0x00000000c2c00000, 0x00000000c2c00000|100%|HC|  |TAMS 0x00000000c2c00000, 0x00000000c2b00000| Complete 
|  44|0x00000000c2c00000, 0x00000000c2d00000, 0x00000000c2d00000|100%|HS|  |TAMS 0x00000000c2d00000, 0x00000000c2c00000| Complete 
|  45|0x00000000c2d00000, 0x00000000c2e00000, 0x00000000c2e00000|100%|HC|  |TAMS 0x00000000c2e00000, 0x00000000c2d00000| Complete 
|  46|0x00000000c2e00000, 0x00000000c2f00000, 0x00000000c2f00000|100%|HS|  |TAMS 0x00000000c2f00000, 0x00000000c2e00000| Complete 
|  47|0x00000000c2f00000, 0x00000000c3000000, 0x00000000c3000000|100%| O|  |TAMS 0x00000000c3000000, 0x00000000c2f00000| Untracked 
|  48|0x00000000c3000000, 0x00000000c3100000, 0x00000000c3100000|100%| O|  |TAMS 0x00000000c3100000, 0x00000000c3000000| Untracked 
|  49|0x00000000c3100000, 0x00000000c3200000, 0x00000000c3200000|100%| O|  |TAMS 0x00000000c3200000, 0x00000000c3100000| Untracked 
|  50|0x00000000c3200000, 0x00000000c3300000, 0x00000000c3300000|100%|HS|  |TAMS 0x00000000c3300000, 0x00000000c3200000| Complete 
|  51|0x00000000c3300000, 0x00000000c3400000, 0x00000000c3400000|100%|HC|  |TAMS 0x00000000c3400000, 0x00000000c3300000| Complete 
|  52|0x00000000c3400000, 0x00000000c3500000, 0x00000000c3500000|100%|HC|  |TAMS 0x00000000c3500000, 0x00000000c3400000| Complete 
|  53|0x00000000c3500000, 0x00000000c3600000, 0x00000000c3600000|100%|HC|  |TAMS 0x00000000c3600000, 0x00000000c3500000| Complete 
|  54|0x00000000c3600000, 0x00000000c3700000, 0x00000000c3700000|100%| O|  |TAMS 0x00000000c3700000, 0x00000000c3600000| Untracked 
|  55|0x00000000c3700000, 0x00000000c3800000, 0x00000000c3800000|100%| O|  |TAMS 0x00000000c3800000, 0x00000000c3700000| Untracked 
|  56|0x00000000c3800000, 0x00000000c3900000, 0x00000000c3900000|100%|HS|  |TAMS 0x00000000c3900000, 0x00000000c3800000| Complete 
|  57|0x00000000c3900000, 0x00000000c3a00000, 0x00000000c3a00000|100%| O|  |TAMS 0x00000000c3a00000, 0x00000000c3900000| Untracked 
|  58|0x00000000c3a00000, 0x00000000c3b00000, 0x00000000c3b00000|100%| O|  |TAMS 0x00000000c3b00000, 0x00000000c3a00000| Untracked 
|  59|0x00000000c3b00000, 0x00000000c3c00000, 0x00000000c3c00000|100%| O|  |TAMS 0x00000000c3c00000, 0x00000000c3b00000| Untracked 
|  60|0x00000000c3c00000, 0x00000000c3d00000, 0x00000000c3d00000|100%| O|  |TAMS 0x00000000c3d00000, 0x00000000c3c00000| Untracked 
|  61|0x00000000c3d00000, 0x00000000c3e00000, 0x00000000c3e00000|100%| O|  |TAMS 0x00000000c3e00000, 0x00000000c3d00000| Untracked 
|  62|0x00000000c3e00000, 0x00000000c3f00000, 0x00000000c3f00000|100%| O|  |TAMS 0x00000000c3f00000, 0x00000000c3e00000| Untracked 
|  63|0x00000000c3f00000, 0x00000000c4000000, 0x00000000c4000000|100%| O|  |TAMS 0x00000000c4000000, 0x00000000c3f00000| Untracked 
|  64|0x00000000c4000000, 0x00000000c4100000, 0x00000000c4100000|100%| O|  |TAMS 0x00000000c4100000, 0x00000000c4000000| Untracked 
|  65|0x00000000c4100000, 0x00000000c4200000, 0x00000000c4200000|100%| O|  |TAMS 0x00000000c4200000, 0x00000000c4100000| Untracked 
|  66|0x00000000c4200000, 0x00000000c4300000, 0x00000000c4300000|100%| O|  |TAMS 0x00000000c4300000, 0x00000000c4200000| Untracked 
|  67|0x00000000c4300000, 0x00000000c4400000, 0x00000000c4400000|100%| O|  |TAMS 0x00000000c4400000, 0x00000000c4300000| Untracked 
|  68|0x00000000c4400000, 0x00000000c4500000, 0x00000000c4500000|100%| O|  |TAMS 0x00000000c4500000, 0x00000000c4400000| Untracked 
|  69|0x00000000c4500000, 0x00000000c4600000, 0x00000000c4600000|100%| O|  |TAMS 0x00000000c4600000, 0x00000000c4500000| Untracked 
|  70|0x00000000c4600000, 0x00000000c4700000, 0x00000000c4700000|100%| O|  |TAMS 0x00000000c4700000, 0x00000000c4600000| Untracked 
|  71|0x00000000c4700000, 0x00000000c4800000, 0x00000000c4800000|100%|HS|  |TAMS 0x00000000c4800000, 0x00000000c4700000| Complete 
|  72|0x00000000c4800000, 0x00000000c4900000, 0x00000000c4900000|100%|HC|  |TAMS 0x00000000c4900000, 0x00000000c4800000| Complete 
|  73|0x00000000c4900000, 0x00000000c4a00000, 0x00000000c4a00000|100%|HC|  |TAMS 0x00000000c4a00000, 0x00000000c4900000| Complete 
|  74|0x00000000c4a00000, 0x00000000c4b00000, 0x00000000c4b00000|100%|HC|  |TAMS 0x00000000c4b00000, 0x00000000c4a00000| Complete 
|  75|0x00000000c4b00000, 0x00000000c4c00000, 0x00000000c4c00000|100%| O|  |TAMS 0x00000000c4c00000, 0x00000000c4b00000| Untracked 
|  76|0x00000000c4c00000, 0x00000000c4d00000, 0x00000000c4d00000|100%| O|  |TAMS 0x00000000c4d00000, 0x00000000c4c00000| Untracked 
|  77|0x00000000c4d00000, 0x00000000c4e00000, 0x00000000c4e00000|100%| O|  |TAMS 0x00000000c4e00000, 0x00000000c4d00000| Untracked 
|  78|0x00000000c4e00000, 0x00000000c4f00000, 0x00000000c4f00000|100%| O|  |TAMS 0x00000000c4f00000, 0x00000000c4e00000| Untracked 
|  79|0x00000000c4f00000, 0x00000000c5000000, 0x00000000c5000000|100%| O|  |TAMS 0x00000000c5000000, 0x00000000c4f00000| Untracked 
|  80|0x00000000c5000000, 0x00000000c5100000, 0x00000000c5100000|100%| O|  |TAMS 0x00000000c5100000, 0x00000000c5000000| Untracked 
|  81|0x00000000c5100000, 0x00000000c5200000, 0x00000000c5200000|100%| O|  |TAMS 0x00000000c5200000, 0x00000000c5100000| Untracked 
|  82|0x00000000c5200000, 0x00000000c5300000, 0x00000000c5300000|100%| O|  |TAMS 0x00000000c5300000, 0x00000000c5200000| Untracked 
|  83|0x00000000c5300000, 0x00000000c5400000, 0x00000000c5400000|100%| O|  |TAMS 0x00000000c5400000, 0x00000000c5300000| Untracked 
|  84|0x00000000c5400000, 0x00000000c5500000, 0x00000000c5500000|100%| O|  |TAMS 0x00000000c5500000, 0x00000000c5400000| Untracked 
|  85|0x00000000c5500000, 0x00000000c5600000, 0x00000000c5600000|100%| O|  |TAMS 0x00000000c5600000, 0x00000000c5500000| Untracked 
|  86|0x00000000c5600000, 0x00000000c5700000, 0x00000000c5700000|100%| O|  |TAMS 0x00000000c5700000, 0x00000000c5600000| Untracked 
|  87|0x00000000c5700000, 0x00000000c5800000, 0x00000000c5800000|100%| O|  |TAMS 0x00000000c5800000, 0x00000000c5700000| Untracked 
|  88|0x00000000c5800000, 0x00000000c5900000, 0x00000000c5900000|100%| O|  |TAMS 0x00000000c5900000, 0x00000000c5800000| Untracked 
|  89|0x00000000c5900000, 0x00000000c5a00000, 0x00000000c5a00000|100%| O|  |TAMS 0x00000000c5a00000, 0x00000000c5900000| Untracked 
|  90|0x00000000c5a00000, 0x00000000c5b00000, 0x00000000c5b00000|100%| O|  |TAMS 0x00000000c5b00000, 0x00000000c5a00000| Untracked 
|  91|0x00000000c5b00000, 0x00000000c5c00000, 0x00000000c5c00000|100%| O|  |TAMS 0x00000000c5c00000, 0x00000000c5b00000| Untracked 
|  92|0x00000000c5c00000, 0x00000000c5d00000, 0x00000000c5d00000|100%| O|  |TAMS 0x00000000c5d00000, 0x00000000c5c00000| Untracked 
|  93|0x00000000c5d00000, 0x00000000c5e00000, 0x00000000c5e00000|100%| O|  |TAMS 0x00000000c5e00000, 0x00000000c5d00000| Untracked 
|  94|0x00000000c5e00000, 0x00000000c5f00000, 0x00000000c5f00000|100%| O|  |TAMS 0x00000000c5f00000, 0x00000000c5e00000| Untracked 
|  95|0x00000000c5f00000, 0x00000000c6000000, 0x00000000c6000000|100%| O|  |TAMS 0x00000000c6000000, 0x00000000c5f00000| Untracked 
|  96|0x00000000c6000000, 0x00000000c6100000, 0x00000000c6100000|100%| O|  |TAMS 0x00000000c6100000, 0x00000000c6000000| Untracked 
|  97|0x00000000c6100000, 0x00000000c6200000, 0x00000000c6200000|100%| O|  |TAMS 0x00000000c6200000, 0x00000000c6100000| Untracked 
|  98|0x00000000c6200000, 0x00000000c6300000, 0x00000000c6300000|100%| O|  |TAMS 0x00000000c6300000, 0x00000000c6200000| Untracked 
|  99|0x00000000c6300000, 0x00000000c6400000, 0x00000000c6400000|100%| O|  |TAMS 0x00000000c6400000, 0x00000000c6300000| Untracked 
| 100|0x00000000c6400000, 0x00000000c6500000, 0x00000000c6500000|100%| O|  |TAMS 0x00000000c6500000, 0x00000000c6400000| Untracked 
| 101|0x00000000c6500000, 0x00000000c6600000, 0x00000000c6600000|100%| O|  |TAMS 0x00000000c6600000, 0x00000000c6500000| Untracked 
| 102|0x00000000c6600000, 0x00000000c6700000, 0x00000000c6700000|100%| O|  |TAMS 0x00000000c6700000, 0x00000000c6600000| Untracked 
| 103|0x00000000c6700000, 0x00000000c6800000, 0x00000000c6800000|100%| O|  |TAMS 0x00000000c6800000, 0x00000000c6700000| Untracked 
| 104|0x00000000c6800000, 0x00000000c6900000, 0x00000000c6900000|100%| O|  |TAMS 0x00000000c6900000, 0x00000000c6800000| Untracked 
| 105|0x00000000c6900000, 0x00000000c6a00000, 0x00000000c6a00000|100%| O|  |TAMS 0x00000000c6a00000, 0x00000000c6900000| Untracked 
| 106|0x00000000c6a00000, 0x00000000c6b00000, 0x00000000c6b00000|100%| O|  |TAMS 0x00000000c6b00000, 0x00000000c6a00000| Untracked 
| 107|0x00000000c6b00000, 0x00000000c6c00000, 0x00000000c6c00000|100%| O|  |TAMS 0x00000000c6c00000, 0x00000000c6b00000| Untracked 
| 108|0x00000000c6c00000, 0x00000000c6d00000, 0x00000000c6d00000|100%| O|  |TAMS 0x00000000c6d00000, 0x00000000c6c00000| Untracked 
| 109|0x00000000c6d00000, 0x00000000c6e00000, 0x00000000c6e00000|100%| O|  |TAMS 0x00000000c6e00000, 0x00000000c6d00000| Untracked 
| 110|0x00000000c6e00000, 0x00000000c6f00000, 0x00000000c6f00000|100%| O|  |TAMS 0x00000000c6f00000, 0x00000000c6e00000| Untracked 
| 111|0x00000000c6f00000, 0x00000000c7000000, 0x00000000c7000000|100%| O|  |TAMS 0x00000000c7000000, 0x00000000c6f00000| Untracked 
| 112|0x00000000c7000000, 0x00000000c7100000, 0x00000000c7100000|100%| O|  |TAMS 0x00000000c7100000, 0x00000000c7000000| Untracked 
| 113|0x00000000c7100000, 0x00000000c7200000, 0x00000000c7200000|100%| O|  |TAMS 0x00000000c7200000, 0x00000000c7100000| Untracked 
| 114|0x00000000c7200000, 0x00000000c7300000, 0x00000000c7300000|100%| O|  |TAMS 0x00000000c7300000, 0x00000000c7200000| Untracked 
| 115|0x00000000c7300000, 0x00000000c7300000, 0x00000000c7400000|  0%| F|  |TAMS 0x00000000c7300000, 0x00000000c7300000| Untracked 
| 116|0x00000000c7400000, 0x00000000c7480000, 0x00000000c7500000| 50%| O|  |TAMS 0x00000000c7400000, 0x00000000c7400000| Untracked 
| 117|0x00000000c7500000, 0x00000000c7500000, 0x00000000c7600000|  0%| F|  |TAMS 0x00000000c7500000, 0x00000000c7500000| Untracked 
| 118|0x00000000c7600000, 0x00000000c7700000, 0x00000000c7700000|100%| O|  |TAMS 0x00000000c7600000, 0x00000000c7600000| Untracked 
| 119|0x00000000c7700000, 0x00000000c7700000, 0x00000000c7800000|  0%| F|  |TAMS 0x00000000c7700000, 0x00000000c7700000| Untracked 
| 120|0x00000000c7800000, 0x00000000c7800000, 0x00000000c7900000|  0%| F|  |TAMS 0x00000000c7800000, 0x00000000c7800000| Untracked 
| 121|0x00000000c7900000, 0x00000000c7900000, 0x00000000c7a00000|  0%| F|  |TAMS 0x00000000c7900000, 0x00000000c7900000| Untracked 
| 122|0x00000000c7a00000, 0x00000000c7a00000, 0x00000000c7b00000|  0%| F|  |TAMS 0x00000000c7a00000, 0x00000000c7a00000| Untracked 
| 123|0x00000000c7b00000, 0x00000000c7c00000, 0x00000000c7c00000|100%| O|  |TAMS 0x00000000c7b00000, 0x00000000c7b00000| Untracked 
| 124|0x00000000c7c00000, 0x00000000c7d00000, 0x00000000c7d00000|100%| O|  |TAMS 0x00000000c7c00000, 0x00000000c7c00000| Untracked 
| 125|0x00000000c7d00000, 0x00000000c7e00000, 0x00000000c7e00000|100%| O|  |TAMS 0x00000000c7d00000, 0x00000000c7d00000| Untracked 
| 126|0x00000000c7e00000, 0x00000000c7f00000, 0x00000000c7f00000|100%| O|  |TAMS 0x00000000c7e00000, 0x00000000c7e00000| Untracked 
| 127|0x00000000c7f00000, 0x00000000c8000000, 0x00000000c8000000|100%| O|  |TAMS 0x00000000c7f00000, 0x00000000c7f00000| Untracked 
| 128|0x00000000c8000000, 0x00000000c8100000, 0x00000000c8100000|100%| O|  |TAMS 0x00000000c8000000, 0x00000000c8000000| Untracked 
| 129|0x00000000c8100000, 0x00000000c8200000, 0x00000000c8200000|100%| O|  |TAMS 0x00000000c8100000, 0x00000000c8100000| Untracked 
| 130|0x00000000c8200000, 0x00000000c8300000, 0x00000000c8300000|100%| O|  |TAMS 0x00000000c8200000, 0x00000000c8200000| Untracked 
| 131|0x00000000c8300000, 0x00000000c8400000, 0x00000000c8400000|100%| O|  |TAMS 0x00000000c8300000, 0x00000000c8300000| Untracked 
| 132|0x00000000c8400000, 0x00000000c8500000, 0x00000000c8500000|100%| O|  |TAMS 0x00000000c8400000, 0x00000000c8400000| Untracked 
| 133|0x00000000c8500000, 0x00000000c8500000, 0x00000000c8600000|  0%| F|  |TAMS 0x00000000c8500000, 0x00000000c8500000| Untracked 
| 134|0x00000000c8600000, 0x00000000c8600000, 0x00000000c8700000|  0%| F|  |TAMS 0x00000000c8600000, 0x00000000c8600000| Untracked 
| 135|0x00000000c8700000, 0x00000000c8700000, 0x00000000c8800000|  0%| F|  |TAMS 0x00000000c8700000, 0x00000000c8700000| Untracked 
| 136|0x00000000c8800000, 0x00000000c8800000, 0x00000000c8900000|  0%| F|  |TAMS 0x00000000c8800000, 0x00000000c8800000| Untracked 
| 137|0x00000000c8900000, 0x00000000c8900000, 0x00000000c8a00000|  0%| F|  |TAMS 0x00000000c8900000, 0x00000000c8900000| Untracked 
| 138|0x00000000c8a00000, 0x00000000c8a00000, 0x00000000c8b00000|  0%| F|  |TAMS 0x00000000c8a00000, 0x00000000c8a00000| Untracked 
| 139|0x00000000c8b00000, 0x00000000c8b00000, 0x00000000c8c00000|  0%| F|  |TAMS 0x00000000c8b00000, 0x00000000c8b00000| Untracked 
| 140|0x00000000c8c00000, 0x00000000c8c00000, 0x00000000c8d00000|  0%| F|  |TAMS 0x00000000c8c00000, 0x00000000c8c00000| Untracked 
| 141|0x00000000c8d00000, 0x00000000c8e00000, 0x00000000c8e00000|100%| O|  |TAMS 0x00000000c8d00000, 0x00000000c8d00000| Untracked 
| 142|0x00000000c8e00000, 0x00000000c8f00000, 0x00000000c8f00000|100%| O|  |TAMS 0x00000000c8e00000, 0x00000000c8e00000| Untracked 
| 143|0x00000000c8f00000, 0x00000000c9000000, 0x00000000c9000000|100%| O|  |TAMS 0x00000000c8f00000, 0x00000000c8f00000| Untracked 
| 144|0x00000000c9000000, 0x00000000c9100000, 0x00000000c9100000|100%| O|  |TAMS 0x00000000c9000000, 0x00000000c9000000| Untracked 
| 145|0x00000000c9100000, 0x00000000c9200000, 0x00000000c9200000|100%| O|  |TAMS 0x00000000c9100000, 0x00000000c9100000| Untracked 
| 146|0x00000000c9200000, 0x00000000c9200000, 0x00000000c9300000|  0%| F|  |TAMS 0x00000000c9200000, 0x00000000c9200000| Untracked 
| 147|0x00000000c9300000, 0x00000000c9300000, 0x00000000c9400000|  0%| F|  |TAMS 0x00000000c9300000, 0x00000000c9300000| Untracked 
| 148|0x00000000c9400000, 0x00000000c9400000, 0x00000000c9500000|  0%| F|  |TAMS 0x00000000c9400000, 0x00000000c9400000| Untracked 
| 149|0x00000000c9500000, 0x00000000c9500000, 0x00000000c9600000|  0%| F|  |TAMS 0x00000000c9500000, 0x00000000c9500000| Untracked 
| 150|0x00000000c9600000, 0x00000000c9600000, 0x00000000c9700000|  0%| F|  |TAMS 0x00000000c9600000, 0x00000000c9600000| Untracked 
| 151|0x00000000c9700000, 0x00000000c9700000, 0x00000000c9800000|  0%| F|  |TAMS 0x00000000c9700000, 0x00000000c9700000| Untracked 
| 152|0x00000000c9800000, 0x00000000c9800000, 0x00000000c9900000|  0%| F|  |TAMS 0x00000000c9800000, 0x00000000c9800000| Untracked 
| 153|0x00000000c9900000, 0x00000000c9900000, 0x00000000c9a00000|  0%| F|  |TAMS 0x00000000c9900000, 0x00000000c9900000| Untracked 
| 154|0x00000000c9a00000, 0x00000000c9a00000, 0x00000000c9b00000|  0%| F|  |TAMS 0x00000000c9a00000, 0x00000000c9a00000| Untracked 
| 155|0x00000000c9b00000, 0x00000000c9b00000, 0x00000000c9c00000|  0%| F|  |TAMS 0x00000000c9b00000, 0x00000000c9b00000| Untracked 
| 156|0x00000000c9c00000, 0x00000000c9c00000, 0x00000000c9d00000|  0%| F|  |TAMS 0x00000000c9c00000, 0x00000000c9c00000| Untracked 
| 157|0x00000000c9d00000, 0x00000000c9d00000, 0x00000000c9e00000|  0%| F|  |TAMS 0x00000000c9d00000, 0x00000000c9d00000| Untracked 
| 158|0x00000000c9e00000, 0x00000000c9e00000, 0x00000000c9f00000|  0%| F|  |TAMS 0x00000000c9e00000, 0x00000000c9e00000| Untracked 
| 159|0x00000000c9f00000, 0x00000000c9f00000, 0x00000000ca000000|  0%| F|  |TAMS 0x00000000c9f00000, 0x00000000c9f00000| Untracked 
| 160|0x00000000ca000000, 0x00000000ca000000, 0x00000000ca100000|  0%| F|  |TAMS 0x00000000ca000000, 0x00000000ca000000| Untracked 
| 161|0x00000000ca100000, 0x00000000ca100000, 0x00000000ca200000|  0%| F|  |TAMS 0x00000000ca100000, 0x00000000ca100000| Untracked 
| 162|0x00000000ca200000, 0x00000000ca200000, 0x00000000ca300000|  0%| F|  |TAMS 0x00000000ca200000, 0x00000000ca200000| Untracked 
| 163|0x00000000ca300000, 0x00000000ca300000, 0x00000000ca400000|  0%| F|  |TAMS 0x00000000ca300000, 0x00000000ca300000| Untracked 
| 164|0x00000000ca400000, 0x00000000ca400000, 0x00000000ca500000|  0%| F|  |TAMS 0x00000000ca400000, 0x00000000ca400000| Untracked 
| 165|0x00000000ca500000, 0x00000000ca500000, 0x00000000ca600000|  0%| F|  |TAMS 0x00000000ca500000, 0x00000000ca500000| Untracked 
| 166|0x00000000ca600000, 0x00000000ca600000, 0x00000000ca700000|  0%| F|  |TAMS 0x00000000ca600000, 0x00000000ca600000| Untracked 
| 167|0x00000000ca700000, 0x00000000ca700000, 0x00000000ca800000|  0%| F|  |TAMS 0x00000000ca700000, 0x00000000ca700000| Untracked 
| 168|0x00000000ca800000, 0x00000000ca800000, 0x00000000ca900000|  0%| F|  |TAMS 0x00000000ca800000, 0x00000000ca800000| Untracked 
| 169|0x00000000ca900000, 0x00000000ca900000, 0x00000000caa00000|  0%| F|  |TAMS 0x00000000ca900000, 0x00000000ca900000| Untracked 
| 170|0x00000000caa00000, 0x00000000caa00000, 0x00000000cab00000|  0%| F|  |TAMS 0x00000000caa00000, 0x00000000caa00000| Untracked 
| 171|0x00000000cab00000, 0x00000000cab00000, 0x00000000cac00000|  0%| F|  |TAMS 0x00000000cab00000, 0x00000000cab00000| Untracked 
| 172|0x00000000cac00000, 0x00000000cac00000, 0x00000000cad00000|  0%| F|  |TAMS 0x00000000cac00000, 0x00000000cac00000| Untracked 
| 173|0x00000000cad00000, 0x00000000cad00000, 0x00000000cae00000|  0%| F|  |TAMS 0x00000000cad00000, 0x00000000cad00000| Untracked 
| 174|0x00000000cae00000, 0x00000000cae00000, 0x00000000caf00000|  0%| F|  |TAMS 0x00000000cae00000, 0x00000000cae00000| Untracked 
| 175|0x00000000caf00000, 0x00000000caf00000, 0x00000000cb000000|  0%| F|  |TAMS 0x00000000caf00000, 0x00000000caf00000| Untracked 
| 176|0x00000000cb000000, 0x00000000cb000000, 0x00000000cb100000|  0%| F|  |TAMS 0x00000000cb000000, 0x00000000cb000000| Untracked 
| 177|0x00000000cb100000, 0x00000000cb100000, 0x00000000cb200000|  0%| F|  |TAMS 0x00000000cb100000, 0x00000000cb100000| Untracked 
| 178|0x00000000cb200000, 0x00000000cb200000, 0x00000000cb300000|  0%| F|  |TAMS 0x00000000cb200000, 0x00000000cb200000| Untracked 
| 179|0x00000000cb300000, 0x00000000cb3ccff0, 0x00000000cb400000| 80%| S|CS|TAMS 0x00000000cb300000, 0x00000000cb300000| Complete 
| 180|0x00000000cb400000, 0x00000000cb500000, 0x00000000cb500000|100%| S|CS|TAMS 0x00000000cb400000, 0x00000000cb400000| Complete 
| 181|0x00000000cb500000, 0x00000000cb600000, 0x00000000cb600000|100%| S|CS|TAMS 0x00000000cb500000, 0x00000000cb500000| Complete 
| 182|0x00000000cb600000, 0x00000000cb600000, 0x00000000cb700000|  0%| F|  |TAMS 0x00000000cb600000, 0x00000000cb600000| Untracked 
| 183|0x00000000cb700000, 0x00000000cb700000, 0x00000000cb800000|  0%| F|  |TAMS 0x00000000cb700000, 0x00000000cb700000| Untracked 
| 184|0x00000000cb800000, 0x00000000cb800000, 0x00000000cb900000|  0%| F|  |TAMS 0x00000000cb800000, 0x00000000cb800000| Untracked 
| 185|0x00000000cb900000, 0x00000000cb900000, 0x00000000cba00000|  0%| F|  |TAMS 0x00000000cb900000, 0x00000000cb900000| Untracked 
| 186|0x00000000cba00000, 0x00000000cba00000, 0x00000000cbb00000|  0%| F|  |TAMS 0x00000000cba00000, 0x00000000cba00000| Untracked 
| 187|0x00000000cbb00000, 0x00000000cbb00000, 0x00000000cbc00000|  0%| F|  |TAMS 0x00000000cbb00000, 0x00000000cbb00000| Untracked 
| 188|0x00000000cbc00000, 0x00000000cbc00000, 0x00000000cbd00000|  0%| F|  |TAMS 0x00000000cbc00000, 0x00000000cbc00000| Untracked 
| 189|0x00000000cbd00000, 0x00000000cbd00000, 0x00000000cbe00000|  0%| F|  |TAMS 0x00000000cbd00000, 0x00000000cbd00000| Untracked 
| 190|0x00000000cbe00000, 0x00000000cbe00000, 0x00000000cbf00000|  0%| F|  |TAMS 0x00000000cbe00000, 0x00000000cbe00000| Untracked 
| 191|0x00000000cbf00000, 0x00000000cbf00000, 0x00000000cc000000|  0%| F|  |TAMS 0x00000000cbf00000, 0x00000000cbf00000| Untracked 
| 192|0x00000000cc000000, 0x00000000cc000000, 0x00000000cc100000|  0%| F|  |TAMS 0x00000000cc000000, 0x00000000cc000000| Untracked 
| 193|0x00000000cc100000, 0x00000000cc100000, 0x00000000cc200000|  0%| F|  |TAMS 0x00000000cc100000, 0x00000000cc100000| Untracked 
| 194|0x00000000cc200000, 0x00000000cc200000, 0x00000000cc300000|  0%| F|  |TAMS 0x00000000cc200000, 0x00000000cc200000| Untracked 
| 195|0x00000000cc300000, 0x00000000cc3efd78, 0x00000000cc400000| 93%| E|  |TAMS 0x00000000cc300000, 0x00000000cc300000| Complete 
| 196|0x00000000cc400000, 0x00000000cc500000, 0x00000000cc500000|100%| E|  |TAMS 0x00000000cc400000, 0x00000000cc400000| Complete 
| 197|0x00000000cc500000, 0x00000000cc600000, 0x00000000cc600000|100%| E|CS|TAMS 0x00000000cc500000, 0x00000000cc500000| Complete 
| 198|0x00000000cc600000, 0x00000000cc700000, 0x00000000cc700000|100%| E|CS|TAMS 0x00000000cc600000, 0x00000000cc600000| Complete 
| 199|0x00000000cc700000, 0x00000000cc800000, 0x00000000cc800000|100%| E|CS|TAMS 0x00000000cc700000, 0x00000000cc700000| Complete 
| 200|0x00000000cc800000, 0x00000000cc900000, 0x00000000cc900000|100%| E|CS|TAMS 0x00000000cc800000, 0x00000000cc800000| Complete 
| 201|0x00000000cc900000, 0x00000000cca00000, 0x00000000cca00000|100%| E|CS|TAMS 0x00000000cc900000, 0x00000000cc900000| Complete 
| 202|0x00000000cca00000, 0x00000000ccb00000, 0x00000000ccb00000|100%| E|CS|TAMS 0x00000000cca00000, 0x00000000cca00000| Complete 
| 203|0x00000000ccb00000, 0x00000000ccc00000, 0x00000000ccc00000|100%| E|CS|TAMS 0x00000000ccb00000, 0x00000000ccb00000| Complete 
| 204|0x00000000ccc00000, 0x00000000ccd00000, 0x00000000ccd00000|100%| E|CS|TAMS 0x00000000ccc00000, 0x00000000ccc00000| Complete 
| 205|0x00000000ccd00000, 0x00000000cce00000, 0x00000000cce00000|100%| E|CS|TAMS 0x00000000ccd00000, 0x00000000ccd00000| Complete 
| 206|0x00000000cce00000, 0x00000000ccf00000, 0x00000000ccf00000|100%| E|CS|TAMS 0x00000000cce00000, 0x00000000cce00000| Complete 
| 207|0x00000000ccf00000, 0x00000000cd000000, 0x00000000cd000000|100%| E|CS|TAMS 0x00000000ccf00000, 0x00000000ccf00000| Complete 
| 208|0x00000000cd000000, 0x00000000cd100000, 0x00000000cd100000|100%| E|CS|TAMS 0x00000000cd000000, 0x00000000cd000000| Complete 
| 209|0x00000000cd100000, 0x00000000cd200000, 0x00000000cd200000|100%| E|CS|TAMS 0x00000000cd100000, 0x00000000cd100000| Complete 
| 210|0x00000000cd200000, 0x00000000cd300000, 0x00000000cd300000|100%| E|CS|TAMS 0x00000000cd200000, 0x00000000cd200000| Complete 
| 211|0x00000000cd300000, 0x00000000cd400000, 0x00000000cd400000|100%| E|CS|TAMS 0x00000000cd300000, 0x00000000cd300000| Complete 
| 212|0x00000000cd400000, 0x00000000cd500000, 0x00000000cd500000|100%| E|CS|TAMS 0x00000000cd400000, 0x00000000cd400000| Complete 
| 213|0x00000000cd500000, 0x00000000cd600000, 0x00000000cd600000|100%| E|CS|TAMS 0x00000000cd500000, 0x00000000cd500000| Complete 
| 214|0x00000000cd600000, 0x00000000cd700000, 0x00000000cd700000|100%| E|CS|TAMS 0x00000000cd600000, 0x00000000cd600000| Complete 
| 215|0x00000000cd700000, 0x00000000cd800000, 0x00000000cd800000|100%| E|CS|TAMS 0x00000000cd700000, 0x00000000cd700000| Complete 
| 216|0x00000000cd800000, 0x00000000cd900000, 0x00000000cd900000|100%| E|CS|TAMS 0x00000000cd800000, 0x00000000cd800000| Complete 
| 217|0x00000000cd900000, 0x00000000cda00000, 0x00000000cda00000|100%| E|CS|TAMS 0x00000000cd900000, 0x00000000cd900000| Complete 
| 218|0x00000000cda00000, 0x00000000cdb00000, 0x00000000cdb00000|100%| E|CS|TAMS 0x00000000cda00000, 0x00000000cda00000| Complete 
| 219|0x00000000cdb00000, 0x00000000cdc00000, 0x00000000cdc00000|100%| E|CS|TAMS 0x00000000cdb00000, 0x00000000cdb00000| Complete 
| 220|0x00000000cdc00000, 0x00000000cdd00000, 0x00000000cdd00000|100%| E|CS|TAMS 0x00000000cdc00000, 0x00000000cdc00000| Complete 
| 221|0x00000000cdd00000, 0x00000000cde00000, 0x00000000cde00000|100%| E|CS|TAMS 0x00000000cdd00000, 0x00000000cdd00000| Complete 
| 222|0x00000000cde00000, 0x00000000cdf00000, 0x00000000cdf00000|100%| E|CS|TAMS 0x00000000cde00000, 0x00000000cde00000| Complete 
| 223|0x00000000cdf00000, 0x00000000ce000000, 0x00000000ce000000|100%| E|CS|TAMS 0x00000000cdf00000, 0x00000000cdf00000| Complete 
| 224|0x00000000ce000000, 0x00000000ce100000, 0x00000000ce100000|100%| E|CS|TAMS 0x00000000ce000000, 0x00000000ce000000| Complete 

Card table byte_map: [0x0000014f83540000,0x0000014f83740000] _byte_map_base: 0x0000014f82f40000

Marking Bits (Prev, Next): (CMBitMap*) 0x0000014f837b1ab0, (CMBitMap*) 0x0000014f837b1a70
 Prev Bits: [0x0000014f96e40000, 0x0000014f97e40000)
 Next Bits: [0x0000014f95e40000, 0x0000014f96e40000)

Polling page: 0x0000014f815b0000

Metaspace:

Usage:
  Non-class:     93.53 MB used.
      Class:     14.59 MB used.
       Both:    108.12 MB used.

Virtual space:
  Non-class space:       96.00 MB reserved,      93.88 MB ( 98%) committed,  12 nodes.
      Class space:        1.00 GB reserved,      14.94 MB (  1%) committed,  1 nodes.
             Both:        1.09 GB reserved,     108.81 MB ( 10%) committed. 

Chunk freelists:
   Non-Class:  1.38 MB
       Class:  1.08 MB
        Both:  2.45 MB

MaxMetaspaceSize: unlimited
CompressedClassSpaceSize: 1.00 GB
Initial GC threshold: 21.00 MB
Current GC threshold: 176.19 MB
CDS: off
MetaspaceReclaimPolicy: balanced
 - commit_granule_bytes: 65536.
 - commit_granule_words: 8192.
 - virtual_space_node_default_size: 1048576.
 - enlarge_chunks_in_place: 1.
 - new_chunks_are_fully_committed: 0.
 - uncommit_free_chunks: 1.
 - use_allocation_guard: 0.
 - handle_deallocations: 1.


Internal statistics:

num_allocs_failed_limit: 6.
num_arena_births: 1200.
num_arena_deaths: 0.
num_vsnodes_births: 13.
num_vsnodes_deaths: 0.
num_space_committed: 1740.
num_space_uncommitted: 0.
num_chunks_returned_to_freelist: 6.
num_chunks_taken_from_freelist: 5260.
num_chunk_merges: 6.
num_chunk_splits: 3498.
num_chunks_enlarged: 2337.
num_purges: 0.
num_inconsistent_stats: 0.

CodeHeap 'non-profiled nmethods': size=120064Kb used=6815Kb max_used=6815Kb free=113249Kb
 bounds [0x0000014f8e700000, 0x0000014f8edb0000, 0x0000014f95c40000]
CodeHeap 'profiled nmethods': size=120000Kb used=24023Kb max_used=24023Kb free=95976Kb
 bounds [0x0000014f86c40000, 0x0000014f883c0000, 0x0000014f8e170000]
CodeHeap 'non-nmethods': size=5696Kb used=2446Kb max_used=2489Kb free=3249Kb
 bounds [0x0000014f8e170000, 0x0000014f8e3f0000, 0x0000014f8e700000]
 total_blobs=12851 nmethods=11861 adapters=903
 compilation: enabled
              stopped_count=0, restarted_count=0
 full_count=0

Compilation events (20 events):
Event: 99.940 Thread 0x0000014f9a25c780 nmethod 13593 0x0000014f8839e690 code [0x0000014f8839e840, 0x0000014f8839ea78]
Event: 99.940 Thread 0x0000014f9a25c780 13594       3       kotlin.reflect.jvm.internal.KClassImpl$Data$declaredMembers$2::<init> (11 bytes)
Event: 99.940 Thread 0x0000014f9a25c780 nmethod 13594 0x0000014f8839eb90 code [0x0000014f8839ed40, 0x0000014f8839ef78]
Event: 99.940 Thread 0x0000014f9a25c780 13595       3       kotlin.reflect.jvm.internal.KClassImpl$Data$allMembers$2::<init> (11 bytes)
Event: 99.941 Thread 0x0000014f9a25c780 nmethod 13595 0x0000014f8839f090 code [0x0000014f8839f240, 0x0000014f8839f478]
Event: 99.941 Thread 0x0000014f9a25c780 13596       3       kotlin.reflect.jvm.internal.KClassImpl$Data$descriptor$2::invoke (5 bytes)
Event: 99.941 Thread 0x0000014f9a25c780 nmethod 13596 0x0000014f8839f590 code [0x0000014f8839f720, 0x0000014f8839f868]
Event: 99.942 Thread 0x0000014f9a25c780 13597       3       kotlin.reflect.jvm.internal.KClassImpl::access$getClassId (5 bytes)
Event: 99.942 Thread 0x0000014f9a25c780 nmethod 13597 0x0000014f8839f910 code [0x0000014f8839fac0, 0x0000014f8839fc68]
Event: 99.943 Thread 0x0000014f9a25c780 13598       3       kotlin.reflect.jvm.internal.KClassImpl::getClassId (11 bytes)
Event: 99.943 Thread 0x0000014f9a25c780 nmethod 13598 0x0000014f8839fd90 code [0x0000014f8839ff40, 0x0000014f883a00a8]
Event: 99.943 Thread 0x0000014f9a25c780 13599       3       kotlin.reflect.jvm.internal.RuntimeTypeMapper::getPrimitiveType (22 bytes)
Event: 99.944 Thread 0x0000014f9a25c780 nmethod 13599 0x0000014f883a0190 code [0x0000014f883a0360, 0x0000014f883a0648]
Event: 99.944 Thread 0x0000014f9a25c780 13600       3       kotlin.reflect.jvm.internal.impl.builtins.jvm.JavaToKotlinClassMap::mapJavaToKotlin (20 bytes)
Event: 99.945 Thread 0x0000014f9a25c780 nmethod 13600 0x0000014f883a0790 code [0x0000014f883a09e0, 0x0000014f883a12b8]
Event: 99.945 Thread 0x0000014f9a25c780 13601       3       kotlin.reflect.jvm.internal.KDeclarationContainerImpl$Data::getModuleData (23 bytes)
Event: 99.945 Thread 0x0000014f9a25c780 nmethod 13601 0x0000014f883a1610 code [0x0000014f883a17e0, 0x0000014f883a1ab8]
Event: 99.946 Thread 0x0000014f9a25c780 13602       3       kotlin.reflect.jvm.internal.KDeclarationContainerImpl$Data$moduleData$2::invoke (5 bytes)
Event: 99.946 Thread 0x0000014f9a25c780 nmethod 13602 0x0000014f883a1c10 code [0x0000014f883a1dc0, 0x0000014f883a1f88]
Event: 99.946 Thread 0x0000014f9a25c780 13603       3       kotlin.reflect.jvm.internal.impl.descriptors.runtime.structure.ReflectClassUtilKt::getSafeClassLoader (25 bytes)

GC Heap History (20 events):
Event: 81.930 GC heap before
{Heap before GC invocations=67 (full 0):
 garbage-first heap   total 163840K, used 104794K [0x00000000c0000000, 0x0000000100000000)
  region size 1024K, 8 young (8192K), 4 survivors (4096K)
 Metaspace       used 102929K, committed 103680K, reserved 1138688K
  class space    used 14127K, committed 14528K, reserved 1048576K
}
Event: 81.952 GC heap after
{Heap after GC invocations=68 (full 0):
 garbage-first heap   total 163840K, used 101376K [0x00000000c0000000, 0x0000000100000000)
  region size 1024K, 1 young (1024K), 1 survivors (1024K)
 Metaspace       used 102929K, committed 103680K, reserved 1138688K
  class space    used 14127K, committed 14528K, reserved 1048576K
}
Event: 84.996 GC heap before
{Heap before GC invocations=68 (full 0):
 garbage-first heap   total 163840K, used 135168K [0x00000000c0000000, 0x0000000100000000)
  region size 1024K, 35 young (35840K), 1 survivors (1024K)
 Metaspace       used 103175K, committed 103936K, reserved 1138688K
  class space    used 14129K, committed 14528K, reserved 1048576K
}
Event: 85.014 GC heap after
{Heap after GC invocations=69 (full 0):
 garbage-first heap   total 163840K, used 103136K [0x00000000c0000000, 0x0000000100000000)
  region size 1024K, 3 young (3072K), 3 survivors (3072K)
 Metaspace       used 103175K, committed 103936K, reserved 1138688K
  class space    used 14129K, committed 14528K, reserved 1048576K
}
Event: 85.950 GC heap before
{Heap before GC invocations=69 (full 0):
 garbage-first heap   total 163840K, used 118496K [0x00000000c0000000, 0x0000000100000000)
  region size 1024K, 19 young (19456K), 3 survivors (3072K)
 Metaspace       used 103508K, committed 104192K, reserved 1138688K
  class space    used 14179K, committed 14528K, reserved 1048576K
}
Event: 85.964 GC heap after
{Heap after GC invocations=70 (full 0):
 garbage-first heap   total 163840K, used 105266K [0x00000000c0000000, 0x0000000100000000)
  region size 1024K, 4 young (4096K), 4 survivors (4096K)
 Metaspace       used 103508K, committed 104192K, reserved 1138688K
  class space    used 14179K, committed 14528K, reserved 1048576K
}
Event: 87.855 GC heap before
{Heap before GC invocations=71 (full 0):
 garbage-first heap   total 191488K, used 142130K [0x00000000c0000000, 0x0000000100000000)
  region size 1024K, 35 young (35840K), 4 survivors (4096K)
 Metaspace       used 106243K, committed 107008K, reserved 1146880K
  class space    used 14480K, committed 14848K, reserved 1048576K
}
Event: 87.879 GC heap after
{Heap after GC invocations=72 (full 0):
 garbage-first heap   total 191488K, used 112244K [0x00000000c0000000, 0x0000000100000000)
  region size 1024K, 5 young (5120K), 5 survivors (5120K)
 Metaspace       used 106243K, committed 107008K, reserved 1146880K
  class space    used 14480K, committed 14848K, reserved 1048576K
}
Event: 88.084 GC heap before
{Heap before GC invocations=72 (full 0):
 garbage-first heap   total 191488K, used 115316K [0x00000000c0000000, 0x0000000100000000)
  region size 1024K, 9 young (9216K), 5 survivors (5120K)
 Metaspace       used 106775K, committed 107520K, reserved 1146880K
  class space    used 14553K, committed 14912K, reserved 1048576K
}
Event: 88.098 GC heap after
{Heap after GC invocations=73 (full 0):
 garbage-first heap   total 191488K, used 113195K [0x00000000c0000000, 0x0000000100000000)
  region size 1024K, 1 young (1024K), 1 survivors (1024K)
 Metaspace       used 106775K, committed 107520K, reserved 1146880K
  class space    used 14553K, committed 14912K, reserved 1048576K
}
Event: 89.914 GC heap before
{Heap before GC invocations=73 (full 0):
 garbage-first heap   total 191488K, used 154155K [0x00000000c0000000, 0x0000000100000000)
  region size 1024K, 42 young (43008K), 1 survivors (1024K)
 Metaspace       used 107377K, committed 108160K, reserved 1146880K
  class space    used 14609K, committed 14976K, reserved 1048576K
}
Event: 89.942 GC heap after
{Heap after GC invocations=74 (full 0):
 garbage-first heap   total 191488K, used 124872K [0x00000000c0000000, 0x0000000100000000)
  region size 1024K, 6 young (6144K), 6 survivors (6144K)
 Metaspace       used 107377K, committed 108160K, reserved 1146880K
  class space    used 14609K, committed 14976K, reserved 1048576K
}
Event: 91.115 GC heap before
{Heap before GC invocations=74 (full 0):
 garbage-first heap   total 191488K, used 149448K [0x00000000c0000000, 0x0000000100000000)
  region size 1024K, 25 young (25600K), 6 survivors (6144K)
 Metaspace       used 107515K, committed 108224K, reserved 1146880K
  class space    used 14618K, committed 14976K, reserved 1048576K
}
Event: 91.153 GC heap after
{Heap after GC invocations=75 (full 0):
 garbage-first heap   total 191488K, used 138240K [0x00000000c0000000, 0x0000000100000000)
  region size 1024K, 5 young (5120K), 5 survivors (5120K)
 Metaspace       used 107515K, committed 108224K, reserved 1146880K
  class space    used 14618K, committed 14976K, reserved 1048576K
}
Event: 92.580 GC heap before
{Heap before GC invocations=76 (full 0):
 garbage-first heap   total 230400K, used 162816K [0x00000000c0000000, 0x0000000100000000)
  region size 1024K, 20 young (20480K), 5 survivors (5120K)
 Metaspace       used 108745K, committed 109504K, reserved 1146880K
  class space    used 14752K, committed 15104K, reserved 1048576K
}
Event: 92.604 GC heap after
{Heap after GC invocations=77 (full 0):
 garbage-first heap   total 230400K, used 136187K [0x00000000c0000000, 0x0000000100000000)
  region size 1024K, 2 young (2048K), 2 survivors (2048K)
 Metaspace       used 108745K, committed 109504K, reserved 1146880K
  class space    used 14752K, committed 15104K, reserved 1048576K
}
Event: 93.999 GC heap before
{Heap before GC invocations=77 (full 0):
 garbage-first heap   total 230400K, used 144379K [0x00000000c0000000, 0x0000000100000000)
  region size 1024K, 11 young (11264K), 2 survivors (2048K)
 Metaspace       used 109109K, committed 109824K, reserved 1146880K
  class space    used 14798K, committed 15168K, reserved 1048576K
}
Event: 94.007 GC heap after
{Heap after GC invocations=78 (full 0):
 garbage-first heap   total 230400K, used 135309K [0x00000000c0000000, 0x0000000100000000)
  region size 1024K, 1 young (1024K), 1 survivors (1024K)
 Metaspace       used 109109K, committed 109824K, reserved 1146880K
  class space    used 14798K, committed 15168K, reserved 1048576K
}
Event: 96.732 GC heap before
{Heap before GC invocations=78 (full 0):
 garbage-first heap   total 230400K, used 177293K [0x00000000c0000000, 0x0000000100000000)
  region size 1024K, 43 young (44032K), 1 survivors (1024K)
 Metaspace       used 109829K, committed 110528K, reserved 1146880K
  class space    used 14857K, committed 15232K, reserved 1048576K
}
Event: 96.745 GC heap after
{Heap after GC invocations=79 (full 0):
 garbage-first heap   total 230400K, used 137523K [0x00000000c0000000, 0x0000000100000000)
  region size 1024K, 3 young (3072K), 3 survivors (3072K)
 Metaspace       used 109829K, committed 110528K, reserved 1146880K
  class space    used 14857K, committed 15232K, reserved 1048576K
}

Dll operation events (3 events):
Event: 0.039 Loaded shared library C:\Program Files\Android\Android Studio\jbr\bin\java.dll
Event: 0.360 Loaded shared library C:\Program Files\Android\Android Studio\jbr\bin\zip.dll
Event: 2.364 Loaded shared library C:\Program Files\Android\Android Studio\jbr\bin\verify.dll

Deoptimization events (20 events):
Event: 96.962 Thread 0x0000014fa44d9570 Uncommon trap: trap_request=0xffffff45 fr.pc=0x0000014f8ea526a0 relative=0x0000000000001b00
Event: 96.962 Thread 0x0000014fa44d9570 Uncommon trap: reason=unstable_if action=reinterpret pc=0x0000014f8ea526a0 method=java.util.concurrent.ConcurrentHashMap.transfer([Ljava/util/concurrent/ConcurrentHashMap$Node;[Ljava/util/concurrent/ConcurrentHashMap$Node;)V @ 347 c2
Event: 96.962 Thread 0x0000014f9d898bf0 DEOPT PACKING pc=0x0000014f8ed00530 sp=0x00000007d7ff9640
Event: 96.962 Thread 0x0000014fa44d9570 DEOPT PACKING pc=0x0000014f8ea526a0 sp=0x00000007dc0fe730
Event: 96.962 Thread 0x0000014f9d898bf0 DEOPT UNPACKING pc=0x0000014f8e1c69a3 sp=0x00000007d7ff94f0 mode 2
Event: 96.962 Thread 0x0000014fa44d9570 DEOPT UNPACKING pc=0x0000014f8e1c69a3 sp=0x00000007dc0fe6a0 mode 2
Event: 97.107 Thread 0x0000014f9d898bf0 Uncommon trap: trap_request=0xffffff45 fr.pc=0x0000014f8ea4d778 relative=0x00000000000007b8
Event: 97.107 Thread 0x0000014f9d898bf0 Uncommon trap: reason=unstable_if action=reinterpret pc=0x0000014f8ea4d778 method=com.google.common.cache.LocalCache$Segment.expireEntries(J)V @ 84 c2
Event: 97.107 Thread 0x0000014f9d898bf0 DEOPT PACKING pc=0x0000014f8ea4d778 sp=0x00000007d7ff9440
Event: 97.107 Thread 0x0000014f9d898bf0 DEOPT UNPACKING pc=0x0000014f8e1c69a3 sp=0x00000007d7ff9398 mode 2
Event: 98.368 Thread 0x0000014f9d899f30 DEOPT PACKING pc=0x0000014f86c89284 sp=0x00000007d80fadb0
Event: 98.368 Thread 0x0000014f9d899f30 DEOPT UNPACKING pc=0x0000014f8e1c7143 sp=0x00000007d80fa2b8 mode 0
Event: 98.368 Thread 0x0000014f9d899f30 DEOPT PACKING pc=0x0000014f86c89284 sp=0x00000007d80fb170
Event: 98.368 Thread 0x0000014f9d899f30 DEOPT UNPACKING pc=0x0000014f8e1c7143 sp=0x00000007d80fa678 mode 0
Event: 98.368 Thread 0x0000014f9d899f30 DEOPT PACKING pc=0x0000014f86c89284 sp=0x00000007d80fb530
Event: 98.368 Thread 0x0000014f9d899f30 DEOPT UNPACKING pc=0x0000014f8e1c7143 sp=0x00000007d80faa38 mode 0
Event: 98.421 Thread 0x0000014f9d899f30 Uncommon trap: trap_request=0xffffffc6 fr.pc=0x0000014f8eaebec4 relative=0x0000000000000124
Event: 98.421 Thread 0x0000014f9d899f30 Uncommon trap: reason=bimorphic_or_optimized_type_check action=maybe_recompile pc=0x0000014f8eaebec4 method=com.google.common.collect.RegularImmutableMap.checkNoConflictInKeyBucket(Ljava/lang/Object;Ljava/lang/Object;Lcom/google/common/collect/ImmutableMa
Event: 98.421 Thread 0x0000014f9d899f30 DEOPT PACKING pc=0x0000014f8eaebec4 sp=0x00000007d80fcb70
Event: 98.421 Thread 0x0000014f9d899f30 DEOPT UNPACKING pc=0x0000014f8e1c69a3 sp=0x00000007d80fcb08 mode 2

Classes unloaded (0 events):
No events

Classes redefined (0 events):
No events

Internal exceptions (20 events):
Event: 92.354 Thread 0x0000014f9d899f30 Exception <a 'sun/nio/fs/WindowsException'{0x00000000cd5a8770}> (0x00000000cd5a8770) 
thrown [s\src\hotspot\share\prims\jni.cpp, line 517]
Event: 92.443 Thread 0x0000014f9d899f30 Exception <a 'sun/nio/fs/WindowsException'{0x00000000cd5a9eb8}> (0x00000000cd5a9eb8) 
thrown [s\src\hotspot\share\prims\jni.cpp, line 517]
Event: 92.504 Thread 0x0000014f9d899f30 Exception <a 'sun/nio/fs/WindowsException'{0x00000000cd5ab548}> (0x00000000cd5ab548) 
thrown [s\src\hotspot\share\prims\jni.cpp, line 517]
Event: 92.690 Thread 0x0000014f9d899f30 Exception <a 'sun/nio/fs/WindowsException'{0x00000000ce0c7140}> (0x00000000ce0c7140) 
thrown [s\src\hotspot\share\prims\jni.cpp, line 517]
Event: 92.722 Thread 0x0000014f9d899f30 Exception <a 'sun/nio/fs/WindowsException'{0x00000000ce0c8818}> (0x00000000ce0c8818) 
thrown [s\src\hotspot\share\prims\jni.cpp, line 517]
Event: 95.620 Thread 0x0000014f9d898bf0 Exception <a 'java/lang/NoSuchMethodError'{0x00000000cc911150}: static Lcom/android/build/gradle/internal/scope/InternalArtifactType;.<clinit>()V> (0x00000000cc911150) 
thrown [s\src\hotspot\share\prims\jni.cpp, line 1108]
Event: 95.620 Thread 0x0000014f9d898bf0 Exception <a 'java/lang/NoSuchMethodError'{0x00000000cc912b38}: static Lcom/android/build/gradle/internal/scope/InternalArtifactType;.<clinit>()V> (0x00000000cc912b38) 
thrown [s\src\hotspot\share\prims\jni.cpp, line 1108]
Event: 95.621 Thread 0x0000014f9d898bf0 Exception <a 'java/lang/NoSuchMethodError'{0x00000000cc915f80}: static Lcom/android/build/api/artifact/Artifact$Single;.<clinit>()V> (0x00000000cc915f80) 
thrown [s\src\hotspot\share\prims\jni.cpp, line 1108]
Event: 95.621 Thread 0x0000014f9d898bf0 Exception <a 'java/lang/NoSuchMethodError'{0x00000000cc918a60}: static Ljava/lang/Object;.<clinit>()V> (0x00000000cc918a60) 
thrown [s\src\hotspot\share\prims\jni.cpp, line 1108]
Event: 95.624 Thread 0x0000014f9d898bf0 Exception <a 'java/lang/NoSuchMethodError'{0x00000000cc934de8}: static Lcom/android/build/api/artifact/ArtifactKind;.<clinit>()V> (0x00000000cc934de8) 
thrown [s\src\hotspot\share\prims\jni.cpp, line 1108]
Event: 95.625 Thread 0x0000014f9d898bf0 Exception <a 'java/lang/NoSuchMethodError'{0x00000000cc9364f8}: static Lcom/android/build/api/artifact/ArtifactKind;.<clinit>()V> (0x00000000cc9364f8) 
thrown [s\src\hotspot\share\prims\jni.cpp, line 1108]
Event: 97.860 Thread 0x0000014f9d898bf0 Exception <a 'java/lang/NoSuchMethodError'{0x00000000cd555cd0}: static Lcom/android/builder/internal/aapt/AaptOptions;.<clinit>()V> (0x00000000cd555cd0) 
thrown [s\src\hotspot\share\prims\jni.cpp, line 1108]
Event: 97.863 Thread 0x0000014f9d898bf0 Exception <a 'java/lang/NoSuchMethodError'{0x00000000cd56c888}: static Ljava/lang/Object;.<clinit>()V> (0x00000000cd56c888) 
thrown [s\src\hotspot\share\prims\jni.cpp, line 1108]
Event: 97.875 Thread 0x0000014f9d898bf0 Exception <a 'java/lang/NoSuchMethodError'{0x00000000cd58ded0}: static Lcom/android/build/api/variant/impl/SerializableApplicationMultiOutputHandler;.<clinit>()V> (0x00000000cd58ded0) 
thrown [s\src\hotspot\share\prims\jni.cpp, line 1108]
Event: 97.877 Thread 0x0000014f9d898bf0 Exception <a 'java/lang/NoSuchMethodError'{0x00000000cd5a5878}: static Lcom/android/build/api/variant/impl/VariantOutputImpl$SerializedForm;.<clinit>()V> (0x00000000cd5a5878) 
thrown [s\src\hotspot\share\prims\jni.cpp, line 1108]
Event: 97.887 Thread 0x0000014f9d898bf0 Exception <a 'java/lang/NoSuchMethodError'{0x00000000cd5bb630}: static Lcom/android/build/api/variant/impl/VariantOutputConfigurationImpl;.<clinit>()V> (0x00000000cd5bb630) 
thrown [s\src\hotspot\share\prims\jni.cpp, line 1108]
Event: 97.922 Thread 0x0000014fa44d6a20 Exception <a 'java/lang/NoSuchMethodError'{0x00000000cd35e3c0}: 'java.lang.Object java.lang.invoke.DirectMethodHandle$Holder.invokeSpecial(java.lang.Object, java.lang.Object, java.lang.Object, java.lang.Object, int, java.lang.Object)'> (0x00000000cd35e3c0) 
thrown [s\src\hotspot\share\interpreter\linkResolver.cpp, line 771]
Event: 97.923 Thread 0x0000014fa44d6a20 Exception <a 'java/lang/NoSuchMethodError'{0x00000000cd361e80}: 'java.lang.Object java.lang.invoke.Invokers$Holder.invokeExact_MT(java.lang.Object, java.lang.Object, java.lang.Object, int, java.lang.Object, java.lang.Object)'> (0x00000000cd361e80) 
thrown [s\src\hotspot\share\interpreter\linkResolver.cpp, line 771]
Event: 98.425 Thread 0x0000014f9d899f30 Exception <a 'sun/nio/fs/WindowsException'{0x00000000ccf833e8}> (0x00000000ccf833e8) 
thrown [s\src\hotspot\share\prims\jni.cpp, line 517]
Event: 98.521 Thread 0x0000014f9d899f30 Exception <a 'java/lang/NoSuchMethodError'{0x00000000ccfb05c8}: 'int java.lang.invoke.DirectMethodHandle$Holder.invokeSpecial(java.lang.Object, java.lang.Object, java.lang.Object, java.lang.Object, java.lang.Object)'> (0x00000000ccfb05c8) 
thrown [s\src\hotspot\share\interpreter\linkResolver.cpp, line 771]

VM Operations (20 events):
Event: 95.695 Executing VM operation: HandshakeAllThreads
Event: 95.695 Executing VM operation: HandshakeAllThreads done
Event: 95.703 Executing VM operation: HandshakeAllThreads
Event: 95.703 Executing VM operation: HandshakeAllThreads done
Event: 96.703 Executing VM operation: Cleanup
Event: 96.720 Executing VM operation: Cleanup done
Event: 96.732 Executing VM operation: G1CollectForAllocation
Event: 96.745 Executing VM operation: G1CollectForAllocation done
Event: 97.301 Executing VM operation: HandshakeAllThreads
Event: 97.301 Executing VM operation: HandshakeAllThreads done
Event: 98.121 Executing VM operation: ICBufferFull
Event: 98.122 Executing VM operation: ICBufferFull done
Event: 98.274 Executing VM operation: HandshakeAllThreads
Event: 98.352 Executing VM operation: HandshakeAllThreads done
Event: 98.364 Executing VM operation: HandshakeAllThreads
Event: 98.368 Executing VM operation: HandshakeAllThreads done
Event: 98.432 Executing VM operation: HandshakeAllThreads
Event: 98.510 Executing VM operation: HandshakeAllThreads done
Event: 99.518 Executing VM operation: Cleanup
Event: 99.556 Executing VM operation: Cleanup done

Events (20 events):
Event: 93.744 loading class java/nio/file/FileChannelLinesSpliterator done
Event: 93.757 loading class java/util/stream/Streams$1
Event: 93.757 loading class java/util/stream/Streams$1 done
Event: 93.792 Thread 0x0000014fa44d43a0 Thread added: 0x0000014fa44d43a0
Event: 94.017 loading class java/nio/file/FileChannelLinesSpliterator$1
Event: 94.017 loading class java/nio/file/FileChannelLinesSpliterator$1 done
Event: 94.420 loading class java/net/HttpURLConnection
Event: 94.420 loading class java/net/HttpURLConnection done
Event: 94.421 loading class sun/net/ProgressMonitor
Event: 94.422 loading class sun/net/ProgressMonitor done
Event: 94.422 loading class sun/net/DefaultProgressMeteringPolicy
Event: 94.422 loading class sun/net/ProgressMeteringPolicy
Event: 94.422 loading class sun/net/ProgressMeteringPolicy done
Event: 94.422 loading class sun/net/DefaultProgressMeteringPolicy done
Event: 94.928 Thread 0x0000014fa44d4870 Thread added: 0x0000014fa44d4870
Event: 95.712 Thread 0x0000014fa44d7d60 Thread added: 0x0000014fa44d7d60
Event: 95.752 Thread 0x0000014fa44d6ef0 Thread added: 0x0000014fa44d6ef0
Event: 96.677 Thread 0x0000014fa44d9570 Thread added: 0x0000014fa44d9570
Event: 98.179 Thread 0x0000014fa44d9a40 Thread added: 0x0000014fa44d9a40
Event: 98.627 Thread 0x0000014fa44d8230 Thread added: 0x0000014fa44d8230


Dynamic libraries:
0x00007ff63b970000 - 0x00007ff63b97a000 	C:\Program Files\Android\Android Studio\jbr\bin\java.exe
0x00007ff8f77f0000 - 0x00007ff8f79e8000 	C:\Windows\SYSTEM32\ntdll.dll
0x00007ff8f5a30000 - 0x00007ff8f5af2000 	C:\Windows\System32\KERNEL32.DLL
0x00007ff8f50f0000 - 0x00007ff8f53ef000 	C:\Windows\System32\KERNELBASE.dll
0x00007ff8f5710000 - 0x00007ff8f5810000 	C:\Windows\System32\ucrtbase.dll
0x00007ff8ea880000 - 0x00007ff8ea897000 	C:\Program Files\Android\Android Studio\jbr\bin\jli.dll
0x00007ff8f5890000 - 0x00007ff8f5a2d000 	C:\Windows\System32\USER32.dll
0x00007ff8f5010000 - 0x00007ff8f5032000 	C:\Windows\System32\win32u.dll
0x00007ff8dab10000 - 0x00007ff8dadaa000 	C:\Windows\WinSxS\amd64_microsoft.windows.common-controls_6595b64144ccf1df_6.0.19041.4355_none_60b8b9eb71f62e16\COMCTL32.dll
0x00007ff8f6df0000 - 0x00007ff8f6e1b000 	C:\Windows\System32\GDI32.dll
0x00007ff8f5e70000 - 0x00007ff8f5f0e000 	C:\Windows\System32\msvcrt.dll
0x00007ff8eeef0000 - 0x00007ff8eef0b000 	C:\Program Files\Android\Android Studio\jbr\bin\VCRUNTIME140.dll
0x00007ff8f53f0000 - 0x00007ff8f550a000 	C:\Windows\System32\gdi32full.dll
0x00007ff8f4ee0000 - 0x00007ff8f4f7d000 	C:\Windows\System32\msvcp_win.dll
0x00007ff8f5e40000 - 0x00007ff8f5e6f000 	C:\Windows\System32\IMM32.DLL
0x00007ff8f1ec0000 - 0x00007ff8f1ecc000 	C:\Program Files\Android\Android Studio\jbr\bin\vcruntime140_1.dll
0x00007ff8e5c20000 - 0x00007ff8e5cad000 	C:\Program Files\Android\Android Studio\jbr\bin\msvcp140.dll
0x00007ff89e930000 - 0x00007ff89f59e000 	C:\Program Files\Android\Android Studio\jbr\bin\server\jvm.dll
0x00007ff8f6ce0000 - 0x00007ff8f6d8f000 	C:\Windows\System32\ADVAPI32.dll
0x00007ff8f60b0000 - 0x00007ff8f614f000 	C:\Windows\System32\sechost.dll
0x00007ff8f5f80000 - 0x00007ff8f60a3000 	C:\Windows\System32\RPCRT4.dll
0x00007ff8f5510000 - 0x00007ff8f5537000 	C:\Windows\System32\bcrypt.dll
0x00007ff8f3650000 - 0x00007ff8f3659000 	C:\Windows\SYSTEM32\WSOCK32.dll
0x00007ff8f5f10000 - 0x00007ff8f5f7b000 	C:\Windows\System32\WS2_32.dll
0x00007ff8ea440000 - 0x00007ff8ea467000 	C:\Windows\SYSTEM32\WINMM.dll
0x00007ff8f35b0000 - 0x00007ff8f35ba000 	C:\Windows\SYSTEM32\VERSION.dll
0x00007ff8f36b0000 - 0x00007ff8f36c2000 	C:\Windows\SYSTEM32\kernel.appcore.dll
0x00007ff8f35d0000 - 0x00007ff8f35da000 	C:\Program Files\Android\Android Studio\jbr\bin\jimage.dll
0x00007ff8d7970000 - 0x00007ff8d7b54000 	C:\Windows\SYSTEM32\DBGHELP.DLL
0x00007ff8d7930000 - 0x00007ff8d7964000 	C:\Windows\SYSTEM32\dbgcore.DLL
0x00007ff8f4f80000 - 0x00007ff8f5002000 	C:\Windows\System32\bcryptPrimitives.dll
0x00007ff8ed3c0000 - 0x00007ff8ed3ce000 	C:\Program Files\Android\Android Studio\jbr\bin\instrument.dll
0x00007ff8ea8a0000 - 0x00007ff8ea8c5000 	C:\Program Files\Android\Android Studio\jbr\bin\java.dll
0x00007ff8ed360000 - 0x00007ff8ed378000 	C:\Program Files\Android\Android Studio\jbr\bin\zip.dll
0x00007ff8f6fe0000 - 0x00007ff8f774d000 	C:\Windows\System32\SHELL32.dll
0x00007ff8f2d50000 - 0x00007ff8f34f4000 	C:\Windows\SYSTEM32\windows.storage.dll
0x00007ff8f65d0000 - 0x00007ff8f6925000 	C:\Windows\System32\combase.dll
0x00007ff8f47f0000 - 0x00007ff8f481f000 	C:\Windows\SYSTEM32\Wldp.dll
0x00007ff8f6940000 - 0x00007ff8f6a0d000 	C:\Windows\System32\OLEAUT32.dll
0x00007ff8f6a70000 - 0x00007ff8f6b1d000 	C:\Windows\System32\SHCORE.dll
0x00007ff8f6a10000 - 0x00007ff8f6a65000 	C:\Windows\System32\shlwapi.dll
0x00007ff8f4dc0000 - 0x00007ff8f4de4000 	C:\Windows\SYSTEM32\profapi.dll
0x00007ff8ed1e0000 - 0x00007ff8ed1f9000 	C:\Program Files\Android\Android Studio\jbr\bin\net.dll
0x00007ff8ea2c0000 - 0x00007ff8ea3ca000 	C:\Windows\SYSTEM32\WINHTTP.dll
0x00007ff8f4550000 - 0x00007ff8f45bc000 	C:\Windows\system32\mswsock.dll
0x00007ff8ea8f0000 - 0x00007ff8ea906000 	C:\Program Files\Android\Android Studio\jbr\bin\nio.dll
0x00007ff8f1eb0000 - 0x00007ff8f1ec0000 	C:\Program Files\Android\Android Studio\jbr\bin\verify.dll
0x00007ff8ed270000 - 0x00007ff8ed297000 	C:\Users\LENOVO\.gradle\native\68d5fa5c4cc2d200863cafc0d521ce42e7d3e7ee720ec0a83991735586a16f82\windows-amd64\native-platform.dll
0x00007ff8ade90000 - 0x00007ff8adfd4000 	C:\Users\LENOVO\.gradle\native\e376f236ea51e6404a007f0833ffe2c6e607c4080706a723a18a27aeea778392\windows-amd64\native-platform-file-events.dll
0x00007ff8f1600000 - 0x00007ff8f1609000 	C:\Program Files\Android\Android Studio\jbr\bin\management.dll
0x00007ff8ef5b0000 - 0x00007ff8ef5bb000 	C:\Program Files\Android\Android Studio\jbr\bin\management_ext.dll
0x00007ff8f6fd0000 - 0x00007ff8f6fd8000 	C:\Windows\System32\PSAPI.DLL
0x00007ff8f4750000 - 0x00007ff8f4768000 	C:\Windows\SYSTEM32\CRYPTSP.dll
0x00007ff8f3e70000 - 0x00007ff8f3ea4000 	C:\Windows\system32\rsaenh.dll
0x00007ff8f4d40000 - 0x00007ff8f4d6e000 	C:\Windows\SYSTEM32\USERENV.dll
0x00007ff8f4740000 - 0x00007ff8f474c000 	C:\Windows\SYSTEM32\CRYPTBASE.dll
0x00007ff8f4230000 - 0x00007ff8f426b000 	C:\Windows\SYSTEM32\IPHLPAPI.DLL
0x00007ff8f6930000 - 0x00007ff8f6938000 	C:\Windows\System32\NSI.dll
0x00007ff8e8160000 - 0x00007ff8e8177000 	C:\Windows\SYSTEM32\dhcpcsvc6.DLL
0x00007ff8ea280000 - 0x00007ff8ea29d000 	C:\Windows\SYSTEM32\dhcpcsvc.DLL
0x00007ff8f4270000 - 0x00007ff8f433a000 	C:\Windows\SYSTEM32\DNSAPI.dll
0x00007ff8ef560000 - 0x00007ff8ef567000 	C:\Windows\system32\wshunix.dll
0x00007ff8e5490000 - 0x00007ff8e549a000 	C:\Windows\System32\rasadhlp.dll
0x00007ff8e54b0000 - 0x00007ff8e5530000 	C:\Windows\System32\fwpuclnt.dll
0x00007ff8ee8f0000 - 0x00007ff8ee907000 	C:\Windows\system32\napinsp.dll
0x00007ff8ee8d0000 - 0x00007ff8ee8eb000 	C:\Windows\system32\pnrpnsp.dll
0x00007ff8efa00000 - 0x00007ff8efa15000 	C:\Windows\system32\wshbth.dll
0x00007ff8f0c70000 - 0x00007ff8f0c8d000 	C:\Windows\system32\NLAapi.dll
0x00007ff8ee8b0000 - 0x00007ff8ee8c2000 	C:\Windows\System32\winrnr.dll
0x00007ff8f40c0000 - 0x00007ff8f40f3000 	C:\Windows\SYSTEM32\ntmarta.dll

dbghelp: loaded successfully - version: 4.0.5 - missing functions: none
symbol engine: initialized successfully - sym options: 0x614 - pdb path: .;C:\Program Files\Android\Android Studio\jbr\bin;C:\Windows\SYSTEM32;C:\Windows\WinSxS\amd64_microsoft.windows.common-controls_6595b64144ccf1df_6.0.19041.4355_none_60b8b9eb71f62e16;C:\Program Files\Android\Android Studio\jbr\bin\server;C:\Users\LENOVO\.gradle\native\68d5fa5c4cc2d200863cafc0d521ce42e7d3e7ee720ec0a83991735586a16f82\windows-amd64;C:\Users\LENOVO\.gradle\native\e376f236ea51e6404a007f0833ffe2c6e607c4080706a723a18a27aeea778392\windows-amd64

VM Arguments:
jvm_args: -XX:MaxPermSize=512m -XX:+HeapDumpOnOutOfMemoryError --add-opens=java.base/java.util=ALL-UNNAMED --add-opens=java.base/java.lang=ALL-UNNAMED --add-opens=java.base/java.lang.invoke=ALL-UNNAMED --add-opens=java.prefs/java.util.prefs=ALL-UNNAMED --add-opens=java.base/java.nio.charset=ALL-UNNAMED --add-opens=java.base/java.net=ALL-UNNAMED --add-opens=java.base/java.util.concurrent.atomic=ALL-UNNAMED -Xmx1024m -Dfile.encoding=UTF-8 -Duser.country=ID -Duser.language=en -Duser.variant -javaagent:C:\Users\LENOVO\.gradle\wrapper\dists\gradle-8.3-bin\dxjbbhstwasg8cbags9q7cvli\gradle-8.3\lib\agents\gradle-instrumentation-agent-8.3.jar 
java_command: org.gradle.launcher.daemon.bootstrap.GradleDaemon 8.3
java_class_path (initial): C:\Users\LENOVO\.gradle\wrapper\dists\gradle-8.3-bin\dxjbbhstwasg8cbags9q7cvli\gradle-8.3\lib\gradle-launcher-8.3.jar
Launcher Type: SUN_STANDARD

[Global flags]
     intx CICompilerCount                          = 2                                         {product} {ergonomic}
     uint ConcGCThreads                            = 1                                         {product} {ergonomic}
     uint G1ConcRefinementThreads                  = 2                                         {product} {ergonomic}
   size_t G1HeapRegionSize                         = 1048576                                   {product} {ergonomic}
    uintx GCDrainStackTargetSize                   = 64                                        {product} {ergonomic}
     bool HeapDumpOnOutOfMemoryError               = true                                   {manageable} {command line}
   size_t InitialHeapSize                          = 192937984                                 {product} {ergonomic}
   size_t MarkStackSize                            = 4194304                                   {product} {ergonomic}
   size_t MaxHeapSize                              = 1073741824                                {product} {command line}
   size_t MaxNewSize                               = 643825664                                 {product} {ergonomic}
   size_t MinHeapDeltaBytes                        = 1048576                                   {product} {ergonomic}
   size_t MinHeapSize                              = 8388608                                   {product} {ergonomic}
    uintx NonNMethodCodeHeapSize                   = 5826188                                {pd product} {ergonomic}
    uintx NonProfiledCodeHeapSize                  = 122916026                              {pd product} {ergonomic}
    uintx ProfiledCodeHeapSize                     = 122916026                              {pd product} {ergonomic}
    uintx ReservedCodeCacheSize                    = 251658240                              {pd product} {ergonomic}
     bool SegmentedCodeCache                       = true                                      {product} {ergonomic}
   size_t SoftMaxHeapSize                          = 1073741824                             {manageable} {ergonomic}
     bool UseCompressedClassPointers               = true                           {product lp64_product} {ergonomic}
     bool UseCompressedOops                        = true                           {product lp64_product} {ergonomic}
     bool UseG1GC                                  = true                                      {product} {ergonomic}
     bool UseLargePagesIndividualAllocation        = false                                  {pd product} {ergonomic}

Logging:
Log output configuration:
 #0: stdout all=warning uptime,level,tags
 #1: stderr all=off uptime,level,tags

Environment Variables:
JAVA_HOME=C:\Program Files\Java\jdk1.8.0_202
PATH=C:\Program Files\Java\jdk1.8.0_202\bin;C:\Program Files (x86)\Common Files\Oracle\Java\javapath;C:\Windows\system32;C:\Windows;C:\Windows\System32\Wbem;C:\Windows\System32\WindowsPowerShell\v1.0\;C:\Windows\System32\OpenSSH\;C:\Program Files (x86)\Rational\common;C:\Program Files\IBM\SPSS\Statistics\25\JRE\bin;C:\laragon\bin\php\php;C:\composer;C:\Program Files\Git\cmd;C:\Program Files\kotlinc\bin;C:\Users\LENOVO\AppData\Local\Programs\Python\Python311\Scripts\;C:\Users\LENOVO\AppData\Local\Programs\Python\Python311\;C:\Users\LENOVO\AppData\Local\Microsoft\WindowsApps;C:\Users\LENOVO\AppData\Local\Programs\Microsoft VS Code\bin;C:\Program Files\JetBrains\IntelliJ IDEA 2023.2\bin;C:\Program Files\kotlinc;;C:\Users\LENOVO\AppData\Local\JetBrains\IntelliJ IDEA Community Edition 2023.2.1\bin;;C:\Users\LENOVO\AppData\Roaming\Composer\vendor\bin;C:\Program Files\kotlinc;
USERNAME=DZAKY
OS=Windows_NT
PROCESSOR_IDENTIFIER=AMD64 Family 21 Model 112 Stepping 0, AuthenticAMD
TMP=C:\Users\LENOVO\AppData\Local\Temp
TEMP=C:\Users\LENOVO\AppData\Local\Temp


JNI global refs:
JNI global refs: 25, weak refs: 1

JNI global refs memory usage: 843, weak refs: 841


---------------  S Y S T E M  ---------------

OS:
 Windows 10 , 64 bit Build 19041 (10.0.19041.5438)
OS uptime: 1 days 4:26 hours

CPU: total 2 (initial active 2) (2 cores per cpu, 1 threads per core) family 21 model 112 stepping 0 microcode 0x0, cx8, cmov, fxsr, mmx, 3dnowpref, sse, sse2, sse3, ssse3, sse4a, sse4.1, sse4.2, popcnt, lzcnt, tsc, tscinvbit, avx, avx2, aes, clmul, bmi1, bmi2, fma, vzeroupper, clflush

Memory: 4k page, system-wide physical 11680M (2904M free)
TotalPageFile size 11680M (AvailPageFile size 4M)
current process WorkingSet (physical memory assigned to process): 494M, peak: 496M
current process commit charge ("private bytes"): 516M, peak: 518M

vm_info: OpenJDK 64-Bit Server VM (17.0.6+0-b2043.56-10027231) for windows-amd64 JRE (17.0.6+0-b2043.56-10027231), built on Apr 28 2023 00:43:19 by "androidbuild" with MS VC++ 16.10 / 16.11 (VS2019)

END.
