#
# There is insufficient memory for the Java Runtime Environment to continue.
# Native memory allocation (malloc) failed to allocate 1475696 bytes for Chunk::new
# Possible reasons:
#   The system is out of physical RAM or swap space
#   The process is running with CompressedOops enabled, and the Java Heap may be blocking the growth of the native heap
# Possible solutions:
#   Reduce memory load on the system
#   Increase physical memory or swap space
#   Check if swap backing store is full
#   Decrease Java heap size (-Xmx/-Xms)
#   Decrease number of Java threads
#   Decrease Java thread stack sizes (-Xss)
#   Set larger code cache with -XX:ReservedCodeCacheSize=
#   JVM is running with Unscaled Compressed Oops mode in which the Java heap is
#     placed in the first 4GB address space. The Java Heap base address is the
#     maximum limit for the native heap growth. Please use -XX:HeapBaseMinAddress
#     to set the Java Heap base and to place the Java Heap above 4GB virtual address.
# This output file may be truncated or incomplete.
#
#  Out of Memory Error (arena.cpp:189), pid=428, tid=10236
#
# JRE version: OpenJDK Runtime Environment (17.0.6) (build 17.0.6+0-b2043.56-10027231)
# Java VM: OpenJDK 64-Bit Server VM (17.0.6+0-b2043.56-10027231, mixed mode, tiered, compressed oops, compressed class ptrs, g1 gc, windows-amd64)
# No core dump will be written. Minidumps are not enabled by default on client versions of Windows
#

---------------  S U M M A R Y ------------

Command Line: -XX:MaxPermSize=512m -XX:+HeapDumpOnOutOfMemoryError --add-opens=java.base/java.util=ALL-UNNAMED --add-opens=java.base/java.lang=ALL-UNNAMED --add-opens=java.base/java.lang.invoke=ALL-UNNAMED --add-opens=java.prefs/java.util.prefs=ALL-UNNAMED --add-opens=java.base/java.nio.charset=ALL-UNNAMED --add-opens=java.base/java.net=ALL-UNNAMED --add-opens=java.base/java.util.concurrent.atomic=ALL-UNNAMED -Xmx1024m -Dfile.encoding=UTF-8 -Duser.country=ID -Duser.language=en -Duser.variant org.gradle.launcher.daemon.bootstrap.GradleDaemon 8.0

Host: AMD A9-9420 RADEON R5, 5 COMPUTE CORES 2C+3G   , 2 cores, 11G,  Windows 10 , 64 bit Build 19041 (10.0.19041.5198)
Time: Sat Jan 25 21:22:28 2025 SE Asia Standard Time elapsed time: 263.438865 seconds (0d 0h 4m 23s)

---------------  T H R E A D  ---------------

Current thread (0x000002a577403d20):  JavaThread "C2 CompilerThread0" daemon [_thread_in_native, id=10236, stack(0x000000d4d4c00000,0x000000d4d4d00000)]


Current CompileTask:
C2: 263439 24923       4       com.android.tools.r8.graph.j2::a (121 bytes)

Stack: [0x000000d4d4c00000,0x000000d4d4d00000]
Native frames: (J=compiled Java code, j=interpreted, Vv=VM code, C=native code)
V  [jvm.dll+0x683c9a]
V  [jvm.dll+0x8427a4]
V  [jvm.dll+0x843f9e]
V  [jvm.dll+0x844603]
V  [jvm.dll+0x249b75]
V  [jvm.dll+0xabcac]
V  [jvm.dll+0xac27c]
V  [jvm.dll+0x368802]
V  [jvm.dll+0x332f31]
V  [jvm.dll+0x3323da]
V  [jvm.dll+0x21c201]
V  [jvm.dll+0x21b621]
V  [jvm.dll+0x1a4fdd]
V  [jvm.dll+0x22b098]
V  [jvm.dll+0x229159]
V  [jvm.dll+0x7f81ec]
V  [jvm.dll+0x7f274a]
V  [jvm.dll+0x682ad5]
C  [ucrtbase.dll+0x21bb2]
C  [KERNEL32.DLL+0x17374]
C  [ntdll.dll+0x4cc91]


---------------  P R O C E S S  ---------------

Threads class SMR info:
_java_thread_list=0x000002a501357ff0, length=64, elements={
0x000002a55df21c30, 0x000002a5769ec040, 0x000002a5769ed5e0, 0x000002a576a25710,
0x000002a576a37c20, 0x000002a576a380f0, 0x000002a576a39150, 0x000002a577403d20,
0x000002a577405560, 0x000002a577411580, 0x000002a57757a080, 0x000002a57757e560,
0x000002a578a77a10, 0x000002a578b4a800, 0x000002a579ddcfe0, 0x000002a578327630,
0x000002a578b260a0, 0x000002a5781da2b0, 0x000002a5781da780, 0x000002a57810bf90,
0x000002a57810f480, 0x000002a57810dc70, 0x000002a57810efb0, 0x000002a57810eae0,
0x000002a57810bac0, 0x000002a57810e140, 0x000002a57810ce00, 0x000002a57810d2d0,
0x000002a57810d7a0, 0x000002a57bac0890, 0x000002a57bac2a40, 0x000002a57babced0,
0x000002a57bac2f10, 0x000002a57babca00, 0x000002a57bac1700, 0x000002a57bac33e0,
0x000002a57bac20a0, 0x000002a57bac2570, 0x000002a57bac38b0, 0x000002a57babd870,
0x000002a57babc530, 0x000002a57babfa20, 0x000002a57babdd40, 0x000002a57babe6e0,
0x000002a57bac03c0, 0x000002a57babebb0, 0x000002a57babf080, 0x000002a578f3d440,
0x000002a578f3ec50, 0x000002a578f3e780, 0x000002a578f39f50, 0x000002a578f3d910,
0x000002a578f3e2b0, 0x000002a578f3c100, 0x000002a578f40460, 0x000002a578f3dde0,
0x000002a578f3f5f0, 0x000002a578f3caa0, 0x000002a578f3cf70, 0x000002a578f395b0,
0x000002a578f3a8f0, 0x000002a578f3adc0, 0x000002a501195650, 0x000002a501190480
}

Java Threads: ( => current thread )
  0x000002a55df21c30 JavaThread "main" [_thread_blocked, id=9488, stack(0x000000d4d3f00000,0x000000d4d4000000)]
  0x000002a5769ec040 JavaThread "Reference Handler" daemon [_thread_blocked, id=8692, stack(0x000000d4d4600000,0x000000d4d4700000)]
  0x000002a5769ed5e0 JavaThread "Finalizer" daemon [_thread_blocked, id=6032, stack(0x000000d4d4700000,0x000000d4d4800000)]
  0x000002a576a25710 JavaThread "Signal Dispatcher" daemon [_thread_blocked, id=7296, stack(0x000000d4d4800000,0x000000d4d4900000)]
  0x000002a576a37c20 JavaThread "Attach Listener" daemon [_thread_blocked, id=1544, stack(0x000000d4d4900000,0x000000d4d4a00000)]
  0x000002a576a380f0 JavaThread "Service Thread" daemon [_thread_blocked, id=1416, stack(0x000000d4d4a00000,0x000000d4d4b00000)]
  0x000002a576a39150 JavaThread "Monitor Deflation Thread" daemon [_thread_blocked, id=4368, stack(0x000000d4d4b00000,0x000000d4d4c00000)]
=>0x000002a577403d20 JavaThread "C2 CompilerThread0" daemon [_thread_in_native, id=10236, stack(0x000000d4d4c00000,0x000000d4d4d00000)]
  0x000002a577405560 JavaThread "C1 CompilerThread0" daemon [_thread_blocked, id=6340, stack(0x000000d4d4d00000,0x000000d4d4e00000)]
  0x000002a577411580 JavaThread "Sweeper thread" daemon [_thread_blocked, id=9004, stack(0x000000d4d4e00000,0x000000d4d4f00000)]
  0x000002a57757a080 JavaThread "Common-Cleaner" daemon [_thread_blocked, id=2524, stack(0x000000d4d4f00000,0x000000d4d5000000)]
  0x000002a57757e560 JavaThread "Notification Thread" daemon [_thread_blocked, id=2620, stack(0x000000d4d5000000,0x000000d4d5100000)]
  0x000002a578a77a10 JavaThread "Daemon health stats" [_thread_blocked, id=7580, stack(0x000000d4d5300000,0x000000d4d5400000)]
  0x000002a578b4a800 JavaThread "Incoming local TCP Connector on port 53834" [_thread_in_native, id=10232, stack(0x000000d4d5400000,0x000000d4d5500000)]
  0x000002a579ddcfe0 JavaThread "Daemon periodic checks" [_thread_blocked, id=3360, stack(0x000000d4d5500000,0x000000d4d5600000)]
  0x000002a578327630 JavaThread "Daemon" [_thread_blocked, id=796, stack(0x000000d4d5600000,0x000000d4d5700000)]
  0x000002a578b260a0 JavaThread "Handler for socket connection from /127.0.0.1:53834 to /127.0.0.1:53835" [_thread_in_native, id=2136, stack(0x000000d4d5700000,0x000000d4d5800000)]
  0x000002a5781da2b0 JavaThread "Cancel handler" [_thread_blocked, id=1684, stack(0x000000d4d5800000,0x000000d4d5900000)]
  0x000002a5781da780 JavaThread "Daemon worker" [_thread_blocked, id=1168, stack(0x000000d4d5900000,0x000000d4d5a00000)]
  0x000002a57810bf90 JavaThread "Asynchronous log dispatcher for DefaultDaemonConnection: socket connection from /127.0.0.1:53834 to /127.0.0.1:53835" [_thread_blocked, id=9656, stack(0x000000d4d5a00000,0x000000d4d5b00000)]
  0x000002a57810f480 JavaThread "Daemon client event forwarder" [_thread_blocked, id=5736, stack(0x000000d4d5c00000,0x000000d4d5d00000)]
  0x000002a57810dc70 JavaThread "Cache worker for journal cache (C:\Users\LENOVO\.gradle\caches\journal-1)" [_thread_blocked, id=100, stack(0x000000d4d5d00000,0x000000d4d5e00000)]
  0x000002a57810efb0 JavaThread "File lock request listener" [_thread_in_native, id=11100, stack(0x000000d4d5e00000,0x000000d4d5f00000)]
  0x000002a57810eae0 JavaThread "Cache worker for file hash cache (C:\Users\LENOVO\.gradle\caches\8.0\fileHashes)" [_thread_blocked, id=5664, stack(0x000000d4d5f00000,0x000000d4d6000000)]
  0x000002a57810bac0 JavaThread "File watcher server" daemon [_thread_in_native, id=1628, stack(0x000000d4d6000000,0x000000d4d6100000)]
  0x000002a57810e140 JavaThread "File watcher consumer" daemon [_thread_blocked, id=2572, stack(0x000000d4d6100000,0x000000d4d6200000)]
  0x000002a57810ce00 JavaThread "Cache worker for checksums cache (G:\NANDA APRILLIA LESTARI MUFTI\BISMILLAH\SERBA-SERBI SKRIPSI 2024\WidyaAksara\program\.gradle\8.0\checksums)" [_thread_blocked, id=11076, stack(0x000000d4d6200000,0x000000d4d6300000)]
  0x000002a57810d2d0 JavaThread "Cache worker for cache directory md-rule (C:\Users\LENOVO\.gradle\caches\8.0\md-rule)" [_thread_blocked, id=9748, stack(0x000000d4d6300000,0x000000d4d6400000)]
  0x000002a57810d7a0 JavaThread "Cache worker for file content cache (C:\Users\LENOVO\.gradle\caches\8.0\fileContent)" [_thread_blocked, id=10116, stack(0x000000d4d6400000,0x000000d4d6500000)]
  0x000002a57bac0890 JavaThread "Cache worker for file hash cache (G:\NANDA APRILLIA LESTARI MUFTI\BISMILLAH\SERBA-SERBI SKRIPSI 2024\WidyaAksara\program\.gradle\8.0\fileHashes)" [_thread_blocked, id=1480, stack(0x000000d4d6600000,0x000000d4d6700000)]
  0x000002a57bac2a40 JavaThread "Cache worker for cache directory md-supplier (C:\Users\LENOVO\.gradle\caches\8.0\md-supplier)" [_thread_blocked, id=5320, stack(0x000000d4d6700000,0x000000d4d6800000)]
  0x000002a57babced0 JavaThread "Cache worker for execution history cache (C:\Users\LENOVO\.gradle\caches\8.0\executionHistory)" [_thread_blocked, id=6316, stack(0x000000d4d6800000,0x000000d4d6900000)]
  0x000002a57bac2f10 JavaThread "jar transforms" [_thread_blocked, id=6984, stack(0x000000d4d6900000,0x000000d4d6a00000)]
  0x000002a57babca00 JavaThread "jar transforms Thread 2" [_thread_blocked, id=5056, stack(0x000000d4d6a00000,0x000000d4d6b00000)]
  0x000002a57bac1700 JavaThread "Cache worker for kotlin-dsl (C:\Users\LENOVO\.gradle\caches\8.0\kotlin-dsl)" [_thread_blocked, id=10912, stack(0x000000d4d6b00000,0x000000d4d6c00000)]
  0x000002a57bac33e0 JavaThread "Cache worker for dependencies-accessors (G:\NANDA APRILLIA LESTARI MUFTI\BISMILLAH\SERBA-SERBI SKRIPSI 2024\WidyaAksara\program\.gradle\8.0\dependencies-accessors)" [_thread_blocked, id=8200, stack(0x000000d4d6c00000,0x000000d4d6d00000)]
  0x000002a57bac20a0 JavaThread "Cache worker for Build Output Cleanup Cache (G:\NANDA APRILLIA LESTARI MUFTI\BISMILLAH\SERBA-SERBI SKRIPSI 2024\WidyaAksara\program\.gradle\buildOutputCleanup)" [_thread_blocked, id=10076, stack(0x000000d4d6d00000,0x000000d4d6e00000)]
  0x000002a57bac2570 JavaThread "Unconstrained build operations" [_thread_blocked, id=7704, stack(0x000000d4d6f00000,0x000000d4d7000000)]
  0x000002a57bac38b0 JavaThread "Unconstrained build operations Thread 2" [_thread_blocked, id=4744, stack(0x000000d4d7000000,0x000000d4d7100000)]
  0x000002a57babd870 JavaThread "Unconstrained build operations Thread 3" [_thread_blocked, id=716, stack(0x000000d4d7100000,0x000000d4d7200000)]
  0x000002a57babc530 JavaThread "Unconstrained build operations Thread 4" [_thread_blocked, id=9384, stack(0x000000d4d7200000,0x000000d4d7300000)]
  0x000002a57babfa20 JavaThread "Unconstrained build operations Thread 5" [_thread_blocked, id=5780, stack(0x000000d4d7300000,0x000000d4d7400000)]
  0x000002a57babdd40 JavaThread "Unconstrained build operations Thread 6" [_thread_blocked, id=5720, stack(0x000000d4d7400000,0x000000d4d7500000)]
  0x000002a57babe6e0 JavaThread "Unconstrained build operations Thread 7" [_thread_blocked, id=4980, stack(0x000000d4d7500000,0x000000d4d7600000)]
  0x000002a57bac03c0 JavaThread "Unconstrained build operations Thread 8" [_thread_blocked, id=6812, stack(0x000000d4d7600000,0x000000d4d7700000)]
  0x000002a57babebb0 JavaThread "Unconstrained build operations Thread 9" [_thread_blocked, id=4600, stack(0x000000d4d7700000,0x000000d4d7800000)]
  0x000002a57babf080 JavaThread "Unconstrained build operations Thread 10" [_thread_blocked, id=8900, stack(0x000000d4d7800000,0x000000d4d7900000)]
  0x000002a578f3d440 JavaThread "Unconstrained build operations Thread 11" [_thread_blocked, id=10544, stack(0x000000d4d7900000,0x000000d4d7a00000)]
  0x000002a578f3ec50 JavaThread "Unconstrained build operations Thread 12" [_thread_blocked, id=5232, stack(0x000000d4d7a00000,0x000000d4d7b00000)]
  0x000002a578f3e780 JavaThread "Unconstrained build operations Thread 13" [_thread_blocked, id=10884, stack(0x000000d4d7b00000,0x000000d4d7c00000)]
  0x000002a578f39f50 JavaThread "Unconstrained build operations Thread 14" [_thread_blocked, id=5432, stack(0x000000d4d7c00000,0x000000d4d7d00000)]
  0x000002a578f3d910 JavaThread "Unconstrained build operations Thread 15" [_thread_blocked, id=7104, stack(0x000000d4d7d00000,0x000000d4d7e00000)]
  0x000002a578f3e2b0 JavaThread "Unconstrained build operations Thread 16" [_thread_blocked, id=1584, stack(0x000000d4d7e00000,0x000000d4d7f00000)]
  0x000002a578f3c100 JavaThread "Unconstrained build operations Thread 17" [_thread_blocked, id=9148, stack(0x000000d4d7f00000,0x000000d4d8000000)]
  0x000002a578f40460 JavaThread "Unconstrained build operations Thread 18" [_thread_blocked, id=2388, stack(0x000000d4d8000000,0x000000d4d8100000)]
  0x000002a578f3dde0 JavaThread "Unconstrained build operations Thread 19" [_thread_blocked, id=9124, stack(0x000000d4d8100000,0x000000d4d8200000)]
  0x000002a578f3f5f0 JavaThread "Unconstrained build operations Thread 20" [_thread_blocked, id=2112, stack(0x000000d4d8200000,0x000000d4d8300000)]
  0x000002a578f3caa0 JavaThread "build event listener" [_thread_blocked, id=9476, stack(0x000000d4d8500000,0x000000d4d8600000)]
  0x000002a578f3cf70 JavaThread "Memory manager" [_thread_blocked, id=9792, stack(0x000000d4d8600000,0x000000d4d8700000)]
  0x000002a578f395b0 JavaThread "included builds" [_thread_blocked, id=4924, stack(0x000000d4d3d00000,0x000000d4d3e00000)]
  0x000002a578f3a8f0 JavaThread "Execution worker" [_thread_in_vm, id=1904, stack(0x000000d4d3e00000,0x000000d4d3f00000)]
  0x000002a578f3adc0 JavaThread "Cache worker for execution history cache (G:\NANDA APRILLIA LESTARI MUFTI\BISMILLAH\SERBA-SERBI SKRIPSI 2024\WidyaAksara\program\.gradle\8.0\executionHistory)" [_thread_blocked, id=2120, stack(0x000000d4d5b00000,0x000000d4d5c00000)]
  0x000002a501195650 JavaThread "WorkerExecutor Queue Thread 2" [_thread_blocked, id=508, stack(0x000000d4d8800000,0x000000d4d8900000)]
  0x000002a501190480 JavaThread "WorkerExecutor Queue Thread 4" [_thread_blocked, id=9116, stack(0x000000d4d8a00000,0x000000d4d8b00000)]

Other Threads:
  0x000002a5769cfbe0 VMThread "VM Thread" [stack: 0x000000d4d4500000,0x000000d4d4600000] [id=4556]
  0x000002a5775a6020 WatcherThread [stack: 0x000000d4d5100000,0x000000d4d5200000] [id=7608]
  0x000002a55df5d6b0 GCTaskThread "GC Thread#0" [stack: 0x000000d4d4000000,0x000000d4d4100000] [id=11060]
  0x000002a5775f54f0 GCTaskThread "GC Thread#1" [stack: 0x000000d4d5200000,0x000000d4d5300000] [id=7780]
  0x000002a55df66500 ConcurrentGCThread "G1 Main Marker" [stack: 0x000000d4d4100000,0x000000d4d4200000] [id=8688]
  0x000002a55df66e20 ConcurrentGCThread "G1 Conc#0" [stack: 0x000000d4d4200000,0x000000d4d4300000] [id=7884]
  0x000002a55dfeece0 ConcurrentGCThread "G1 Refine#0" [stack: 0x000000d4d4300000,0x000000d4d4400000] [id=9720]
  0x000002a579b8b480 ConcurrentGCThread "G1 Refine#1" [stack: 0x000000d4d6500000,0x000000d4d6600000] [id=1668]
  0x000002a5768406d0 ConcurrentGCThread "G1 Service" [stack: 0x000000d4d4400000,0x000000d4d4500000] [id=8532]

Threads with active compile tasks:
C2 CompilerThread0   263554 24923       4       com.android.tools.r8.graph.j2::a (121 bytes)

VM state: not at safepoint (normal execution)

VM Mutex/Monitor currently owned by a thread:  ([mutex/lock_event])
[0x000002a55df1d490] MethodCompileQueue_lock - owner thread: 0x000002a578f3a8f0

Heap address: 0x00000000c0000000, size: 1024 MB, Compressed Oops mode: 32-bit

CDS archive(s) not mapped
Compressed class space mapped at: 0x0000000100000000-0x0000000140000000, reserved size: 1073741824
Narrow klass base: 0x0000000000000000, Narrow klass shift: 3, Narrow klass range: 0x140000000

GC Precious Log:
 CPUs: 2 total, 2 available
 Memory: 11680M
 Large Page Support: Disabled
 NUMA Support: Disabled
 Compressed Oops: Enabled (32-bit)
 Heap Region Size: 1M
 Heap Min Capacity: 8M
 Heap Initial Capacity: 184M
 Heap Max Capacity: 1G
 Pre-touch: Disabled
 Parallel Workers: 2
 Concurrent Workers: 1
 Concurrent Refinement Workers: 2
 Periodic GC: Disabled

Heap:
 garbage-first heap   total 319488K, used 267615K [0x00000000c0000000, 0x0000000100000000)
  region size 1024K, 60 young (61440K), 6 survivors (6144K)
 Metaspace       used 133315K, committed 134208K, reserved 1171456K
  class space    used 17437K, committed 17856K, reserved 1048576K

Heap Regions: E=young(eden), S=young(survivor), O=old, HS=humongous(starts), HC=humongous(continues), CS=collection set, F=free, OA=open archive, CA=closed archive, TAMS=top-at-mark-start (previous, next)
|   0|0x00000000c0000000, 0x00000000c0100000, 0x00000000c0100000|100%|HS|  |TAMS 0x00000000c0100000, 0x00000000c0000000| Complete 
|   1|0x00000000c0100000, 0x00000000c0200000, 0x00000000c0200000|100%|HC|  |TAMS 0x00000000c0200000, 0x00000000c0100000| Complete 
|   2|0x00000000c0200000, 0x00000000c0300000, 0x00000000c0300000|100%|HC|  |TAMS 0x00000000c0300000, 0x00000000c0200000| Complete 
|   3|0x00000000c0300000, 0x00000000c0400000, 0x00000000c0400000|100%|HC|  |TAMS 0x00000000c0400000, 0x00000000c0300000| Complete 
|   4|0x00000000c0400000, 0x00000000c0500000, 0x00000000c0500000|100%| O|  |TAMS 0x00000000c0500000, 0x00000000c0400000| Untracked 
|   5|0x00000000c0500000, 0x00000000c0600000, 0x00000000c0600000|100%| O|  |TAMS 0x00000000c0600000, 0x00000000c0500000| Untracked 
|   6|0x00000000c0600000, 0x00000000c0700000, 0x00000000c0700000|100%| O|  |TAMS 0x00000000c0700000, 0x00000000c0600000| Untracked 
|   7|0x00000000c0700000, 0x00000000c0800000, 0x00000000c0800000|100%| O|  |TAMS 0x00000000c0800000, 0x00000000c0700000| Untracked 
|   8|0x00000000c0800000, 0x00000000c0900000, 0x00000000c0900000|100%| O|  |TAMS 0x00000000c0900000, 0x00000000c0800000| Untracked 
|   9|0x00000000c0900000, 0x00000000c0a00000, 0x00000000c0a00000|100%| O|  |TAMS 0x00000000c0a00000, 0x00000000c0900000| Untracked 
|  10|0x00000000c0a00000, 0x00000000c0b00000, 0x00000000c0b00000|100%| O|  |TAMS 0x00000000c0b00000, 0x00000000c0a00000| Untracked 
|  11|0x00000000c0b00000, 0x00000000c0c00000, 0x00000000c0c00000|100%| O|  |TAMS 0x00000000c0c00000, 0x00000000c0b00000| Untracked 
|  12|0x00000000c0c00000, 0x00000000c0d00000, 0x00000000c0d00000|100%| O|  |TAMS 0x00000000c0d00000, 0x00000000c0c00000| Untracked 
|  13|0x00000000c0d00000, 0x00000000c0e00000, 0x00000000c0e00000|100%| O|  |TAMS 0x00000000c0e00000, 0x00000000c0d00000| Untracked 
|  14|0x00000000c0e00000, 0x00000000c0f00000, 0x00000000c0f00000|100%| O|  |TAMS 0x00000000c0f00000, 0x00000000c0e00000| Untracked 
|  15|0x00000000c0f00000, 0x00000000c1000000, 0x00000000c1000000|100%| O|  |TAMS 0x00000000c1000000, 0x00000000c0f00000| Untracked 
|  16|0x00000000c1000000, 0x00000000c1100000, 0x00000000c1100000|100%| O|  |TAMS 0x00000000c1100000, 0x00000000c1000000| Untracked 
|  17|0x00000000c1100000, 0x00000000c1200000, 0x00000000c1200000|100%| O|  |TAMS 0x00000000c1200000, 0x00000000c1100000| Untracked 
|  18|0x00000000c1200000, 0x00000000c1300000, 0x00000000c1300000|100%| O|  |TAMS 0x00000000c1300000, 0x00000000c1200000| Untracked 
|  19|0x00000000c1300000, 0x00000000c1400000, 0x00000000c1400000|100%| O|  |TAMS 0x00000000c1400000, 0x00000000c1300000| Untracked 
|  20|0x00000000c1400000, 0x00000000c1500000, 0x00000000c1500000|100%| O|  |TAMS 0x00000000c1500000, 0x00000000c1400000| Untracked 
|  21|0x00000000c1500000, 0x00000000c1600000, 0x00000000c1600000|100%| O|  |TAMS 0x00000000c1600000, 0x00000000c1500000| Untracked 
|  22|0x00000000c1600000, 0x00000000c1700000, 0x00000000c1700000|100%| O|  |TAMS 0x00000000c1700000, 0x00000000c1600000| Untracked 
|  23|0x00000000c1700000, 0x00000000c1800000, 0x00000000c1800000|100%| O|  |TAMS 0x00000000c1800000, 0x00000000c1700000| Untracked 
|  24|0x00000000c1800000, 0x00000000c1900000, 0x00000000c1900000|100%| O|  |TAMS 0x00000000c1900000, 0x00000000c1800000| Untracked 
|  25|0x00000000c1900000, 0x00000000c1a00000, 0x00000000c1a00000|100%| O|  |TAMS 0x00000000c1a00000, 0x00000000c1900000| Untracked 
|  26|0x00000000c1a00000, 0x00000000c1b00000, 0x00000000c1b00000|100%| O|  |TAMS 0x00000000c1b00000, 0x00000000c1a00000| Untracked 
|  27|0x00000000c1b00000, 0x00000000c1c00000, 0x00000000c1c00000|100%| O|  |TAMS 0x00000000c1c00000, 0x00000000c1b00000| Untracked 
|  28|0x00000000c1c00000, 0x00000000c1d00000, 0x00000000c1d00000|100%| O|  |TAMS 0x00000000c1d00000, 0x00000000c1c00000| Untracked 
|  29|0x00000000c1d00000, 0x00000000c1e00000, 0x00000000c1e00000|100%| O|  |TAMS 0x00000000c1e00000, 0x00000000c1d00000| Untracked 
|  30|0x00000000c1e00000, 0x00000000c1f00000, 0x00000000c1f00000|100%| O|  |TAMS 0x00000000c1f00000, 0x00000000c1e00000| Untracked 
|  31|0x00000000c1f00000, 0x00000000c2000000, 0x00000000c2000000|100%| O|  |TAMS 0x00000000c2000000, 0x00000000c1f00000| Untracked 
|  32|0x00000000c2000000, 0x00000000c2100000, 0x00000000c2100000|100%| O|  |TAMS 0x00000000c2100000, 0x00000000c2000000| Untracked 
|  33|0x00000000c2100000, 0x00000000c2200000, 0x00000000c2200000|100%| O|  |TAMS 0x00000000c2200000, 0x00000000c2100000| Untracked 
|  34|0x00000000c2200000, 0x00000000c2300000, 0x00000000c2300000|100%| O|  |TAMS 0x00000000c2300000, 0x00000000c2200000| Untracked 
|  35|0x00000000c2300000, 0x00000000c2400000, 0x00000000c2400000|100%| O|  |TAMS 0x00000000c2400000, 0x00000000c2300000| Untracked 
|  36|0x00000000c2400000, 0x00000000c2500000, 0x00000000c2500000|100%| O|  |TAMS 0x00000000c2500000, 0x00000000c2400000| Untracked 
|  37|0x00000000c2500000, 0x00000000c2600000, 0x00000000c2600000|100%| O|  |TAMS 0x00000000c2600000, 0x00000000c2500000| Untracked 
|  38|0x00000000c2600000, 0x00000000c2700000, 0x00000000c2700000|100%| O|  |TAMS 0x00000000c2700000, 0x00000000c2600000| Untracked 
|  39|0x00000000c2700000, 0x00000000c2800000, 0x00000000c2800000|100%|HS|  |TAMS 0x00000000c2800000, 0x00000000c2700000| Complete 
|  40|0x00000000c2800000, 0x00000000c2900000, 0x00000000c2900000|100%|HS|  |TAMS 0x00000000c2900000, 0x00000000c2800000| Complete 
|  41|0x00000000c2900000, 0x00000000c2a00000, 0x00000000c2a00000|100%|HS|  |TAMS 0x00000000c2a00000, 0x00000000c2900000| Complete 
|  42|0x00000000c2a00000, 0x00000000c2b00000, 0x00000000c2b00000|100%|HC|  |TAMS 0x00000000c2b00000, 0x00000000c2a00000| Complete 
|  43|0x00000000c2b00000, 0x00000000c2c00000, 0x00000000c2c00000|100%|HS|  |TAMS 0x00000000c2c00000, 0x00000000c2b00000| Complete 
|  44|0x00000000c2c00000, 0x00000000c2d00000, 0x00000000c2d00000|100%|HS|  |TAMS 0x00000000c2d00000, 0x00000000c2c00000| Complete 
|  45|0x00000000c2d00000, 0x00000000c2e00000, 0x00000000c2e00000|100%|HC|  |TAMS 0x00000000c2e00000, 0x00000000c2d00000| Complete 
|  46|0x00000000c2e00000, 0x00000000c2f00000, 0x00000000c2f00000|100%|HC|  |TAMS 0x00000000c2f00000, 0x00000000c2e00000| Complete 
|  47|0x00000000c2f00000, 0x00000000c3000000, 0x00000000c3000000|100%|HC|  |TAMS 0x00000000c3000000, 0x00000000c2f00000| Complete 
|  48|0x00000000c3000000, 0x00000000c3100000, 0x00000000c3100000|100%| O|  |TAMS 0x00000000c3100000, 0x00000000c3000000| Untracked 
|  49|0x00000000c3100000, 0x00000000c3200000, 0x00000000c3200000|100%| O|  |TAMS 0x00000000c3200000, 0x00000000c3100000| Untracked 
|  50|0x00000000c3200000, 0x00000000c3300000, 0x00000000c3300000|100%| O|  |TAMS 0x00000000c3300000, 0x00000000c3200000| Untracked 
|  51|0x00000000c3300000, 0x00000000c3400000, 0x00000000c3400000|100%| O|  |TAMS 0x00000000c3400000, 0x00000000c3300000| Untracked 
|  52|0x00000000c3400000, 0x00000000c3500000, 0x00000000c3500000|100%| O|  |TAMS 0x00000000c3500000, 0x00000000c3400000| Untracked 
|  53|0x00000000c3500000, 0x00000000c3600000, 0x00000000c3600000|100%| O|  |TAMS 0x00000000c3600000, 0x00000000c3500000| Untracked 
|  54|0x00000000c3600000, 0x00000000c3700000, 0x00000000c3700000|100%| O|  |TAMS 0x00000000c3700000, 0x00000000c3600000| Untracked 
|  55|0x00000000c3700000, 0x00000000c3800000, 0x00000000c3800000|100%| O|  |TAMS 0x00000000c3800000, 0x00000000c3700000| Untracked 
|  56|0x00000000c3800000, 0x00000000c3900000, 0x00000000c3900000|100%| O|  |TAMS 0x00000000c3900000, 0x00000000c3800000| Untracked 
|  57|0x00000000c3900000, 0x00000000c3a00000, 0x00000000c3a00000|100%| O|  |TAMS 0x00000000c3a00000, 0x00000000c3900000| Untracked 
|  58|0x00000000c3a00000, 0x00000000c3b00000, 0x00000000c3b00000|100%| O|  |TAMS 0x00000000c3b00000, 0x00000000c3a00000| Untracked 
|  59|0x00000000c3b00000, 0x00000000c3c00000, 0x00000000c3c00000|100%| O|  |TAMS 0x00000000c3c00000, 0x00000000c3b00000| Untracked 
|  60|0x00000000c3c00000, 0x00000000c3d00000, 0x00000000c3d00000|100%| O|  |TAMS 0x00000000c3d00000, 0x00000000c3c00000| Untracked 
|  61|0x00000000c3d00000, 0x00000000c3e00000, 0x00000000c3e00000|100%| O|  |TAMS 0x00000000c3e00000, 0x00000000c3d00000| Untracked 
|  62|0x00000000c3e00000, 0x00000000c3f00000, 0x00000000c3f00000|100%| O|  |TAMS 0x00000000c3f00000, 0x00000000c3e00000| Untracked 
|  63|0x00000000c3f00000, 0x00000000c4000000, 0x00000000c4000000|100%| O|  |TAMS 0x00000000c4000000, 0x00000000c3f00000| Untracked 
|  64|0x00000000c4000000, 0x00000000c4100000, 0x00000000c4100000|100%| O|  |TAMS 0x00000000c4100000, 0x00000000c4000000| Untracked 
|  65|0x00000000c4100000, 0x00000000c4200000, 0x00000000c4200000|100%| O|  |TAMS 0x00000000c4200000, 0x00000000c4100000| Untracked 
|  66|0x00000000c4200000, 0x00000000c4300000, 0x00000000c4300000|100%| O|  |TAMS 0x00000000c4300000, 0x00000000c4200000| Untracked 
|  67|0x00000000c4300000, 0x00000000c4400000, 0x00000000c4400000|100%| O|  |TAMS 0x00000000c4400000, 0x00000000c4300000| Untracked 
|  68|0x00000000c4400000, 0x00000000c4500000, 0x00000000c4500000|100%| O|  |TAMS 0x00000000c4500000, 0x00000000c4400000| Untracked 
|  69|0x00000000c4500000, 0x00000000c4600000, 0x00000000c4600000|100%| O|  |TAMS 0x00000000c4500000, 0x00000000c4500000| Untracked 
|  70|0x00000000c4600000, 0x00000000c4700000, 0x00000000c4700000|100%| O|  |TAMS 0x00000000c4700000, 0x00000000c4600000| Untracked 
|  71|0x00000000c4700000, 0x00000000c4800000, 0x00000000c4800000|100%| O|  |TAMS 0x00000000c4800000, 0x00000000c4700000| Untracked 
|  72|0x00000000c4800000, 0x00000000c4900000, 0x00000000c4900000|100%| O|  |TAMS 0x00000000c4900000, 0x00000000c4800000| Untracked 
|  73|0x00000000c4900000, 0x00000000c4a00000, 0x00000000c4a00000|100%| O|  |TAMS 0x00000000c4a00000, 0x00000000c4900000| Untracked 
|  74|0x00000000c4a00000, 0x00000000c4b00000, 0x00000000c4b00000|100%| O|  |TAMS 0x00000000c4b00000, 0x00000000c4a00000| Untracked 
|  75|0x00000000c4b00000, 0x00000000c4c00000, 0x00000000c4c00000|100%| O|  |TAMS 0x00000000c4c00000, 0x00000000c4b00000| Untracked 
|  76|0x00000000c4c00000, 0x00000000c4d00000, 0x00000000c4d00000|100%| O|  |TAMS 0x00000000c4d00000, 0x00000000c4c00000| Untracked 
|  77|0x00000000c4d00000, 0x00000000c4e00000, 0x00000000c4e00000|100%| O|  |TAMS 0x00000000c4e00000, 0x00000000c4d00000| Untracked 
|  78|0x00000000c4e00000, 0x00000000c4f00000, 0x00000000c4f00000|100%| O|  |TAMS 0x00000000c4f00000, 0x00000000c4e00000| Untracked 
|  79|0x00000000c4f00000, 0x00000000c5000000, 0x00000000c5000000|100%| O|  |TAMS 0x00000000c5000000, 0x00000000c4f00000| Untracked 
|  80|0x00000000c5000000, 0x00000000c5100000, 0x00000000c5100000|100%| O|  |TAMS 0x00000000c5100000, 0x00000000c5000000| Untracked 
|  81|0x00000000c5100000, 0x00000000c5200000, 0x00000000c5200000|100%| O|  |TAMS 0x00000000c5200000, 0x00000000c5100000| Untracked 
|  82|0x00000000c5200000, 0x00000000c5300000, 0x00000000c5300000|100%| O|  |TAMS 0x00000000c5300000, 0x00000000c5200000| Untracked 
|  83|0x00000000c5300000, 0x00000000c5400000, 0x00000000c5400000|100%| O|  |TAMS 0x00000000c5400000, 0x00000000c5300000| Untracked 
|  84|0x00000000c5400000, 0x00000000c5500000, 0x00000000c5500000|100%| O|  |TAMS 0x00000000c5500000, 0x00000000c5400000| Untracked 
|  85|0x00000000c5500000, 0x00000000c5600000, 0x00000000c5600000|100%| O|  |TAMS 0x00000000c5600000, 0x00000000c5500000| Untracked 
|  86|0x00000000c5600000, 0x00000000c5700000, 0x00000000c5700000|100%| O|  |TAMS 0x00000000c5700000, 0x00000000c5600000| Untracked 
|  87|0x00000000c5700000, 0x00000000c5800000, 0x00000000c5800000|100%| O|  |TAMS 0x00000000c5800000, 0x00000000c5700000| Untracked 
|  88|0x00000000c5800000, 0x00000000c5900000, 0x00000000c5900000|100%| O|  |TAMS 0x00000000c5900000, 0x00000000c5800000| Untracked 
|  89|0x00000000c5900000, 0x00000000c5a00000, 0x00000000c5a00000|100%| O|  |TAMS 0x00000000c5a00000, 0x00000000c5900000| Untracked 
|  90|0x00000000c5a00000, 0x00000000c5b00000, 0x00000000c5b00000|100%| O|  |TAMS 0x00000000c5a00000, 0x00000000c5a00000| Untracked 
|  91|0x00000000c5b00000, 0x00000000c5c00000, 0x00000000c5c00000|100%| O|  |TAMS 0x00000000c5c00000, 0x00000000c5b00000| Untracked 
|  92|0x00000000c5c00000, 0x00000000c5d00000, 0x00000000c5d00000|100%| O|  |TAMS 0x00000000c5d00000, 0x00000000c5c00000| Untracked 
|  93|0x00000000c5d00000, 0x00000000c5e00000, 0x00000000c5e00000|100%| O|  |TAMS 0x00000000c5d00000, 0x00000000c5d00000| Untracked 
|  94|0x00000000c5e00000, 0x00000000c5f00000, 0x00000000c5f00000|100%| O|  |TAMS 0x00000000c5f00000, 0x00000000c5e00000| Untracked 
|  95|0x00000000c5f00000, 0x00000000c6000000, 0x00000000c6000000|100%| O|  |TAMS 0x00000000c6000000, 0x00000000c5f00000| Untracked 
|  96|0x00000000c6000000, 0x00000000c6100000, 0x00000000c6100000|100%| O|  |TAMS 0x00000000c6100000, 0x00000000c6000000| Untracked 
|  97|0x00000000c6100000, 0x00000000c6200000, 0x00000000c6200000|100%| O|  |TAMS 0x00000000c6200000, 0x00000000c6100000| Untracked 
|  98|0x00000000c6200000, 0x00000000c6300000, 0x00000000c6300000|100%| O|  |TAMS 0x00000000c6200000, 0x00000000c6200000| Untracked 
|  99|0x00000000c6300000, 0x00000000c6400000, 0x00000000c6400000|100%| O|  |TAMS 0x00000000c6300000, 0x00000000c6300000| Untracked 
| 100|0x00000000c6400000, 0x00000000c6500000, 0x00000000c6500000|100%| O|  |TAMS 0x00000000c6400000, 0x00000000c6400000| Untracked 
| 101|0x00000000c6500000, 0x00000000c6600000, 0x00000000c6600000|100%| O|  |TAMS 0x00000000c6500000, 0x00000000c6500000| Untracked 
| 102|0x00000000c6600000, 0x00000000c6700000, 0x00000000c6700000|100%| O|  |TAMS 0x00000000c6600000, 0x00000000c6600000| Untracked 
| 103|0x00000000c6700000, 0x00000000c6800000, 0x00000000c6800000|100%| O|  |TAMS 0x00000000c6700000, 0x00000000c6700000| Untracked 
| 104|0x00000000c6800000, 0x00000000c6900000, 0x00000000c6900000|100%| O|  |TAMS 0x00000000c6800000, 0x00000000c6800000| Untracked 
| 105|0x00000000c6900000, 0x00000000c6a00000, 0x00000000c6a00000|100%| O|  |TAMS 0x00000000c6900000, 0x00000000c6900000| Untracked 
| 106|0x00000000c6a00000, 0x00000000c6b00000, 0x00000000c6b00000|100%| O|  |TAMS 0x00000000c6a00000, 0x00000000c6a00000| Untracked 
| 107|0x00000000c6b00000, 0x00000000c6c00000, 0x00000000c6c00000|100%| O|  |TAMS 0x00000000c6b00000, 0x00000000c6b00000| Untracked 
| 108|0x00000000c6c00000, 0x00000000c6d00000, 0x00000000c6d00000|100%| O|  |TAMS 0x00000000c6c00000, 0x00000000c6c00000| Untracked 
| 109|0x00000000c6d00000, 0x00000000c6e00000, 0x00000000c6e00000|100%| O|  |TAMS 0x00000000c6d00000, 0x00000000c6d00000| Untracked 
| 110|0x00000000c6e00000, 0x00000000c6f00000, 0x00000000c6f00000|100%| O|  |TAMS 0x00000000c6e00000, 0x00000000c6e00000| Untracked 
| 111|0x00000000c6f00000, 0x00000000c7000000, 0x00000000c7000000|100%| O|  |TAMS 0x00000000c6f00000, 0x00000000c6f00000| Untracked 
| 112|0x00000000c7000000, 0x00000000c7100000, 0x00000000c7100000|100%| O|  |TAMS 0x00000000c7000000, 0x00000000c7000000| Untracked 
| 113|0x00000000c7100000, 0x00000000c7200000, 0x00000000c7200000|100%| O|  |TAMS 0x00000000c7100000, 0x00000000c7100000| Untracked 
| 114|0x00000000c7200000, 0x00000000c7300000, 0x00000000c7300000|100%| O|  |TAMS 0x00000000c7200000, 0x00000000c7200000| Untracked 
| 115|0x00000000c7300000, 0x00000000c7400000, 0x00000000c7400000|100%| O|  |TAMS 0x00000000c7300000, 0x00000000c7300000| Untracked 
| 116|0x00000000c7400000, 0x00000000c7500000, 0x00000000c7500000|100%| O|  |TAMS 0x00000000c7400000, 0x00000000c7400000| Untracked 
| 117|0x00000000c7500000, 0x00000000c7600000, 0x00000000c7600000|100%| O|  |TAMS 0x00000000c7500000, 0x00000000c7500000| Untracked 
| 118|0x00000000c7600000, 0x00000000c7700000, 0x00000000c7700000|100%| O|  |TAMS 0x00000000c7600000, 0x00000000c7600000| Untracked 
| 119|0x00000000c7700000, 0x00000000c7800000, 0x00000000c7800000|100%| O|  |TAMS 0x00000000c7700000, 0x00000000c7700000| Untracked 
| 120|0x00000000c7800000, 0x00000000c7900000, 0x00000000c7900000|100%| O|  |TAMS 0x00000000c7800000, 0x00000000c7800000| Untracked 
| 121|0x00000000c7900000, 0x00000000c7a00000, 0x00000000c7a00000|100%| O|  |TAMS 0x00000000c7900000, 0x00000000c7900000| Untracked 
| 122|0x00000000c7a00000, 0x00000000c7b00000, 0x00000000c7b00000|100%| O|  |TAMS 0x00000000c7a00000, 0x00000000c7a00000| Untracked 
| 123|0x00000000c7b00000, 0x00000000c7c00000, 0x00000000c7c00000|100%| O|  |TAMS 0x00000000c7b00000, 0x00000000c7b00000| Untracked 
| 124|0x00000000c7c00000, 0x00000000c7d00000, 0x00000000c7d00000|100%| O|  |TAMS 0x00000000c7c00000, 0x00000000c7c00000| Untracked 
| 125|0x00000000c7d00000, 0x00000000c7e00000, 0x00000000c7e00000|100%| O|  |TAMS 0x00000000c7d00000, 0x00000000c7d00000| Untracked 
| 126|0x00000000c7e00000, 0x00000000c7f00000, 0x00000000c7f00000|100%| O|  |TAMS 0x00000000c7e00000, 0x00000000c7e00000| Untracked 
| 127|0x00000000c7f00000, 0x00000000c8000000, 0x00000000c8000000|100%| O|  |TAMS 0x00000000c7f00000, 0x00000000c7f00000| Untracked 
| 128|0x00000000c8000000, 0x00000000c8100000, 0x00000000c8100000|100%| O|  |TAMS 0x00000000c8000000, 0x00000000c8000000| Untracked 
| 129|0x00000000c8100000, 0x00000000c8200000, 0x00000000c8200000|100%| O|  |TAMS 0x00000000c8100000, 0x00000000c8100000| Untracked 
| 130|0x00000000c8200000, 0x00000000c8300000, 0x00000000c8300000|100%| O|  |TAMS 0x00000000c8200000, 0x00000000c8200000| Untracked 
| 131|0x00000000c8300000, 0x00000000c8400000, 0x00000000c8400000|100%| O|  |TAMS 0x00000000c8300000, 0x00000000c8300000| Untracked 
| 132|0x00000000c8400000, 0x00000000c8500000, 0x00000000c8500000|100%| O|  |TAMS 0x00000000c8400000, 0x00000000c8400000| Untracked 
| 133|0x00000000c8500000, 0x00000000c8600000, 0x00000000c8600000|100%| O|  |TAMS 0x00000000c8500000, 0x00000000c8500000| Untracked 
| 134|0x00000000c8600000, 0x00000000c8700000, 0x00000000c8700000|100%| O|  |TAMS 0x00000000c8600000, 0x00000000c8600000| Untracked 
| 135|0x00000000c8700000, 0x00000000c8800000, 0x00000000c8800000|100%| O|  |TAMS 0x00000000c8700000, 0x00000000c8700000| Untracked 
| 136|0x00000000c8800000, 0x00000000c8900000, 0x00000000c8900000|100%| O|  |TAMS 0x00000000c8800000, 0x00000000c8800000| Untracked 
| 137|0x00000000c8900000, 0x00000000c8a00000, 0x00000000c8a00000|100%| O|  |TAMS 0x00000000c8900000, 0x00000000c8900000| Untracked 
| 138|0x00000000c8a00000, 0x00000000c8b00000, 0x00000000c8b00000|100%| O|  |TAMS 0x00000000c8a00000, 0x00000000c8a00000| Untracked 
| 139|0x00000000c8b00000, 0x00000000c8c00000, 0x00000000c8c00000|100%| O|  |TAMS 0x00000000c8b00000, 0x00000000c8b00000| Untracked 
| 140|0x00000000c8c00000, 0x00000000c8d00000, 0x00000000c8d00000|100%| O|  |TAMS 0x00000000c8c00000, 0x00000000c8c00000| Untracked 
| 141|0x00000000c8d00000, 0x00000000c8e00000, 0x00000000c8e00000|100%| O|  |TAMS 0x00000000c8d00000, 0x00000000c8d00000| Untracked 
| 142|0x00000000c8e00000, 0x00000000c8f00000, 0x00000000c8f00000|100%| O|  |TAMS 0x00000000c8e00000, 0x00000000c8e00000| Untracked 
| 143|0x00000000c8f00000, 0x00000000c9000000, 0x00000000c9000000|100%| O|  |TAMS 0x00000000c8f00000, 0x00000000c8f00000| Untracked 
| 144|0x00000000c9000000, 0x00000000c9100000, 0x00000000c9100000|100%| O|  |TAMS 0x00000000c9000000, 0x00000000c9000000| Untracked 
| 145|0x00000000c9100000, 0x00000000c9200000, 0x00000000c9200000|100%| O|  |TAMS 0x00000000c9100000, 0x00000000c9100000| Untracked 
| 146|0x00000000c9200000, 0x00000000c9300000, 0x00000000c9300000|100%| O|  |TAMS 0x00000000c9200000, 0x00000000c9200000| Untracked 
| 147|0x00000000c9300000, 0x00000000c9400000, 0x00000000c9400000|100%| O|  |TAMS 0x00000000c9300000, 0x00000000c9300000| Untracked 
| 148|0x00000000c9400000, 0x00000000c9500000, 0x00000000c9500000|100%| O|  |TAMS 0x00000000c9400000, 0x00000000c9400000| Untracked 
| 149|0x00000000c9500000, 0x00000000c9600000, 0x00000000c9600000|100%| O|  |TAMS 0x00000000c9500000, 0x00000000c9500000| Untracked 
| 150|0x00000000c9600000, 0x00000000c9700000, 0x00000000c9700000|100%| O|  |TAMS 0x00000000c9600000, 0x00000000c9600000| Untracked 
| 151|0x00000000c9700000, 0x00000000c9800000, 0x00000000c9800000|100%| O|  |TAMS 0x00000000c9800000, 0x00000000c9700000| Untracked 
| 152|0x00000000c9800000, 0x00000000c9900000, 0x00000000c9900000|100%| O|  |TAMS 0x00000000c9900000, 0x00000000c9800000| Untracked 
| 153|0x00000000c9900000, 0x00000000c9a00000, 0x00000000c9a00000|100%| O|  |TAMS 0x00000000c999b400, 0x00000000c9900000| Untracked 
| 154|0x00000000c9a00000, 0x00000000c9b00000, 0x00000000c9b00000|100%| O|  |TAMS 0x00000000c9a00000, 0x00000000c9a00000| Untracked 
| 155|0x00000000c9b00000, 0x00000000c9c00000, 0x00000000c9c00000|100%| O|  |TAMS 0x00000000c9b00000, 0x00000000c9b00000| Untracked 
| 156|0x00000000c9c00000, 0x00000000c9d00000, 0x00000000c9d00000|100%| O|  |TAMS 0x00000000c9c00000, 0x00000000c9c00000| Untracked 
| 157|0x00000000c9d00000, 0x00000000c9e00000, 0x00000000c9e00000|100%| O|  |TAMS 0x00000000c9d00000, 0x00000000c9d00000| Untracked 
| 158|0x00000000c9e00000, 0x00000000c9f00000, 0x00000000c9f00000|100%| O|  |TAMS 0x00000000c9e00000, 0x00000000c9e00000| Untracked 
| 159|0x00000000c9f00000, 0x00000000ca000000, 0x00000000ca000000|100%| O|  |TAMS 0x00000000c9f00000, 0x00000000c9f00000| Untracked 
| 160|0x00000000ca000000, 0x00000000ca100000, 0x00000000ca100000|100%| O|  |TAMS 0x00000000ca000000, 0x00000000ca000000| Untracked 
| 161|0x00000000ca100000, 0x00000000ca200000, 0x00000000ca200000|100%| O|  |TAMS 0x00000000ca100000, 0x00000000ca100000| Untracked 
| 162|0x00000000ca200000, 0x00000000ca300000, 0x00000000ca300000|100%| O|  |TAMS 0x00000000ca200000, 0x00000000ca200000| Untracked 
| 163|0x00000000ca300000, 0x00000000ca400000, 0x00000000ca400000|100%| O|  |TAMS 0x00000000ca300000, 0x00000000ca300000| Untracked 
| 164|0x00000000ca400000, 0x00000000ca500000, 0x00000000ca500000|100%| O|  |TAMS 0x00000000ca400000, 0x00000000ca400000| Untracked 
| 165|0x00000000ca500000, 0x00000000ca600000, 0x00000000ca600000|100%| O|  |TAMS 0x00000000ca500000, 0x00000000ca500000| Untracked 
| 166|0x00000000ca600000, 0x00000000ca700000, 0x00000000ca700000|100%| O|  |TAMS 0x00000000ca600000, 0x00000000ca600000| Untracked 
| 167|0x00000000ca700000, 0x00000000ca800000, 0x00000000ca800000|100%| O|  |TAMS 0x00000000ca700000, 0x00000000ca700000| Untracked 
| 168|0x00000000ca800000, 0x00000000ca900000, 0x00000000ca900000|100%| O|  |TAMS 0x00000000ca800000, 0x00000000ca800000| Untracked 
| 169|0x00000000ca900000, 0x00000000caa00000, 0x00000000caa00000|100%| O|  |TAMS 0x00000000ca900000, 0x00000000ca900000| Untracked 
| 170|0x00000000caa00000, 0x00000000cab00000, 0x00000000cab00000|100%| O|  |TAMS 0x00000000caa00000, 0x00000000caa00000| Untracked 
| 171|0x00000000cab00000, 0x00000000cac00000, 0x00000000cac00000|100%| O|  |TAMS 0x00000000cab00000, 0x00000000cab00000| Untracked 
| 172|0x00000000cac00000, 0x00000000cad00000, 0x00000000cad00000|100%| O|  |TAMS 0x00000000cac00000, 0x00000000cac00000| Untracked 
| 173|0x00000000cad00000, 0x00000000cae00000, 0x00000000cae00000|100%| O|  |TAMS 0x00000000cad00000, 0x00000000cad00000| Untracked 
| 174|0x00000000cae00000, 0x00000000caf00000, 0x00000000caf00000|100%| O|  |TAMS 0x00000000cae00000, 0x00000000cae00000| Untracked 
| 175|0x00000000caf00000, 0x00000000cb000000, 0x00000000cb000000|100%| O|  |TAMS 0x00000000caf00000, 0x00000000caf00000| Untracked 
| 176|0x00000000cb000000, 0x00000000cb100000, 0x00000000cb100000|100%| O|  |TAMS 0x00000000cb000000, 0x00000000cb000000| Untracked 
| 177|0x00000000cb100000, 0x00000000cb200000, 0x00000000cb200000|100%| O|  |TAMS 0x00000000cb100000, 0x00000000cb100000| Untracked 
| 178|0x00000000cb200000, 0x00000000cb300000, 0x00000000cb300000|100%| O|  |TAMS 0x00000000cb200000, 0x00000000cb200000| Untracked 
| 179|0x00000000cb300000, 0x00000000cb400000, 0x00000000cb400000|100%| O|  |TAMS 0x00000000cb300000, 0x00000000cb300000| Untracked 
| 180|0x00000000cb400000, 0x00000000cb500000, 0x00000000cb500000|100%| O|  |TAMS 0x00000000cb400000, 0x00000000cb400000| Untracked 
| 181|0x00000000cb500000, 0x00000000cb600000, 0x00000000cb600000|100%| O|  |TAMS 0x00000000cb500000, 0x00000000cb500000| Untracked 
| 182|0x00000000cb600000, 0x00000000cb700000, 0x00000000cb700000|100%| O|  |TAMS 0x00000000cb600000, 0x00000000cb600000| Untracked 
| 183|0x00000000cb700000, 0x00000000cb800000, 0x00000000cb800000|100%| O|  |TAMS 0x00000000cb700000, 0x00000000cb700000| Untracked 
| 184|0x00000000cb800000, 0x00000000cb900000, 0x00000000cb900000|100%| O|  |TAMS 0x00000000cb800000, 0x00000000cb800000| Untracked 
| 185|0x00000000cb900000, 0x00000000cba00000, 0x00000000cba00000|100%| O|  |TAMS 0x00000000cb900000, 0x00000000cb900000| Untracked 
| 186|0x00000000cba00000, 0x00000000cbb00000, 0x00000000cbb00000|100%| O|  |TAMS 0x00000000cba00000, 0x00000000cba00000| Untracked 
| 187|0x00000000cbb00000, 0x00000000cbc00000, 0x00000000cbc00000|100%| O|  |TAMS 0x00000000cbb00000, 0x00000000cbb00000| Untracked 
| 188|0x00000000cbc00000, 0x00000000cbd00000, 0x00000000cbd00000|100%| O|  |TAMS 0x00000000cbc00000, 0x00000000cbc00000| Untracked 
| 189|0x00000000cbd00000, 0x00000000cbe00000, 0x00000000cbe00000|100%| O|  |TAMS 0x00000000cbd00000, 0x00000000cbd00000| Untracked 
| 190|0x00000000cbe00000, 0x00000000cbf00000, 0x00000000cbf00000|100%| O|  |TAMS 0x00000000cbe00000, 0x00000000cbe00000| Untracked 
| 191|0x00000000cbf00000, 0x00000000cc000000, 0x00000000cc000000|100%| O|  |TAMS 0x00000000cbf00000, 0x00000000cbf00000| Untracked 
| 192|0x00000000cc000000, 0x00000000cc100000, 0x00000000cc100000|100%| O|  |TAMS 0x00000000cc000000, 0x00000000cc000000| Untracked 
| 193|0x00000000cc100000, 0x00000000cc200000, 0x00000000cc200000|100%| O|  |TAMS 0x00000000cc100000, 0x00000000cc100000| Untracked 
| 194|0x00000000cc200000, 0x00000000cc300000, 0x00000000cc300000|100%| O|  |TAMS 0x00000000cc200000, 0x00000000cc200000| Untracked 
| 195|0x00000000cc300000, 0x00000000cc400000, 0x00000000cc400000|100%| O|  |TAMS 0x00000000cc300000, 0x00000000cc300000| Untracked 
| 196|0x00000000cc400000, 0x00000000cc500000, 0x00000000cc500000|100%| O|  |TAMS 0x00000000cc400000, 0x00000000cc400000| Untracked 
| 197|0x00000000cc500000, 0x00000000cc600000, 0x00000000cc600000|100%| O|  |TAMS 0x00000000cc500000, 0x00000000cc500000| Untracked 
| 198|0x00000000cc600000, 0x00000000cc700000, 0x00000000cc700000|100%| O|  |TAMS 0x00000000cc600000, 0x00000000cc600000| Untracked 
| 199|0x00000000cc700000, 0x00000000cc800000, 0x00000000cc800000|100%| O|  |TAMS 0x00000000cc700000, 0x00000000cc700000| Untracked 
| 200|0x00000000cc800000, 0x00000000cc900000, 0x00000000cc900000|100%| O|  |TAMS 0x00000000cc800000, 0x00000000cc800000| Untracked 
| 201|0x00000000cc900000, 0x00000000cc900000, 0x00000000cca00000|  0%| F|  |TAMS 0x00000000cc900000, 0x00000000cc900000| Untracked 
| 202|0x00000000cca00000, 0x00000000cca00000, 0x00000000ccb00000|  0%| F|  |TAMS 0x00000000cca00000, 0x00000000cca00000| Untracked 
| 203|0x00000000ccb00000, 0x00000000ccb00000, 0x00000000ccc00000|  0%| F|  |TAMS 0x00000000ccb00000, 0x00000000ccb00000| Untracked 
| 204|0x00000000ccc00000, 0x00000000ccc00000, 0x00000000ccd00000|  0%| F|  |TAMS 0x00000000ccc00000, 0x00000000ccc00000| Untracked 
| 205|0x00000000ccd00000, 0x00000000ccd00000, 0x00000000cce00000|  0%| F|  |TAMS 0x00000000ccd00000, 0x00000000ccd00000| Untracked 
| 206|0x00000000cce00000, 0x00000000cce00000, 0x00000000ccf00000|  0%| F|  |TAMS 0x00000000cce00000, 0x00000000cce00000| Untracked 
| 207|0x00000000ccf00000, 0x00000000ccf00000, 0x00000000cd000000|  0%| F|  |TAMS 0x00000000ccf00000, 0x00000000ccf00000| Untracked 
| 208|0x00000000cd000000, 0x00000000cd000000, 0x00000000cd100000|  0%| F|  |TAMS 0x00000000cd000000, 0x00000000cd000000| Untracked 
| 209|0x00000000cd100000, 0x00000000cd100000, 0x00000000cd200000|  0%| F|  |TAMS 0x00000000cd100000, 0x00000000cd100000| Untracked 
| 210|0x00000000cd200000, 0x00000000cd200000, 0x00000000cd300000|  0%| F|  |TAMS 0x00000000cd200000, 0x00000000cd200000| Untracked 
| 211|0x00000000cd300000, 0x00000000cd300000, 0x00000000cd400000|  0%| F|  |TAMS 0x00000000cd300000, 0x00000000cd300000| Untracked 
| 212|0x00000000cd400000, 0x00000000cd400000, 0x00000000cd500000|  0%| F|  |TAMS 0x00000000cd400000, 0x00000000cd400000| Untracked 
| 213|0x00000000cd500000, 0x00000000cd500000, 0x00000000cd600000|  0%| F|  |TAMS 0x00000000cd500000, 0x00000000cd500000| Untracked 
| 214|0x00000000cd600000, 0x00000000cd600000, 0x00000000cd700000|  0%| F|  |TAMS 0x00000000cd600000, 0x00000000cd600000| Untracked 
| 215|0x00000000cd700000, 0x00000000cd700000, 0x00000000cd800000|  0%| F|  |TAMS 0x00000000cd700000, 0x00000000cd700000| Untracked 
| 216|0x00000000cd800000, 0x00000000cd800000, 0x00000000cd900000|  0%| F|  |TAMS 0x00000000cd800000, 0x00000000cd800000| Untracked 
| 217|0x00000000cd900000, 0x00000000cd900000, 0x00000000cda00000|  0%| F|  |TAMS 0x00000000cd900000, 0x00000000cd900000| Untracked 
| 218|0x00000000cda00000, 0x00000000cda00000, 0x00000000cdb00000|  0%| F|  |TAMS 0x00000000cda00000, 0x00000000cda00000| Untracked 
| 219|0x00000000cdb00000, 0x00000000cdb00000, 0x00000000cdc00000|  0%| F|  |TAMS 0x00000000cdb00000, 0x00000000cdb00000| Untracked 
| 220|0x00000000cdc00000, 0x00000000cdc00000, 0x00000000cdd00000|  0%| F|  |TAMS 0x00000000cdc00000, 0x00000000cdc00000| Untracked 
| 221|0x00000000cdd00000, 0x00000000cdd00000, 0x00000000cde00000|  0%| F|  |TAMS 0x00000000cdd00000, 0x00000000cdd00000| Untracked 
| 222|0x00000000cde00000, 0x00000000cde00000, 0x00000000cdf00000|  0%| F|  |TAMS 0x00000000cde00000, 0x00000000cde00000| Untracked 
| 223|0x00000000cdf00000, 0x00000000cdf00000, 0x00000000ce000000|  0%| F|  |TAMS 0x00000000cdf00000, 0x00000000cdf00000| Untracked 
| 224|0x00000000ce000000, 0x00000000ce000000, 0x00000000ce100000|  0%| F|  |TAMS 0x00000000ce000000, 0x00000000ce000000| Untracked 
| 225|0x00000000ce100000, 0x00000000ce100000, 0x00000000ce200000|  0%| F|  |TAMS 0x00000000ce100000, 0x00000000ce100000| Untracked 
| 226|0x00000000ce200000, 0x00000000ce200000, 0x00000000ce300000|  0%| F|  |TAMS 0x00000000ce200000, 0x00000000ce200000| Untracked 
| 227|0x00000000ce300000, 0x00000000ce300000, 0x00000000ce400000|  0%| F|  |TAMS 0x00000000ce300000, 0x00000000ce300000| Untracked 
| 228|0x00000000ce400000, 0x00000000ce400000, 0x00000000ce500000|  0%| F|  |TAMS 0x00000000ce400000, 0x00000000ce400000| Untracked 
| 229|0x00000000ce500000, 0x00000000ce500000, 0x00000000ce600000|  0%| F|  |TAMS 0x00000000ce500000, 0x00000000ce500000| Untracked 
| 230|0x00000000ce600000, 0x00000000ce600000, 0x00000000ce700000|  0%| F|  |TAMS 0x00000000ce600000, 0x00000000ce600000| Untracked 
| 231|0x00000000ce700000, 0x00000000ce700000, 0x00000000ce800000|  0%| F|  |TAMS 0x00000000ce700000, 0x00000000ce700000| Untracked 
| 232|0x00000000ce800000, 0x00000000ce800000, 0x00000000ce900000|  0%| F|  |TAMS 0x00000000ce800000, 0x00000000ce800000| Untracked 
| 233|0x00000000ce900000, 0x00000000ce900000, 0x00000000cea00000|  0%| F|  |TAMS 0x00000000ce900000, 0x00000000ce900000| Untracked 
| 234|0x00000000cea00000, 0x00000000cea57fa8, 0x00000000ceb00000| 34%| S|CS|TAMS 0x00000000cea00000, 0x00000000cea00000| Complete 
| 235|0x00000000ceb00000, 0x00000000cec00000, 0x00000000cec00000|100%| S|CS|TAMS 0x00000000ceb00000, 0x00000000ceb00000| Complete 
| 236|0x00000000cec00000, 0x00000000ced00000, 0x00000000ced00000|100%| S|CS|TAMS 0x00000000cec00000, 0x00000000cec00000| Complete 
| 237|0x00000000ced00000, 0x00000000ced00000, 0x00000000cee00000|  0%| F|  |TAMS 0x00000000ced00000, 0x00000000ced00000| Untracked 
| 238|0x00000000cee00000, 0x00000000cee00000, 0x00000000cef00000|  0%| F|  |TAMS 0x00000000cee00000, 0x00000000cee00000| Untracked 
| 239|0x00000000cef00000, 0x00000000cf000000, 0x00000000cf000000|100%| S|CS|TAMS 0x00000000cef00000, 0x00000000cef00000| Complete 
| 240|0x00000000cf000000, 0x00000000cf100000, 0x00000000cf100000|100%| S|CS|TAMS 0x00000000cf000000, 0x00000000cf000000| Complete 
| 241|0x00000000cf100000, 0x00000000cf100000, 0x00000000cf200000|  0%| F|  |TAMS 0x00000000cf100000, 0x00000000cf100000| Untracked 
| 242|0x00000000cf200000, 0x00000000cf200000, 0x00000000cf300000|  0%| F|  |TAMS 0x00000000cf200000, 0x00000000cf200000| Untracked 
| 243|0x00000000cf300000, 0x00000000cf400000, 0x00000000cf400000|100%| S|CS|TAMS 0x00000000cf300000, 0x00000000cf300000| Complete 
| 244|0x00000000cf400000, 0x00000000cf400000, 0x00000000cf500000|  0%| F|  |TAMS 0x00000000cf400000, 0x00000000cf400000| Untracked 
| 245|0x00000000cf500000, 0x00000000cf500000, 0x00000000cf600000|  0%| F|  |TAMS 0x00000000cf500000, 0x00000000cf500000| Untracked 
| 246|0x00000000cf600000, 0x00000000cf600000, 0x00000000cf700000|  0%| F|  |TAMS 0x00000000cf600000, 0x00000000cf600000| Untracked 
| 247|0x00000000cf700000, 0x00000000cf700000, 0x00000000cf800000|  0%| F|  |TAMS 0x00000000cf700000, 0x00000000cf700000| Untracked 
| 248|0x00000000cf800000, 0x00000000cf800000, 0x00000000cf900000|  0%| F|  |TAMS 0x00000000cf800000, 0x00000000cf800000| Untracked 
| 249|0x00000000cf900000, 0x00000000cf900000, 0x00000000cfa00000|  0%| F|  |TAMS 0x00000000cf900000, 0x00000000cf900000| Untracked 
| 250|0x00000000cfa00000, 0x00000000cfa00000, 0x00000000cfb00000|  0%| F|  |TAMS 0x00000000cfa00000, 0x00000000cfa00000| Untracked 
| 251|0x00000000cfb00000, 0x00000000cfb00000, 0x00000000cfc00000|  0%| F|  |TAMS 0x00000000cfb00000, 0x00000000cfb00000| Untracked 
| 252|0x00000000cfc00000, 0x00000000cfc00000, 0x00000000cfd00000|  0%| F|  |TAMS 0x00000000cfc00000, 0x00000000cfc00000| Untracked 
| 253|0x00000000cfd00000, 0x00000000cfd00000, 0x00000000cfe00000|  0%| F|  |TAMS 0x00000000cfd00000, 0x00000000cfd00000| Untracked 
| 254|0x00000000cfe00000, 0x00000000cfe00000, 0x00000000cff00000|  0%| F|  |TAMS 0x00000000cfe00000, 0x00000000cfe00000| Untracked 
| 255|0x00000000cff00000, 0x00000000cff80800, 0x00000000d0000000| 50%| E|  |TAMS 0x00000000cff00000, 0x00000000cff00000| Complete 
| 256|0x00000000d0000000, 0x00000000d0100000, 0x00000000d0100000|100%| E|CS|TAMS 0x00000000d0000000, 0x00000000d0000000| Complete 
| 257|0x00000000d0100000, 0x00000000d0200000, 0x00000000d0200000|100%| E|CS|TAMS 0x00000000d0100000, 0x00000000d0100000| Complete 
| 258|0x00000000d0200000, 0x00000000d0300000, 0x00000000d0300000|100%| E|CS|TAMS 0x00000000d0200000, 0x00000000d0200000| Complete 
| 259|0x00000000d0300000, 0x00000000d0400000, 0x00000000d0400000|100%| E|CS|TAMS 0x00000000d0300000, 0x00000000d0300000| Complete 
| 260|0x00000000d0400000, 0x00000000d0500000, 0x00000000d0500000|100%| E|CS|TAMS 0x00000000d0400000, 0x00000000d0400000| Complete 
| 261|0x00000000d0500000, 0x00000000d0600000, 0x00000000d0600000|100%| E|CS|TAMS 0x00000000d0500000, 0x00000000d0500000| Complete 
| 262|0x00000000d0600000, 0x00000000d0700000, 0x00000000d0700000|100%| E|CS|TAMS 0x00000000d0600000, 0x00000000d0600000| Complete 
| 263|0x00000000d0700000, 0x00000000d0800000, 0x00000000d0800000|100%| E|CS|TAMS 0x00000000d0700000, 0x00000000d0700000| Complete 
| 264|0x00000000d0800000, 0x00000000d0900000, 0x00000000d0900000|100%| E|CS|TAMS 0x00000000d0800000, 0x00000000d0800000| Complete 
| 265|0x00000000d0900000, 0x00000000d0a00000, 0x00000000d0a00000|100%| E|CS|TAMS 0x00000000d0900000, 0x00000000d0900000| Complete 
| 266|0x00000000d0a00000, 0x00000000d0b00000, 0x00000000d0b00000|100%| E|CS|TAMS 0x00000000d0a00000, 0x00000000d0a00000| Complete 
| 267|0x00000000d0b00000, 0x00000000d0c00000, 0x00000000d0c00000|100%| E|CS|TAMS 0x00000000d0b00000, 0x00000000d0b00000| Complete 
| 268|0x00000000d0c00000, 0x00000000d0d00000, 0x00000000d0d00000|100%| E|CS|TAMS 0x00000000d0c00000, 0x00000000d0c00000| Complete 
| 269|0x00000000d0d00000, 0x00000000d0e00000, 0x00000000d0e00000|100%| E|CS|TAMS 0x00000000d0d00000, 0x00000000d0d00000| Complete 
| 270|0x00000000d0e00000, 0x00000000d0f00000, 0x00000000d0f00000|100%| E|CS|TAMS 0x00000000d0e00000, 0x00000000d0e00000| Complete 
| 271|0x00000000d0f00000, 0x00000000d1000000, 0x00000000d1000000|100%| E|CS|TAMS 0x00000000d0f00000, 0x00000000d0f00000| Complete 
| 272|0x00000000d1000000, 0x00000000d1100000, 0x00000000d1100000|100%| E|CS|TAMS 0x00000000d1000000, 0x00000000d1000000| Complete 
| 273|0x00000000d1100000, 0x00000000d1200000, 0x00000000d1200000|100%| E|CS|TAMS 0x00000000d1100000, 0x00000000d1100000| Complete 
| 274|0x00000000d1200000, 0x00000000d1300000, 0x00000000d1300000|100%| E|CS|TAMS 0x00000000d1200000, 0x00000000d1200000| Complete 
| 275|0x00000000d1300000, 0x00000000d1400000, 0x00000000d1400000|100%| E|CS|TAMS 0x00000000d1300000, 0x00000000d1300000| Complete 
| 276|0x00000000d1400000, 0x00000000d1500000, 0x00000000d1500000|100%| E|CS|TAMS 0x00000000d1400000, 0x00000000d1400000| Complete 
| 277|0x00000000d1500000, 0x00000000d1600000, 0x00000000d1600000|100%| E|CS|TAMS 0x00000000d1500000, 0x00000000d1500000| Complete 
| 278|0x00000000d1600000, 0x00000000d1700000, 0x00000000d1700000|100%| E|CS|TAMS 0x00000000d1600000, 0x00000000d1600000| Complete 
| 279|0x00000000d1700000, 0x00000000d1800000, 0x00000000d1800000|100%| E|CS|TAMS 0x00000000d1700000, 0x00000000d1700000| Complete 
| 280|0x00000000d1800000, 0x00000000d1900000, 0x00000000d1900000|100%| E|CS|TAMS 0x00000000d1800000, 0x00000000d1800000| Complete 
| 281|0x00000000d1900000, 0x00000000d1a00000, 0x00000000d1a00000|100%| E|CS|TAMS 0x00000000d1900000, 0x00000000d1900000| Complete 
| 282|0x00000000d1a00000, 0x00000000d1b00000, 0x00000000d1b00000|100%| E|CS|TAMS 0x00000000d1a00000, 0x00000000d1a00000| Complete 
| 283|0x00000000d1b00000, 0x00000000d1c00000, 0x00000000d1c00000|100%| E|CS|TAMS 0x00000000d1b00000, 0x00000000d1b00000| Complete 
| 284|0x00000000d1c00000, 0x00000000d1d00000, 0x00000000d1d00000|100%| E|CS|TAMS 0x00000000d1c00000, 0x00000000d1c00000| Complete 
| 285|0x00000000d1d00000, 0x00000000d1e00000, 0x00000000d1e00000|100%| E|CS|TAMS 0x00000000d1d00000, 0x00000000d1d00000| Complete 
| 286|0x00000000d1e00000, 0x00000000d1f00000, 0x00000000d1f00000|100%| E|CS|TAMS 0x00000000d1e00000, 0x00000000d1e00000| Complete 
| 287|0x00000000d1f00000, 0x00000000d2000000, 0x00000000d2000000|100%| E|CS|TAMS 0x00000000d1f00000, 0x00000000d1f00000| Complete 
| 288|0x00000000d2000000, 0x00000000d2100000, 0x00000000d2100000|100%| E|CS|TAMS 0x00000000d2000000, 0x00000000d2000000| Complete 
| 289|0x00000000d2100000, 0x00000000d2200000, 0x00000000d2200000|100%| E|CS|TAMS 0x00000000d2100000, 0x00000000d2100000| Complete 
| 290|0x00000000d2200000, 0x00000000d2300000, 0x00000000d2300000|100%| E|CS|TAMS 0x00000000d2200000, 0x00000000d2200000| Complete 
| 291|0x00000000d2300000, 0x00000000d2400000, 0x00000000d2400000|100%| E|CS|TAMS 0x00000000d2300000, 0x00000000d2300000| Complete 
| 292|0x00000000d2400000, 0x00000000d2500000, 0x00000000d2500000|100%| E|CS|TAMS 0x00000000d2400000, 0x00000000d2400000| Complete 
| 293|0x00000000d2500000, 0x00000000d2600000, 0x00000000d2600000|100%| E|CS|TAMS 0x00000000d2500000, 0x00000000d2500000| Complete 
| 294|0x00000000d2600000, 0x00000000d2700000, 0x00000000d2700000|100%| E|CS|TAMS 0x00000000d2600000, 0x00000000d2600000| Complete 
| 295|0x00000000d2700000, 0x00000000d2800000, 0x00000000d2800000|100%| E|CS|TAMS 0x00000000d2700000, 0x00000000d2700000| Complete 
| 296|0x00000000d2800000, 0x00000000d2900000, 0x00000000d2900000|100%| E|CS|TAMS 0x00000000d2800000, 0x00000000d2800000| Complete 
| 297|0x00000000d2900000, 0x00000000d2a00000, 0x00000000d2a00000|100%| E|CS|TAMS 0x00000000d2900000, 0x00000000d2900000| Complete 
| 298|0x00000000d2a00000, 0x00000000d2b00000, 0x00000000d2b00000|100%| E|CS|TAMS 0x00000000d2a00000, 0x00000000d2a00000| Complete 
| 299|0x00000000d2b00000, 0x00000000d2c00000, 0x00000000d2c00000|100%| E|CS|TAMS 0x00000000d2b00000, 0x00000000d2b00000| Complete 
| 300|0x00000000d2c00000, 0x00000000d2d00000, 0x00000000d2d00000|100%| E|CS|TAMS 0x00000000d2c00000, 0x00000000d2c00000| Complete 
| 301|0x00000000d2d00000, 0x00000000d2e00000, 0x00000000d2e00000|100%| E|CS|TAMS 0x00000000d2d00000, 0x00000000d2d00000| Complete 
| 302|0x00000000d2e00000, 0x00000000d2f00000, 0x00000000d2f00000|100%| E|CS|TAMS 0x00000000d2e00000, 0x00000000d2e00000| Complete 
| 303|0x00000000d2f00000, 0x00000000d3000000, 0x00000000d3000000|100%| E|CS|TAMS 0x00000000d2f00000, 0x00000000d2f00000| Complete 
| 304|0x00000000d3000000, 0x00000000d3100000, 0x00000000d3100000|100%| E|CS|TAMS 0x00000000d3000000, 0x00000000d3000000| Complete 
| 305|0x00000000d3100000, 0x00000000d3200000, 0x00000000d3200000|100%| E|CS|TAMS 0x00000000d3100000, 0x00000000d3100000| Complete 
| 306|0x00000000d3200000, 0x00000000d3300000, 0x00000000d3300000|100%| E|CS|TAMS 0x00000000d3200000, 0x00000000d3200000| Complete 
| 307|0x00000000d3300000, 0x00000000d3400000, 0x00000000d3400000|100%| E|CS|TAMS 0x00000000d3300000, 0x00000000d3300000| Complete 
| 308|0x00000000d3400000, 0x00000000d3500000, 0x00000000d3500000|100%| E|CS|TAMS 0x00000000d3400000, 0x00000000d3400000| Complete 
|1021|0x00000000ffd00000, 0x00000000ffe00000, 0x00000000ffe00000|100%| O|  |TAMS 0x00000000ffe00000, 0x00000000ffd00000| Untracked 
|1022|0x00000000ffe00000, 0x00000000fff00000, 0x00000000fff00000|100%| E|CS|TAMS 0x00000000ffe00000, 0x00000000ffe00000| Complete 
|1023|0x00000000fff00000, 0x0000000100000000, 0x0000000100000000|100%| O|  |TAMS 0x0000000100000000, 0x00000000fff00000| Untracked 

Card table byte_map: [0x000002a5721f0000,0x000002a5723f0000] _byte_map_base: 0x000002a571bf0000

Marking Bits (Prev, Next): (CMBitMap*) 0x000002a55df5dbd0, (CMBitMap*) 0x000002a55df5dc10
 Prev Bits: [0x000002a5725f0000, 0x000002a5735f0000)
 Next Bits: [0x000002a5735f0000, 0x000002a5745f0000)

Polling page: 0x000002a55dde0000

Metaspace:

Usage:
  Non-class:    113.16 MB used.
      Class:     17.03 MB used.
       Both:    130.19 MB used.

Virtual space:
  Non-class space:      120.00 MB reserved,     113.62 MB ( 95%) committed,  15 nodes.
      Class space:        1.00 GB reserved,      17.44 MB (  2%) committed,  1 nodes.
             Both:        1.12 GB reserved,     131.06 MB ( 11%) committed. 

Chunk freelists:
   Non-Class:  2.05 MB
       Class:  2.48 MB
        Both:  4.53 MB

MaxMetaspaceSize: unlimited
CompressedClassSpaceSize: 1.00 GB
Initial GC threshold: 21.00 MB
Current GC threshold: 186.88 MB
CDS: off
MetaspaceReclaimPolicy: balanced
 - commit_granule_bytes: 65536.
 - commit_granule_words: 8192.
 - virtual_space_node_default_size: 1048576.
 - enlarge_chunks_in_place: 1.
 - new_chunks_are_fully_committed: 0.
 - uncommit_free_chunks: 1.
 - use_allocation_guard: 0.
 - handle_deallocations: 1.


Internal statistics:

num_allocs_failed_limit: 6.
num_arena_births: 1304.
num_arena_deaths: 0.
num_vsnodes_births: 16.
num_vsnodes_deaths: 0.
num_space_committed: 2095.
num_space_uncommitted: 0.
num_chunks_returned_to_freelist: 6.
num_chunks_taken_from_freelist: 6205.
num_chunk_merges: 6.
num_chunk_splits: 4220.
num_chunks_enlarged: 2987.
num_purges: 0.
num_inconsistent_stats: 0.

CodeHeap 'non-profiled nmethods': size=120064Kb used=15186Kb max_used=15186Kb free=104877Kb
 bounds [0x000002a56a6a0000, 0x000002a56b580000, 0x000002a571be0000]
CodeHeap 'profiled nmethods': size=120000Kb used=38074Kb max_used=38477Kb free=81925Kb
 bounds [0x000002a562be0000, 0x000002a565190000, 0x000002a56a110000]
CodeHeap 'non-nmethods': size=5696Kb used=2478Kb max_used=2549Kb free=3217Kb
 bounds [0x000002a56a110000, 0x000002a56a3a0000, 0x000002a56a6a0000]
 total_blobs=19973 nmethods=18952 adapters=931
 compilation: enabled
              stopped_count=0, restarted_count=0
 full_count=0

Compilation events (20 events):
Event: 263.013 Thread 0x000002a577403d20 nmethod 24931 0x000002a56b56f490 code [0x000002a56b56f640, 0x000002a56b56fb18]
Event: 263.013 Thread 0x000002a577403d20 24935       4       com.android.tools.r8.ir.regalloc.n::a (353 bytes)
Event: 263.040 Thread 0x000002a577405560 24941       2       com.android.tools.r8.internal.X1::c (11 bytes)
Event: 263.040 Thread 0x000002a577405560 nmethod 24941 0x000002a564e47790 code [0x000002a564e47920, 0x000002a564e47aa8]
Event: 263.130 Thread 0x000002a577403d20 nmethod 24935 0x000002a56b56fe90 code [0x000002a56b570160, 0x000002a56b571de8]
Event: 263.130 Thread 0x000002a577403d20 24940       4       com.android.tools.r8.ir.optimize.n0::a (1836 bytes)
Event: 263.185 Thread 0x000002a577405560 24949       2       com.android.tools.r8.ir.optimize.F::a (610 bytes)
Event: 263.190 Thread 0x000002a577405560 nmethod 24949 0x000002a564db6610 code [0x000002a564db6b20, 0x000002a564db8188]
Event: 263.190 Thread 0x000002a577405560 24950       2       java.lang.management.DefaultPlatformMBeanProvider$6::nameToMBeanMap (85 bytes)
Event: 263.192 Thread 0x000002a577405560 nmethod 24950 0x000002a562dbd510 code [0x000002a562dbd800, 0x000002a562dbe058]
Event: 263.192 Thread 0x000002a577405560 24951       2       sun.management.ManagementFactoryHelper::getMemoryPoolMXBeans (51 bytes)
Event: 263.193 Thread 0x000002a577405560 nmethod 24951 0x000002a564db5c10 code [0x000002a564db5e00, 0x000002a564db6308]
Event: 263.193 Thread 0x000002a577405560 24952  s    2       sun.management.MemoryImpl::getMemoryPools (16 bytes)
Event: 263.193 Thread 0x000002a577405560 nmethod 24952 0x000002a564db5790 code [0x000002a564db5940, 0x000002a564db5b88]
Event: 263.194 Thread 0x000002a577403d20 nmethod 24940 0x000002a56b572e10 code [0x000002a56b573000, 0x000002a56b573978]
Event: 263.194 Thread 0x000002a577403d20 24923       4       com.android.tools.r8.graph.j2::a (121 bytes)
Event: 263.197 Thread 0x000002a577405560 24954       3       com.android.tools.r8.internal.gl::a (2961 bytes)
Event: 263.269 Thread 0x000002a577405560 nmethod 24954 0x000002a564fd3a90 code [0x000002a564fd53a0, 0x000002a564fe7d58]
Event: 263.288 Thread 0x000002a577405560 24955       3       com.android.tools.r8.internal.o7::a (1671 bytes)
Event: 263.308 Thread 0x000002a577405560 nmethod 24955 0x000002a564b0c810 code [0x000002a564b0dc40, 0x000002a564b1cb98]

GC Heap History (20 events):
Event: 240.453 GC heap before
{Heap before GC invocations=121 (full 0):
 garbage-first heap   total 319488K, used 284005K [0x00000000c0000000, 0x0000000100000000)
  region size 1024K, 91 young (93184K), 4 survivors (4096K)
 Metaspace       used 133153K, committed 133952K, reserved 1171456K
  class space    used 17417K, committed 17792K, reserved 1048576K
}
Event: 240.482 GC heap after
{Heap after GC invocations=122 (full 0):
 garbage-first heap   total 319488K, used 192230K [0x00000000c0000000, 0x0000000100000000)
  region size 1024K, 4 young (4096K), 4 survivors (4096K)
 Metaspace       used 133153K, committed 133952K, reserved 1171456K
  class space    used 17417K, committed 17792K, reserved 1048576K
}
Event: 243.212 GC heap before
{Heap before GC invocations=122 (full 0):
 garbage-first heap   total 319488K, used 279270K [0x00000000c0000000, 0x0000000100000000)
  region size 1024K, 90 young (92160K), 4 survivors (4096K)
 Metaspace       used 133242K, committed 134144K, reserved 1171456K
  class space    used 17430K, committed 17856K, reserved 1048576K
}
Event: 243.229 GC heap after
{Heap after GC invocations=123 (full 0):
 garbage-first heap   total 319488K, used 194234K [0x00000000c0000000, 0x0000000100000000)
  region size 1024K, 6 young (6144K), 6 survivors (6144K)
 Metaspace       used 133242K, committed 134144K, reserved 1171456K
  class space    used 17430K, committed 17856K, reserved 1048576K
}
Event: 245.362 GC heap before
{Heap before GC invocations=123 (full 0):
 garbage-first heap   total 319488K, used 278202K [0x00000000c0000000, 0x0000000100000000)
  region size 1024K, 88 young (90112K), 6 survivors (6144K)
 Metaspace       used 133273K, committed 134144K, reserved 1171456K
  class space    used 17436K, committed 17856K, reserved 1048576K
}
Event: 245.402 GC heap after
{Heap after GC invocations=124 (full 0):
 garbage-first heap   total 319488K, used 204398K [0x00000000c0000000, 0x0000000100000000)
  region size 1024K, 11 young (11264K), 11 survivors (11264K)
 Metaspace       used 133273K, committed 134144K, reserved 1171456K
  class space    used 17436K, committed 17856K, reserved 1048576K
}
Event: 245.990 GC heap before
{Heap before GC invocations=124 (full 0):
 garbage-first heap   total 319488K, used 270958K [0x00000000c0000000, 0x0000000100000000)
  region size 1024K, 76 young (77824K), 11 survivors (11264K)
 Metaspace       used 133279K, committed 134144K, reserved 1171456K
  class space    used 17436K, committed 17856K, reserved 1048576K
}
Event: 246.086 GC heap after
{Heap after GC invocations=125 (full 0):
 garbage-first heap   total 319488K, used 209128K [0x00000000c0000000, 0x0000000100000000)
  region size 1024K, 8 young (8192K), 8 survivors (8192K)
 Metaspace       used 133279K, committed 134144K, reserved 1171456K
  class space    used 17436K, committed 17856K, reserved 1048576K
}
Event: 248.020 GC heap before
{Heap before GC invocations=125 (full 0):
 garbage-first heap   total 319488K, used 269544K [0x00000000c0000000, 0x0000000100000000)
  region size 1024K, 67 young (68608K), 8 survivors (8192K)
 Metaspace       used 133284K, committed 134144K, reserved 1171456K
  class space    used 17436K, committed 17856K, reserved 1048576K
}
Event: 248.061 GC heap after
{Heap after GC invocations=126 (full 0):
 garbage-first heap   total 319488K, used 210432K [0x00000000c0000000, 0x0000000100000000)
  region size 1024K, 3 young (3072K), 3 survivors (3072K)
 Metaspace       used 133284K, committed 134144K, reserved 1171456K
  class space    used 17436K, committed 17856K, reserved 1048576K
}
Event: 251.283 GC heap before
{Heap before GC invocations=126 (full 0):
 garbage-first heap   total 319488K, used 271872K [0x00000000c0000000, 0x0000000100000000)
  region size 1024K, 63 young (64512K), 3 survivors (3072K)
 Metaspace       used 133298K, committed 134144K, reserved 1171456K
  class space    used 17437K, committed 17856K, reserved 1048576K
}
Event: 251.296 GC heap after
{Heap after GC invocations=127 (full 0):
 garbage-first heap   total 319488K, used 210659K [0x00000000c0000000, 0x0000000100000000)
  region size 1024K, 3 young (3072K), 3 survivors (3072K)
 Metaspace       used 133298K, committed 134144K, reserved 1171456K
  class space    used 17437K, committed 17856K, reserved 1048576K
}
Event: 253.311 GC heap before
{Heap before GC invocations=127 (full 0):
 garbage-first heap   total 319488K, used 274147K [0x00000000c0000000, 0x0000000100000000)
  region size 1024K, 65 young (66560K), 3 survivors (3072K)
 Metaspace       used 133298K, committed 134144K, reserved 1171456K
  class space    used 17437K, committed 17856K, reserved 1048576K
}
Event: 253.325 GC heap after
{Heap after GC invocations=128 (full 0):
 garbage-first heap   total 319488K, used 211235K [0x00000000c0000000, 0x0000000100000000)
  region size 1024K, 4 young (4096K), 4 survivors (4096K)
 Metaspace       used 133298K, committed 134144K, reserved 1171456K
  class space    used 17437K, committed 17856K, reserved 1048576K
}
Event: 254.817 GC heap before
{Heap before GC invocations=128 (full 0):
 garbage-first heap   total 319488K, used 275747K [0x00000000c0000000, 0x0000000100000000)
  region size 1024K, 67 young (68608K), 4 survivors (4096K)
 Metaspace       used 133303K, committed 134208K, reserved 1171456K
  class space    used 17437K, committed 17856K, reserved 1048576K
}
Event: 254.831 GC heap after
{Heap after GC invocations=129 (full 0):
 garbage-first heap   total 319488K, used 211844K [0x00000000c0000000, 0x0000000100000000)
  region size 1024K, 4 young (4096K), 4 survivors (4096K)
 Metaspace       used 133303K, committed 134208K, reserved 1171456K
  class space    used 17437K, committed 17856K, reserved 1048576K
}
Event: 257.271 GC heap before
{Heap before GC invocations=129 (full 0):
 garbage-first heap   total 319488K, used 278404K [0x00000000c0000000, 0x0000000100000000)
  region size 1024K, 69 young (70656K), 4 survivors (4096K)
 Metaspace       used 133304K, committed 134208K, reserved 1171456K
  class space    used 17437K, committed 17856K, reserved 1048576K
}
Event: 257.287 GC heap after
{Heap after GC invocations=130 (full 0):
 garbage-first heap   total 319488K, used 211645K [0x00000000c0000000, 0x0000000100000000)
  region size 1024K, 4 young (4096K), 4 survivors (4096K)
 Metaspace       used 133304K, committed 134208K, reserved 1171456K
  class space    used 17437K, committed 17856K, reserved 1048576K
}
Event: 261.942 GC heap before
{Heap before GC invocations=130 (full 0):
 garbage-first heap   total 319488K, used 279229K [0x00000000c0000000, 0x0000000100000000)
  region size 1024K, 70 young (71680K), 4 survivors (4096K)
 Metaspace       used 133311K, committed 134208K, reserved 1171456K
  class space    used 17437K, committed 17856K, reserved 1048576K
}
Event: 261.959 GC heap after
{Heap after GC invocations=131 (full 0):
 garbage-first heap   total 319488K, used 213343K [0x00000000c0000000, 0x0000000100000000)
  region size 1024K, 6 young (6144K), 6 survivors (6144K)
 Metaspace       used 133311K, committed 134208K, reserved 1171456K
  class space    used 17437K, committed 17856K, reserved 1048576K
}

Dll operation events (2 events):
Event: 0.038 Loaded shared library C:\Program Files\Android\Android Studio\jbr\bin\java.dll
Event: 1.411 Loaded shared library C:\Program Files\Android\Android Studio\jbr\bin\verify.dll

Deoptimization events (20 events):
Event: 263.128 Thread 0x000002a578f3a8f0 DEOPT PACKING pc=0x000002a564f769f7 sp=0x000000d4d3ef66a0
Event: 263.128 Thread 0x000002a578f3a8f0 DEOPT UNPACKING pc=0x000002a56a167143 sp=0x000000d4d3ef5b58 mode 0
Event: 263.132 Thread 0x000002a578f3a8f0 Uncommon trap: trap_request=0xffffff45 fr.pc=0x000002a56b2cf178 relative=0x0000000000003078
Event: 263.132 Thread 0x000002a578f3a8f0 Uncommon trap: reason=unstable_if action=reinterpret pc=0x000002a56b2cf178 method=com.android.tools.r8.ir.optimize.F.a(Lcom/android/tools/r8/graph/m;Lcom/android/tools/r8/internal/kl;)V @ 394 c2
Event: 263.132 Thread 0x000002a578f3a8f0 DEOPT PACKING pc=0x000002a56b2cf178 sp=0x000000d4d3ef6560
Event: 263.132 Thread 0x000002a578f3a8f0 DEOPT UNPACKING pc=0x000002a56a1669a3 sp=0x000000d4d3ef6548 mode 2
Event: 263.194 Thread 0x000002a57babdd40 Uncommon trap: trap_request=0xffffff45 fr.pc=0x000002a56b236520 relative=0x0000000000004aa0
Event: 263.194 Thread 0x000002a57babdd40 Uncommon trap: reason=unstable_if action=reinterpret pc=0x000002a56b236520 method=com.android.tools.r8.internal.o7.a()I @ 62 c2
Event: 263.194 Thread 0x000002a57babdd40 DEOPT PACKING pc=0x000002a56b236520 sp=0x000000d4d74fa160
Event: 263.194 Thread 0x000002a57babdd40 DEOPT UNPACKING pc=0x000002a56a1669a3 sp=0x000000d4d74fa188 mode 2
Event: 263.194 Thread 0x000002a57babdd40 Uncommon trap: trap_request=0xffffff45 fr.pc=0x000002a56b4cc660 relative=0x0000000000000060
Event: 263.194 Thread 0x000002a57babdd40 Uncommon trap: reason=unstable_if action=reinterpret pc=0x000002a56b4cc660 method=com.android.tools.r8.internal.A8.a()Z @ 8 c2
Event: 263.194 Thread 0x000002a57babdd40 DEOPT PACKING pc=0x000002a56b4cc660 sp=0x000000d4d74fa190
Event: 263.194 Thread 0x000002a57babdd40 DEOPT UNPACKING pc=0x000002a56a1669a3 sp=0x000000d4d74fa110 mode 2
Event: 263.194 Thread 0x000002a57babdd40 Uncommon trap: trap_request=0xffffff45 fr.pc=0x000002a56afefc6c relative=0x0000000000006bec
Event: 263.194 Thread 0x000002a57babdd40 Uncommon trap: reason=unstable_if action=reinterpret pc=0x000002a56afefc6c method=com.android.tools.r8.internal.gl.a(Lcom/android/tools/r8/graph/o5;Lcom/android/tools/r8/internal/CE$a;)Lcom/android/tools/r8/internal/kl; @ 2718 c2
Event: 263.194 Thread 0x000002a57babdd40 DEOPT PACKING pc=0x000002a56afefc6c sp=0x000000d4d74fa1b0
Event: 263.194 Thread 0x000002a57babdd40 DEOPT UNPACKING pc=0x000002a56a1669a3 sp=0x000000d4d74fa1b0 mode 2
Event: 263.369 Thread 0x000002a578f3a8f0 DEOPT PACKING pc=0x000002a5647d6362 sp=0x000000d4d3ef6300
Event: 263.369 Thread 0x000002a578f3a8f0 DEOPT UNPACKING pc=0x000002a56a167143 sp=0x000000d4d3ef5998 mode 0

Classes unloaded (0 events):
No events

Classes redefined (0 events):
No events

Internal exceptions (20 events):
Event: 242.748 Thread 0x000002a578f3a8f0 Exception <a 'sun/nio/fs/WindowsException'{0x00000000cf554d98}> (0x00000000cf554d98) 
thrown [s\src\hotspot\share\prims\jni.cpp, line 517]
Event: 242.938 Thread 0x000002a57babdd40 Exception <a 'sun/nio/fs/WindowsException'{0x00000000ceecb858}> (0x00000000ceecb858) 
thrown [s\src\hotspot\share\prims\jni.cpp, line 517]
Event: 243.010 Thread 0x000002a578f3a8f0 Exception <a 'java/lang/NoSuchMethodError'{0x00000000ce78cb00}: 'void java.lang.invoke.DirectMethodHandle$Holder.invokeSpecialIFC(java.lang.Object, java.lang.Object, java.lang.Object, java.lang.Object)'> (0x00000000ce78cb00) 
thrown [s\src\hotspot\share\interpreter\linkResolver.cpp, line 771]
Event: 244.278 Thread 0x000002a57babdd40 Exception <a 'sun/nio/fs/WindowsException'{0x00000000d1317898}> (0x00000000d1317898) 
thrown [s\src\hotspot\share\prims\jni.cpp, line 517]
Event: 244.388 Thread 0x000002a578f3a8f0 Exception <a 'sun/nio/fs/WindowsException'{0x00000000d12f3128}> (0x00000000d12f3128) 
thrown [s\src\hotspot\share\prims\jni.cpp, line 517]
Event: 244.466 Thread 0x000002a578f3a8f0 Exception <a 'sun/nio/fs/WindowsException'{0x00000000d0f4d680}> (0x00000000d0f4d680) 
thrown [s\src\hotspot\share\prims\jni.cpp, line 517]
Event: 244.848 Thread 0x000002a578f3a8f0 Exception <a 'sun/nio/fs/WindowsException'{0x00000000cfb61f20}> (0x00000000cfb61f20) 
thrown [s\src\hotspot\share\prims\jni.cpp, line 517]
Event: 245.080 Thread 0x000002a578f3a8f0 Exception <a 'sun/nio/fs/WindowsException'{0x00000000cf4c9f18}> (0x00000000cf4c9f18) 
thrown [s\src\hotspot\share\prims\jni.cpp, line 517]
Event: 245.160 Thread 0x000002a578f3a8f0 Exception <a 'sun/nio/fs/WindowsException'{0x00000000cef5f978}> (0x00000000cef5f978) 
thrown [s\src\hotspot\share\prims\jni.cpp, line 517]
Event: 245.266 Thread 0x000002a578f3a8f0 Exception <a 'sun/nio/fs/WindowsException'{0x00000000ceffce78}> (0x00000000ceffce78) 
thrown [s\src\hotspot\share\prims\jni.cpp, line 517]
Event: 245.513 Thread 0x000002a578f3a8f0 Exception <a 'sun/nio/fs/WindowsException'{0x00000000d27d2b78}> (0x00000000d27d2b78) 
thrown [s\src\hotspot\share\prims\jni.cpp, line 517]
Event: 245.602 Thread 0x000002a578f3a8f0 Exception <a 'sun/nio/fs/WindowsException'{0x00000000d1eb23c0}> (0x00000000d1eb23c0) 
thrown [s\src\hotspot\share\prims\jni.cpp, line 517]
Event: 247.999 Thread 0x000002a578f3a8f0 Exception <a 'sun/nio/fs/WindowsException'{0x00000000cfbd4940}> (0x00000000cfbd4940) 
thrown [s\src\hotspot\share\prims\jni.cpp, line 517]
Event: 250.541 Thread 0x000002a578f3a8f0 Exception <a 'sun/nio/fs/WindowsException'{0x00000000ffe2be18}> (0x00000000ffe2be18) 
thrown [s\src\hotspot\share\prims\jni.cpp, line 517]
Event: 250.588 Thread 0x000002a578f3a8f0 Exception <a 'sun/nio/fs/WindowsException'{0x00000000d1078f40}> (0x00000000d1078f40) 
thrown [s\src\hotspot\share\prims\jni.cpp, line 517]
Event: 254.173 Thread 0x000002a578f3a8f0 Exception <a 'sun/nio/fs/WindowsException'{0x00000000d263d2c8}> (0x00000000d263d2c8) 
thrown [s\src\hotspot\share\prims\jni.cpp, line 517]
Event: 254.849 Thread 0x000002a578f3a8f0 Exception <a 'sun/nio/fs/WindowsException'{0x00000000d3304fe0}> (0x00000000d3304fe0) 
thrown [s\src\hotspot\share\prims\jni.cpp, line 517]
Event: 259.537 Thread 0x000002a578f3a8f0 Exception <a 'sun/nio/fs/WindowsException'{0x00000000d1a03548}> (0x00000000d1a03548) 
thrown [s\src\hotspot\share\prims\jni.cpp, line 517]
Event: 259.724 Thread 0x000002a578f3a8f0 Exception <a 'sun/nio/fs/WindowsException'{0x00000000d1495528}> (0x00000000d1495528) 
thrown [s\src\hotspot\share\prims\jni.cpp, line 517]
Event: 261.724 Thread 0x000002a578f3a8f0 Exception <a 'sun/nio/fs/WindowsException'{0x00000000cfdd82d8}> (0x00000000cfdd82d8) 
thrown [s\src\hotspot\share\prims\jni.cpp, line 517]

VM Operations (20 events):
Event: 252.377 Executing VM operation: Cleanup
Event: 252.470 Executing VM operation: Cleanup done
Event: 253.311 Executing VM operation: G1CollectForAllocation
Event: 253.325 Executing VM operation: G1CollectForAllocation done
Event: 254.789 Executing VM operation: G1CollectForAllocation
Event: 254.833 Executing VM operation: G1CollectForAllocation done
Event: 255.845 Executing VM operation: Cleanup
Event: 255.941 Executing VM operation: Cleanup done
Event: 257.271 Executing VM operation: G1CollectForAllocation
Event: 257.287 Executing VM operation: G1CollectForAllocation done
Event: 259.076 Executing VM operation: HandshakeAllThreads
Event: 259.076 Executing VM operation: HandshakeAllThreads done
Event: 259.076 Executing VM operation: Cleanup
Event: 259.076 Executing VM operation: Cleanup done
Event: 260.083 Executing VM operation: Cleanup
Event: 260.089 Executing VM operation: Cleanup done
Event: 261.102 Executing VM operation: Cleanup
Event: 261.423 Executing VM operation: Cleanup done
Event: 261.942 Executing VM operation: G1CollectForAllocation
Event: 261.959 Executing VM operation: G1CollectForAllocation done

Events (20 events):
Event: 240.452 Thread 0x000002a577411580 flushing nmethod 0x000002a564fce890
Event: 240.452 Thread 0x000002a577411580 flushing nmethod 0x000002a564ffb710
Event: 240.452 Thread 0x000002a577411580 flushing nmethod 0x000002a565003210
Event: 240.452 Thread 0x000002a577411580 flushing nmethod 0x000002a56504a590
Event: 240.452 Thread 0x000002a577411580 flushing nmethod 0x000002a565050410
Event: 240.452 Thread 0x000002a577411580 flushing nmethod 0x000002a565050b10
Event: 240.452 Thread 0x000002a577411580 flushing nmethod 0x000002a565054690
Event: 240.452 Thread 0x000002a577411580 flushing nmethod 0x000002a565071090
Event: 252.412 Thread 0x000002a577411580 flushing nmethod 0x000002a56ad59f10
Event: 252.415 Thread 0x000002a577411580 flushing nmethod 0x000002a56b0e8d90
Event: 252.415 Thread 0x000002a577411580 flushing nmethod 0x000002a56b1ba510
Event: 252.416 Thread 0x000002a577411580 flushing nmethod 0x000002a56b403810
Event: 252.441 Thread 0x000002a577411580 flushing nmethod 0x000002a564374b90
Event: 252.442 Thread 0x000002a577411580 flushing nmethod 0x000002a564454590
Event: 252.446 Thread 0x000002a577411580 flushing nmethod 0x000002a5648c7890
Event: 252.448 Thread 0x000002a577411580 flushing nmethod 0x000002a564a4aa90
Event: 252.448 Thread 0x000002a577411580 flushing nmethod 0x000002a564a4ed90
Event: 252.452 Thread 0x000002a577411580 flushing nmethod 0x000002a564dbf810
Event: 252.456 Thread 0x000002a577411580 flushing nmethod 0x000002a565147310
Event: 252.456 Thread 0x000002a577411580 flushing nmethod 0x000002a56515e790


Dynamic libraries:
0x00007ff681e30000 - 0x00007ff681e3a000 	C:\Program Files\Android\Android Studio\jbr\bin\java.exe
0x00007ffcc6290000 - 0x00007ffcc6488000 	C:\Windows\SYSTEM32\ntdll.dll
0x00007ffcc5e80000 - 0x00007ffcc5f42000 	C:\Windows\System32\KERNEL32.DLL
0x00007ffcc3cf0000 - 0x00007ffcc3fef000 	C:\Windows\System32\KERNELBASE.dll
0x00007ffcc4080000 - 0x00007ffcc4180000 	C:\Windows\System32\ucrtbase.dll
0x00007ffcb4e00000 - 0x00007ffcb4e17000 	C:\Program Files\Android\Android Studio\jbr\bin\jli.dll
0x00007ffcc55e0000 - 0x00007ffcc577d000 	C:\Windows\System32\USER32.dll
0x00007ffcc39d0000 - 0x00007ffcc39f2000 	C:\Windows\System32\win32u.dll
0x00007ffcc4490000 - 0x00007ffcc44bb000 	C:\Windows\System32\GDI32.dll
0x00007ffcc4180000 - 0x00007ffcc4297000 	C:\Windows\System32\gdi32full.dll
0x00007ffcc3ac0000 - 0x00007ffcc3b5d000 	C:\Windows\System32\msvcp_win.dll
0x00007ffca4d20000 - 0x00007ffca4d3b000 	C:\Program Files\Android\Android Studio\jbr\bin\VCRUNTIME140.dll
0x00007ffcaa180000 - 0x00007ffcaa41a000 	C:\Windows\WinSxS\amd64_microsoft.windows.common-controls_6595b64144ccf1df_6.0.19041.4355_none_60b8b9eb71f62e16\COMCTL32.dll
0x00007ffcc44c0000 - 0x00007ffcc455e000 	C:\Windows\System32\msvcrt.dll
0x00007ffcc49e0000 - 0x00007ffcc4a0f000 	C:\Windows\System32\IMM32.DLL
0x00007ffca3ee0000 - 0x00007ffca3eec000 	C:\Program Files\Android\Android Studio\jbr\bin\vcruntime140_1.dll
0x00007ffc6f9a0000 - 0x00007ffc6fa2d000 	C:\Program Files\Android\Android Studio\jbr\bin\msvcp140.dll
0x00007ffc6e480000 - 0x00007ffc6f0ee000 	C:\Program Files\Android\Android Studio\jbr\bin\server\jvm.dll
0x00007ffcc5220000 - 0x00007ffcc52d1000 	C:\Windows\System32\ADVAPI32.dll
0x00007ffcc5c80000 - 0x00007ffcc5d1f000 	C:\Windows\System32\sechost.dll
0x00007ffcc54b0000 - 0x00007ffcc55d3000 	C:\Windows\System32\RPCRT4.dll
0x00007ffcc3cc0000 - 0x00007ffcc3ce7000 	C:\Windows\System32\bcrypt.dll
0x00007ffcbdd90000 - 0x00007ffcbdd99000 	C:\Windows\SYSTEM32\WSOCK32.dll
0x00007ffcc6030000 - 0x00007ffcc609b000 	C:\Windows\System32\WS2_32.dll
0x00007ffcb9420000 - 0x00007ffcb9447000 	C:\Windows\SYSTEM32\WINMM.dll
0x00007ffcba840000 - 0x00007ffcba84a000 	C:\Windows\SYSTEM32\VERSION.dll
0x00007ffcc16c0000 - 0x00007ffcc16d2000 	C:\Windows\SYSTEM32\kernel.appcore.dll
0x00007ffcbdbd0000 - 0x00007ffcbdbda000 	C:\Program Files\Android\Android Studio\jbr\bin\jimage.dll
0x00007ffca67e0000 - 0x00007ffca69c4000 	C:\Windows\SYSTEM32\DBGHELP.DLL
0x00007ffca67a0000 - 0x00007ffca67d4000 	C:\Windows\SYSTEM32\dbgcore.DLL
0x00007ffcc3ff0000 - 0x00007ffcc4072000 	C:\Windows\System32\bcryptPrimitives.dll
0x00007ffcbc8a0000 - 0x00007ffcbc8c5000 	C:\Program Files\Android\Android Studio\jbr\bin\java.dll
0x00007ffcbd6c0000 - 0x00007ffcbd6d8000 	C:\Program Files\Android\Android Studio\jbr\bin\zip.dll
0x00007ffcc4a10000 - 0x00007ffcc517e000 	C:\Windows\System32\SHELL32.dll
0x00007ffcc19a0000 - 0x00007ffcc2144000 	C:\Windows\SYSTEM32\windows.storage.dll
0x00007ffcc5850000 - 0x00007ffcc5ba5000 	C:\Windows\System32\combase.dll
0x00007ffcc3280000 - 0x00007ffcc32af000 	C:\Windows\SYSTEM32\Wldp.dll
0x00007ffcc5780000 - 0x00007ffcc584d000 	C:\Windows\System32\OLEAUT32.dll
0x00007ffcc5dd0000 - 0x00007ffcc5e7d000 	C:\Windows\System32\SHCORE.dll
0x00007ffcc4300000 - 0x00007ffcc4355000 	C:\Windows\System32\shlwapi.dll
0x00007ffcc3850000 - 0x00007ffcc3874000 	C:\Windows\SYSTEM32\profapi.dll
0x00007ffcb9380000 - 0x00007ffcb9399000 	C:\Program Files\Android\Android Studio\jbr\bin\net.dll
0x00007ffcb96d0000 - 0x00007ffcb97dd000 	C:\Windows\SYSTEM32\WINHTTP.dll
0x00007ffcc2fe0000 - 0x00007ffcc304a000 	C:\Windows\system32\mswsock.dll
0x00007ffcb9360000 - 0x00007ffcb9376000 	C:\Program Files\Android\Android Studio\jbr\bin\nio.dll
0x00007ffcbdbc0000 - 0x00007ffcbdbd0000 	C:\Program Files\Android\Android Studio\jbr\bin\verify.dll
0x00007ffc8f330000 - 0x00007ffc8f357000 	C:\Users\LENOVO\.gradle\native\68d5fa5c4cc2d200863cafc0d521ce42e7d3e7ee720ec0a83991735586a16f82\windows-amd64\native-platform.dll
0x00007ffc6e330000 - 0x00007ffc6e474000 	C:\Users\LENOVO\.gradle\native\e376f236ea51e6404a007f0833ffe2c6e607c4080706a723a18a27aeea778392\windows-amd64\native-platform-file-events.dll
0x00007ffcbc2d0000 - 0x00007ffcbc2d9000 	C:\Program Files\Android\Android Studio\jbr\bin\management.dll
0x00007ffcb4eb0000 - 0x00007ffcb4ebb000 	C:\Program Files\Android\Android Studio\jbr\bin\management_ext.dll
0x00007ffcc52e0000 - 0x00007ffcc52e8000 	C:\Windows\System32\PSAPI.DLL
0x00007ffcc31e0000 - 0x00007ffcc31f8000 	C:\Windows\SYSTEM32\CRYPTSP.dll
0x00007ffcc2900000 - 0x00007ffcc2934000 	C:\Windows\system32\rsaenh.dll
0x00007ffcc37d0000 - 0x00007ffcc37fe000 	C:\Windows\SYSTEM32\USERENV.dll
0x00007ffcc31d0000 - 0x00007ffcc31dc000 	C:\Windows\SYSTEM32\CRYPTBASE.dll
0x00007ffcc2cc0000 - 0x00007ffcc2cfb000 	C:\Windows\SYSTEM32\IPHLPAPI.DLL
0x00007ffcc5bb0000 - 0x00007ffcc5bb8000 	C:\Windows\System32\NSI.dll
0x00007ffcb9a90000 - 0x00007ffcb9aa7000 	C:\Windows\SYSTEM32\dhcpcsvc6.DLL
0x00007ffcbaa30000 - 0x00007ffcbaa4d000 	C:\Windows\SYSTEM32\dhcpcsvc.DLL
0x00007ffcc2d00000 - 0x00007ffcc2dca000 	C:\Windows\SYSTEM32\DNSAPI.dll
0x00007ffcb4c90000 - 0x00007ffcb4c97000 	C:\Windows\system32\wshunix.dll
0x00007ffcb4460000 - 0x00007ffcb446a000 	C:\Windows\System32\rasadhlp.dll
0x00007ffcb4590000 - 0x00007ffcb4610000 	C:\Windows\System32\fwpuclnt.dll
0x00007ffcc0ea0000 - 0x00007ffcc0eb7000 	C:\Windows\system32\napinsp.dll
0x00007ffcbe380000 - 0x00007ffcbe39b000 	C:\Windows\system32\pnrpnsp.dll
0x00007ffcbe450000 - 0x00007ffcbe465000 	C:\Windows\system32\wshbth.dll
0x00007ffcbee20000 - 0x00007ffcbee3d000 	C:\Windows\system32\NLAapi.dll
0x00007ffcb3bf0000 - 0x00007ffcb3c02000 	C:\Windows\System32\winrnr.dll
0x00007ffcc2b50000 - 0x00007ffcc2b83000 	C:\Windows\SYSTEM32\ntmarta.dll

dbghelp: loaded successfully - version: 4.0.5 - missing functions: none
symbol engine: initialized successfully - sym options: 0x614 - pdb path: .;C:\Program Files\Android\Android Studio\jbr\bin;C:\Windows\SYSTEM32;C:\Windows\WinSxS\amd64_microsoft.windows.common-controls_6595b64144ccf1df_6.0.19041.4355_none_60b8b9eb71f62e16;C:\Program Files\Android\Android Studio\jbr\bin\server;C:\Users\LENOVO\.gradle\native\68d5fa5c4cc2d200863cafc0d521ce42e7d3e7ee720ec0a83991735586a16f82\windows-amd64;C:\Users\LENOVO\.gradle\native\e376f236ea51e6404a007f0833ffe2c6e607c4080706a723a18a27aeea778392\windows-amd64

VM Arguments:
jvm_args: -XX:MaxPermSize=512m -XX:+HeapDumpOnOutOfMemoryError --add-opens=java.base/java.util=ALL-UNNAMED --add-opens=java.base/java.lang=ALL-UNNAMED --add-opens=java.base/java.lang.invoke=ALL-UNNAMED --add-opens=java.prefs/java.util.prefs=ALL-UNNAMED --add-opens=java.base/java.nio.charset=ALL-UNNAMED --add-opens=java.base/java.net=ALL-UNNAMED --add-opens=java.base/java.util.concurrent.atomic=ALL-UNNAMED -Xmx1024m -Dfile.encoding=UTF-8 -Duser.country=ID -Duser.language=en -Duser.variant 
java_command: org.gradle.launcher.daemon.bootstrap.GradleDaemon 8.0
java_class_path (initial): C:\Users\LENOVO\.gradle\wrapper\dists\gradle-8.0-bin\ca5e32bp14vu59qr306oxotwh\gradle-8.0\lib\gradle-launcher-8.0.jar
Launcher Type: SUN_STANDARD

[Global flags]
     intx CICompilerCount                          = 2                                         {product} {ergonomic}
     uint ConcGCThreads                            = 1                                         {product} {ergonomic}
     uint G1ConcRefinementThreads                  = 2                                         {product} {ergonomic}
   size_t G1HeapRegionSize                         = 1048576                                   {product} {ergonomic}
    uintx GCDrainStackTargetSize                   = 64                                        {product} {ergonomic}
     bool HeapDumpOnOutOfMemoryError               = true                                   {manageable} {command line}
   size_t InitialHeapSize                          = 192937984                                 {product} {ergonomic}
   size_t MarkStackSize                            = 4194304                                   {product} {ergonomic}
   size_t MaxHeapSize                              = 1073741824                                {product} {command line}
   size_t MaxNewSize                               = 643825664                                 {product} {ergonomic}
   size_t MinHeapDeltaBytes                        = 1048576                                   {product} {ergonomic}
   size_t MinHeapSize                              = 8388608                                   {product} {ergonomic}
    uintx NonNMethodCodeHeapSize                   = 5826188                                {pd product} {ergonomic}
    uintx NonProfiledCodeHeapSize                  = 122916026                              {pd product} {ergonomic}
    uintx ProfiledCodeHeapSize                     = 122916026                              {pd product} {ergonomic}
    uintx ReservedCodeCacheSize                    = 251658240                              {pd product} {ergonomic}
     bool SegmentedCodeCache                       = true                                      {product} {ergonomic}
   size_t SoftMaxHeapSize                          = 1073741824                             {manageable} {ergonomic}
     bool UseCompressedClassPointers               = true                           {product lp64_product} {ergonomic}
     bool UseCompressedOops                        = true                           {product lp64_product} {ergonomic}
     bool UseG1GC                                  = true                                      {product} {ergonomic}
     bool UseLargePagesIndividualAllocation        = false                                  {pd product} {ergonomic}

Logging:
Log output configuration:
 #0: stdout all=warning uptime,level,tags
 #1: stderr all=off uptime,level,tags

Environment Variables:
JAVA_HOME=C:\Program Files\Java\jdk1.8.0_202
PATH=C:\Program Files\Java\jdk1.8.0_202\bin;C:\Program Files (x86)\Common Files\Oracle\Java\javapath;C:\Windows\system32;C:\Windows;C:\Windows\System32\Wbem;C:\Windows\System32\WindowsPowerShell\v1.0\;C:\Windows\System32\OpenSSH\;C:\Program Files (x86)\Rational\common;C:\Program Files\IBM\SPSS\Statistics\25\JRE\bin;C:\laragon\bin\php\php;C:\composer;C:\Program Files\Git\cmd;C:\Program Files\kotlinc\bin;C:\Users\LENOVO\AppData\Local\Microsoft\WindowsApps;C:\Users\LENOVO\AppData\Local\Programs\Microsoft VS Code\bin;C:\Program Files\JetBrains\IntelliJ IDEA 2023.2\bin;C:\Program Files\kotlinc;;C:\Users\LENOVO\AppData\Local\JetBrains\IntelliJ IDEA Community Edition 2023.2.1\bin;;C:\Users\LENOVO\AppData\Roaming\Composer\vendor\bin;C:\Program Files\kotlinc;
USERNAME=DZAKY
OS=Windows_NT
PROCESSOR_IDENTIFIER=AMD64 Family 21 Model 112 Stepping 0, AuthenticAMD
TMP=C:\Users\LENOVO\AppData\Local\Temp
TEMP=C:\Users\LENOVO\AppData\Local\Temp


JNI global refs:
JNI global refs: 25, weak refs: 26

JNI global refs memory usage: 843, weak refs: 841


---------------  S Y S T E M  ---------------

OS:
 Windows 10 , 64 bit Build 19041 (10.0.19041.5198)
OS uptime: 0 days 15:58 hours

CPU: total 2 (initial active 2) (2 cores per cpu, 1 threads per core) family 21 model 112 stepping 0 microcode 0x0, cx8, cmov, fxsr, mmx, 3dnowpref, sse, sse2, sse3, ssse3, sse4a, sse4.1, sse4.2, popcnt, lzcnt, tsc, tscinvbit, avx, avx2, aes, clmul, bmi1, bmi2, fma, vzeroupper, clflush

Memory: 4k page, system-wide physical 11680M (2393M free)
TotalPageFile size 11680M (AvailPageFile size 4M)
current process WorkingSet (physical memory assigned to process): 669M, peak: 687M
current process commit charge ("private bytes"): 695M, peak: 713M

vm_info: OpenJDK 64-Bit Server VM (17.0.6+0-b2043.56-10027231) for windows-amd64 JRE (17.0.6+0-b2043.56-10027231), built on Apr 28 2023 00:43:19 by "androidbuild" with MS VC++ 16.10 / 16.11 (VS2019)

END.
