#
# There is insufficient memory for the Java Runtime Environment to continue.
# Native memory allocation (mmap) failed to map 11534336 bytes for G1 virtual space
# Possible reasons:
#   The system is out of physical RAM or swap space
#   The process is running with CompressedOops enabled, and the Java Heap may be blocking the growth of the native heap
# Possible solutions:
#   Reduce memory load on the system
#   Increase physical memory or swap space
#   Check if swap backing store is full
#   Decrease Java heap size (-Xmx/-Xms)
#   Decrease number of Java threads
#   Decrease Java thread stack sizes (-Xss)
#   Set larger code cache with -XX:ReservedCodeCacheSize=
#   JVM is running with Unscaled Compressed Oops mode in which the Java heap is
#     placed in the first 4GB address space. The Java Heap base address is the
#     maximum limit for the native heap growth. Please use -XX:HeapBaseMinAddress
#     to set the Java Heap base and to place the Java Heap above 4GB virtual address.
# This output file may be truncated or incomplete.
#
#  Out of Memory Error (os_windows.cpp:3769), pid=4884, tid=2000
#
# JRE version: OpenJDK Runtime Environment (17.0.6) (build 17.0.6+0-b2043.56-10027231)
# Java VM: OpenJDK 64-Bit Server VM (17.0.6+0-b2043.56-10027231, mixed mode, tiered, compressed oops, compressed class ptrs, g1 gc, windows-amd64)
# No core dump will be written. Minidumps are not enabled by default on client versions of Windows
#

---------------  S U M M A R Y ------------

Command Line: --add-opens=java.base/java.util=ALL-UNNAMED --add-opens=java.base/java.lang=ALL-UNNAMED --add-opens=java.base/java.lang.invoke=ALL-UNNAMED --add-opens=java.prefs/java.util.prefs=ALL-UNNAMED --add-opens=java.base/java.nio.charset=ALL-UNNAMED --add-opens=java.base/java.net=ALL-UNNAMED --add-opens=java.base/java.util.concurrent.atomic=ALL-UNNAMED -Xmx2048m -Dfile.encoding=UTF-8 -Duser.country=ID -Duser.language=en -Duser.variant org.gradle.launcher.daemon.bootstrap.GradleDaemon 8.0

Host: AMD A9-9420 RADEON R5, 5 COMPUTE CORES 2C+3G   , 2 cores, 11G,  Windows 10 , 64 bit Build 19041 (10.0.19041.5198)
Time: Tue Jan 21 15:42:45 2025 SE Asia Standard Time elapsed time: 58.591387 seconds (0d 0h 0m 58s)

---------------  T H R E A D  ---------------

Current thread (0x0000015dd3cc3d60):  VMThread "VM Thread" [stack: 0x0000005cd9200000,0x0000005cd9300000] [id=2000]

Stack: [0x0000005cd9200000,0x0000005cd9300000]
Native frames: (J=compiled Java code, j=interpreted, Vv=VM code, C=native code)
V  [jvm.dll+0x683c9a]
V  [jvm.dll+0x8427a4]
V  [jvm.dll+0x843f9e]
V  [jvm.dll+0x844603]
V  [jvm.dll+0x249b75]
V  [jvm.dll+0x680b69]
V  [jvm.dll+0x67505a]
V  [jvm.dll+0x309acb]
V  [jvm.dll+0x310f86]
V  [jvm.dll+0x3608ee]
V  [jvm.dll+0x360b1f]
V  [jvm.dll+0x2dfbf8]
V  [jvm.dll+0x2e2ce6]
V  [jvm.dll+0x2ed478]
V  [jvm.dll+0x322150]
V  [jvm.dll+0x848ccb]
V  [jvm.dll+0x849a04]
V  [jvm.dll+0x849f1d]
V  [jvm.dll+0x84a2f4]
V  [jvm.dll+0x84a3c0]
V  [jvm.dll+0x7f274a]
V  [jvm.dll+0x682ad5]
C  [ucrtbase.dll+0x21bb2]
C  [KERNEL32.DLL+0x17374]
C  [ntdll.dll+0x4cc91]

VM_Operation (0x0000005cd8eff740): G1Concurrent, mode: safepoint, requested by thread 0x0000015dbaa88210


---------------  P R O C E S S  ---------------

Threads class SMR info:
_java_thread_list=0x0000015ddb20ad00, length=59, elements={
0x0000015dbaa148e0, 0x0000015dd4813260, 0x0000015dd4814780, 0x0000015dd3cde7f0,
0x0000015dd4836420, 0x0000015dd4836ce0, 0x0000015dd48375a0, 0x0000015dd4838190,
0x0000015dd48a38c0, 0x0000015dd48a8590, 0x0000015dd49bd160, 0x0000015dd49bd630,
0x0000015dd4eb3f00, 0x0000015dd4daf020, 0x0000015dd6d8cf40, 0x0000015dd5ba50d0,
0x0000015dd5c218e0, 0x0000015dd718c040, 0x0000015dd4b8f450, 0x0000015dd5bce870,
0x0000015dd5bcded0, 0x0000015dd5bce3a0, 0x0000015dd5bcd060, 0x0000015dd5bcda00,
0x0000015dd5bcd530, 0x0000015dd6eb5110, 0x0000015dd6eb0410, 0x0000015dd6eaf0d0,
0x0000015dd6eb55e0, 0x0000015dd6eb08e0, 0x0000015dd6eaec00, 0x0000015dd6eb25c0,
0x0000015dd6eb4770, 0x0000015dd6eb1750, 0x0000015dd6eb5ab0, 0x0000015dd6eae730,
0x0000015dd6eb2f60, 0x0000015dd6eb3430, 0x0000015dd6eb1280, 0x0000015dd6eaff40,
0x0000015dd6eb42a0, 0x0000015dd6eb3900, 0x0000015dd6eb20f0, 0x0000015dd6eafa70,
0x0000015dd6eb1c20, 0x0000015dd6eb3dd0, 0x0000015dd8f6f2e0, 0x0000015dd8f70af0,
0x0000015dd8f72300, 0x0000015dd8f6d600, 0x0000015dd8f6dad0, 0x0000015dd8f6cc60,
0x0000015dd8f6c2c0, 0x0000015dd8f6e470, 0x0000015dd8f71490, 0x0000015dd8f73170,
0x0000015dd8f73640, 0x0000015dd8f6fc80, 0x0000015dd8f6e940
}

Java Threads: ( => current thread )
  0x0000015dbaa148e0 JavaThread "main" [_thread_blocked, id=9484, stack(0x0000005cd8c00000,0x0000005cd8d00000)]
  0x0000015dd4813260 JavaThread "Reference Handler" daemon [_thread_blocked, id=4816, stack(0x0000005cd9300000,0x0000005cd9400000)]
  0x0000015dd4814780 JavaThread "Finalizer" daemon [_thread_blocked, id=1264, stack(0x0000005cd9400000,0x0000005cd9500000)]
  0x0000015dd3cde7f0 JavaThread "Signal Dispatcher" daemon [_thread_blocked, id=1872, stack(0x0000005cd9500000,0x0000005cd9600000)]
  0x0000015dd4836420 JavaThread "Attach Listener" daemon [_thread_blocked, id=2008, stack(0x0000005cd9600000,0x0000005cd9700000)]
  0x0000015dd4836ce0 JavaThread "Service Thread" daemon [_thread_blocked, id=7388, stack(0x0000005cd9700000,0x0000005cd9800000)]
  0x0000015dd48375a0 JavaThread "Monitor Deflation Thread" daemon [_thread_blocked, id=9360, stack(0x0000005cd9800000,0x0000005cd9900000)]
  0x0000015dd4838190 JavaThread "C2 CompilerThread0" daemon [_thread_blocked, id=9448, stack(0x0000005cd9900000,0x0000005cd9a00000)]
  0x0000015dd48a38c0 JavaThread "C1 CompilerThread0" daemon [_thread_blocked, id=620, stack(0x0000005cd9a00000,0x0000005cd9b00000)]
  0x0000015dd48a8590 JavaThread "Sweeper thread" daemon [_thread_blocked, id=992, stack(0x0000005cd9b00000,0x0000005cd9c00000)]
  0x0000015dd49bd160 JavaThread "Common-Cleaner" daemon [_thread_blocked, id=6240, stack(0x0000005cd9c00000,0x0000005cd9d00000)]
  0x0000015dd49bd630 JavaThread "Notification Thread" daemon [_thread_blocked, id=10464, stack(0x0000005cd9d00000,0x0000005cd9e00000)]
  0x0000015dd4eb3f00 JavaThread "Daemon health stats" [_thread_blocked, id=11112, stack(0x0000005cda000000,0x0000005cda100000)]
  0x0000015dd4daf020 JavaThread "Incoming local TCP Connector on port 52184" [_thread_in_native, id=11160, stack(0x0000005cda100000,0x0000005cda200000)]
  0x0000015dd6d8cf40 JavaThread "Daemon periodic checks" [_thread_blocked, id=10212, stack(0x0000005cda200000,0x0000005cda300000)]
  0x0000015dd5ba50d0 JavaThread "Daemon" [_thread_blocked, id=9332, stack(0x0000005cda300000,0x0000005cda400000)]
  0x0000015dd5c218e0 JavaThread "Handler for socket connection from /127.0.0.1:52184 to /127.0.0.1:52185" [_thread_in_native, id=4972, stack(0x0000005cda400000,0x0000005cda500000)]
  0x0000015dd718c040 JavaThread "Cancel handler" [_thread_blocked, id=10028, stack(0x0000005cda500000,0x0000005cda600000)]
  0x0000015dd4b8f450 JavaThread "Daemon worker" [_thread_blocked, id=11192, stack(0x0000005cda600000,0x0000005cda700000)]
  0x0000015dd5bce870 JavaThread "Asynchronous log dispatcher for DefaultDaemonConnection: socket connection from /127.0.0.1:52184 to /127.0.0.1:52185" [_thread_blocked, id=2184, stack(0x0000005cda700000,0x0000005cda800000)]
  0x0000015dd5bcded0 JavaThread "Stdin handler" [_thread_blocked, id=11204, stack(0x0000005cda800000,0x0000005cda900000)]
  0x0000015dd5bce3a0 JavaThread "Daemon client event forwarder" [_thread_blocked, id=2360, stack(0x0000005cda900000,0x0000005cdaa00000)]
  0x0000015dd5bcd060 JavaThread "Cache worker for journal cache (C:\Users\LENOVO\.gradle\caches\journal-1)" [_thread_blocked, id=2016, stack(0x0000005cdaa00000,0x0000005cdab00000)]
  0x0000015dd5bcda00 JavaThread "File lock request listener" [_thread_in_native, id=5564, stack(0x0000005cdab00000,0x0000005cdac00000)]
  0x0000015dd5bcd530 JavaThread "Cache worker for file hash cache (C:\Users\LENOVO\.gradle\caches\8.0\fileHashes)" [_thread_blocked, id=2488, stack(0x0000005cdac00000,0x0000005cdad00000)]
  0x0000015dd6eb5110 JavaThread "File watcher server" daemon [_thread_in_native, id=6204, stack(0x0000005cdad00000,0x0000005cdae00000)]
  0x0000015dd6eb0410 JavaThread "File watcher consumer" daemon [_thread_blocked, id=10592, stack(0x0000005cdae00000,0x0000005cdaf00000)]
  0x0000015dd6eaf0d0 JavaThread "jar transforms" [_thread_blocked, id=224, stack(0x0000005cdaf00000,0x0000005cdb000000)]
  0x0000015dd6eb55e0 JavaThread "jar transforms Thread 2" [_thread_blocked, id=5220, stack(0x0000005cdb000000,0x0000005cdb100000)]
  0x0000015dd6eb08e0 JavaThread "Cache worker for checksums cache (G:\NANDA APRILLIA LESTARI MUFTI\BISMILLAH\SERBA-SERBI SKRIPSI 2024\WidyaAksara\program\.gradle\8.0\checksums)" [_thread_blocked, id=4812, stack(0x0000005cdb100000,0x0000005cdb200000)]
  0x0000015dd6eaec00 JavaThread "Cache worker for cache directory md-rule (C:\Users\LENOVO\.gradle\caches\8.0\md-rule)" [_thread_blocked, id=2404, stack(0x0000005cdb200000,0x0000005cdb300000)]
  0x0000015dd6eb25c0 JavaThread "Cache worker for file content cache (C:\Users\LENOVO\.gradle\caches\8.0\fileContent)" [_thread_blocked, id=11108, stack(0x0000005cdb300000,0x0000005cdb400000)]
  0x0000015dd6eb4770 JavaThread "Cache worker for file hash cache (G:\NANDA APRILLIA LESTARI MUFTI\BISMILLAH\SERBA-SERBI SKRIPSI 2024\WidyaAksara\program\.gradle\8.0\fileHashes)" [_thread_blocked, id=10660, stack(0x0000005cdb400000,0x0000005cdb500000)]
  0x0000015dd6eb1750 JavaThread "Cache worker for cache directory md-supplier (C:\Users\LENOVO\.gradle\caches\8.0\md-supplier)" [_thread_blocked, id=8804, stack(0x0000005cdb500000,0x0000005cdb600000)]
  0x0000015dd6eb5ab0 JavaThread "Cache worker for execution history cache (C:\Users\LENOVO\.gradle\caches\8.0\executionHistory)" [_thread_blocked, id=8476, stack(0x0000005cdb600000,0x0000005cdb700000)]
  0x0000015dd6eae730 JavaThread "Cache worker for kotlin-dsl (C:\Users\LENOVO\.gradle\caches\8.0\kotlin-dsl)" [_thread_blocked, id=10248, stack(0x0000005cdb900000,0x0000005cdba00000)]
  0x0000015dd6eb2f60 JavaThread "Cache worker for dependencies-accessors (G:\NANDA APRILLIA LESTARI MUFTI\BISMILLAH\SERBA-SERBI SKRIPSI 2024\WidyaAksara\program\.gradle\8.0\dependencies-accessors)" [_thread_blocked, id=8236, stack(0x0000005cdba00000,0x0000005cdbb00000)]
  0x0000015dd6eb3430 JavaThread "Cache worker for Build Output Cleanup Cache (G:\NANDA APRILLIA LESTARI MUFTI\BISMILLAH\SERBA-SERBI SKRIPSI 2024\WidyaAksara\program\.gradle\buildOutputCleanup)" [_thread_blocked, id=7624, stack(0x0000005cdbb00000,0x0000005cdbc00000)]
  0x0000015dd6eb1280 JavaThread "Unconstrained build operations" [_thread_blocked, id=8860, stack(0x0000005cdbd00000,0x0000005cdbe00000)]
  0x0000015dd6eaff40 JavaThread "Unconstrained build operations Thread 2" [_thread_blocked, id=8908, stack(0x0000005cdbe00000,0x0000005cdbf00000)]
  0x0000015dd6eb42a0 JavaThread "Unconstrained build operations Thread 3" [_thread_blocked, id=4924, stack(0x0000005cdbf00000,0x0000005cdc000000)]
  0x0000015dd6eb3900 JavaThread "Unconstrained build operations Thread 4" [_thread_blocked, id=100, stack(0x0000005cdc000000,0x0000005cdc100000)]
  0x0000015dd6eb20f0 JavaThread "Unconstrained build operations Thread 5" [_thread_blocked, id=9864, stack(0x0000005cdc100000,0x0000005cdc200000)]
  0x0000015dd6eafa70 JavaThread "Unconstrained build operations Thread 6" [_thread_blocked, id=8248, stack(0x0000005cdc200000,0x0000005cdc300000)]
  0x0000015dd6eb1c20 JavaThread "Unconstrained build operations Thread 7" [_thread_blocked, id=5600, stack(0x0000005cdc300000,0x0000005cdc400000)]
  0x0000015dd6eb3dd0 JavaThread "Unconstrained build operations Thread 8" [_thread_blocked, id=4852, stack(0x0000005cdc400000,0x0000005cdc500000)]
  0x0000015dd8f6f2e0 JavaThread "Unconstrained build operations Thread 9" [_thread_blocked, id=4528, stack(0x0000005cdc500000,0x0000005cdc600000)]
  0x0000015dd8f70af0 JavaThread "Unconstrained build operations Thread 10" [_thread_blocked, id=11132, stack(0x0000005cdc600000,0x0000005cdc700000)]
  0x0000015dd8f72300 JavaThread "Unconstrained build operations Thread 11" [_thread_blocked, id=7232, stack(0x0000005cdc700000,0x0000005cdc800000)]
  0x0000015dd8f6d600 JavaThread "Unconstrained build operations Thread 12" [_thread_blocked, id=4060, stack(0x0000005cdc800000,0x0000005cdc900000)]
  0x0000015dd8f6dad0 JavaThread "Unconstrained build operations Thread 13" [_thread_blocked, id=5092, stack(0x0000005cdc900000,0x0000005cdca00000)]
  0x0000015dd8f6cc60 JavaThread "Unconstrained build operations Thread 14" [_thread_blocked, id=6056, stack(0x0000005cdca00000,0x0000005cdcb00000)]
  0x0000015dd8f6c2c0 JavaThread "Unconstrained build operations Thread 15" [_thread_blocked, id=1388, stack(0x0000005cdcb00000,0x0000005cdcc00000)]
  0x0000015dd8f6e470 JavaThread "Unconstrained build operations Thread 16" [_thread_blocked, id=10732, stack(0x0000005cdcc00000,0x0000005cdcd00000)]
  0x0000015dd8f71490 JavaThread "Unconstrained build operations Thread 17" [_thread_blocked, id=1976, stack(0x0000005cdcd00000,0x0000005cdce00000)]
  0x0000015dd8f73170 JavaThread "Unconstrained build operations Thread 18" [_thread_blocked, id=7776, stack(0x0000005cdce00000,0x0000005cdcf00000)]
  0x0000015dd8f73640 JavaThread "Unconstrained build operations Thread 19" [_thread_blocked, id=10376, stack(0x0000005cdcf00000,0x0000005cdd000000)]
  0x0000015dd8f6fc80 JavaThread "Unconstrained build operations Thread 20" [_thread_blocked, id=11100, stack(0x0000005cdd000000,0x0000005cdd100000)]
  0x0000015dd8f6e940 JavaThread "Memory manager" [_thread_blocked, id=10236, stack(0x0000005cdd100000,0x0000005cdd200000)]

Other Threads:
=>0x0000015dd3cc3d60 VMThread "VM Thread" [stack: 0x0000005cd9200000,0x0000005cd9300000] [id=2000]
  0x0000015dd4918170 WatcherThread [stack: 0x0000005cd9e00000,0x0000005cd9f00000] [id=4664]
  0x0000015dbaa773c0 GCTaskThread "GC Thread#0" [stack: 0x0000005cd8d00000,0x0000005cd8e00000] [id=3224]
  0x0000015dd4a94fd0 GCTaskThread "GC Thread#1" [stack: 0x0000005cd9f00000,0x0000005cda000000] [id=5208]
  0x0000015dbaa88210 ConcurrentGCThread "G1 Main Marker" [stack: 0x0000005cd8e00000,0x0000005cd8f00000] [id=9424]
  0x0000015dbaa892d0 ConcurrentGCThread "G1 Conc#0" [stack: 0x0000005cd8f00000,0x0000005cd9000000] [id=9172]
  0x0000015dd3b120c0 ConcurrentGCThread "G1 Refine#0" [stack: 0x0000005cd9000000,0x0000005cd9100000] [id=5572]
  0x0000015dd3b129f0 ConcurrentGCThread "G1 Service" [stack: 0x0000005cd9100000,0x0000005cd9200000] [id=3604]

Threads with active compile tasks:
C2 CompilerThread0    58638 7829       4       jdk.internal.org.objectweb.asm.MethodWriter::visitInsn (115 bytes)

VM state: at safepoint (normal execution)

VM Mutex/Monitor currently owned by a thread:  ([mutex/lock_event])
[0x0000015dbaa10c10] Threads_lock - owner thread: 0x0000015dd3cc3d60
[0x0000015dbaa10160] Heap_lock - owner thread: 0x0000015dbaa88210

Heap address: 0x0000000080000000, size: 2048 MB, Compressed Oops mode: 32-bit

CDS archive(s) not mapped
Compressed class space mapped at: 0x0000000100000000-0x0000000140000000, reserved size: 1073741824
Narrow klass base: 0x0000000000000000, Narrow klass shift: 3, Narrow klass range: 0x140000000

GC Precious Log:
 CPUs: 2 total, 2 available
 Memory: 11680M
 Large Page Support: Disabled
 NUMA Support: Disabled
 Compressed Oops: Enabled (32-bit)
 Heap Region Size: 1M
 Heap Min Capacity: 8M
 Heap Initial Capacity: 184M
 Heap Max Capacity: 2G
 Pre-touch: Disabled
 Parallel Workers: 2
 Concurrent Workers: 1
 Concurrent Refinement Workers: 2
 Periodic GC: Disabled

Heap:
 garbage-first heap   total 167936K, used 105554K [0x0000000080000000, 0x0000000100000000)
  region size 1024K, 6 young (6144K), 3 survivors (3072K)
 Metaspace       used 81520K, committed 82240K, reserved 1122304K
  class space    used 11309K, committed 11648K, reserved 1048576K

Heap Regions: E=young(eden), S=young(survivor), O=old, HS=humongous(starts), HC=humongous(continues), CS=collection set, F=free, OA=open archive, CA=closed archive, TAMS=top-at-mark-start (previous, next)
|   0|0x0000000080000000, 0x0000000080100000, 0x0000000080100000|100%|HS|  |TAMS 0x0000000080100000, 0x0000000080000000| Complete 
|   1|0x0000000080100000, 0x0000000080200000, 0x0000000080200000|100%|HC|  |TAMS 0x0000000080200000, 0x0000000080100000| Complete 
|   2|0x0000000080200000, 0x0000000080300000, 0x0000000080300000|100%|HC|  |TAMS 0x0000000080300000, 0x0000000080200000| Complete 
|   3|0x0000000080300000, 0x0000000080400000, 0x0000000080400000|100%|HC|  |TAMS 0x0000000080400000, 0x0000000080300000| Complete 
|   4|0x0000000080400000, 0x0000000080500000, 0x0000000080500000|100%| O|  |TAMS 0x0000000080500000, 0x0000000080400000| Untracked 
|   5|0x0000000080500000, 0x0000000080600000, 0x0000000080600000|100%| O|  |TAMS 0x0000000080600000, 0x0000000080500000| Updating 
|   6|0x0000000080600000, 0x0000000080700000, 0x0000000080700000|100%| O|  |TAMS 0x0000000080700000, 0x0000000080600000| Untracked 
|   7|0x0000000080700000, 0x0000000080800000, 0x0000000080800000|100%| O|  |TAMS 0x0000000080800000, 0x0000000080700000| Untracked 
|   8|0x0000000080800000, 0x0000000080900000, 0x0000000080900000|100%| O|  |TAMS 0x0000000080900000, 0x0000000080800000| Untracked 
|   9|0x0000000080900000, 0x0000000080a00000, 0x0000000080a00000|100%| O|  |TAMS 0x0000000080a00000, 0x0000000080900000| Untracked 
|  10|0x0000000080a00000, 0x0000000080b00000, 0x0000000080b00000|100%| O|  |TAMS 0x0000000080b00000, 0x0000000080a00000| Untracked 
|  11|0x0000000080b00000, 0x0000000080c00000, 0x0000000080c00000|100%| O|  |TAMS 0x0000000080c00000, 0x0000000080b00000| Untracked 
|  12|0x0000000080c00000, 0x0000000080d00000, 0x0000000080d00000|100%| O|  |TAMS 0x0000000080d00000, 0x0000000080c00000| Untracked 
|  13|0x0000000080d00000, 0x0000000080e00000, 0x0000000080e00000|100%| O|  |TAMS 0x0000000080e00000, 0x0000000080d00000| Untracked 
|  14|0x0000000080e00000, 0x0000000080f00000, 0x0000000080f00000|100%| O|  |TAMS 0x0000000080f00000, 0x0000000080e00000| Untracked 
|  15|0x0000000080f00000, 0x0000000081000000, 0x0000000081000000|100%| O|  |TAMS 0x0000000081000000, 0x0000000080f00000| Untracked 
|  16|0x0000000081000000, 0x0000000081100000, 0x0000000081100000|100%| O|  |TAMS 0x0000000081100000, 0x0000000081000000| Untracked 
|  17|0x0000000081100000, 0x0000000081200000, 0x0000000081200000|100%|HS|  |TAMS 0x0000000081200000, 0x0000000081100000| Complete 
|  18|0x0000000081200000, 0x0000000081300000, 0x0000000081300000|100%|HC|  |TAMS 0x0000000081300000, 0x0000000081200000| Complete 
|  19|0x0000000081300000, 0x0000000081400000, 0x0000000081400000|100%|HS|  |TAMS 0x0000000081400000, 0x0000000081300000| Complete 
|  20|0x0000000081400000, 0x0000000081500000, 0x0000000081500000|100%|HC|  |TAMS 0x0000000081500000, 0x0000000081400000| Complete 
|  21|0x0000000081500000, 0x0000000081600000, 0x0000000081600000|100%|HC|  |TAMS 0x0000000081600000, 0x0000000081500000| Complete 
|  22|0x0000000081600000, 0x0000000081700000, 0x0000000081700000|100%|HS|  |TAMS 0x0000000081700000, 0x0000000081600000| Complete 
|  23|0x0000000081700000, 0x0000000081800000, 0x0000000081800000|100%|HC|  |TAMS 0x0000000081800000, 0x0000000081700000| Complete 
|  24|0x0000000081800000, 0x0000000081900000, 0x0000000081900000|100%|HC|  |TAMS 0x0000000081900000, 0x0000000081800000| Complete 
|  25|0x0000000081900000, 0x0000000081a00000, 0x0000000081a00000|100%| O|  |TAMS 0x0000000081a00000, 0x0000000081900000| Untracked 
|  26|0x0000000081a00000, 0x0000000081b00000, 0x0000000081b00000|100%| O|  |TAMS 0x0000000081b00000, 0x0000000081a00000| Updating 
|  27|0x0000000081b00000, 0x0000000081c00000, 0x0000000081c00000|100%| O|  |TAMS 0x0000000081c00000, 0x0000000081b00000| Updating 
|  28|0x0000000081c00000, 0x0000000081d00000, 0x0000000081d00000|100%| O|  |TAMS 0x0000000081d00000, 0x0000000081c00000| Updating 
|  29|0x0000000081d00000, 0x0000000081e00000, 0x0000000081e00000|100%| O|  |TAMS 0x0000000081e00000, 0x0000000081d00000| Untracked 
|  30|0x0000000081e00000, 0x0000000081f00000, 0x0000000081f00000|100%| O|  |TAMS 0x0000000081f00000, 0x0000000081e00000| Untracked 
|  31|0x0000000081f00000, 0x0000000082000000, 0x0000000082000000|100%| O|  |TAMS 0x0000000082000000, 0x0000000081f00000| Untracked 
|  32|0x0000000082000000, 0x0000000082100000, 0x0000000082100000|100%| O|  |TAMS 0x0000000082100000, 0x0000000082000000| Updating 
|  33|0x0000000082100000, 0x0000000082200000, 0x0000000082200000|100%|HS|  |TAMS 0x0000000082200000, 0x0000000082100000| Complete 
|  34|0x0000000082200000, 0x0000000082300000, 0x0000000082300000|100%|HC|  |TAMS 0x0000000082300000, 0x0000000082200000| Complete 
|  35|0x0000000082300000, 0x0000000082400000, 0x0000000082400000|100%|HC|  |TAMS 0x0000000082400000, 0x0000000082300000| Complete 
|  36|0x0000000082400000, 0x0000000082500000, 0x0000000082500000|100%|HC|  |TAMS 0x0000000082500000, 0x0000000082400000| Complete 
|  37|0x0000000082500000, 0x0000000082600000, 0x0000000082600000|100%|HC|  |TAMS 0x0000000082600000, 0x0000000082500000| Complete 
|  38|0x0000000082600000, 0x0000000082700000, 0x0000000082700000|100%|HC|  |TAMS 0x0000000082700000, 0x0000000082600000| Complete 
|  39|0x0000000082700000, 0x0000000082800000, 0x0000000082800000|100%|HC|  |TAMS 0x0000000082800000, 0x0000000082700000| Complete 
|  40|0x0000000082800000, 0x0000000082900000, 0x0000000082900000|100%|HC|  |TAMS 0x0000000082900000, 0x0000000082800000| Complete 
|  41|0x0000000082900000, 0x0000000082a00000, 0x0000000082a00000|100%|HC|  |TAMS 0x0000000082a00000, 0x0000000082900000| Complete 
|  42|0x0000000082a00000, 0x0000000082b00000, 0x0000000082b00000|100%|HC|  |TAMS 0x0000000082b00000, 0x0000000082a00000| Complete 
|  43|0x0000000082b00000, 0x0000000082c00000, 0x0000000082c00000|100%|HC|  |TAMS 0x0000000082c00000, 0x0000000082b00000| Complete 
|  44|0x0000000082c00000, 0x0000000082d00000, 0x0000000082d00000|100%|HC|  |TAMS 0x0000000082d00000, 0x0000000082c00000| Complete 
|  45|0x0000000082d00000, 0x0000000082e00000, 0x0000000082e00000|100%|HS|  |TAMS 0x0000000082e00000, 0x0000000082d00000| Complete 
|  46|0x0000000082e00000, 0x0000000082f00000, 0x0000000082f00000|100%|HC|  |TAMS 0x0000000082f00000, 0x0000000082e00000| Complete 
|  47|0x0000000082f00000, 0x0000000083000000, 0x0000000083000000|100%| O|  |TAMS 0x0000000083000000, 0x0000000082f00000| Untracked 
|  48|0x0000000083000000, 0x0000000083100000, 0x0000000083100000|100%| O|  |TAMS 0x0000000083100000, 0x0000000083000000| Untracked 
|  49|0x0000000083100000, 0x0000000083200000, 0x0000000083200000|100%| O|  |TAMS 0x0000000083200000, 0x0000000083100000| Untracked 
|  50|0x0000000083200000, 0x0000000083300000, 0x0000000083300000|100%| O|  |TAMS 0x0000000083300000, 0x0000000083200000| Untracked 
|  51|0x0000000083300000, 0x0000000083400000, 0x0000000083400000|100%| O|  |TAMS 0x0000000083400000, 0x0000000083300000| Untracked 
|  52|0x0000000083400000, 0x0000000083500000, 0x0000000083500000|100%| O|  |TAMS 0x0000000083500000, 0x0000000083400000| Untracked 
|  53|0x0000000083500000, 0x0000000083600000, 0x0000000083600000|100%| O|  |TAMS 0x0000000083600000, 0x0000000083500000| Untracked 
|  54|0x0000000083600000, 0x0000000083700000, 0x0000000083700000|100%|HS|  |TAMS 0x0000000083700000, 0x0000000083600000| Complete 
|  55|0x0000000083700000, 0x0000000083800000, 0x0000000083800000|100%|HC|  |TAMS 0x0000000083800000, 0x0000000083700000| Complete 
|  56|0x0000000083800000, 0x0000000083900000, 0x0000000083900000|100%|HC|  |TAMS 0x0000000083900000, 0x0000000083800000| Complete 
|  57|0x0000000083900000, 0x0000000083a00000, 0x0000000083a00000|100%| O|  |TAMS 0x0000000083a00000, 0x0000000083900000| Untracked 
|  58|0x0000000083a00000, 0x0000000083b00000, 0x0000000083b00000|100%| O|  |TAMS 0x0000000083b00000, 0x0000000083a00000| Untracked 
|  59|0x0000000083b00000, 0x0000000083c00000, 0x0000000083c00000|100%| O|  |TAMS 0x0000000083c00000, 0x0000000083b00000| Untracked 
|  60|0x0000000083c00000, 0x0000000083d00000, 0x0000000083d00000|100%|HS|  |TAMS 0x0000000083d00000, 0x0000000083c00000| Complete 
|  61|0x0000000083d00000, 0x0000000083e00000, 0x0000000083e00000|100%|HC|  |TAMS 0x0000000083e00000, 0x0000000083d00000| Complete 
|  62|0x0000000083e00000, 0x0000000083f00000, 0x0000000083f00000|100%|HC|  |TAMS 0x0000000083f00000, 0x0000000083e00000| Complete 
|  63|0x0000000083f00000, 0x0000000084000000, 0x0000000084000000|100%| O|  |TAMS 0x0000000084000000, 0x0000000083f00000| Updating 
|  64|0x0000000084000000, 0x0000000084100000, 0x0000000084100000|100%| O|  |TAMS 0x0000000084100000, 0x0000000084000000| Updating 
|  65|0x0000000084100000, 0x0000000084200000, 0x0000000084200000|100%| O|  |TAMS 0x0000000084200000, 0x0000000084100000| Untracked 
|  66|0x0000000084200000, 0x0000000084300000, 0x0000000084300000|100%| O|  |TAMS 0x0000000084300000, 0x0000000084200000| Untracked 
|  67|0x0000000084300000, 0x0000000084400000, 0x0000000084400000|100%| O|  |TAMS 0x0000000084400000, 0x0000000084300000| Untracked 
|  68|0x0000000084400000, 0x0000000084400000, 0x0000000084500000|  0%| F|  |TAMS 0x0000000084400000, 0x0000000084400000| Untracked 
|  69|0x0000000084500000, 0x0000000084600000, 0x0000000084600000|100%| O|  |TAMS 0x0000000084600000, 0x0000000084500000| Updating 
|  70|0x0000000084600000, 0x0000000084700000, 0x0000000084700000|100%| O|  |TAMS 0x0000000084700000, 0x0000000084600000| Untracked 
|  71|0x0000000084700000, 0x0000000084800000, 0x0000000084800000|100%| O|  |TAMS 0x0000000084800000, 0x0000000084700000| Untracked 
|  72|0x0000000084800000, 0x0000000084900000, 0x0000000084900000|100%| O|  |TAMS 0x0000000084900000, 0x0000000084800000| Untracked 
|  73|0x0000000084900000, 0x0000000084a00000, 0x0000000084a00000|100%| O|  |TAMS 0x0000000084a00000, 0x0000000084900000| Untracked 
|  74|0x0000000084a00000, 0x0000000084b00000, 0x0000000084b00000|100%| O|  |TAMS 0x0000000084b00000, 0x0000000084a00000| Untracked 
|  75|0x0000000084b00000, 0x0000000084c00000, 0x0000000084c00000|100%| O|  |TAMS 0x0000000084c00000, 0x0000000084b00000| Untracked 
|  76|0x0000000084c00000, 0x0000000084d00000, 0x0000000084d00000|100%| O|  |TAMS 0x0000000084d00000, 0x0000000084c00000| Untracked 
|  77|0x0000000084d00000, 0x0000000084e00000, 0x0000000084e00000|100%| O|  |TAMS 0x0000000084e00000, 0x0000000084d00000| Untracked 
|  78|0x0000000084e00000, 0x0000000084f00000, 0x0000000084f00000|100%| O|  |TAMS 0x0000000084f00000, 0x0000000084e00000| Updating 
|  79|0x0000000084f00000, 0x0000000085000000, 0x0000000085000000|100%|HS|  |TAMS 0x0000000085000000, 0x0000000084f00000| Complete 
|  80|0x0000000085000000, 0x0000000085100000, 0x0000000085100000|100%|HS|  |TAMS 0x0000000085100000, 0x0000000085000000| Complete 
|  81|0x0000000085100000, 0x0000000085200000, 0x0000000085200000|100%|HS|  |TAMS 0x0000000085200000, 0x0000000085100000| Complete 
|  82|0x0000000085200000, 0x0000000085300000, 0x0000000085300000|100%|HC|  |TAMS 0x0000000085300000, 0x0000000085200000| Complete 
|  83|0x0000000085300000, 0x0000000085400000, 0x0000000085400000|100%|HS|  |TAMS 0x0000000085400000, 0x0000000085300000| Complete 
|  84|0x0000000085400000, 0x0000000085500000, 0x0000000085500000|100%|HS|  |TAMS 0x0000000085500000, 0x0000000085400000| Complete 
|  85|0x0000000085500000, 0x0000000085600000, 0x0000000085600000|100%|HC|  |TAMS 0x0000000085600000, 0x0000000085500000| Complete 
|  86|0x0000000085600000, 0x0000000085700000, 0x0000000085700000|100%|HC|  |TAMS 0x0000000085700000, 0x0000000085600000| Complete 
|  87|0x0000000085700000, 0x0000000085800000, 0x0000000085800000|100%|HC|  |TAMS 0x0000000085800000, 0x0000000085700000| Complete 
|  88|0x0000000085800000, 0x0000000085900000, 0x0000000085900000|100%| O|  |TAMS 0x0000000085900000, 0x0000000085800000| Untracked 
|  89|0x0000000085900000, 0x0000000085a00000, 0x0000000085a00000|100%| O|  |TAMS 0x0000000085a00000, 0x0000000085900000| Untracked 
|  90|0x0000000085a00000, 0x0000000085b00000, 0x0000000085b00000|100%| O|  |TAMS 0x0000000085b00000, 0x0000000085a00000| Untracked 
|  91|0x0000000085b00000, 0x0000000085c00000, 0x0000000085c00000|100%| O|  |TAMS 0x0000000085c00000, 0x0000000085b00000| Updating 
|  92|0x0000000085c00000, 0x0000000085d00000, 0x0000000085d00000|100%| O|  |TAMS 0x0000000085d00000, 0x0000000085c00000| Untracked 
|  93|0x0000000085d00000, 0x0000000085e00000, 0x0000000085e00000|100%| O|  |TAMS 0x0000000085e00000, 0x0000000085d00000| Untracked 
|  94|0x0000000085e00000, 0x0000000085f00000, 0x0000000085f00000|100%| O|  |TAMS 0x0000000085f00000, 0x0000000085e00000| Untracked 
|  95|0x0000000085f00000, 0x0000000086000000, 0x0000000086000000|100%| O|  |TAMS 0x0000000086000000, 0x0000000085f00000| Updating 
|  96|0x0000000086000000, 0x0000000086100000, 0x0000000086100000|100%| O|  |TAMS 0x0000000086100000, 0x0000000086000000| Untracked 
|  97|0x0000000086100000, 0x0000000086200000, 0x0000000086200000|100%| O|  |TAMS 0x0000000086200000, 0x0000000086100000| Untracked 
|  98|0x0000000086200000, 0x00000000862b5a00, 0x0000000086300000| 70%| O|  |TAMS 0x00000000862b5a00, 0x0000000086200000| Updating 
|  99|0x0000000086300000, 0x0000000086300000, 0x0000000086400000|  0%| F|  |TAMS 0x0000000086300000, 0x0000000086300000| Untracked 
| 100|0x0000000086400000, 0x0000000086400000, 0x0000000086500000|  0%| F|  |TAMS 0x0000000086400000, 0x0000000086400000| Untracked 
| 101|0x0000000086500000, 0x0000000086600000, 0x0000000086600000|100%| O|  |TAMS 0x0000000086600000, 0x0000000086500000| Untracked 
| 102|0x0000000086600000, 0x0000000086600000, 0x0000000086700000|  0%| F|  |TAMS 0x0000000086600000, 0x0000000086600000| Untracked 
| 103|0x0000000086700000, 0x0000000086700000, 0x0000000086800000|  0%| F|  |TAMS 0x0000000086700000, 0x0000000086700000| Untracked 
| 104|0x0000000086800000, 0x0000000086800000, 0x0000000086900000|  0%| F|  |TAMS 0x0000000086800000, 0x0000000086800000| Untracked 
| 105|0x0000000086900000, 0x0000000086900000, 0x0000000086a00000|  0%| F|  |TAMS 0x0000000086900000, 0x0000000086900000| Untracked 
| 106|0x0000000086a00000, 0x0000000086a00000, 0x0000000086b00000|  0%| F|  |TAMS 0x0000000086a00000, 0x0000000086a00000| Untracked 
| 107|0x0000000086b00000, 0x0000000086b00000, 0x0000000086c00000|  0%| F|  |TAMS 0x0000000086b00000, 0x0000000086b00000| Untracked 
| 108|0x0000000086c00000, 0x0000000086c00000, 0x0000000086d00000|  0%| F|  |TAMS 0x0000000086c00000, 0x0000000086c00000| Untracked 
| 109|0x0000000086d00000, 0x0000000086d00000, 0x0000000086e00000|  0%| F|  |TAMS 0x0000000086d00000, 0x0000000086d00000| Untracked 
| 110|0x0000000086e00000, 0x0000000086e00000, 0x0000000086f00000|  0%| F|  |TAMS 0x0000000086e00000, 0x0000000086e00000| Untracked 
| 111|0x0000000086f00000, 0x0000000086f00000, 0x0000000087000000|  0%| F|  |TAMS 0x0000000086f00000, 0x0000000086f00000| Untracked 
| 112|0x0000000087000000, 0x0000000087000000, 0x0000000087100000|  0%| F|  |TAMS 0x0000000087000000, 0x0000000087000000| Untracked 
| 113|0x0000000087100000, 0x0000000087100000, 0x0000000087200000|  0%| F|  |TAMS 0x0000000087100000, 0x0000000087100000| Untracked 
| 114|0x0000000087200000, 0x0000000087200000, 0x0000000087300000|  0%| F|  |TAMS 0x0000000087200000, 0x0000000087200000| Untracked 
| 115|0x0000000087300000, 0x0000000087300000, 0x0000000087400000|  0%| F|  |TAMS 0x0000000087300000, 0x0000000087300000| Untracked 
| 116|0x0000000087400000, 0x0000000087400000, 0x0000000087500000|  0%| F|  |TAMS 0x0000000087400000, 0x0000000087400000| Untracked 
| 117|0x0000000087500000, 0x0000000087500000, 0x0000000087600000|  0%| F|  |TAMS 0x0000000087500000, 0x0000000087500000| Untracked 
| 118|0x0000000087600000, 0x0000000087600000, 0x0000000087700000|  0%| F|  |TAMS 0x0000000087600000, 0x0000000087600000| Untracked 
| 119|0x0000000087700000, 0x0000000087700000, 0x0000000087800000|  0%| F|  |TAMS 0x0000000087700000, 0x0000000087700000| Untracked 
| 120|0x0000000087800000, 0x0000000087800000, 0x0000000087900000|  0%| F|  |TAMS 0x0000000087800000, 0x0000000087800000| Untracked 
| 121|0x0000000087900000, 0x0000000087900000, 0x0000000087a00000|  0%| F|  |TAMS 0x0000000087900000, 0x0000000087900000| Untracked 
| 122|0x0000000087a00000, 0x0000000087a00000, 0x0000000087b00000|  0%| F|  |TAMS 0x0000000087a00000, 0x0000000087a00000| Untracked 
| 123|0x0000000087b00000, 0x0000000087b00000, 0x0000000087c00000|  0%| F|  |TAMS 0x0000000087b00000, 0x0000000087b00000| Untracked 
| 124|0x0000000087c00000, 0x0000000087c00000, 0x0000000087d00000|  0%| F|  |TAMS 0x0000000087c00000, 0x0000000087c00000| Untracked 
| 125|0x0000000087d00000, 0x0000000087d00000, 0x0000000087e00000|  0%| F|  |TAMS 0x0000000087d00000, 0x0000000087d00000| Untracked 
| 126|0x0000000087e00000, 0x0000000087e5f080, 0x0000000087f00000| 37%| S|CS|TAMS 0x0000000087e00000, 0x0000000087e00000| Complete 
| 127|0x0000000087f00000, 0x0000000088000000, 0x0000000088000000|100%| S|CS|TAMS 0x0000000087f00000, 0x0000000087f00000| Complete 
| 128|0x0000000088000000, 0x0000000088100000, 0x0000000088100000|100%| S|CS|TAMS 0x0000000088000000, 0x0000000088000000| Complete 
| 129|0x0000000088100000, 0x0000000088100000, 0x0000000088200000|  0%| F|  |TAMS 0x0000000088100000, 0x0000000088100000| Untracked 
| 130|0x0000000088200000, 0x0000000088200000, 0x0000000088300000|  0%| F|  |TAMS 0x0000000088200000, 0x0000000088200000| Untracked 
| 131|0x0000000088300000, 0x0000000088300000, 0x0000000088400000|  0%| F|  |TAMS 0x0000000088300000, 0x0000000088300000| Untracked 
| 132|0x0000000088400000, 0x0000000088400000, 0x0000000088500000|  0%| F|  |TAMS 0x0000000088400000, 0x0000000088400000| Untracked 
| 133|0x0000000088500000, 0x0000000088500000, 0x0000000088600000|  0%| F|  |TAMS 0x0000000088500000, 0x0000000088500000| Untracked 
| 134|0x0000000088600000, 0x0000000088600000, 0x0000000088700000|  0%| F|  |TAMS 0x0000000088600000, 0x0000000088600000| Untracked 
| 135|0x0000000088700000, 0x0000000088700000, 0x0000000088800000|  0%| F|  |TAMS 0x0000000088700000, 0x0000000088700000| Untracked 
| 136|0x0000000088800000, 0x0000000088800000, 0x0000000088900000|  0%| F|  |TAMS 0x0000000088800000, 0x0000000088800000| Untracked 
| 137|0x0000000088900000, 0x0000000088900000, 0x0000000088a00000|  0%| F|  |TAMS 0x0000000088900000, 0x0000000088900000| Untracked 
| 138|0x0000000088a00000, 0x0000000088a00000, 0x0000000088b00000|  0%| F|  |TAMS 0x0000000088a00000, 0x0000000088a00000| Untracked 
| 139|0x0000000088b00000, 0x0000000088b00000, 0x0000000088c00000|  0%| F|  |TAMS 0x0000000088b00000, 0x0000000088b00000| Untracked 
| 140|0x0000000088c00000, 0x0000000088c00000, 0x0000000088d00000|  0%| F|  |TAMS 0x0000000088c00000, 0x0000000088c00000| Untracked 
| 141|0x0000000088d00000, 0x0000000088d00000, 0x0000000088e00000|  0%| F|  |TAMS 0x0000000088d00000, 0x0000000088d00000| Untracked 
| 142|0x0000000088e00000, 0x0000000088e00000, 0x0000000088f00000|  0%| F|  |TAMS 0x0000000088e00000, 0x0000000088e00000| Untracked 
| 143|0x0000000088f00000, 0x0000000088f00000, 0x0000000089000000|  0%| F|  |TAMS 0x0000000088f00000, 0x0000000088f00000| Untracked 
| 144|0x0000000089000000, 0x0000000089000000, 0x0000000089100000|  0%| F|  |TAMS 0x0000000089000000, 0x0000000089000000| Untracked 
| 145|0x0000000089100000, 0x0000000089100000, 0x0000000089200000|  0%| F|  |TAMS 0x0000000089100000, 0x0000000089100000| Untracked 
| 146|0x0000000089200000, 0x0000000089200000, 0x0000000089300000|  0%| F|  |TAMS 0x0000000089200000, 0x0000000089200000| Untracked 
| 147|0x0000000089300000, 0x0000000089300000, 0x0000000089400000|  0%| F|  |TAMS 0x0000000089300000, 0x0000000089300000| Untracked 
| 148|0x0000000089400000, 0x0000000089400000, 0x0000000089500000|  0%| F|  |TAMS 0x0000000089400000, 0x0000000089400000| Untracked 
| 149|0x0000000089500000, 0x0000000089500000, 0x0000000089600000|  0%| F|  |TAMS 0x0000000089500000, 0x0000000089500000| Untracked 
| 150|0x0000000089600000, 0x0000000089600000, 0x0000000089700000|  0%| F|  |TAMS 0x0000000089600000, 0x0000000089600000| Untracked 
| 151|0x0000000089700000, 0x0000000089700000, 0x0000000089800000|  0%| F|  |TAMS 0x0000000089700000, 0x0000000089700000| Untracked 
| 152|0x0000000089800000, 0x0000000089800000, 0x0000000089900000|  0%| F|  |TAMS 0x0000000089800000, 0x0000000089800000| Untracked 
| 153|0x0000000089900000, 0x0000000089900000, 0x0000000089a00000|  0%| F|  |TAMS 0x0000000089900000, 0x0000000089900000| Untracked 
| 154|0x0000000089a00000, 0x0000000089a00000, 0x0000000089b00000|  0%| F|  |TAMS 0x0000000089a00000, 0x0000000089a00000| Untracked 
| 155|0x0000000089b00000, 0x0000000089b00000, 0x0000000089c00000|  0%| F|  |TAMS 0x0000000089b00000, 0x0000000089b00000| Untracked 
| 156|0x0000000089c00000, 0x0000000089c00000, 0x0000000089d00000|  0%| F|  |TAMS 0x0000000089c00000, 0x0000000089c00000| Untracked 
| 157|0x0000000089d00000, 0x0000000089d00000, 0x0000000089e00000|  0%| F|  |TAMS 0x0000000089d00000, 0x0000000089d00000| Untracked 
| 158|0x0000000089e00000, 0x0000000089e00000, 0x0000000089f00000|  0%| F|  |TAMS 0x0000000089e00000, 0x0000000089e00000| Untracked 
| 159|0x0000000089f00000, 0x0000000089f00000, 0x000000008a000000|  0%| F|  |TAMS 0x0000000089f00000, 0x0000000089f00000| Untracked 
| 160|0x000000008a000000, 0x000000008a000000, 0x000000008a100000|  0%| F|  |TAMS 0x000000008a000000, 0x000000008a000000| Untracked 
| 161|0x000000008a100000, 0x000000008a180800, 0x000000008a200000| 50%| E|  |TAMS 0x000000008a100000, 0x000000008a100000| Complete 
| 162|0x000000008a200000, 0x000000008a300000, 0x000000008a300000|100%| E|CS|TAMS 0x000000008a200000, 0x000000008a200000| Complete 
| 183|0x000000008b700000, 0x000000008b800000, 0x000000008b800000|100%| E|CS|TAMS 0x000000008b700000, 0x000000008b700000| Complete 

Card table byte_map: [0x0000015dcd2e0000,0x0000015dcd6e0000] _byte_map_base: 0x0000015dccee0000

Marking Bits (Prev, Next): (CMBitMap*) 0x0000015dbaa77920, (CMBitMap*) 0x0000015dbaa778e0
 Prev Bits: [0x0000015dcfae0000, 0x0000015dd1ae0000)
 Next Bits: [0x0000015dcdae0000, 0x0000015dcfae0000)

Polling page: 0x0000015db8ba0000

Metaspace:

Usage:
  Non-class:     68.56 MB used.
      Class:     11.04 MB used.
       Both:     79.61 MB used.

Virtual space:
  Non-class space:       72.00 MB reserved,      68.94 MB ( 96%) committed,  9 nodes.
      Class space:        1.00 GB reserved,      11.38 MB (  1%) committed,  1 nodes.
             Both:        1.07 GB reserved,      80.31 MB (  7%) committed. 

Chunk freelists:
   Non-Class:  2.36 MB
       Class:  464.00 KB
        Both:  2.81 MB

MaxMetaspaceSize: unlimited
CompressedClassSpaceSize: 1.00 GB
Initial GC threshold: 21.00 MB
Current GC threshold: 124.69 MB
CDS: off
MetaspaceReclaimPolicy: balanced
 - commit_granule_bytes: 65536.
 - commit_granule_words: 8192.
 - virtual_space_node_default_size: 1048576.
 - enlarge_chunks_in_place: 1.
 - new_chunks_are_fully_committed: 0.
 - uncommit_free_chunks: 1.
 - use_allocation_guard: 0.
 - handle_deallocations: 1.


Internal statistics:

num_allocs_failed_limit: 3.
num_arena_births: 900.
num_arena_deaths: 0.
num_vsnodes_births: 10.
num_vsnodes_deaths: 0.
num_space_committed: 1285.
num_space_uncommitted: 0.
num_chunks_returned_to_freelist: 3.
num_chunks_taken_from_freelist: 3606.
num_chunk_merges: 3.
num_chunk_splits: 2405.
num_chunks_enlarged: 1651.
num_purges: 0.
num_inconsistent_stats: 0.

CodeHeap 'non-profiled nmethods': size=120064Kb used=3763Kb max_used=3763Kb free=116300Kb
 bounds [0x0000015dc59a0000, 0x0000015dc5d50000, 0x0000015dccee0000]
CodeHeap 'profiled nmethods': size=120000Kb used=13831Kb max_used=13831Kb free=106168Kb
 bounds [0x0000015dbdee0000, 0x0000015dbec70000, 0x0000015dc5410000]
CodeHeap 'non-nmethods': size=5696Kb used=2409Kb max_used=2441Kb free=3286Kb
 bounds [0x0000015dc5410000, 0x0000015dc5680000, 0x0000015dc59a0000]
 total_blobs=7947 nmethods=7002 adapters=857
 compilation: enabled
              stopped_count=0, restarted_count=0
 full_count=0

Compilation events (20 events):
Event: 58.497 Thread 0x0000015dd48a38c0 nmethod 7819 0x0000015dbec59f10 code [0x0000015dbec5a0c0, 0x0000015dbec5a338]
Event: 58.497 Thread 0x0000015dd48a38c0 7820       3       org.gradle.api.internal.artifacts.configurations.DefaultConfiguration::validateMutationType (8 bytes)
Event: 58.498 Thread 0x0000015dd48a38c0 nmethod 7820 0x0000015dbec5a490 code [0x0000015dbec5a680, 0x0000015dbec5ace8]
Event: 58.498 Thread 0x0000015dd48a38c0 7821       3       org.gradle.api.internal.DefaultDomainObjectSet::beforeCollectionChanges (13 bytes)
Event: 58.498 Thread 0x0000015dd48a38c0 nmethod 7821 0x0000015dbec5af10 code [0x0000015dbec5b0c0, 0x0000015dbec5b2e8]
Event: 58.498 Thread 0x0000015dd48a38c0 7822   !   3       jdk.internal.reflect.GeneratedConstructorAccessor14::newInstance (61 bytes)
Event: 58.499 Thread 0x0000015dd48a38c0 nmethod 7822 0x0000015dbec5b410 code [0x0000015dbec5b6c0, 0x0000015dbec5c5b8]
Event: 58.500 Thread 0x0000015dd48a38c0 7823       3       org.gradle.tooling.internal.provider.runner.ClientBuildEventGenerator::finished (128 bytes)
Event: 58.500 Thread 0x0000015dd48a38c0 nmethod 7823 0x0000015dbec5cc10 code [0x0000015dbec5cea0, 0x0000015dbec5dc98]
Event: 58.511 Thread 0x0000015dd4838190 7824       4       org.objectweb.asm.AnnotationWriter::putAnnotations (67 bytes)
Event: 58.512 Thread 0x0000015dd4838190 nmethod 7824 0x0000015dc5d4be90 code [0x0000015dc5d4c020, 0x0000015dc5d4c178]
Event: 58.518 Thread 0x0000015dd4838190 7825       4       org.objectweb.asm.MethodVisitor::visitFieldInsn (20 bytes)
Event: 58.524 Thread 0x0000015dd4838190 nmethod 7825 0x0000015dc5d4c310 code [0x0000015dc5d4c4e0, 0x0000015dc5d4c910]
Event: 58.529 Thread 0x0000015dd48a38c0 7826       3       java.lang.reflect.ProxyGenerator::computeUniqueCatchList (163 bytes)
Event: 58.531 Thread 0x0000015dd48a38c0 nmethod 7826 0x0000015dbec5e090 code [0x0000015dbec5e3e0, 0x0000015dbec5fd38]
Event: 58.548 Thread 0x0000015dd48a38c0 7827       3       org.gradle.api.internal.project.DefaultProjectStateRegistry$CalculatedModelValueImpl::get (41 bytes)
Event: 58.549 Thread 0x0000015dd48a38c0 nmethod 7827 0x0000015dbec60610 code [0x0000015dbec60860, 0x0000015dbec610c8]
Event: 58.551 Thread 0x0000015dd48a38c0 7828       3       org.gradle.api.internal.artifacts.ivyservice.moduleconverter.DefaultRootComponentMetadataBuilder$MetadataHolder::validateMutation (68 bytes)
Event: 58.551 Thread 0x0000015dd48a38c0 nmethod 7828 0x0000015dbec61410 code [0x0000015dbec61600, 0x0000015dbec61c98]
Event: 58.573 Thread 0x0000015dd4838190 7829       4       jdk.internal.org.objectweb.asm.MethodWriter::visitInsn (115 bytes)

GC Heap History (20 events):
Event: 43.773 GC heap before
{Heap before GC invocations=29 (full 0):
 garbage-first heap   total 122880K, used 92729K [0x0000000080000000, 0x0000000100000000)
  region size 1024K, 24 young (24576K), 2 survivors (2048K)
 Metaspace       used 53949K, committed 54656K, reserved 1097728K
  class space    used 7257K, committed 7552K, reserved 1048576K
}
Event: 43.784 GC heap after
{Heap after GC invocations=30 (full 0):
 garbage-first heap   total 122880K, used 71822K [0x0000000080000000, 0x0000000100000000)
  region size 1024K, 2 young (2048K), 2 survivors (2048K)
 Metaspace       used 53949K, committed 54656K, reserved 1097728K
  class space    used 7257K, committed 7552K, reserved 1048576K
}
Event: 46.452 GC heap before
{Heap before GC invocations=30 (full 0):
 garbage-first heap   total 122880K, used 98446K [0x0000000080000000, 0x0000000100000000)
  region size 1024K, 28 young (28672K), 2 survivors (2048K)
 Metaspace       used 58551K, committed 59264K, reserved 1105920K
  class space    used 7791K, committed 8128K, reserved 1048576K
}
Event: 46.472 GC heap after
{Heap after GC invocations=31 (full 0):
 garbage-first heap   total 147456K, used 74718K [0x0000000080000000, 0x0000000100000000)
  region size 1024K, 4 young (4096K), 4 survivors (4096K)
 Metaspace       used 58551K, committed 59264K, reserved 1105920K
  class space    used 7791K, committed 8128K, reserved 1048576K
}
Event: 49.883 GC heap before
{Heap before GC invocations=32 (full 0):
 garbage-first heap   total 147456K, used 115678K [0x0000000080000000, 0x0000000100000000)
  region size 1024K, 45 young (46080K), 4 survivors (4096K)
 Metaspace       used 63106K, committed 63808K, reserved 1105920K
  class space    used 8409K, committed 8704K, reserved 1048576K
}
Event: 49.908 GC heap after
{Heap after GC invocations=33 (full 0):
 garbage-first heap   total 147456K, used 79669K [0x0000000080000000, 0x0000000100000000)
  region size 1024K, 6 young (6144K), 6 survivors (6144K)
 Metaspace       used 63106K, committed 63808K, reserved 1105920K
  class space    used 8409K, committed 8704K, reserved 1048576K
}
Event: 51.048 GC heap before
{Heap before GC invocations=33 (full 0):
 garbage-first heap   total 147456K, used 98101K [0x0000000080000000, 0x0000000100000000)
  region size 1024K, 26 young (26624K), 6 survivors (6144K)
 Metaspace       used 67397K, committed 68096K, reserved 1114112K
  class space    used 9426K, committed 9728K, reserved 1048576K
}
Event: 51.066 GC heap after
{Heap after GC invocations=34 (full 0):
 garbage-first heap   total 147456K, used 81527K [0x0000000080000000, 0x0000000100000000)
  region size 1024K, 2 young (2048K), 2 survivors (2048K)
 Metaspace       used 67397K, committed 68096K, reserved 1114112K
  class space    used 9426K, committed 9728K, reserved 1048576K
}
Event: 53.184 GC heap before
{Heap before GC invocations=35 (full 0):
 garbage-first heap   total 147456K, used 128631K [0x0000000080000000, 0x0000000100000000)
  region size 1024K, 38 young (38912K), 2 survivors (2048K)
 Metaspace       used 71055K, committed 71744K, reserved 1114112K
  class space    used 9935K, committed 10240K, reserved 1048576K
}
Event: 53.200 GC heap after
{Heap after GC invocations=36 (full 0):
 garbage-first heap   total 147456K, used 96992K [0x0000000080000000, 0x0000000100000000)
  region size 1024K, 5 young (5120K), 5 survivors (5120K)
 Metaspace       used 71055K, committed 71744K, reserved 1114112K
  class space    used 9935K, committed 10240K, reserved 1048576K
}
Event: 53.324 GC heap before
{Heap before GC invocations=36 (full 0):
 garbage-first heap   total 147456K, used 99040K [0x0000000080000000, 0x0000000100000000)
  region size 1024K, 7 young (7168K), 5 survivors (5120K)
 Metaspace       used 71523K, committed 72192K, reserved 1114112K
  class space    used 9972K, committed 10304K, reserved 1048576K
}
Event: 53.337 GC heap after
{Heap after GC invocations=37 (full 0):
 garbage-first heap   total 147456K, used 97597K [0x0000000080000000, 0x0000000100000000)
  region size 1024K, 1 young (1024K), 1 survivors (1024K)
 Metaspace       used 71523K, committed 72192K, reserved 1114112K
  class space    used 9972K, committed 10304K, reserved 1048576K
}
Event: 55.887 GC heap before
{Heap before GC invocations=37 (full 0):
 garbage-first heap   total 147456K, used 123197K [0x0000000080000000, 0x0000000100000000)
  region size 1024K, 26 young (26624K), 1 survivors (1024K)
 Metaspace       used 75869K, committed 76608K, reserved 1122304K
  class space    used 10555K, committed 10880K, reserved 1048576K
}
Event: 55.899 GC heap after
{Heap after GC invocations=38 (full 0):
 garbage-first heap   total 147456K, used 98460K [0x0000000080000000, 0x0000000100000000)
  region size 1024K, 2 young (2048K), 2 survivors (2048K)
 Metaspace       used 75869K, committed 76608K, reserved 1122304K
  class space    used 10555K, committed 10880K, reserved 1048576K
}
Event: 56.933 GC heap before
{Heap before GC invocations=39 (full 0):
 garbage-first heap   total 167936K, used 129180K [0x0000000080000000, 0x0000000100000000)
  region size 1024K, 27 young (27648K), 2 survivors (2048K)
 Metaspace       used 77321K, committed 78080K, reserved 1122304K
  class space    used 10762K, committed 11136K, reserved 1048576K
}
Event: 56.947 GC heap after
{Heap after GC invocations=40 (full 0):
 garbage-first heap   total 167936K, used 101838K [0x0000000080000000, 0x0000000100000000)
  region size 1024K, 4 young (4096K), 4 survivors (4096K)
 Metaspace       used 77321K, committed 78080K, reserved 1122304K
  class space    used 10762K, committed 11136K, reserved 1048576K
}
Event: 57.125 GC heap before
{Heap before GC invocations=40 (full 0):
 garbage-first heap   total 167936K, used 105934K [0x0000000080000000, 0x0000000100000000)
  region size 1024K, 8 young (8192K), 4 survivors (4096K)
 Metaspace       used 77741K, committed 78464K, reserved 1122304K
  class space    used 10813K, committed 11136K, reserved 1048576K
}
Event: 57.135 GC heap after
{Heap after GC invocations=41 (full 0):
 garbage-first heap   total 167936K, used 101731K [0x0000000080000000, 0x0000000100000000)
  region size 1024K, 1 young (1024K), 1 survivors (1024K)
 Metaspace       used 77741K, committed 78464K, reserved 1122304K
  class space    used 10813K, committed 11136K, reserved 1048576K
}
Event: 58.449 GC heap before
{Heap before GC invocations=41 (full 0):
 garbage-first heap   total 167936K, used 136547K [0x0000000080000000, 0x0000000100000000)
  region size 1024K, 35 young (35840K), 1 survivors (1024K)
 Metaspace       used 81247K, committed 81984K, reserved 1122304K
  class space    used 11277K, committed 11648K, reserved 1048576K
}
Event: 58.458 GC heap after
{Heap after GC invocations=42 (full 0):
 garbage-first heap   total 167936K, used 103506K [0x0000000080000000, 0x0000000100000000)
  region size 1024K, 3 young (3072K), 3 survivors (3072K)
 Metaspace       used 81247K, committed 81984K, reserved 1122304K
  class space    used 11277K, committed 11648K, reserved 1048576K
}

Dll operation events (2 events):
Event: 0.016 Loaded shared library C:\Program Files\Android\Android Studio\jbr\bin\java.dll
Event: 1.128 Loaded shared library C:\Program Files\Android\Android Studio\jbr\bin\verify.dll

Deoptimization events (20 events):
Event: 57.814 Thread 0x0000015dd4b8f450 DEOPT PACKING pc=0x0000015dc5c75218 sp=0x0000005cda6f4d10
Event: 57.814 Thread 0x0000015dd4b8f450 DEOPT UNPACKING pc=0x0000015dc54669a3 sp=0x0000005cda6f4c90 mode 2
Event: 58.061 Thread 0x0000015dd4b8f450 Uncommon trap: trap_request=0xffffffde fr.pc=0x0000015dc5befbf0 relative=0x0000000000000250
Event: 58.061 Thread 0x0000015dd4b8f450 Uncommon trap: reason=class_check action=maybe_recompile pc=0x0000015dc5befbf0 method=java.util.stream.StreamOpFlag.fromCharacteristics(Ljava/util/Spliterator;)I @ 14 c2
Event: 58.061 Thread 0x0000015dd4b8f450 DEOPT PACKING pc=0x0000015dc5befbf0 sp=0x0000005cda6f6f90
Event: 58.061 Thread 0x0000015dd4b8f450 DEOPT UNPACKING pc=0x0000015dc54669a3 sp=0x0000005cda6f6e78 mode 2
Event: 58.233 Thread 0x0000015dd4b8f450 DEOPT PACKING pc=0x0000015dbe5c5f59 sp=0x0000005cda6f68b0
Event: 58.233 Thread 0x0000015dd4b8f450 DEOPT UNPACKING pc=0x0000015dc5467143 sp=0x0000005cda6f5da0 mode 0
Event: 58.234 Thread 0x0000015dd4b8f450 DEOPT PACKING pc=0x0000015dbe5c824e sp=0x0000005cda6f68e0
Event: 58.234 Thread 0x0000015dd4b8f450 DEOPT UNPACKING pc=0x0000015dc5467143 sp=0x0000005cda6f5da8 mode 0
Event: 58.240 Thread 0x0000015dd4b8f450 DEOPT PACKING pc=0x0000015dbe5c5f59 sp=0x0000005cda6f68b0
Event: 58.240 Thread 0x0000015dd4b8f450 DEOPT UNPACKING pc=0x0000015dc5467143 sp=0x0000005cda6f5da0 mode 0
Event: 58.243 Thread 0x0000015dd4b8f450 Uncommon trap: trap_request=0xffffff45 fr.pc=0x0000015dc5a5a204 relative=0x00000000000005e4
Event: 58.243 Thread 0x0000015dd4b8f450 Uncommon trap: reason=unstable_if action=reinterpret pc=0x0000015dc5a5a204 method=java.lang.String.replace(CC)Ljava/lang/String; @ 2 c2
Event: 58.243 Thread 0x0000015dd4b8f450 DEOPT PACKING pc=0x0000015dc5a5a204 sp=0x0000005cda6f69c0
Event: 58.243 Thread 0x0000015dd4b8f450 DEOPT UNPACKING pc=0x0000015dc54669a3 sp=0x0000005cda6f6970 mode 2
Event: 58.432 Thread 0x0000015dd4b8f450 Uncommon trap: trap_request=0xffffff45 fr.pc=0x0000015dc5ada014 relative=0x0000000000000ad4
Event: 58.432 Thread 0x0000015dd4b8f450 Uncommon trap: reason=unstable_if action=reinterpret pc=0x0000015dc5ada014 method=java.lang.Integer.stringSize(I)I @ 19 c2
Event: 58.432 Thread 0x0000015dd4b8f450 DEOPT PACKING pc=0x0000015dc5ada014 sp=0x0000005cda6f7f10
Event: 58.432 Thread 0x0000015dd4b8f450 DEOPT UNPACKING pc=0x0000015dc54669a3 sp=0x0000005cda6f7e58 mode 2

Classes unloaded (0 events):
No events

Classes redefined (0 events):
No events

Internal exceptions (20 events):
Event: 52.184 Thread 0x0000015dd4b8f450 Exception <a 'java/lang/NoSuchMethodError'{0x0000000087cbcdb8}: 'java.lang.Object java.lang.invoke.DirectMethodHandle$Holder.invokeSpecial(java.lang.Object, java.lang.Object, java.lang.Object, java.lang.Object, java.lang.Object, int)'> (0x0000000087cbcdb8) 
thrown [s\src\hotspot\share\interpreter\linkResolver.cpp, line 771]
Event: 52.185 Thread 0x0000015dd4b8f450 Exception <a 'java/lang/NoSuchMethodError'{0x0000000087cc1af0}: 'java.lang.Object java.lang.invoke.Invokers$Holder.linkToTargetMethod(java.lang.Object, java.lang.Object, java.lang.Object, int, java.lang.Object)'> (0x0000000087cc1af0) 
thrown [s\src\hotspot\share\interpreter\linkResolver.cpp, line 771]
Event: 52.999 Thread 0x0000015dd4b8f450 Exception <a 'java/lang/NoSuchMethodError'{0x0000000086da3f88}: 'int java.lang.invoke.DirectMethodHandle$Holder.invokeInterface(java.lang.Object, java.lang.Object, java.lang.Object, java.lang.Object)'> (0x0000000086da3f88) 
thrown [s\src\hotspot\share\interpreter\linkResolver.cpp, line 771]
Event: 55.432 Thread 0x0000015dd4b8f450 Exception <a 'java/lang/IncompatibleClassChangeError'{0x0000000087cd9380}: Found class java.lang.Object, but interface was expected> (0x0000000087cd9380) 
thrown [s\src\hotspot\share\interpreter\linkResolver.cpp, line 838]
Event: 55.599 Thread 0x0000015dd4b8f450 Implicit null exception at 0x0000015dc5acfcd4 to 0x0000015dc5ad0054
Event: 55.599 Thread 0x0000015dd4b8f450 Implicit null exception at 0x0000015dc5b1ca42 to 0x0000015dc5b1d7f4
Event: 56.258 Thread 0x0000015dd4b8f450 Implicit null exception at 0x0000015dc5b8d98c to 0x0000015dc5b8dac2
Event: 56.557 Thread 0x0000015dd4b8f450 Exception <a 'sun/nio/fs/WindowsException'{0x00000000892bbb78}> (0x00000000892bbb78) 
thrown [s\src\hotspot\share\prims\jni.cpp, line 517]
Event: 57.813 Thread 0x0000015dd4b8f450 Implicit null exception at 0x0000015dc5d25a48 to 0x0000015dc5d25b08
Event: 58.184 Thread 0x0000015dd4b8f450 Exception <a 'java/lang/IncompatibleClassChangeError'{0x00000000887981c8}: Found class java.lang.Object, but interface was expected> (0x00000000887981c8) 
thrown [s\src\hotspot\share\interpreter\linkResolver.cpp, line 838]
Event: 58.255 Thread 0x0000015dd4b8f450 Exception <a 'java/lang/ClassNotFoundException'{0x000000008852d668}: org/gradle/api/internal/project/DefaultAntBuilderBeanInfo> (0x000000008852d668) 
thrown [s\src\hotspot\share\classfile\systemDictionary.cpp, line 256]
Event: 58.256 Thread 0x0000015dd4b8f450 Exception <a 'java/lang/ClassNotFoundException'{0x00000000885453f0}: org/gradle/api/internal/project/ant/BasicAntBuilderBeanInfo> (0x00000000885453f0) 
thrown [s\src\hotspot\share\classfile\systemDictionary.cpp, line 256]
Event: 58.258 Thread 0x0000015dd4b8f450 Exception <a 'java/lang/ClassNotFoundException'{0x000000008855c3e8}: org/gradle/api/AntBuilderBeanInfo> (0x000000008855c3e8) 
thrown [s\src\hotspot\share\classfile\systemDictionary.cpp, line 256]
Event: 58.260 Thread 0x0000015dd4b8f450 Exception <a 'java/lang/ClassNotFoundException'{0x00000000885753c8}: groovy/ant/AntBuilderBeanInfo> (0x00000000885753c8) 
thrown [s\src\hotspot\share\classfile\systemDictionary.cpp, line 256]
Event: 58.265 Thread 0x0000015dd4b8f450 Exception <a 'java/lang/ClassNotFoundException'{0x00000000885dd878}: groovy/util/BuilderSupportBeanInfo> (0x00000000885dd878) 
thrown [s\src\hotspot\share\classfile\systemDictionary.cpp, line 256]
Event: 58.270 Thread 0x0000015dd4b8f450 Exception <a 'java/lang/ClassNotFoundException'{0x0000000088445a98}: groovy/util/BuilderSupportCustomizer> (0x0000000088445a98) 
thrown [s\src\hotspot\share\classfile\systemDictionary.cpp, line 256]
Event: 58.273 Thread 0x0000015dd4b8f450 Exception <a 'java/lang/ClassNotFoundException'{0x0000000088460dd0}: groovy/ant/AntBuilderCustomizer> (0x0000000088460dd0) 
thrown [s\src\hotspot\share\classfile\systemDictionary.cpp, line 256]
Event: 58.275 Thread 0x0000015dd4b8f450 Exception <a 'java/lang/ClassNotFoundException'{0x000000008847ca58}: org/gradle/api/AntBuilderCustomizer> (0x000000008847ca58) 
thrown [s\src\hotspot\share\classfile\systemDictionary.cpp, line 256]
Event: 58.277 Thread 0x0000015dd4b8f450 Exception <a 'java/lang/ClassNotFoundException'{0x000000008849fc30}: org/gradle/api/internal/project/ant/BasicAntBuilderCustomizer> (0x000000008849fc30) 
thrown [s\src\hotspot\share\classfile\systemDictionary.cpp, line 256]
Event: 58.281 Thread 0x0000015dd4b8f450 Exception <a 'java/lang/ClassNotFoundException'{0x00000000884ca380}: org/gradle/api/internal/project/DefaultAntBuilderCustomizer> (0x00000000884ca380) 
thrown [s\src\hotspot\share\classfile\systemDictionary.cpp, line 256]

VM Operations (20 events):
Event: 54.340 Executing VM operation: Cleanup done
Event: 55.350 Executing VM operation: Cleanup
Event: 55.352 Executing VM operation: Cleanup done
Event: 55.887 Executing VM operation: G1CollectForAllocation
Event: 55.904 Executing VM operation: G1CollectForAllocation done
Event: 56.039 Executing VM operation: G1Concurrent
Event: 56.050 Executing VM operation: G1Concurrent done
Event: 56.102 Executing VM operation: G1Concurrent
Event: 56.102 Executing VM operation: G1Concurrent done
Event: 56.276 Executing VM operation: HandshakeAllThreads
Event: 56.277 Executing VM operation: HandshakeAllThreads done
Event: 56.933 Executing VM operation: G1CollectForAllocation
Event: 56.947 Executing VM operation: G1CollectForAllocation done
Event: 57.125 Executing VM operation: G1CollectForAllocation
Event: 57.135 Executing VM operation: G1CollectForAllocation done
Event: 58.143 Executing VM operation: Cleanup
Event: 58.143 Executing VM operation: Cleanup done
Event: 58.449 Executing VM operation: G1CollectForAllocation
Event: 58.493 Executing VM operation: G1CollectForAllocation done
Event: 58.577 Executing VM operation: G1Concurrent

Events (20 events):
Event: 58.082 loading class java/util/Stack
Event: 58.082 loading class java/util/Stack done
Event: 58.183 loading class org/xml/sax/ContentHandler
Event: 58.183 loading class org/xml/sax/ContentHandler done
Event: 58.184 loading class org/xml/sax/EntityResolver
Event: 58.184 loading class org/xml/sax/EntityResolver done
Event: 58.184 loading class org/xml/sax/DTDHandler
Event: 58.184 loading class org/xml/sax/DTDHandler done
Event: 58.201 loading class java/util/Spliterators$IntArraySpliterator
Event: 58.201 loading class java/util/Spliterators$IntArraySpliterator done
Event: 58.209 loading class java/text/ParsePosition
Event: 58.209 loading class java/text/ParsePosition done
Event: 58.223 loading class java/text/CharacterIterator
Event: 58.223 loading class java/text/CharacterIterator done
Event: 58.325 loading class java/time/format/DateTimeFormatterBuilder$WeekBasedFieldPrinterParser
Event: 58.325 loading class java/time/format/DateTimeFormatterBuilder$WeekBasedFieldPrinterParser done
Event: 58.359 loading class com/sun/jmx/mbeanserver/StandardMBeanSupport
Event: 58.360 loading class com/sun/jmx/mbeanserver/StandardMBeanSupport done
Event: 58.360 loading class com/sun/jmx/mbeanserver/StandardMBeanIntrospector
Event: 58.360 loading class com/sun/jmx/mbeanserver/StandardMBeanIntrospector done


Dynamic libraries:
0x00007ff6c3fc0000 - 0x00007ff6c3fca000 	C:\Program Files\Android\Android Studio\jbr\bin\java.exe
0x00007ffcfbab0000 - 0x00007ffcfbca8000 	C:\Windows\SYSTEM32\ntdll.dll
0x00007ffcfb650000 - 0x00007ffcfb712000 	C:\Windows\System32\KERNEL32.DLL
0x00007ffcf94b0000 - 0x00007ffcf97af000 	C:\Windows\System32\KERNELBASE.dll
0x00007ffcf93b0000 - 0x00007ffcf94b0000 	C:\Windows\System32\ucrtbase.dll
0x00007ffcdd9a0000 - 0x00007ffcdd9b7000 	C:\Program Files\Android\Android Studio\jbr\bin\jli.dll
0x00007ffcfac20000 - 0x00007ffcfadbd000 	C:\Windows\System32\USER32.dll
0x00007ffcf9350000 - 0x00007ffcf9372000 	C:\Windows\System32\win32u.dll
0x00007ffcfa410000 - 0x00007ffcfa43b000 	C:\Windows\System32\GDI32.dll
0x00007ffcf9850000 - 0x00007ffcf9967000 	C:\Windows\System32\gdi32full.dll
0x00007ffcf97b0000 - 0x00007ffcf984d000 	C:\Windows\System32\msvcp_win.dll
0x00007ffcd7910000 - 0x00007ffcd792b000 	C:\Program Files\Android\Android Studio\jbr\bin\VCRUNTIME140.dll
0x00007ffce2240000 - 0x00007ffce24da000 	C:\Windows\WinSxS\amd64_microsoft.windows.common-controls_6595b64144ccf1df_6.0.19041.4355_none_60b8b9eb71f62e16\COMCTL32.dll
0x00007ffcfa370000 - 0x00007ffcfa40e000 	C:\Windows\System32\msvcrt.dll
0x00007ffcf9f30000 - 0x00007ffcf9f5f000 	C:\Windows\System32\IMM32.DLL
0x00007ffcd8b90000 - 0x00007ffcd8b9c000 	C:\Program Files\Android\Android Studio\jbr\bin\vcruntime140_1.dll
0x00007ffca1010000 - 0x00007ffca109d000 	C:\Program Files\Android\Android Studio\jbr\bin\msvcp140.dll
0x00007ffca16f0000 - 0x00007ffca235e000 	C:\Program Files\Android\Android Studio\jbr\bin\server\jvm.dll
0x00007ffcfb920000 - 0x00007ffcfb9d1000 	C:\Windows\System32\ADVAPI32.dll
0x00007ffcf9e90000 - 0x00007ffcf9f2f000 	C:\Windows\System32\sechost.dll
0x00007ffcfa020000 - 0x00007ffcfa143000 	C:\Windows\System32\RPCRT4.dll
0x00007ffcf9380000 - 0x00007ffcf93a7000 	C:\Windows\System32\bcrypt.dll
0x00007ffcf3a50000 - 0x00007ffcf3a59000 	C:\Windows\SYSTEM32\WSOCK32.dll
0x00007ffcfb8b0000 - 0x00007ffcfb91b000 	C:\Windows\System32\WS2_32.dll
0x00007ffcef270000 - 0x00007ffcef297000 	C:\Windows\SYSTEM32\WINMM.dll
0x00007ffcef8d0000 - 0x00007ffcef8da000 	C:\Windows\SYSTEM32\VERSION.dll
0x00007ffcf6fc0000 - 0x00007ffcf6fd2000 	C:\Windows\SYSTEM32\kernel.appcore.dll
0x00007ffcf3910000 - 0x00007ffcf391a000 	C:\Program Files\Android\Android Studio\jbr\bin\jimage.dll
0x00007ffcdc180000 - 0x00007ffcdc364000 	C:\Windows\SYSTEM32\DBGHELP.DLL
0x00007ffcdc140000 - 0x00007ffcdc174000 	C:\Windows\SYSTEM32\dbgcore.DLL
0x00007ffcf9970000 - 0x00007ffcf99f2000 	C:\Windows\System32\bcryptPrimitives.dll
0x00007ffcd7fb0000 - 0x00007ffcd7fd5000 	C:\Program Files\Android\Android Studio\jbr\bin\java.dll
0x00007ffcf36e0000 - 0x00007ffcf36f8000 	C:\Program Files\Android\Android Studio\jbr\bin\zip.dll
0x00007ffcfaee0000 - 0x00007ffcfb64e000 	C:\Windows\System32\SHELL32.dll
0x00007ffcf71c0000 - 0x00007ffcf7964000 	C:\Windows\SYSTEM32\windows.storage.dll
0x00007ffcf9b30000 - 0x00007ffcf9e85000 	C:\Windows\System32\combase.dll
0x00007ffcf8aa0000 - 0x00007ffcf8acf000 	C:\Windows\SYSTEM32\Wldp.dll
0x00007ffcfa150000 - 0x00007ffcfa21d000 	C:\Windows\System32\OLEAUT32.dll
0x00007ffcfab70000 - 0x00007ffcfac1d000 	C:\Windows\System32\SHCORE.dll
0x00007ffcf9ac0000 - 0x00007ffcf9b15000 	C:\Windows\System32\shlwapi.dll
0x00007ffcf9070000 - 0x00007ffcf9094000 	C:\Windows\SYSTEM32\profapi.dll
0x00007ffce1d70000 - 0x00007ffce1d89000 	C:\Program Files\Android\Android Studio\jbr\bin\net.dll
0x00007ffceb2a0000 - 0x00007ffceb3ad000 	C:\Windows\SYSTEM32\WINHTTP.dll
0x00007ffcf8800000 - 0x00007ffcf886a000 	C:\Windows\system32\mswsock.dll
0x00007ffcdef90000 - 0x00007ffcdefa6000 	C:\Program Files\Android\Android Studio\jbr\bin\nio.dll
0x00007ffcef8e0000 - 0x00007ffcef8f0000 	C:\Program Files\Android\Android Studio\jbr\bin\verify.dll
0x00007ffcce7f0000 - 0x00007ffcce817000 	C:\Users\LENOVO\.gradle\native\68d5fa5c4cc2d200863cafc0d521ce42e7d3e7ee720ec0a83991735586a16f82\windows-amd64\native-platform.dll
0x00007ffca0d40000 - 0x00007ffca0e84000 	C:\Users\LENOVO\.gradle\native\e376f236ea51e6404a007f0833ffe2c6e607c4080706a723a18a27aeea778392\windows-amd64\native-platform-file-events.dll
0x00007ffcf38d0000 - 0x00007ffcf38d9000 	C:\Program Files\Android\Android Studio\jbr\bin\management.dll
0x00007ffcf1b70000 - 0x00007ffcf1b7b000 	C:\Program Files\Android\Android Studio\jbr\bin\management_ext.dll
0x00007ffcf9b20000 - 0x00007ffcf9b28000 	C:\Windows\System32\PSAPI.DLL
0x00007ffcf8a00000 - 0x00007ffcf8a18000 	C:\Windows\SYSTEM32\CRYPTSP.dll
0x00007ffcf8120000 - 0x00007ffcf8154000 	C:\Windows\system32\rsaenh.dll
0x00007ffcf9030000 - 0x00007ffcf905e000 	C:\Windows\SYSTEM32\USERENV.dll
0x00007ffcf89f0000 - 0x00007ffcf89fc000 	C:\Windows\SYSTEM32\CRYPTBASE.dll
0x00007ffcf84e0000 - 0x00007ffcf851b000 	C:\Windows\SYSTEM32\IPHLPAPI.DLL
0x00007ffcfa010000 - 0x00007ffcfa018000 	C:\Windows\System32\NSI.dll
0x00007ffcecc10000 - 0x00007ffcecc27000 	C:\Windows\SYSTEM32\dhcpcsvc6.DLL
0x00007ffced3e0000 - 0x00007ffced3fd000 	C:\Windows\SYSTEM32\dhcpcsvc.DLL
0x00007ffcf8520000 - 0x00007ffcf85ea000 	C:\Windows\SYSTEM32\DNSAPI.dll
0x00007ffcece70000 - 0x00007ffcece77000 	C:\Windows\system32\wshunix.dll
0x00007ffce9c80000 - 0x00007ffce9c8a000 	C:\Windows\System32\rasadhlp.dll
0x00007ffce9ca0000 - 0x00007ffce9d20000 	C:\Windows\System32\fwpuclnt.dll

dbghelp: loaded successfully - version: 4.0.5 - missing functions: none
symbol engine: initialized successfully - sym options: 0x614 - pdb path: .;C:\Program Files\Android\Android Studio\jbr\bin;C:\Windows\SYSTEM32;C:\Windows\WinSxS\amd64_microsoft.windows.common-controls_6595b64144ccf1df_6.0.19041.4355_none_60b8b9eb71f62e16;C:\Program Files\Android\Android Studio\jbr\bin\server;C:\Users\LENOVO\.gradle\native\68d5fa5c4cc2d200863cafc0d521ce42e7d3e7ee720ec0a83991735586a16f82\windows-amd64;C:\Users\LENOVO\.gradle\native\e376f236ea51e6404a007f0833ffe2c6e607c4080706a723a18a27aeea778392\windows-amd64

VM Arguments:
jvm_args: --add-opens=java.base/java.util=ALL-UNNAMED --add-opens=java.base/java.lang=ALL-UNNAMED --add-opens=java.base/java.lang.invoke=ALL-UNNAMED --add-opens=java.prefs/java.util.prefs=ALL-UNNAMED --add-opens=java.base/java.nio.charset=ALL-UNNAMED --add-opens=java.base/java.net=ALL-UNNAMED --add-opens=java.base/java.util.concurrent.atomic=ALL-UNNAMED -Xmx2048m -Dfile.encoding=UTF-8 -Duser.country=ID -Duser.language=en -Duser.variant 
java_command: org.gradle.launcher.daemon.bootstrap.GradleDaemon 8.0
java_class_path (initial): C:\Users\LENOVO\.gradle\wrapper\dists\gradle-8.0-bin\ca5e32bp14vu59qr306oxotwh\gradle-8.0\lib\gradle-launcher-8.0.jar
Launcher Type: SUN_STANDARD

[Global flags]
     intx CICompilerCount                          = 2                                         {product} {ergonomic}
     uint ConcGCThreads                            = 1                                         {product} {ergonomic}
     uint G1ConcRefinementThreads                  = 2                                         {product} {ergonomic}
   size_t G1HeapRegionSize                         = 1048576                                   {product} {ergonomic}
    uintx GCDrainStackTargetSize                   = 64                                        {product} {ergonomic}
   size_t InitialHeapSize                          = 192937984                                 {product} {ergonomic}
   size_t MarkStackSize                            = 4194304                                   {product} {ergonomic}
   size_t MaxHeapSize                              = 2147483648                                {product} {command line}
   size_t MaxNewSize                               = 1287651328                                {product} {ergonomic}
   size_t MinHeapDeltaBytes                        = 1048576                                   {product} {ergonomic}
   size_t MinHeapSize                              = 8388608                                   {product} {ergonomic}
    uintx NonNMethodCodeHeapSize                   = 5826188                                {pd product} {ergonomic}
    uintx NonProfiledCodeHeapSize                  = 122916026                              {pd product} {ergonomic}
    uintx ProfiledCodeHeapSize                     = 122916026                              {pd product} {ergonomic}
    uintx ReservedCodeCacheSize                    = 251658240                              {pd product} {ergonomic}
     bool SegmentedCodeCache                       = true                                      {product} {ergonomic}
   size_t SoftMaxHeapSize                          = 2147483648                             {manageable} {ergonomic}
     bool UseCompressedClassPointers               = true                           {product lp64_product} {ergonomic}
     bool UseCompressedOops                        = true                           {product lp64_product} {ergonomic}
     bool UseG1GC                                  = true                                      {product} {ergonomic}
     bool UseLargePagesIndividualAllocation        = false                                  {pd product} {ergonomic}

Logging:
Log output configuration:
 #0: stdout all=warning uptime,level,tags
 #1: stderr all=off uptime,level,tags

Environment Variables:
JAVA_HOME=C:\Program Files\Java\jdk1.8.0_202
PATH=C:\Program Files\Java\jdk1.8.0_202\bin;C:\Program Files (x86)\Common Files\Oracle\Java\javapath;C:\Windows\system32;C:\Windows;C:\Windows\System32\Wbem;C:\Windows\System32\WindowsPowerShell\v1.0\;C:\Windows\System32\OpenSSH\;C:\Program Files (x86)\Rational\common;C:\Program Files\IBM\SPSS\Statistics\25\JRE\bin;C:\laragon\bin\php\php;C:\composer;C:\Program Files\Git\cmd;C:\Program Files\kotlinc\bin;C:\Users\LENOVO\AppData\Local\Microsoft\WindowsApps;C:\Users\LENOVO\AppData\Local\Programs\Microsoft VS Code\bin;C:\Program Files\JetBrains\IntelliJ IDEA 2023.2\bin;C:\Program Files\kotlinc;;C:\Users\LENOVO\AppData\Local\JetBrains\IntelliJ IDEA Community Edition 2023.2.1\bin;;C:\Users\LENOVO\AppData\Roaming\Composer\vendor\bin;C:\Program Files\kotlinc;
USERNAME=DZAKY
OS=Windows_NT
PROCESSOR_IDENTIFIER=AMD64 Family 21 Model 112 Stepping 0, AuthenticAMD
TMP=C:\Users\LENOVO\AppData\Local\Temp
TEMP=C:\Users\LENOVO\AppData\Local\Temp


JNI global refs:
JNI global refs: 23, weak refs: 0

JNI global refs memory usage: 843, weak refs: 841


---------------  S Y S T E M  ---------------

OS:
 Windows 10 , 64 bit Build 19041 (10.0.19041.5198)
OS uptime: 1 days 4:12 hours

CPU: total 2 (initial active 2) (2 cores per cpu, 1 threads per core) family 21 model 112 stepping 0 microcode 0x0, cx8, cmov, fxsr, mmx, 3dnowpref, sse, sse2, sse3, ssse3, sse4a, sse4.1, sse4.2, popcnt, lzcnt, tsc, tscinvbit, avx, avx2, aes, clmul, bmi1, bmi2, fma, vzeroupper, clflush

Memory: 4k page, system-wide physical 11680M (2413M free)
TotalPageFile size 11680M (AvailPageFile size 14M)
current process WorkingSet (physical memory assigned to process): 370M, peak: 370M
current process commit charge ("private bytes"): 392M, peak: 403M

vm_info: OpenJDK 64-Bit Server VM (17.0.6+0-b2043.56-10027231) for windows-amd64 JRE (17.0.6+0-b2043.56-10027231), built on Apr 28 2023 00:43:19 by "androidbuild" with MS VC++ 16.10 / 16.11 (VS2019)

END.
