#
# There is insufficient memory for the Java Runtime Environment to continue.
# Native memory allocation (malloc) failed to allocate 594896 bytes for Chunk::new
# Possible reasons:
#   The system is out of physical RAM or swap space
#   The process is running with CompressedOops enabled, and the Java Heap may be blocking the growth of the native heap
# Possible solutions:
#   Reduce memory load on the system
#   Increase physical memory or swap space
#   Check if swap backing store is full
#   Decrease Java heap size (-Xmx/-Xms)
#   Decrease number of Java threads
#   Decrease Java thread stack sizes (-Xss)
#   Set larger code cache with -XX:ReservedCodeCacheSize=
#   JVM is running with Unscaled Compressed Oops mode in which the Java heap is
#     placed in the first 4GB address space. The Java Heap base address is the
#     maximum limit for the native heap growth. Please use -XX:HeapBaseMinAddress
#     to set the Java Heap base and to place the Java Heap above 4GB virtual address.
# This output file may be truncated or incomplete.
#
#  Out of Memory Error (arena.cpp:189), pid=7752, tid=8044
#
# JRE version: OpenJDK Runtime Environment (17.0.6) (build 17.0.6+0-b2043.56-10027231)
# Java VM: OpenJDK 64-Bit Server VM (17.0.6+0-b2043.56-10027231, mixed mode, tiered, compressed oops, compressed class ptrs, g1 gc, windows-amd64)
# No core dump will be written. Minidumps are not enabled by default on client versions of Windows
#

---------------  S U M M A R Y ------------

Command Line: -XX:MaxPermSize=512m -XX:+HeapDumpOnOutOfMemoryError --add-opens=java.base/java.util=ALL-UNNAMED --add-opens=java.base/java.lang=ALL-UNNAMED --add-opens=java.base/java.lang.invoke=ALL-UNNAMED --add-opens=java.prefs/java.util.prefs=ALL-UNNAMED --add-opens=java.base/java.nio.charset=ALL-UNNAMED --add-opens=java.base/java.net=ALL-UNNAMED --add-opens=java.base/java.util.concurrent.atomic=ALL-UNNAMED -Xmx1024m -Dfile.encoding=UTF-8 -Duser.country=ID -Duser.language=en -Duser.variant -javaagent:C:\Users\LENOVO\.gradle\wrapper\dists\gradle-8.3-bin\dxjbbhstwasg8cbags9q7cvli\gradle-8.3\lib\agents\gradle-instrumentation-agent-8.3.jar org.gradle.launcher.daemon.bootstrap.GradleDaemon 8.3

Host: AMD A9-9420 RADEON R5, 5 COMPUTE CORES 2C+3G   , 2 cores, 11G,  Windows 10 , 64 bit Build 19041 (10.0.19041.5198)
Time: Tue Feb  4 16:18:24 2025 SE Asia Standard Time elapsed time: 7834.512012 seconds (0d 2h 10m 34s)

---------------  T H R E A D  ---------------

Current thread (0x000001bc2d80e480):  JavaThread "C2 CompilerThread0" daemon [_thread_in_native, id=8044, stack(0x0000009832b00000,0x0000009832c00000)]


Current CompileTask:
C2:7834512 21000   !   4       java.util.jar.Attributes::read (494 bytes)

Stack: [0x0000009832b00000,0x0000009832c00000]
Native frames: (J=compiled Java code, j=interpreted, Vv=VM code, C=native code)
V  [jvm.dll+0x683c9a]
V  [jvm.dll+0x8427a4]
V  [jvm.dll+0x843f9e]
V  [jvm.dll+0x844603]
V  [jvm.dll+0x249b75]
V  [jvm.dll+0xabcac]
V  [jvm.dll+0xac27c]
V  [jvm.dll+0x2b0eef]
V  [jvm.dll+0x58a267]
V  [jvm.dll+0x2243b2]
V  [jvm.dll+0x22478f]
V  [jvm.dll+0x21e055]
V  [jvm.dll+0x21b51b]
V  [jvm.dll+0x1a4fdd]
V  [jvm.dll+0x22b098]
V  [jvm.dll+0x229159]
V  [jvm.dll+0x7f81ec]
V  [jvm.dll+0x7f274a]
V  [jvm.dll+0x682ad5]
C  [ucrtbase.dll+0x21bb2]
C  [KERNEL32.DLL+0x17374]
C  [ntdll.dll+0x4cc91]


---------------  P R O C E S S  ---------------

Threads class SMR info:
_java_thread_list=0x000001bc34901ce0, length=59, elements={
0x000001bc161f69c0, 0x000001bc2cd7f3d0, 0x000001bc2cd80f10, 0x000001bc2cdc2010,
0x000001bc2cdc28d0, 0x000001bc2cdc3190, 0x000001bc2cdc3a50, 0x000001bc2d80e480,
0x000001bc2d812330, 0x000001bc2cdcdfd0, 0x000001bc2cd02050, 0x000001bc2daee6a0,
0x000001bc2e51a730, 0x000001bc2e916d80, 0x000001bc30224d30, 0x000001bc2e79c2d0,
0x000001bc2e79d140, 0x000001bc2e79dae0, 0x000001bc30952210, 0x000001bc30950ed0,
0x000001bc30952bb0, 0x000001bc30953550, 0x000001bc30951d40, 0x000001bc30951870,
0x000001bc303ccbc0, 0x000001bc303ca540, 0x000001bc37cfa640, 0x000001bc303ca070,
0x000001bc34966740, 0x000001bc37f6ddb0, 0x000001bc3495f3c0, 0x000001bc34965400,
0x000001bc37f6d8e0, 0x000001bc37f6e280, 0x000001bc3495f890, 0x000001bc37f6e750,
0x000001bc349658d0, 0x000001bc37f6f0f0, 0x000001bc37f6fa90, 0x000001bc37f6ff60,
0x000001bc37f70dd0, 0x000001bc37f70430, 0x000001bc37f70900, 0x000001bc35107fa0,
0x000001bc3510aaf0, 0x000001bc3510afc0, 0x000001bc35108e10, 0x000001bc3510a150,
0x000001bc3510b490, 0x000001bc351097b0, 0x000001bc35107ad0, 0x000001bc349640c0,
0x000001bc34960bd0, 0x000001bc35108470, 0x000001bc35108940, 0x000001bc35109c80,
0x000001bc37fcb7b0, 0x000001bc34963bf0, 0x000001bc37fcbc80
}

Java Threads: ( => current thread )
  0x000001bc161f69c0 JavaThread "main" [_thread_blocked, id=4736, stack(0x0000009831e00000,0x0000009831f00000)]
  0x000001bc2cd7f3d0 JavaThread "Reference Handler" daemon [_thread_blocked, id=5512, stack(0x0000009832500000,0x0000009832600000)]
  0x000001bc2cd80f10 JavaThread "Finalizer" daemon [_thread_blocked, id=6536, stack(0x0000009832600000,0x0000009832700000)]
  0x000001bc2cdc2010 JavaThread "Signal Dispatcher" daemon [_thread_blocked, id=2752, stack(0x0000009832700000,0x0000009832800000)]
  0x000001bc2cdc28d0 JavaThread "Attach Listener" daemon [_thread_blocked, id=9068, stack(0x0000009832800000,0x0000009832900000)]
  0x000001bc2cdc3190 JavaThread "Service Thread" daemon [_thread_blocked, id=7380, stack(0x0000009832900000,0x0000009832a00000)]
  0x000001bc2cdc3a50 JavaThread "Monitor Deflation Thread" daemon [_thread_blocked, id=7252, stack(0x0000009832a00000,0x0000009832b00000)]
=>0x000001bc2d80e480 JavaThread "C2 CompilerThread0" daemon [_thread_in_native, id=8044, stack(0x0000009832b00000,0x0000009832c00000)]
  0x000001bc2d812330 JavaThread "C1 CompilerThread0" daemon [_thread_blocked, id=8608, stack(0x0000009832c00000,0x0000009832d00000)]
  0x000001bc2cdcdfd0 JavaThread "Sweeper thread" daemon [_thread_blocked, id=5756, stack(0x0000009832d00000,0x0000009832e00000)]
  0x000001bc2cd02050 JavaThread "Common-Cleaner" daemon [_thread_blocked, id=2628, stack(0x0000009832e00000,0x0000009832f00000)]
  0x000001bc2daee6a0 JavaThread "Notification Thread" daemon [_thread_blocked, id=7372, stack(0x0000009832f00000,0x0000009833000000)]
  0x000001bc2e51a730 JavaThread "Daemon health stats" [_thread_blocked, id=10152, stack(0x0000009833200000,0x0000009833300000)]
  0x000001bc2e916d80 JavaThread "Incoming local TCP Connector on port 51717" [_thread_in_native, id=468, stack(0x0000009833300000,0x0000009833400000)]
  0x000001bc30224d30 JavaThread "Daemon periodic checks" [_thread_blocked, id=5796, stack(0x0000009833400000,0x0000009833500000)]
  0x000001bc2e79c2d0 JavaThread "Cache worker for journal cache (C:\Users\LENOVO\.gradle\caches\journal-1)" [_thread_blocked, id=7632, stack(0x0000009833c00000,0x0000009833d00000)]
  0x000001bc2e79d140 JavaThread "File lock request listener" [_thread_in_native, id=4352, stack(0x0000009833d00000,0x0000009833e00000)]
  0x000001bc2e79dae0 JavaThread "Cache worker for file hash cache (C:\Users\LENOVO\.gradle\caches\8.3\fileHashes)" [_thread_blocked, id=8200, stack(0x0000009833e00000,0x0000009833f00000)]
  0x000001bc30952210 JavaThread "File watcher server" daemon [_thread_in_native, id=4148, stack(0x0000009833f00000,0x0000009834000000)]
  0x000001bc30950ed0 JavaThread "File watcher consumer" daemon [_thread_blocked, id=8872, stack(0x0000009834000000,0x0000009834100000)]
  0x000001bc30952bb0 JavaThread "Cache worker for file content cache (C:\Users\LENOVO\.gradle\caches\8.3\fileContent)" [_thread_blocked, id=1532, stack(0x0000009834400000,0x0000009834500000)]
  0x000001bc30953550 JavaThread "Cache worker for execution history cache (C:\Users\LENOVO\.gradle\caches\8.3\executionHistory)" [_thread_blocked, id=4724, stack(0x0000009834700000,0x0000009834800000)]
  0x000001bc30951d40 JavaThread "jar transforms" [_thread_blocked, id=3408, stack(0x0000009834800000,0x0000009834900000)]
  0x000001bc30951870 JavaThread "jar transforms Thread 2" [_thread_blocked, id=6040, stack(0x0000009834900000,0x0000009834a00000)]
  0x000001bc303ccbc0 JavaThread "Cache worker for kotlin-dsl (C:\Users\LENOVO\.gradle\caches\8.3\kotlin-dsl)" [_thread_blocked, id=1060, stack(0x0000009834a00000,0x0000009834b00000)]
  0x000001bc303ca540 JavaThread "Memory manager" [_thread_blocked, id=9964, stack(0x0000009835000000,0x0000009835100000)]
  0x000001bc37cfa640 JavaThread "RMI Scheduler(0)" daemon [_thread_blocked, id=1088, stack(0x0000009836700000,0x0000009836800000)]
  0x000001bc303ca070 JavaThread "RMI TCP Accept-0" daemon [_thread_in_native, id=3368, stack(0x0000009836a00000,0x0000009836b00000)]
  0x000001bc34966740 JavaThread "Daemon Thread 3" [_thread_blocked, id=10468, stack(0x0000009831c00000,0x0000009831d00000)]
  0x000001bc37f6ddb0 JavaThread "Handler for socket connection from /127.0.0.1:51717 to /127.0.0.1:52162" [_thread_in_native, id=2484, stack(0x0000009831d00000,0x0000009831e00000)]
  0x000001bc3495f3c0 JavaThread "Cancel handler" [_thread_blocked, id=4244, stack(0x0000009833500000,0x0000009833600000)]
  0x000001bc34965400 JavaThread "Daemon worker Thread 3" [_thread_blocked, id=6524, stack(0x0000009833600000,0x0000009833700000)]
  0x000001bc37f6d8e0 JavaThread "Asynchronous log dispatcher for DefaultDaemonConnection: socket connection from /127.0.0.1:51717 to /127.0.0.1:52162" [_thread_blocked, id=5352, stack(0x0000009833700000,0x0000009833800000)]
  0x000001bc37f6e280 JavaThread "Daemon client event forwarder" [_thread_blocked, id=5828, stack(0x0000009833900000,0x0000009833a00000)]
  0x000001bc3495f890 JavaThread "Cache worker for checksums cache (G:\NANDA APRILLIA LESTARI MUFTI\BISMILLAH\SERBA-SERBI SKRIPSI 2024\WidyaAksara\program\.gradle\8.3\checksums)" [_thread_blocked, id=8648, stack(0x0000009833a00000,0x0000009833b00000)]
  0x000001bc37f6e750 JavaThread "Cache worker for file hash cache (G:\NANDA APRILLIA LESTARI MUFTI\BISMILLAH\SERBA-SERBI SKRIPSI 2024\WidyaAksara\program\.gradle\8.3\fileHashes)" [_thread_blocked, id=5024, stack(0x0000009833b00000,0x0000009833c00000)]
  0x000001bc349658d0 JavaThread "Cache worker for cache directory md-supplier (C:\Users\LENOVO\.gradle\caches\8.3\md-supplier)" [_thread_blocked, id=10944, stack(0x0000009834100000,0x0000009834200000)]
  0x000001bc37f6f0f0 JavaThread "Cache worker for cache directory md-rule (C:\Users\LENOVO\.gradle\caches\8.3\md-rule)" [_thread_blocked, id=4792, stack(0x0000009834200000,0x0000009834300000)]
  0x000001bc37f6fa90 JavaThread "Cache worker for dependencies-accessors (G:\NANDA APRILLIA LESTARI MUFTI\BISMILLAH\SERBA-SERBI SKRIPSI 2024\WidyaAksara\program\.gradle\8.3\dependencies-accessors)" [_thread_blocked, id=8236, stack(0x0000009834300000,0x0000009834400000)]
  0x000001bc37f6ff60 JavaThread "Cache worker for Build Output Cleanup Cache (G:\NANDA APRILLIA LESTARI MUFTI\BISMILLAH\SERBA-SERBI SKRIPSI 2024\WidyaAksara\program\.gradle\buildOutputCleanup)" [_thread_blocked, id=10572, stack(0x0000009834500000,0x0000009834600000)]
  0x000001bc37f70dd0 JavaThread "Unconstrained build operations" [_thread_blocked, id=6992, stack(0x0000009834b00000,0x0000009834c00000)]
  0x000001bc37f70430 JavaThread "build event listener" [_thread_blocked, id=7644, stack(0x0000009834c00000,0x0000009834d00000)]
  0x000001bc37f70900 JavaThread "included builds" [_thread_blocked, id=9200, stack(0x0000009834d00000,0x0000009834e00000)]
  0x000001bc35107fa0 JavaThread "Execution worker" [_thread_blocked, id=10840, stack(0x0000009834e00000,0x0000009834f00000)]
  0x000001bc3510aaf0 JavaThread "Cache worker for execution history cache (G:\NANDA APRILLIA LESTARI MUFTI\BISMILLAH\SERBA-SERBI SKRIPSI 2024\WidyaAksara\program\.gradle\8.3\executionHistory)" [_thread_blocked, id=10276, stack(0x0000009834f00000,0x0000009835000000)]
  0x000001bc3510afc0 JavaThread "Unconstrained build operations Thread 2" [_thread_blocked, id=11372, stack(0x0000009835100000,0x0000009835200000)]
  0x000001bc35108e10 JavaThread "WorkerExecutor Queue" [_thread_in_native, id=1516, stack(0x0000009835200000,0x0000009835300000)]
  0x000001bc3510a150 JavaThread "WorkerExecutor Queue Thread 2" [_thread_blocked, id=4472, stack(0x0000009835300000,0x0000009835400000)]
  0x000001bc3510b490 JavaThread "Unconstrained build operations Thread 3" [_thread_blocked, id=11668, stack(0x0000009835400000,0x0000009835500000)]
  0x000001bc351097b0 JavaThread "pool-14-thread-1" [_thread_blocked, id=2564, stack(0x0000009835500000,0x0000009835600000)]
  0x000001bc35107ad0 JavaThread "Unconstrained build operations Thread 4" [_thread_blocked, id=8696, stack(0x0000009835600000,0x0000009835700000)]
  0x000001bc349640c0 JavaThread "stderr" [_thread_in_native, id=10564, stack(0x0000009835700000,0x0000009835800000)]
  0x000001bc34960bd0 JavaThread "stdout" [_thread_in_native, id=6884, stack(0x0000009835800000,0x0000009835900000)]
  0x000001bc35108470 JavaThread "Unconstrained build operations Thread 5" [_thread_blocked, id=6896, stack(0x0000009835900000,0x0000009835a00000)]
  0x000001bc35108940 JavaThread "RMI RenewClean-[127.0.0.1:17400,org.jetbrains.kotlin.daemon.common.LoopbackNetworkInterface$ClientLoopbackSocketFactory@5e3931a7]" daemon [_thread_blocked, id=11500, stack(0x0000009835a00000,0x0000009835b00000)]
  0x000001bc35109c80 JavaThread "RMI GC Daemon" daemon [_thread_blocked, id=3488, stack(0x0000009835b00000,0x0000009835c00000)]
  0x000001bc37fcb7b0 JavaThread "RMI Reaper" [_thread_blocked, id=7792, stack(0x0000009835c00000,0x0000009835d00000)]
  0x000001bc34963bf0 JavaThread "RMI TCP Connection(idle)" daemon [_thread_blocked, id=5688, stack(0x0000009835d00000,0x0000009835e00000)]
  0x000001bc37fcbc80 JavaThread "Thread-154" [_thread_in_vm, id=872, stack(0x0000009833800000,0x0000009833900000)]

Other Threads:
  0x000001bc2cd21140 VMThread "VM Thread" [stack: 0x0000009832400000,0x0000009832500000] [id=8428]
  0x000001bc16240db0 WatcherThread [stack: 0x0000009833000000,0x0000009833100000] [id=5300]
  0x000001bc16230450 GCTaskThread "GC Thread#0" [stack: 0x0000009831f00000,0x0000009832000000] [id=5656]
  0x000001bc2db49dc0 GCTaskThread "GC Thread#1" [stack: 0x0000009833100000,0x0000009833200000] [id=8824]
  0x000001bc162392a0 ConcurrentGCThread "G1 Main Marker" [stack: 0x0000009832000000,0x0000009832100000] [id=8280]
  0x000001bc1623b370 ConcurrentGCThread "G1 Conc#0" [stack: 0x0000009832100000,0x0000009832200000] [id=6800]
  0x000001bc2cbe0090 ConcurrentGCThread "G1 Refine#0" [stack: 0x0000009832200000,0x0000009832300000] [id=5868]
  0x000001bc308b0590 ConcurrentGCThread "G1 Refine#1" [stack: 0x0000009834600000,0x0000009834700000] [id=3392]
  0x000001bc2cbe09c0 ConcurrentGCThread "G1 Service" [stack: 0x0000009832300000,0x0000009832400000] [id=6160]

Threads with active compile tasks:
C2 CompilerThread0  7834549 21000   !   4       java.util.jar.Attributes::read (494 bytes)

VM state: not at safepoint (normal execution)

VM Mutex/Monitor currently owned by a thread:  ([mutex/lock_event])
[0x000001bc161f3970] SystemDictionary_lock - owner thread: 0x000001bc37fcbc80

Heap address: 0x00000000c0000000, size: 1024 MB, Compressed Oops mode: 32-bit

CDS archive(s) not mapped
Compressed class space mapped at: 0x0000000100000000-0x0000000140000000, reserved size: 1073741824
Narrow klass base: 0x0000000000000000, Narrow klass shift: 3, Narrow klass range: 0x140000000

GC Precious Log:
 CPUs: 2 total, 2 available
 Memory: 11680M
 Large Page Support: Disabled
 NUMA Support: Disabled
 Compressed Oops: Enabled (32-bit)
 Heap Region Size: 1M
 Heap Min Capacity: 8M
 Heap Initial Capacity: 184M
 Heap Max Capacity: 1G
 Pre-touch: Disabled
 Parallel Workers: 2
 Concurrent Workers: 1
 Concurrent Refinement Workers: 2
 Periodic GC: Disabled

Heap:
 garbage-first heap   total 256000K, used 181674K [0x00000000c0000000, 0x0000000100000000)
  region size 1024K, 60 young (61440K), 9 survivors (9216K)
 Metaspace       used 137284K, committed 138304K, reserved 1171456K
  class space    used 18535K, committed 19072K, reserved 1048576K

Heap Regions: E=young(eden), S=young(survivor), O=old, HS=humongous(starts), HC=humongous(continues), CS=collection set, F=free, OA=open archive, CA=closed archive, TAMS=top-at-mark-start (previous, next)
|   0|0x00000000c0000000, 0x00000000c0100000, 0x00000000c0100000|100%|HS|  |TAMS 0x00000000c0100000, 0x00000000c0000000| Untracked 
|   1|0x00000000c0100000, 0x00000000c0200000, 0x00000000c0200000|100%|HC|  |TAMS 0x00000000c0200000, 0x00000000c0100000| Untracked 
|   2|0x00000000c0200000, 0x00000000c0300000, 0x00000000c0300000|100%|HC|  |TAMS 0x00000000c0300000, 0x00000000c0200000| Untracked 
|   3|0x00000000c0300000, 0x00000000c0400000, 0x00000000c0400000|100%|HC|  |TAMS 0x00000000c0400000, 0x00000000c0300000| Untracked 
|   4|0x00000000c0400000, 0x00000000c0500000, 0x00000000c0500000|100%| O|  |TAMS 0x00000000c0500000, 0x00000000c0400000| Untracked 
|   5|0x00000000c0500000, 0x00000000c0600000, 0x00000000c0600000|100%| O|  |TAMS 0x00000000c0600000, 0x00000000c0500000| Untracked 
|   6|0x00000000c0600000, 0x00000000c06fe7a8, 0x00000000c0700000| 99%| O|  |TAMS 0x00000000c06fe7a8, 0x00000000c0600000| Untracked 
|   7|0x00000000c0700000, 0x00000000c07ffff0, 0x00000000c0800000| 99%| O|  |TAMS 0x00000000c07ffff0, 0x00000000c0700000| Untracked 
|   8|0x00000000c0800000, 0x00000000c0900000, 0x00000000c0900000|100%| O|  |TAMS 0x00000000c0900000, 0x00000000c0800000| Untracked 
|   9|0x00000000c0900000, 0x00000000c09fb588, 0x00000000c0a00000| 98%| O|  |TAMS 0x00000000c09fb588, 0x00000000c0900000| Untracked 
|  10|0x00000000c0a00000, 0x00000000c0b00000, 0x00000000c0b00000|100%| O|  |TAMS 0x00000000c0b00000, 0x00000000c0a00000| Untracked 
|  11|0x00000000c0b00000, 0x00000000c0bffbc8, 0x00000000c0c00000| 99%| O|  |TAMS 0x00000000c0bffbc8, 0x00000000c0b00000| Untracked 
|  12|0x00000000c0c00000, 0x00000000c0d00000, 0x00000000c0d00000|100%| O|  |TAMS 0x00000000c0d00000, 0x00000000c0c00000| Untracked 
|  13|0x00000000c0d00000, 0x00000000c0dffff8, 0x00000000c0e00000| 99%| O|  |TAMS 0x00000000c0dffff8, 0x00000000c0d00000| Untracked 
|  14|0x00000000c0e00000, 0x00000000c0f00000, 0x00000000c0f00000|100%| O|  |TAMS 0x00000000c0f00000, 0x00000000c0e00000| Untracked 
|  15|0x00000000c0f00000, 0x00000000c0fffff0, 0x00000000c1000000| 99%| O|  |TAMS 0x00000000c0fffff0, 0x00000000c0f00000| Untracked 
|  16|0x00000000c1000000, 0x00000000c10ffff0, 0x00000000c1100000| 99%| O|  |TAMS 0x00000000c10ffff0, 0x00000000c1000000| Untracked 
|  17|0x00000000c1100000, 0x00000000c11ffeb0, 0x00000000c1200000| 99%| O|  |TAMS 0x00000000c11ffeb0, 0x00000000c1100000| Untracked 
|  18|0x00000000c1200000, 0x00000000c12ffff8, 0x00000000c1300000| 99%| O|  |TAMS 0x00000000c12ffff8, 0x00000000c1200000| Untracked 
|  19|0x00000000c1300000, 0x00000000c13fffb0, 0x00000000c1400000| 99%| O|  |TAMS 0x00000000c13fffb0, 0x00000000c1300000| Untracked 
|  20|0x00000000c1400000, 0x00000000c14ffff8, 0x00000000c1500000| 99%| O|  |TAMS 0x00000000c14ffff8, 0x00000000c1400000| Untracked 
|  21|0x00000000c1500000, 0x00000000c15fffe0, 0x00000000c1600000| 99%| O|  |TAMS 0x00000000c15fffe0, 0x00000000c1500000| Untracked 
|  22|0x00000000c1600000, 0x00000000c16fffd8, 0x00000000c1700000| 99%| O|  |TAMS 0x00000000c16fffd8, 0x00000000c1600000| Untracked 
|  23|0x00000000c1700000, 0x00000000c17fffe0, 0x00000000c1800000| 99%| O|  |TAMS 0x00000000c17fffe0, 0x00000000c1700000| Untracked 
|  24|0x00000000c1800000, 0x00000000c18ffff8, 0x00000000c1900000| 99%| O|  |TAMS 0x00000000c18ffff8, 0x00000000c1800000| Untracked 
|  25|0x00000000c1900000, 0x00000000c19fa3d0, 0x00000000c1a00000| 97%| O|  |TAMS 0x00000000c19fa3d0, 0x00000000c1900000| Untracked 
|  26|0x00000000c1a00000, 0x00000000c1afe268, 0x00000000c1b00000| 99%| O|  |TAMS 0x00000000c1a00000, 0x00000000c1a00000| Untracked 
|  27|0x00000000c1b00000, 0x00000000c1bffff8, 0x00000000c1c00000| 99%| O|  |TAMS 0x00000000c1bffff8, 0x00000000c1b00000| Untracked 
|  28|0x00000000c1c00000, 0x00000000c1d00000, 0x00000000c1d00000|100%| O|  |TAMS 0x00000000c1d00000, 0x00000000c1c00000| Untracked 
|  29|0x00000000c1d00000, 0x00000000c1dffff8, 0x00000000c1e00000| 99%| O|  |TAMS 0x00000000c1d00000, 0x00000000c1d00000| Untracked 
|  30|0x00000000c1e00000, 0x00000000c1efead8, 0x00000000c1f00000| 99%| O|  |TAMS 0x00000000c1e00000, 0x00000000c1e00000| Untracked 
|  31|0x00000000c1f00000, 0x00000000c1fffff8, 0x00000000c2000000| 99%| O|  |TAMS 0x00000000c1fffff8, 0x00000000c1f00000| Untracked 
|  32|0x00000000c2000000, 0x00000000c20ca3d8, 0x00000000c2100000| 79%| O|  |TAMS 0x00000000c2000000, 0x00000000c2000000| Untracked 
|  33|0x00000000c2100000, 0x00000000c21fc858, 0x00000000c2200000| 98%| O|  |TAMS 0x00000000c2100000, 0x00000000c2100000| Untracked 
|  34|0x00000000c2200000, 0x00000000c2300000, 0x00000000c2300000|100%| O|  |TAMS 0x00000000c2200000, 0x00000000c2200000| Untracked 
|  35|0x00000000c2300000, 0x00000000c2400000, 0x00000000c2400000|100%| O|  |TAMS 0x00000000c2400000, 0x00000000c2300000| Untracked 
|  36|0x00000000c2400000, 0x00000000c2500000, 0x00000000c2500000|100%| O|  |TAMS 0x00000000c2500000, 0x00000000c2400000| Untracked 
|  37|0x00000000c2500000, 0x00000000c25b7e08, 0x00000000c2600000| 71%| O|  |TAMS 0x00000000c2500000, 0x00000000c2500000| Untracked 
|  38|0x00000000c2600000, 0x00000000c26fffe8, 0x00000000c2700000| 99%| O|  |TAMS 0x00000000c26fffe8, 0x00000000c2600000| Untracked 
|  39|0x00000000c2700000, 0x00000000c27ffff8, 0x00000000c2800000| 99%| O|  |TAMS 0x00000000c27ffff8, 0x00000000c2700000| Untracked 
|  40|0x00000000c2800000, 0x00000000c28ffff0, 0x00000000c2900000| 99%| O|  |TAMS 0x00000000c28ffff0, 0x00000000c2800000| Untracked 
|  41|0x00000000c2900000, 0x00000000c2a00000, 0x00000000c2a00000|100%|HS|  |TAMS 0x00000000c2a00000, 0x00000000c2900000| Untracked 
|  42|0x00000000c2a00000, 0x00000000c2b00000, 0x00000000c2b00000|100%|HS|  |TAMS 0x00000000c2b00000, 0x00000000c2a00000| Untracked 
|  43|0x00000000c2b00000, 0x00000000c2c00000, 0x00000000c2c00000|100%|HS|  |TAMS 0x00000000c2c00000, 0x00000000c2b00000| Untracked 
|  44|0x00000000c2c00000, 0x00000000c2d00000, 0x00000000c2d00000|100%|HC|  |TAMS 0x00000000c2d00000, 0x00000000c2c00000| Untracked 
|  45|0x00000000c2d00000, 0x00000000c2dffff0, 0x00000000c2e00000| 99%| O|  |TAMS 0x00000000c2dffff0, 0x00000000c2d00000| Untracked 
|  46|0x00000000c2e00000, 0x00000000c2f00000, 0x00000000c2f00000|100%|HS|  |TAMS 0x00000000c2f00000, 0x00000000c2e00000| Untracked 
|  47|0x00000000c2f00000, 0x00000000c3000000, 0x00000000c3000000|100%|HC|  |TAMS 0x00000000c3000000, 0x00000000c2f00000| Untracked 
|  48|0x00000000c3000000, 0x00000000c3100000, 0x00000000c3100000|100%| O|  |TAMS 0x00000000c3100000, 0x00000000c3000000| Untracked 
|  49|0x00000000c3100000, 0x00000000c3200000, 0x00000000c3200000|100%|HS|  |TAMS 0x00000000c3200000, 0x00000000c3100000| Untracked 
|  50|0x00000000c3200000, 0x00000000c3300000, 0x00000000c3300000|100%|HS|  |TAMS 0x00000000c3300000, 0x00000000c3200000| Untracked 
|  51|0x00000000c3300000, 0x00000000c3400000, 0x00000000c3400000|100%|HC|  |TAMS 0x00000000c3400000, 0x00000000c3300000| Untracked 
|  52|0x00000000c3400000, 0x00000000c3500000, 0x00000000c3500000|100%|HC|  |TAMS 0x00000000c3500000, 0x00000000c3400000| Untracked 
|  53|0x00000000c3500000, 0x00000000c3600000, 0x00000000c3600000|100%|HC|  |TAMS 0x00000000c3600000, 0x00000000c3500000| Untracked 
|  54|0x00000000c3600000, 0x00000000c3700000, 0x00000000c3700000|100%|HS|  |TAMS 0x00000000c3700000, 0x00000000c3600000| Untracked 
|  55|0x00000000c3700000, 0x00000000c3800000, 0x00000000c3800000|100%| O|  |TAMS 0x00000000c3800000, 0x00000000c3700000| Untracked 
|  56|0x00000000c3800000, 0x00000000c3900000, 0x00000000c3900000|100%| O|  |TAMS 0x00000000c3900000, 0x00000000c3800000| Untracked 
|  57|0x00000000c3900000, 0x00000000c3a00000, 0x00000000c3a00000|100%| O|  |TAMS 0x00000000c3a00000, 0x00000000c3900000| Untracked 
|  58|0x00000000c3a00000, 0x00000000c3b00000, 0x00000000c3b00000|100%| O|  |TAMS 0x00000000c3b00000, 0x00000000c3a00000| Untracked 
|  59|0x00000000c3b00000, 0x00000000c3bfffc0, 0x00000000c3c00000| 99%| O|  |TAMS 0x00000000c3bfffc0, 0x00000000c3b00000| Untracked 
|  60|0x00000000c3c00000, 0x00000000c3cfffa0, 0x00000000c3d00000| 99%| O|  |TAMS 0x00000000c3cfffa0, 0x00000000c3c00000| Untracked 
|  61|0x00000000c3d00000, 0x00000000c3dffff8, 0x00000000c3e00000| 99%| O|  |TAMS 0x00000000c3dffff8, 0x00000000c3d00000| Untracked 
|  62|0x00000000c3e00000, 0x00000000c3effff8, 0x00000000c3f00000| 99%| O|  |TAMS 0x00000000c3effff8, 0x00000000c3e00000| Untracked 
|  63|0x00000000c3f00000, 0x00000000c3ffffe0, 0x00000000c4000000| 99%| O|  |TAMS 0x00000000c3ffffe0, 0x00000000c3f00000| Untracked 
|  64|0x00000000c4000000, 0x00000000c40fffd8, 0x00000000c4100000| 99%| O|  |TAMS 0x00000000c40fffd8, 0x00000000c4000000| Untracked 
|  65|0x00000000c4100000, 0x00000000c41fffc0, 0x00000000c4200000| 99%| O|  |TAMS 0x00000000c41fffc0, 0x00000000c4100000| Untracked 
|  66|0x00000000c4200000, 0x00000000c4300000, 0x00000000c4300000|100%| O|  |TAMS 0x00000000c4300000, 0x00000000c4200000| Untracked 
|  67|0x00000000c4300000, 0x00000000c43fffe8, 0x00000000c4400000| 99%| O|  |TAMS 0x00000000c43fffe8, 0x00000000c4300000| Untracked 
|  68|0x00000000c4400000, 0x00000000c44fffc0, 0x00000000c4500000| 99%| O|  |TAMS 0x00000000c44fffc0, 0x00000000c4400000| Untracked 
|  69|0x00000000c4500000, 0x00000000c45fffc8, 0x00000000c4600000| 99%| O|  |TAMS 0x00000000c45fffc8, 0x00000000c4500000| Untracked 
|  70|0x00000000c4600000, 0x00000000c4700000, 0x00000000c4700000|100%| O|  |TAMS 0x00000000c4700000, 0x00000000c4600000| Untracked 
|  71|0x00000000c4700000, 0x00000000c47fffe8, 0x00000000c4800000| 99%| O|  |TAMS 0x00000000c47fffe8, 0x00000000c4700000| Untracked 
|  72|0x00000000c4800000, 0x00000000c4900000, 0x00000000c4900000|100%|HS|  |TAMS 0x00000000c4900000, 0x00000000c4800000| Untracked 
|  73|0x00000000c4900000, 0x00000000c4a00000, 0x00000000c4a00000|100%|HC|  |TAMS 0x00000000c4a00000, 0x00000000c4900000| Untracked 
|  74|0x00000000c4a00000, 0x00000000c4b00000, 0x00000000c4b00000|100%|HC|  |TAMS 0x00000000c4b00000, 0x00000000c4a00000| Untracked 
|  75|0x00000000c4b00000, 0x00000000c4c00000, 0x00000000c4c00000|100%|HC|  |TAMS 0x00000000c4c00000, 0x00000000c4b00000| Untracked 
|  76|0x00000000c4c00000, 0x00000000c4cffff8, 0x00000000c4d00000| 99%| O|  |TAMS 0x00000000c4cffff8, 0x00000000c4c00000| Untracked 
|  77|0x00000000c4d00000, 0x00000000c4dffff8, 0x00000000c4e00000| 99%| O|  |TAMS 0x00000000c4dffff8, 0x00000000c4d00000| Untracked 
|  78|0x00000000c4e00000, 0x00000000c4efff88, 0x00000000c4f00000| 99%| O|  |TAMS 0x00000000c4efff88, 0x00000000c4e00000| Untracked 
|  79|0x00000000c4f00000, 0x00000000c5000000, 0x00000000c5000000|100%| O|  |TAMS 0x00000000c5000000, 0x00000000c4f00000| Untracked 
|  80|0x00000000c5000000, 0x00000000c50ffff0, 0x00000000c5100000| 99%| O|  |TAMS 0x00000000c50ffff0, 0x00000000c5000000| Untracked 
|  81|0x00000000c5100000, 0x00000000c5200000, 0x00000000c5200000|100%| O|  |TAMS 0x00000000c5200000, 0x00000000c5100000| Untracked 
|  82|0x00000000c5200000, 0x00000000c52fffe8, 0x00000000c5300000| 99%| O|  |TAMS 0x00000000c52fffe8, 0x00000000c5200000| Untracked 
|  83|0x00000000c5300000, 0x00000000c53ffff8, 0x00000000c5400000| 99%| O|  |TAMS 0x00000000c53ffff8, 0x00000000c5300000| Untracked 
|  84|0x00000000c5400000, 0x00000000c54ffff8, 0x00000000c5500000| 99%| O|  |TAMS 0x00000000c54ffff8, 0x00000000c5400000| Untracked 
|  85|0x00000000c5500000, 0x00000000c55fbaa0, 0x00000000c5600000| 98%| O|  |TAMS 0x00000000c55fbaa0, 0x00000000c5500000| Untracked 
|  86|0x00000000c5600000, 0x00000000c56fffc8, 0x00000000c5700000| 99%| O|  |TAMS 0x00000000c56fffc8, 0x00000000c5600000| Untracked 
|  87|0x00000000c5700000, 0x00000000c5800000, 0x00000000c5800000|100%| O|  |TAMS 0x00000000c5800000, 0x00000000c5700000| Untracked 
|  88|0x00000000c5800000, 0x00000000c58ffff8, 0x00000000c5900000| 99%| O|  |TAMS 0x00000000c58ffff8, 0x00000000c5800000| Untracked 
|  89|0x00000000c5900000, 0x00000000c59ffff8, 0x00000000c5a00000| 99%| O|  |TAMS 0x00000000c59ffff8, 0x00000000c5900000| Untracked 
|  90|0x00000000c5a00000, 0x00000000c5afffe0, 0x00000000c5b00000| 99%| O|  |TAMS 0x00000000c5afffe0, 0x00000000c5a00000| Untracked 
|  91|0x00000000c5b00000, 0x00000000c5bfffe8, 0x00000000c5c00000| 99%| O|  |TAMS 0x00000000c5bfffe8, 0x00000000c5b00000| Untracked 
|  92|0x00000000c5c00000, 0x00000000c5c00000, 0x00000000c5d00000|  0%| F|  |TAMS 0x00000000c5c00000, 0x00000000c5c00000| Untracked 
|  93|0x00000000c5d00000, 0x00000000c5e00000, 0x00000000c5e00000|100%| O|  |TAMS 0x00000000c5d00000, 0x00000000c5d00000| Untracked 
|  94|0x00000000c5e00000, 0x00000000c5f00000, 0x00000000c5f00000|100%| O|  |TAMS 0x00000000c5e00000, 0x00000000c5e00000| Untracked 
|  95|0x00000000c5f00000, 0x00000000c6000000, 0x00000000c6000000|100%| O|  |TAMS 0x00000000c6000000, 0x00000000c5f00000| Untracked 
|  96|0x00000000c6000000, 0x00000000c6100000, 0x00000000c6100000|100%| O|  |TAMS 0x00000000c6000000, 0x00000000c6000000| Untracked 
|  97|0x00000000c6100000, 0x00000000c6200000, 0x00000000c6200000|100%| O|  |TAMS 0x00000000c6100000, 0x00000000c6100000| Untracked 
|  98|0x00000000c6200000, 0x00000000c6300000, 0x00000000c6300000|100%| O|  |TAMS 0x00000000c6200000, 0x00000000c6200000| Untracked 
|  99|0x00000000c6300000, 0x00000000c6400000, 0x00000000c6400000|100%| O|  |TAMS 0x00000000c6300000, 0x00000000c6300000| Untracked 
| 100|0x00000000c6400000, 0x00000000c6500000, 0x00000000c6500000|100%| O|  |TAMS 0x00000000c6400000, 0x00000000c6400000| Untracked 
| 101|0x00000000c6500000, 0x00000000c6600000, 0x00000000c6600000|100%| O|  |TAMS 0x00000000c6500000, 0x00000000c6500000| Untracked 
| 102|0x00000000c6600000, 0x00000000c6700000, 0x00000000c6700000|100%| O|  |TAMS 0x00000000c6600000, 0x00000000c6600000| Untracked 
| 103|0x00000000c6700000, 0x00000000c6800000, 0x00000000c6800000|100%| O|  |TAMS 0x00000000c6700000, 0x00000000c6700000| Untracked 
| 104|0x00000000c6800000, 0x00000000c6900000, 0x00000000c6900000|100%| O|  |TAMS 0x00000000c6800000, 0x00000000c6800000| Untracked 
| 105|0x00000000c6900000, 0x00000000c6a00000, 0x00000000c6a00000|100%| O|  |TAMS 0x00000000c6900000, 0x00000000c6900000| Untracked 
| 106|0x00000000c6a00000, 0x00000000c6b00000, 0x00000000c6b00000|100%| O|  |TAMS 0x00000000c6a00000, 0x00000000c6a00000| Untracked 
| 107|0x00000000c6b00000, 0x00000000c6c00000, 0x00000000c6c00000|100%| O|  |TAMS 0x00000000c6b00000, 0x00000000c6b00000| Untracked 
| 108|0x00000000c6c00000, 0x00000000c6c00000, 0x00000000c6d00000|  0%| F|  |TAMS 0x00000000c6c00000, 0x00000000c6c00000| Untracked 
| 109|0x00000000c6d00000, 0x00000000c6d00000, 0x00000000c6e00000|  0%| F|  |TAMS 0x00000000c6d00000, 0x00000000c6d00000| Untracked 
| 110|0x00000000c6e00000, 0x00000000c6e00000, 0x00000000c6f00000|  0%| F|  |TAMS 0x00000000c6e00000, 0x00000000c6e00000| Untracked 
| 111|0x00000000c6f00000, 0x00000000c6f00000, 0x00000000c7000000|  0%| F|  |TAMS 0x00000000c6f00000, 0x00000000c6f00000| Untracked 
| 112|0x00000000c7000000, 0x00000000c7000000, 0x00000000c7100000|  0%| F|  |TAMS 0x00000000c7000000, 0x00000000c7000000| Untracked 
| 113|0x00000000c7100000, 0x00000000c7100000, 0x00000000c7200000|  0%| F|  |TAMS 0x00000000c7100000, 0x00000000c7100000| Untracked 
| 114|0x00000000c7200000, 0x00000000c7200000, 0x00000000c7300000|  0%| F|  |TAMS 0x00000000c7200000, 0x00000000c7200000| Untracked 
| 115|0x00000000c7300000, 0x00000000c7300000, 0x00000000c7400000|  0%| F|  |TAMS 0x00000000c7300000, 0x00000000c7300000| Untracked 
| 116|0x00000000c7400000, 0x00000000c7400000, 0x00000000c7500000|  0%| F|  |TAMS 0x00000000c7400000, 0x00000000c7400000| Untracked 
| 117|0x00000000c7500000, 0x00000000c7500000, 0x00000000c7600000|  0%| F|  |TAMS 0x00000000c7500000, 0x00000000c7500000| Untracked 
| 118|0x00000000c7600000, 0x00000000c7600000, 0x00000000c7700000|  0%| F|  |TAMS 0x00000000c7600000, 0x00000000c7600000| Untracked 
| 119|0x00000000c7700000, 0x00000000c7700000, 0x00000000c7800000|  0%| F|  |TAMS 0x00000000c7700000, 0x00000000c7700000| Untracked 
| 120|0x00000000c7800000, 0x00000000c7800000, 0x00000000c7900000|  0%| F|  |TAMS 0x00000000c7800000, 0x00000000c7800000| Untracked 
| 121|0x00000000c7900000, 0x00000000c7900000, 0x00000000c7a00000|  0%| F|  |TAMS 0x00000000c7900000, 0x00000000c7900000| Untracked 
| 122|0x00000000c7a00000, 0x00000000c7a00000, 0x00000000c7b00000|  0%| F|  |TAMS 0x00000000c7a00000, 0x00000000c7a00000| Untracked 
| 123|0x00000000c7b00000, 0x00000000c7b00000, 0x00000000c7c00000|  0%| F|  |TAMS 0x00000000c7b00000, 0x00000000c7b00000| Untracked 
| 124|0x00000000c7c00000, 0x00000000c7d00000, 0x00000000c7d00000|100%| O|  |TAMS 0x00000000c7c00000, 0x00000000c7c00000| Untracked 
| 125|0x00000000c7d00000, 0x00000000c7e00000, 0x00000000c7e00000|100%| O|  |TAMS 0x00000000c7d00000, 0x00000000c7d00000| Untracked 
| 126|0x00000000c7e00000, 0x00000000c7f00000, 0x00000000c7f00000|100%| O|  |TAMS 0x00000000c7e00000, 0x00000000c7e00000| Untracked 
| 127|0x00000000c7f00000, 0x00000000c8000000, 0x00000000c8000000|100%| O|  |TAMS 0x00000000c7f00000, 0x00000000c7f00000| Untracked 
| 128|0x00000000c8000000, 0x00000000c8100000, 0x00000000c8100000|100%| O|  |TAMS 0x00000000c8100000, 0x00000000c8000000| Untracked 
| 129|0x00000000c8100000, 0x00000000c8200000, 0x00000000c8200000|100%| O|  |TAMS 0x00000000c8100000, 0x00000000c8100000| Untracked 
| 130|0x00000000c8200000, 0x00000000c8300000, 0x00000000c8300000|100%| O|  |TAMS 0x00000000c8200000, 0x00000000c8200000| Untracked 
| 131|0x00000000c8300000, 0x00000000c8400000, 0x00000000c8400000|100%| O|  |TAMS 0x00000000c8300000, 0x00000000c8300000| Untracked 
| 132|0x00000000c8400000, 0x00000000c8500000, 0x00000000c8500000|100%| O|  |TAMS 0x00000000c8400000, 0x00000000c8400000| Untracked 
| 133|0x00000000c8500000, 0x00000000c8600000, 0x00000000c8600000|100%| O|  |TAMS 0x00000000c8500000, 0x00000000c8500000| Untracked 
| 134|0x00000000c8600000, 0x00000000c8700000, 0x00000000c8700000|100%| O|  |TAMS 0x00000000c8600000, 0x00000000c8600000| Untracked 
| 135|0x00000000c8700000, 0x00000000c8800000, 0x00000000c8800000|100%| O|  |TAMS 0x00000000c8700000, 0x00000000c8700000| Untracked 
| 136|0x00000000c8800000, 0x00000000c8800000, 0x00000000c8900000|  0%| F|  |TAMS 0x00000000c8800000, 0x00000000c8800000| Untracked 
| 137|0x00000000c8900000, 0x00000000c8900000, 0x00000000c8a00000|  0%| F|  |TAMS 0x00000000c8900000, 0x00000000c8900000| Untracked 
| 138|0x00000000c8a00000, 0x00000000c8a00000, 0x00000000c8b00000|  0%| F|  |TAMS 0x00000000c8a00000, 0x00000000c8a00000| Untracked 
| 139|0x00000000c8b00000, 0x00000000c8b00000, 0x00000000c8c00000|  0%| F|  |TAMS 0x00000000c8b00000, 0x00000000c8b00000| Untracked 
| 140|0x00000000c8c00000, 0x00000000c8c00000, 0x00000000c8d00000|  0%| F|  |TAMS 0x00000000c8c00000, 0x00000000c8c00000| Untracked 
| 141|0x00000000c8d00000, 0x00000000c8d00000, 0x00000000c8e00000|  0%| F|  |TAMS 0x00000000c8d00000, 0x00000000c8d00000| Untracked 
| 142|0x00000000c8e00000, 0x00000000c8f00000, 0x00000000c8f00000|100%| O|  |TAMS 0x00000000c8f00000, 0x00000000c8e00000| Untracked 
| 143|0x00000000c8f00000, 0x00000000c8f00000, 0x00000000c9000000|  0%| F|  |TAMS 0x00000000c8f00000, 0x00000000c8f00000| Untracked 
| 144|0x00000000c9000000, 0x00000000c9000000, 0x00000000c9100000|  0%| F|  |TAMS 0x00000000c9000000, 0x00000000c9000000| Untracked 
| 145|0x00000000c9100000, 0x00000000c9100000, 0x00000000c9200000|  0%| F|  |TAMS 0x00000000c9100000, 0x00000000c9100000| Untracked 
| 146|0x00000000c9200000, 0x00000000c9200000, 0x00000000c9300000|  0%| F|  |TAMS 0x00000000c9200000, 0x00000000c9200000| Untracked 
| 147|0x00000000c9300000, 0x00000000c9300000, 0x00000000c9400000|  0%| F|  |TAMS 0x00000000c9300000, 0x00000000c9300000| Untracked 
| 148|0x00000000c9400000, 0x00000000c9400000, 0x00000000c9500000|  0%| F|  |TAMS 0x00000000c9400000, 0x00000000c9400000| Untracked 
| 149|0x00000000c9500000, 0x00000000c9500000, 0x00000000c9600000|  0%| F|  |TAMS 0x00000000c9500000, 0x00000000c9500000| Untracked 
| 150|0x00000000c9600000, 0x00000000c9600000, 0x00000000c9700000|  0%| F|  |TAMS 0x00000000c9600000, 0x00000000c9600000| Untracked 
| 151|0x00000000c9700000, 0x00000000c9700000, 0x00000000c9800000|  0%| F|  |TAMS 0x00000000c9700000, 0x00000000c9700000| Untracked 
| 152|0x00000000c9800000, 0x00000000c9800000, 0x00000000c9900000|  0%| F|  |TAMS 0x00000000c9800000, 0x00000000c9800000| Untracked 
| 153|0x00000000c9900000, 0x00000000c9900000, 0x00000000c9a00000|  0%| F|  |TAMS 0x00000000c9900000, 0x00000000c9900000| Untracked 
| 154|0x00000000c9a00000, 0x00000000c9a00000, 0x00000000c9b00000|  0%| F|  |TAMS 0x00000000c9a00000, 0x00000000c9a00000| Untracked 
| 155|0x00000000c9b00000, 0x00000000c9b00000, 0x00000000c9c00000|  0%| F|  |TAMS 0x00000000c9b00000, 0x00000000c9b00000| Untracked 
| 156|0x00000000c9c00000, 0x00000000c9c00000, 0x00000000c9d00000|  0%| F|  |TAMS 0x00000000c9c00000, 0x00000000c9c00000| Untracked 
| 157|0x00000000c9d00000, 0x00000000c9d00000, 0x00000000c9e00000|  0%| F|  |TAMS 0x00000000c9d00000, 0x00000000c9d00000| Untracked 
| 158|0x00000000c9e00000, 0x00000000c9e00000, 0x00000000c9f00000|  0%| F|  |TAMS 0x00000000c9e00000, 0x00000000c9e00000| Untracked 
| 159|0x00000000c9f00000, 0x00000000c9f00000, 0x00000000ca000000|  0%| F|  |TAMS 0x00000000c9f00000, 0x00000000c9f00000| Untracked 
| 160|0x00000000ca000000, 0x00000000ca000000, 0x00000000ca100000|  0%| F|  |TAMS 0x00000000ca000000, 0x00000000ca000000| Untracked 
| 161|0x00000000ca100000, 0x00000000ca100000, 0x00000000ca200000|  0%| F|  |TAMS 0x00000000ca100000, 0x00000000ca100000| Untracked 
| 162|0x00000000ca200000, 0x00000000ca200000, 0x00000000ca300000|  0%| F|  |TAMS 0x00000000ca200000, 0x00000000ca200000| Untracked 
| 163|0x00000000ca300000, 0x00000000ca300000, 0x00000000ca400000|  0%| F|  |TAMS 0x00000000ca300000, 0x00000000ca300000| Untracked 
| 164|0x00000000ca400000, 0x00000000ca400000, 0x00000000ca500000|  0%| F|  |TAMS 0x00000000ca400000, 0x00000000ca400000| Untracked 
| 165|0x00000000ca500000, 0x00000000ca500000, 0x00000000ca600000|  0%| F|  |TAMS 0x00000000ca500000, 0x00000000ca500000| Untracked 
| 166|0x00000000ca600000, 0x00000000ca600000, 0x00000000ca700000|  0%| F|  |TAMS 0x00000000ca600000, 0x00000000ca600000| Untracked 
| 167|0x00000000ca700000, 0x00000000ca700000, 0x00000000ca800000|  0%| F|  |TAMS 0x00000000ca700000, 0x00000000ca700000| Untracked 
| 168|0x00000000ca800000, 0x00000000ca800000, 0x00000000ca900000|  0%| F|  |TAMS 0x00000000ca800000, 0x00000000ca800000| Untracked 
| 169|0x00000000ca900000, 0x00000000ca900000, 0x00000000caa00000|  0%| F|  |TAMS 0x00000000ca900000, 0x00000000ca900000| Untracked 
| 170|0x00000000caa00000, 0x00000000caa00000, 0x00000000cab00000|  0%| F|  |TAMS 0x00000000caa00000, 0x00000000caa00000| Untracked 
| 171|0x00000000cab00000, 0x00000000cab00000, 0x00000000cac00000|  0%| F|  |TAMS 0x00000000cab00000, 0x00000000cab00000| Untracked 
| 172|0x00000000cac00000, 0x00000000cac00000, 0x00000000cad00000|  0%| F|  |TAMS 0x00000000cac00000, 0x00000000cac00000| Untracked 
| 173|0x00000000cad00000, 0x00000000cad00000, 0x00000000cae00000|  0%| F|  |TAMS 0x00000000cad00000, 0x00000000cad00000| Untracked 
| 174|0x00000000cae00000, 0x00000000cae00000, 0x00000000caf00000|  0%| F|  |TAMS 0x00000000cae00000, 0x00000000cae00000| Untracked 
| 175|0x00000000caf00000, 0x00000000caf00000, 0x00000000cb000000|  0%| F|  |TAMS 0x00000000caf00000, 0x00000000caf00000| Untracked 
| 176|0x00000000cb000000, 0x00000000cb000000, 0x00000000cb100000|  0%| F|  |TAMS 0x00000000cb000000, 0x00000000cb000000| Untracked 
| 177|0x00000000cb100000, 0x00000000cb200000, 0x00000000cb200000|100%| S|CS|TAMS 0x00000000cb100000, 0x00000000cb100000| Complete 
| 178|0x00000000cb200000, 0x00000000cb300000, 0x00000000cb300000|100%| S|CS|TAMS 0x00000000cb200000, 0x00000000cb200000| Complete 
| 179|0x00000000cb300000, 0x00000000cb400000, 0x00000000cb400000|100%| S|CS|TAMS 0x00000000cb300000, 0x00000000cb300000| Complete 
| 180|0x00000000cb400000, 0x00000000cb500000, 0x00000000cb500000|100%| S|CS|TAMS 0x00000000cb400000, 0x00000000cb400000| Complete 
| 181|0x00000000cb500000, 0x00000000cb600000, 0x00000000cb600000|100%| S|CS|TAMS 0x00000000cb500000, 0x00000000cb500000| Complete 
| 182|0x00000000cb600000, 0x00000000cb700000, 0x00000000cb700000|100%| S|CS|TAMS 0x00000000cb600000, 0x00000000cb600000| Complete 
| 183|0x00000000cb700000, 0x00000000cb800000, 0x00000000cb800000|100%| S|CS|TAMS 0x00000000cb700000, 0x00000000cb700000| Complete 
| 184|0x00000000cb800000, 0x00000000cb900000, 0x00000000cb900000|100%| S|CS|TAMS 0x00000000cb800000, 0x00000000cb800000| Complete 
| 185|0x00000000cb900000, 0x00000000cba00000, 0x00000000cba00000|100%| S|CS|TAMS 0x00000000cb900000, 0x00000000cb900000| Complete 
| 186|0x00000000cba00000, 0x00000000cba00000, 0x00000000cbb00000|  0%| F|  |TAMS 0x00000000cba00000, 0x00000000cba00000| Untracked 
| 187|0x00000000cbb00000, 0x00000000cbb00000, 0x00000000cbc00000|  0%| F|  |TAMS 0x00000000cbb00000, 0x00000000cbb00000| Untracked 
| 188|0x00000000cbc00000, 0x00000000cbc00000, 0x00000000cbd00000|  0%| F|  |TAMS 0x00000000cbc00000, 0x00000000cbc00000| Untracked 
| 189|0x00000000cbd00000, 0x00000000cbd00000, 0x00000000cbe00000|  0%| F|  |TAMS 0x00000000cbd00000, 0x00000000cbd00000| Untracked 
| 190|0x00000000cbe00000, 0x00000000cbe00000, 0x00000000cbf00000|  0%| F|  |TAMS 0x00000000cbe00000, 0x00000000cbe00000| Untracked 
| 191|0x00000000cbf00000, 0x00000000cbf00000, 0x00000000cc000000|  0%| F|  |TAMS 0x00000000cbf00000, 0x00000000cbf00000| Untracked 
| 192|0x00000000cc000000, 0x00000000cc000000, 0x00000000cc100000|  0%| F|  |TAMS 0x00000000cc000000, 0x00000000cc000000| Untracked 
| 193|0x00000000cc100000, 0x00000000cc100000, 0x00000000cc200000|  0%| F|  |TAMS 0x00000000cc100000, 0x00000000cc100000| Untracked 
| 194|0x00000000cc200000, 0x00000000cc200000, 0x00000000cc300000|  0%| F|  |TAMS 0x00000000cc200000, 0x00000000cc200000| Untracked 
| 195|0x00000000cc300000, 0x00000000cc300000, 0x00000000cc400000|  0%| F|  |TAMS 0x00000000cc300000, 0x00000000cc300000| Untracked 
| 196|0x00000000cc400000, 0x00000000cc400000, 0x00000000cc500000|  0%| F|  |TAMS 0x00000000cc400000, 0x00000000cc400000| Untracked 
| 197|0x00000000cc500000, 0x00000000cc500000, 0x00000000cc600000|  0%| F|  |TAMS 0x00000000cc500000, 0x00000000cc500000| Untracked 
| 198|0x00000000cc600000, 0x00000000cc600000, 0x00000000cc700000|  0%| F|  |TAMS 0x00000000cc600000, 0x00000000cc600000| Untracked 
| 199|0x00000000cc700000, 0x00000000cc7eb3c0, 0x00000000cc800000| 91%| E|  |TAMS 0x00000000cc700000, 0x00000000cc700000| Complete 
| 200|0x00000000cc800000, 0x00000000cc900000, 0x00000000cc900000|100%| E|CS|TAMS 0x00000000cc800000, 0x00000000cc800000| Complete 
| 201|0x00000000cc900000, 0x00000000cca00000, 0x00000000cca00000|100%| E|CS|TAMS 0x00000000cc900000, 0x00000000cc900000| Complete 
| 202|0x00000000cca00000, 0x00000000ccb00000, 0x00000000ccb00000|100%| E|CS|TAMS 0x00000000cca00000, 0x00000000cca00000| Complete 
| 203|0x00000000ccb00000, 0x00000000ccc00000, 0x00000000ccc00000|100%| E|CS|TAMS 0x00000000ccb00000, 0x00000000ccb00000| Complete 
| 204|0x00000000ccc00000, 0x00000000ccd00000, 0x00000000ccd00000|100%| E|CS|TAMS 0x00000000ccc00000, 0x00000000ccc00000| Complete 
| 205|0x00000000ccd00000, 0x00000000cce00000, 0x00000000cce00000|100%| E|CS|TAMS 0x00000000ccd00000, 0x00000000ccd00000| Complete 
| 206|0x00000000cce00000, 0x00000000ccf00000, 0x00000000ccf00000|100%| E|CS|TAMS 0x00000000cce00000, 0x00000000cce00000| Complete 
| 207|0x00000000ccf00000, 0x00000000cd000000, 0x00000000cd000000|100%| E|CS|TAMS 0x00000000ccf00000, 0x00000000ccf00000| Complete 
| 208|0x00000000cd000000, 0x00000000cd100000, 0x00000000cd100000|100%| E|CS|TAMS 0x00000000cd000000, 0x00000000cd000000| Complete 
| 209|0x00000000cd100000, 0x00000000cd200000, 0x00000000cd200000|100%| E|CS|TAMS 0x00000000cd100000, 0x00000000cd100000| Complete 
| 210|0x00000000cd200000, 0x00000000cd300000, 0x00000000cd300000|100%| E|CS|TAMS 0x00000000cd200000, 0x00000000cd200000| Complete 
| 211|0x00000000cd300000, 0x00000000cd400000, 0x00000000cd400000|100%| E|CS|TAMS 0x00000000cd300000, 0x00000000cd300000| Complete 
| 212|0x00000000cd400000, 0x00000000cd500000, 0x00000000cd500000|100%| E|CS|TAMS 0x00000000cd400000, 0x00000000cd400000| Complete 
| 213|0x00000000cd500000, 0x00000000cd600000, 0x00000000cd600000|100%| E|CS|TAMS 0x00000000cd500000, 0x00000000cd500000| Complete 
| 214|0x00000000cd600000, 0x00000000cd700000, 0x00000000cd700000|100%| E|CS|TAMS 0x00000000cd600000, 0x00000000cd600000| Complete 
| 215|0x00000000cd700000, 0x00000000cd800000, 0x00000000cd800000|100%| E|CS|TAMS 0x00000000cd700000, 0x00000000cd700000| Complete 
| 216|0x00000000cd800000, 0x00000000cd900000, 0x00000000cd900000|100%| E|CS|TAMS 0x00000000cd800000, 0x00000000cd800000| Complete 
| 217|0x00000000cd900000, 0x00000000cda00000, 0x00000000cda00000|100%| E|CS|TAMS 0x00000000cd900000, 0x00000000cd900000| Complete 
| 218|0x00000000cda00000, 0x00000000cdb00000, 0x00000000cdb00000|100%| E|CS|TAMS 0x00000000cda00000, 0x00000000cda00000| Complete 
| 219|0x00000000cdb00000, 0x00000000cdc00000, 0x00000000cdc00000|100%| E|CS|TAMS 0x00000000cdb00000, 0x00000000cdb00000| Complete 
| 220|0x00000000cdc00000, 0x00000000cdd00000, 0x00000000cdd00000|100%| E|CS|TAMS 0x00000000cdc00000, 0x00000000cdc00000| Complete 
| 221|0x00000000cdd00000, 0x00000000cde00000, 0x00000000cde00000|100%| E|CS|TAMS 0x00000000cdd00000, 0x00000000cdd00000| Complete 
| 222|0x00000000cde00000, 0x00000000cdf00000, 0x00000000cdf00000|100%| E|CS|TAMS 0x00000000cde00000, 0x00000000cde00000| Complete 
| 223|0x00000000cdf00000, 0x00000000ce000000, 0x00000000ce000000|100%| E|CS|TAMS 0x00000000cdf00000, 0x00000000cdf00000| Complete 
| 224|0x00000000ce000000, 0x00000000ce100000, 0x00000000ce100000|100%| E|CS|TAMS 0x00000000ce000000, 0x00000000ce000000| Complete 
| 225|0x00000000ce100000, 0x00000000ce200000, 0x00000000ce200000|100%| E|CS|TAMS 0x00000000ce100000, 0x00000000ce100000| Complete 
| 226|0x00000000ce200000, 0x00000000ce300000, 0x00000000ce300000|100%| E|CS|TAMS 0x00000000ce200000, 0x00000000ce200000| Complete 
| 227|0x00000000ce300000, 0x00000000ce400000, 0x00000000ce400000|100%| E|CS|TAMS 0x00000000ce300000, 0x00000000ce300000| Complete 
| 228|0x00000000ce400000, 0x00000000ce500000, 0x00000000ce500000|100%| E|  |TAMS 0x00000000ce400000, 0x00000000ce400000| Complete 
| 229|0x00000000ce500000, 0x00000000ce600000, 0x00000000ce600000|100%| E|CS|TAMS 0x00000000ce500000, 0x00000000ce500000| Complete 
| 230|0x00000000ce600000, 0x00000000ce700000, 0x00000000ce700000|100%| E|CS|TAMS 0x00000000ce600000, 0x00000000ce600000| Complete 
| 231|0x00000000ce700000, 0x00000000ce800000, 0x00000000ce800000|100%| E|CS|TAMS 0x00000000ce700000, 0x00000000ce700000| Complete 
| 232|0x00000000ce800000, 0x00000000ce900000, 0x00000000ce900000|100%| E|CS|TAMS 0x00000000ce800000, 0x00000000ce800000| Complete 
| 233|0x00000000ce900000, 0x00000000cea00000, 0x00000000cea00000|100%| E|CS|TAMS 0x00000000ce900000, 0x00000000ce900000| Complete 
| 234|0x00000000cea00000, 0x00000000ceb00000, 0x00000000ceb00000|100%| E|CS|TAMS 0x00000000cea00000, 0x00000000cea00000| Complete 
| 235|0x00000000ceb00000, 0x00000000cec00000, 0x00000000cec00000|100%| E|CS|TAMS 0x00000000ceb00000, 0x00000000ceb00000| Complete 
| 236|0x00000000cec00000, 0x00000000ced00000, 0x00000000ced00000|100%| E|CS|TAMS 0x00000000cec00000, 0x00000000cec00000| Complete 
| 237|0x00000000ced00000, 0x00000000cee00000, 0x00000000cee00000|100%| E|CS|TAMS 0x00000000ced00000, 0x00000000ced00000| Complete 
| 238|0x00000000cee00000, 0x00000000cef00000, 0x00000000cef00000|100%| E|CS|TAMS 0x00000000cee00000, 0x00000000cee00000| Complete 
| 239|0x00000000cef00000, 0x00000000cf000000, 0x00000000cf000000|100%| E|CS|TAMS 0x00000000cef00000, 0x00000000cef00000| Complete 
| 240|0x00000000cf000000, 0x00000000cf100000, 0x00000000cf100000|100%| E|CS|TAMS 0x00000000cf000000, 0x00000000cf000000| Complete 
| 241|0x00000000cf100000, 0x00000000cf200000, 0x00000000cf200000|100%| E|CS|TAMS 0x00000000cf100000, 0x00000000cf100000| Complete 
| 242|0x00000000cf200000, 0x00000000cf300000, 0x00000000cf300000|100%| E|CS|TAMS 0x00000000cf200000, 0x00000000cf200000| Complete 
| 243|0x00000000cf300000, 0x00000000cf400000, 0x00000000cf400000|100%| E|CS|TAMS 0x00000000cf300000, 0x00000000cf300000| Complete 
| 244|0x00000000cf400000, 0x00000000cf500000, 0x00000000cf500000|100%| E|CS|TAMS 0x00000000cf400000, 0x00000000cf400000| Complete 
| 245|0x00000000cf500000, 0x00000000cf600000, 0x00000000cf600000|100%| E|CS|TAMS 0x00000000cf500000, 0x00000000cf500000| Complete 
| 246|0x00000000cf600000, 0x00000000cf700000, 0x00000000cf700000|100%| E|CS|TAMS 0x00000000cf600000, 0x00000000cf600000| Complete 
| 247|0x00000000cf700000, 0x00000000cf800000, 0x00000000cf800000|100%| E|CS|TAMS 0x00000000cf700000, 0x00000000cf700000| Complete 
| 248|0x00000000cf800000, 0x00000000cf900000, 0x00000000cf900000|100%| E|CS|TAMS 0x00000000cf800000, 0x00000000cf800000| Complete 
| 249|0x00000000cf900000, 0x00000000cfa00000, 0x00000000cfa00000|100%| E|CS|TAMS 0x00000000cf900000, 0x00000000cf900000| Complete 

Card table byte_map: [0x000001bc286c0000,0x000001bc288c0000] _byte_map_base: 0x000001bc280c0000

Marking Bits (Prev, Next): (CMBitMap*) 0x000001bc16230970, (CMBitMap*) 0x000001bc162309b0
 Prev Bits: [0x000001bc28ac0000, 0x000001bc29ac0000)
 Next Bits: [0x000001bc29ac0000, 0x000001bc2aac0000)

Polling page: 0x000001bc14030000

Metaspace:

Usage:
  Non-class:    115.97 MB used.
      Class:     18.10 MB used.
       Both:    134.07 MB used.

Virtual space:
  Non-class space:      120.00 MB reserved,     116.44 MB ( 97%) committed,  15 nodes.
      Class space:        1.00 GB reserved,      18.62 MB (  2%) committed,  1 nodes.
             Both:        1.12 GB reserved,     135.06 MB ( 12%) committed. 

Chunk freelists:
   Non-Class:  3.02 MB
       Class:  1.49 MB
        Both:  4.50 MB

MaxMetaspaceSize: unlimited
CompressedClassSpaceSize: 1.00 GB
Initial GC threshold: 21.00 MB
Current GC threshold: 224.50 MB
CDS: off
MetaspaceReclaimPolicy: balanced
 - commit_granule_bytes: 65536.
 - commit_granule_words: 8192.
 - virtual_space_node_default_size: 1048576.
 - enlarge_chunks_in_place: 1.
 - new_chunks_are_fully_committed: 0.
 - uncommit_free_chunks: 1.
 - use_allocation_guard: 0.
 - handle_deallocations: 1.


Internal statistics:

num_allocs_failed_limit: 6.
num_arena_births: 2038.
num_arena_deaths: 386.
num_vsnodes_births: 16.
num_vsnodes_deaths: 0.
num_space_committed: 2160.
num_space_uncommitted: 0.
num_chunks_returned_to_freelist: 487.
num_chunks_taken_from_freelist: 7460.
num_chunk_merges: 188.
num_chunk_splits: 4724.
num_chunks_enlarged: 3004.
num_purges: 2.
num_inconsistent_stats: 0.

CodeHeap 'non-profiled nmethods': size=120064Kb used=11476Kb max_used=11476Kb free=108588Kb
 bounds [0x000001bc21180000, 0x000001bc21cc0000, 0x000001bc286c0000]
CodeHeap 'profiled nmethods': size=120000Kb used=33863Kb max_used=33863Kb free=86136Kb
 bounds [0x000001bc196c0000, 0x000001bc1b7e0000, 0x000001bc20bf0000]
CodeHeap 'non-nmethods': size=5696Kb used=2515Kb max_used=2570Kb free=3180Kb
 bounds [0x000001bc20bf0000, 0x000001bc20e80000, 0x000001bc21180000]
 total_blobs=18569 nmethods=17499 adapters=983
 compilation: enabled
              stopped_count=0, restarted_count=0
 full_count=0

Compilation events (20 events):
Event: 7834.395 Thread 0x000001bc2d80e480 20993       4       org.gradle.internal.logging.text.AbstractLineChoppingStyledTextOutput$SeenFromEol::none (13 bytes)
Event: 7834.396 Thread 0x000001bc2d812330 nmethod 20991 0x000001bc1b7cd210 code [0x000001bc1b7cd540, 0x000001bc1b7ce5d8]
Event: 7834.396 Thread 0x000001bc2d80e480 nmethod 20993 0x000001bc21cb3d90 code [0x000001bc21cb3f00, 0x000001bc21cb3f98]
Event: 7834.396 Thread 0x000001bc2d80e480 20994       4       org.gradle.internal.logging.text.AbstractLineChoppingStyledTextOutput::access$800 (4 bytes)
Event: 7834.396 Thread 0x000001bc2d812330 20995       3       org.gradle.internal.logging.text.AbstractLineChoppingStyledTextOutput::doAppend (43 bytes)
Event: 7834.396 Thread 0x000001bc2d80e480 nmethod 20994 0x000001bc21cb4090 code [0x000001bc21cb4200, 0x000001bc21cb4258]
Event: 7834.397 Thread 0x000001bc2d812330 nmethod 20995 0x000001bc1b7cec90 code [0x000001bc1b7cee80, 0x000001bc1b7cf328]
Event: 7834.397 Thread 0x000001bc2d812330 20996       3       org.gradle.internal.logging.text.AbstractLineChoppingStyledTextOutput$2::execute (77 bytes)
Event: 7834.397 Thread 0x000001bc2d812330 nmethod 20996 0x000001bc1b7cf510 code [0x000001bc1b7cf7a0, 0x000001bc1b7d0228]
Event: 7834.400 Thread 0x000001bc2d80e480 20997       4       com.esotericsoftware.kryo.io.Output::writeString_slow (238 bytes)
Event: 7834.401 Thread 0x000001bc2d812330 20998       3       org.gradle.internal.classpath.Instrumented::directoryContentObserved (11 bytes)
Event: 7834.401 Thread 0x000001bc2d812330 nmethod 20998 0x000001bc1b7d0690 code [0x000001bc1b7d0840, 0x000001bc1b7d0b88]
Event: 7834.402 Thread 0x000001bc2d812330 20999       3       org.gradle.internal.classpath.Instrumented$1::directoryContentObserved (1 bytes)
Event: 7834.402 Thread 0x000001bc2d812330 nmethod 20999 0x000001bc1b7d0d10 code [0x000001bc1b7d0ea0, 0x000001bc1b7d0fb8]
Event: 7834.411 Thread 0x000001bc2d80e480 nmethod 20997 0x000001bc21cb4390 code [0x000001bc21cb4540, 0x000001bc21cb4be8]
Event: 7834.411 Thread 0x000001bc2d80e480 21000   !   4       java.util.jar.Attributes::read (494 bytes)
Event: 7834.412 Thread 0x000001bc2d812330 21002   !   3       java.io.Writer::write (52 bytes)
Event: 7834.413 Thread 0x000001bc2d812330 nmethod 21002 0x000001bc1b7d1090 code [0x000001bc1b7d1240, 0x000001bc1b7d1668]
Event: 7834.413 Thread 0x000001bc2d812330 21003       3       org.apache.groovy.io.StringBuilderWriter::write (16 bytes)
Event: 7834.413 Thread 0x000001bc2d812330 nmethod 21003 0x000001bc1b7d1890 code [0x000001bc1b7d1a40, 0x000001bc1b7d1c28]

GC Heap History (20 events):
Event: 3036.125 GC heap before
{Heap before GC invocations=111 (full 0):
 garbage-first heap   total 256000K, used 217822K [0x00000000c0000000, 0x0000000100000000)
  region size 1024K, 33 young (33792K), 1 survivors (1024K)
 Metaspace       used 135272K, committed 136384K, reserved 1171456K
  class space    used 18389K, committed 18944K, reserved 1048576K
}
Event: 3036.131 GC heap after
{Heap after GC invocations=112 (full 0):
 garbage-first heap   total 256000K, used 184770K [0x00000000c0000000, 0x0000000100000000)
  region size 1024K, 1 young (1024K), 1 survivors (1024K)
 Metaspace       used 135272K, committed 136384K, reserved 1171456K
  class space    used 18389K, committed 18944K, reserved 1048576K
}
Event: 3387.569 GC heap before
{Heap before GC invocations=112 (full 0):
 garbage-first heap   total 256000K, used 218562K [0x00000000c0000000, 0x0000000100000000)
  region size 1024K, 35 young (35840K), 1 survivors (1024K)
 Metaspace       used 135294K, committed 136384K, reserved 1171456K
  class space    used 18390K, committed 18944K, reserved 1048576K
}
Event: 3387.586 GC heap after
{Heap after GC invocations=113 (full 0):
 garbage-first heap   total 256000K, used 187796K [0x00000000c0000000, 0x0000000100000000)
  region size 1024K, 4 young (4096K), 4 survivors (4096K)
 Metaspace       used 135294K, committed 136384K, reserved 1171456K
  class space    used 18390K, committed 18944K, reserved 1048576K
}
Event: 3390.357 GC heap before
{Heap before GC invocations=113 (full 0):
 garbage-first heap   total 256000K, used 219540K [0x00000000c0000000, 0x0000000100000000)
  region size 1024K, 35 young (35840K), 4 survivors (4096K)
 Metaspace       used 135475K, committed 136576K, reserved 1171456K
  class space    used 18394K, committed 18944K, reserved 1048576K
}
Event: 3390.384 GC heap after
{Heap after GC invocations=114 (full 0):
 garbage-first heap   total 256000K, used 192638K [0x00000000c0000000, 0x0000000100000000)
  region size 1024K, 5 young (5120K), 5 survivors (5120K)
 Metaspace       used 135475K, committed 136576K, reserved 1171456K
  class space    used 18394K, committed 18944K, reserved 1048576K
}
Event: 3392.151 GC heap before
{Heap before GC invocations=114 (full 0):
 garbage-first heap   total 256000K, used 218238K [0x00000000c0000000, 0x0000000100000000)
  region size 1024K, 31 young (31744K), 5 survivors (5120K)
 Metaspace       used 136748K, committed 137856K, reserved 1171456K
  class space    used 18542K, committed 19072K, reserved 1048576K
}
Event: 3392.172 GC heap after
{Heap after GC invocations=115 (full 0):
 garbage-first heap   total 256000K, used 194207K [0x00000000c0000000, 0x0000000100000000)
  region size 1024K, 2 young (2048K), 2 survivors (2048K)
 Metaspace       used 136748K, committed 137856K, reserved 1171456K
  class space    used 18542K, committed 19072K, reserved 1048576K
}
Event: 3398.946 GC heap before
{Heap before GC invocations=115 (full 0):
 garbage-first heap   total 256000K, used 220831K [0x00000000c0000000, 0x0000000100000000)
  region size 1024K, 28 young (28672K), 2 survivors (2048K)
 Metaspace       used 136768K, committed 137856K, reserved 1171456K
  class space    used 18543K, committed 19072K, reserved 1048576K
}
Event: 3398.969 GC heap after
{Heap after GC invocations=116 (full 0):
 garbage-first heap   total 256000K, used 198424K [0x00000000c0000000, 0x0000000100000000)
  region size 1024K, 4 young (4096K), 4 survivors (4096K)
 Metaspace       used 136768K, committed 137856K, reserved 1171456K
  class space    used 18543K, committed 19072K, reserved 1048576K
}
Event: 3399.359 GC heap before
{Heap before GC invocations=116 (full 0):
 garbage-first heap   total 256000K, used 219928K [0x00000000c0000000, 0x0000000100000000)
  region size 1024K, 26 young (26624K), 4 survivors (4096K)
 Metaspace       used 136794K, committed 137920K, reserved 1171456K
  class space    used 18543K, committed 19072K, reserved 1048576K
}
Event: 3399.375 GC heap after
{Heap after GC invocations=117 (full 0):
 garbage-first heap   total 256000K, used 198613K [0x00000000c0000000, 0x0000000100000000)
  region size 1024K, 2 young (2048K), 2 survivors (2048K)
 Metaspace       used 136794K, committed 137920K, reserved 1171456K
  class space    used 18543K, committed 19072K, reserved 1048576K
}
Event: 3663.749 GC heap before
{Heap before GC invocations=117 (full 0):
 garbage-first heap   total 256000K, used 233429K [0x00000000c0000000, 0x0000000100000000)
  region size 1024K, 24 young (24576K), 2 survivors (2048K)
 Metaspace       used 136853K, committed 137920K, reserved 1171456K
  class space    used 18545K, committed 19072K, reserved 1048576K
}
Event: 3664.023 GC heap after
{Heap after GC invocations=118 (full 1):
 garbage-first heap   total 256000K, used 97373K [0x00000000c0000000, 0x0000000100000000)
  region size 1024K, 0 young (0K), 0 survivors (0K)
 Metaspace       used 136349K, committed 137920K, reserved 1171456K
  class space    used 18439K, committed 19072K, reserved 1048576K
}
Event: 7264.209 GC heap before
{Heap before GC invocations=118 (full 1):
 garbage-first heap   total 256000K, used 160861K [0x00000000c0000000, 0x0000000100000000)
  region size 1024K, 63 young (64512K), 0 survivors (0K)
 Metaspace       used 136388K, committed 137920K, reserved 1171456K
  class space    used 18447K, committed 19072K, reserved 1048576K
}
Event: 7264.397 GC heap after
{Heap after GC invocations=119 (full 2):
 garbage-first heap   total 256000K, used 96682K [0x00000000c0000000, 0x0000000100000000)
  region size 1024K, 0 young (0K), 0 survivors (0K)
 Metaspace       used 136388K, committed 137920K, reserved 1171456K
  class space    used 18447K, committed 19072K, reserved 1048576K
}
Event: 7770.967 GC heap before
{Heap before GC invocations=119 (full 2):
 garbage-first heap   total 256000K, used 194986K [0x00000000c0000000, 0x0000000100000000)
  region size 1024K, 95 young (97280K), 0 survivors (0K)
 Metaspace       used 136569K, committed 137984K, reserved 1171456K
  class space    used 18458K, committed 19072K, reserved 1048576K
}
Event: 7771.076 GC heap after
{Heap after GC invocations=120 (full 2):
 garbage-first heap   total 256000K, used 122278K [0x00000000c0000000, 0x0000000100000000)
  region size 1024K, 12 young (12288K), 12 survivors (12288K)
 Metaspace       used 136569K, committed 137984K, reserved 1171456K
  class space    used 18458K, committed 19072K, reserved 1048576K
}
Event: 7778.668 GC heap before
{Heap before GC invocations=120 (full 2):
 garbage-first heap   total 256000K, used 204198K [0x00000000c0000000, 0x0000000100000000)
  region size 1024K, 76 young (77824K), 12 survivors (12288K)
 Metaspace       used 136860K, committed 138048K, reserved 1171456K
  class space    used 18484K, committed 19072K, reserved 1048576K
}
Event: 7778.734 GC heap after
{Heap after GC invocations=121 (full 2):
 garbage-first heap   total 256000K, used 131498K [0x00000000c0000000, 0x0000000100000000)
  region size 1024K, 9 young (9216K), 9 survivors (9216K)
 Metaspace       used 136860K, committed 138048K, reserved 1171456K
  class space    used 18484K, committed 19072K, reserved 1048576K
}

Dll operation events (3 events):
Event: 0.018 Loaded shared library C:\Program Files\Android\Android Studio\jbr\bin\java.dll
Event: 1.008 Loaded shared library C:\Program Files\Android\Android Studio\jbr\bin\zip.dll
Event: 3.067 Loaded shared library C:\Program Files\Android\Android Studio\jbr\bin\verify.dll

Deoptimization events (20 events):
Event: 7834.394 Thread 0x000001bc35108e10 DEOPT PACKING pc=0x000001bc216326e4 sp=0x00000098352fdac0
Event: 7834.394 Thread 0x000001bc35108e10 DEOPT UNPACKING pc=0x000001bc20c469a3 sp=0x00000098352fd958 mode 2
Event: 7834.394 Thread 0x000001bc35108e10 Uncommon trap: trap_request=0xffffff45 fr.pc=0x000001bc21633648 relative=0x0000000000000568
Event: 7834.394 Thread 0x000001bc35108e10 Uncommon trap: reason=unstable_if action=reinterpret pc=0x000001bc21633648 method=org.gradle.internal.logging.text.AbstractLineChoppingStyledTextOutput$2.execute(Lorg/gradle/internal/logging/text/AbstractLineChoppingStyledTextOutput$StateContext;)V @ 34 c
Event: 7834.394 Thread 0x000001bc35108e10 DEOPT PACKING pc=0x000001bc21633648 sp=0x00000098352fda50
Event: 7834.394 Thread 0x000001bc35108e10 DEOPT UNPACKING pc=0x000001bc20c469a3 sp=0x00000098352fd950 mode 2
Event: 7834.396 Thread 0x000001bc35108e10 Uncommon trap: trap_request=0xffffff45 fr.pc=0x000001bc218f694c relative=0x0000000000000aac
Event: 7834.396 Thread 0x000001bc35108e10 Uncommon trap: reason=unstable_if action=reinterpret pc=0x000001bc218f694c method=org.gradle.internal.logging.text.AbstractLineChoppingStyledTextOutput$2.execute(Lorg/gradle/internal/logging/text/AbstractLineChoppingStyledTextOutput$StateContext;)V @ 34 c
Event: 7834.396 Thread 0x000001bc35108e10 DEOPT PACKING pc=0x000001bc218f694c sp=0x00000098352fdb30
Event: 7834.396 Thread 0x000001bc35108e10 DEOPT UNPACKING pc=0x000001bc20c469a3 sp=0x00000098352fd968 mode 2
Event: 7834.398 Thread 0x000001bc35108e10 Uncommon trap: trap_request=0xffffffde fr.pc=0x000001bc21a2bc9c relative=0x000000000000025c
Event: 7834.398 Thread 0x000001bc35108e10 Uncommon trap: reason=class_check action=maybe_recompile pc=0x000001bc21a2bc9c method=org.gradle.tooling.internal.provider.runner.ClientBuildEventGenerator.progress(Lorg/gradle/internal/operations/OperationIdentifier;Lorg/gradle/internal/operations/Operat
Event: 7834.398 Thread 0x000001bc35108e10 DEOPT PACKING pc=0x000001bc21a2bc9c sp=0x00000098352fdc20
Event: 7834.398 Thread 0x000001bc35108e10 DEOPT UNPACKING pc=0x000001bc20c469a3 sp=0x00000098352fdbc0 mode 2
Event: 7834.398 Thread 0x000001bc35108e10 Uncommon trap: trap_request=0xffffffde fr.pc=0x000001bc21a2bc9c relative=0x000000000000025c
Event: 7834.398 Thread 0x000001bc35108e10 Uncommon trap: reason=class_check action=maybe_recompile pc=0x000001bc21a2bc9c method=org.gradle.tooling.internal.provider.runner.ClientBuildEventGenerator.progress(Lorg/gradle/internal/operations/OperationIdentifier;Lorg/gradle/internal/operations/Operat
Event: 7834.398 Thread 0x000001bc35108e10 DEOPT PACKING pc=0x000001bc21a2bc9c sp=0x00000098352fdc20
Event: 7834.398 Thread 0x000001bc35108e10 DEOPT UNPACKING pc=0x000001bc20c469a3 sp=0x00000098352fdbc0 mode 2
Event: 7834.471 Thread 0x000001bc37f6d8e0 DEOPT PACKING pc=0x000001bc1aa5ecfa sp=0x00000098337fea90
Event: 7834.471 Thread 0x000001bc37f6d8e0 DEOPT UNPACKING pc=0x000001bc20c47143 sp=0x00000098337fdf50 mode 0

Classes unloaded (20 events):
Event: 3663.841 Thread 0x000001bc2cd21140 Unloading class 0x0000000100297400 'java/lang/invoke/LambdaForm$MH+0x0000000100297400'
Event: 3663.841 Thread 0x000001bc2cd21140 Unloading class 0x0000000100297000 'java/lang/invoke/LambdaForm$MH+0x0000000100297000'
Event: 3663.841 Thread 0x000001bc2cd21140 Unloading class 0x0000000100296c00 'java/lang/invoke/LambdaForm$MH+0x0000000100296c00'
Event: 3663.841 Thread 0x000001bc2cd21140 Unloading class 0x0000000100296800 'java/lang/invoke/LambdaForm$MH+0x0000000100296800'
Event: 3663.841 Thread 0x000001bc2cd21140 Unloading class 0x0000000100296400 'java/lang/invoke/LambdaForm$MH+0x0000000100296400'
Event: 3663.841 Thread 0x000001bc2cd21140 Unloading class 0x0000000100296000 'java/lang/invoke/LambdaForm$MH+0x0000000100296000'
Event: 3663.841 Thread 0x000001bc2cd21140 Unloading class 0x0000000100295c00 'java/lang/invoke/LambdaForm$MH+0x0000000100295c00'
Event: 3663.841 Thread 0x000001bc2cd21140 Unloading class 0x0000000100295800 'java/lang/invoke/LambdaForm$MH+0x0000000100295800'
Event: 3663.841 Thread 0x000001bc2cd21140 Unloading class 0x0000000100294800 'java/lang/invoke/LambdaForm$MH+0x0000000100294800'
Event: 3663.841 Thread 0x000001bc2cd21140 Unloading class 0x0000000100294400 'java/lang/invoke/LambdaForm$BMH+0x0000000100294400'
Event: 3663.841 Thread 0x000001bc2cd21140 Unloading class 0x0000000100202400 'java/lang/invoke/LambdaForm$DMH+0x0000000100202400'
Event: 3663.841 Thread 0x000001bc2cd21140 Unloading class 0x0000000100201c00 'java/lang/invoke/LambdaForm$DMH+0x0000000100201c00'
Event: 3663.841 Thread 0x000001bc2cd21140 Unloading class 0x0000000100201800 'java/lang/invoke/LambdaForm$MH+0x0000000100201800'
Event: 3663.841 Thread 0x000001bc2cd21140 Unloading class 0x0000000100201400 'java/lang/invoke/LambdaForm$MH+0x0000000100201400'
Event: 3663.841 Thread 0x000001bc2cd21140 Unloading class 0x0000000100201000 'java/lang/invoke/LambdaForm$MH+0x0000000100201000'
Event: 3663.841 Thread 0x000001bc2cd21140 Unloading class 0x0000000100200c00 'java/lang/invoke/LambdaForm$MH+0x0000000100200c00'
Event: 3663.841 Thread 0x000001bc2cd21140 Unloading class 0x0000000100200800 'java/lang/invoke/LambdaForm$MH+0x0000000100200800'
Event: 3663.841 Thread 0x000001bc2cd21140 Unloading class 0x00000001000eac00 'java/lang/invoke/LambdaForm$MH+0x00000001000eac00'
Event: 3663.841 Thread 0x000001bc2cd21140 Unloading class 0x00000001000ea800 'java/lang/invoke/LambdaForm$MH+0x00000001000ea800'
Event: 3663.841 Thread 0x000001bc2cd21140 Unloading class 0x00000001000e8400 'java/lang/invoke/LambdaForm$MH+0x00000001000e8400'

Classes redefined (0 events):
No events

Internal exceptions (20 events):
Event: 7781.549 Thread 0x000001bc35107fa0 Exception <a 'java/lang/NoSuchMethodError'{0x00000000ccd02a58}: static Lorg/jetbrains/kotlin/incremental/ChangedFiles$Known;.<clinit>()V> (0x00000000ccd02a58) 
thrown [s\src\hotspot\share\prims\jni.cpp, line 1108]
Event: 7781.552 Thread 0x000001bc35107fa0 Exception <a 'java/lang/NoSuchMethodError'{0x00000000ccd217e0}: static Lorg/jetbrains/kotlin/incremental/ClasspathChanges;.<clinit>()V> (0x00000000ccd217e0) 
thrown [s\src\hotspot\share\prims\jni.cpp, line 1108]
Event: 7781.552 Thread 0x000001bc35107fa0 Exception <a 'java/lang/NoSuchMethodError'{0x00000000ccd22fe8}: static Lorg/jetbrains/kotlin/incremental/ClasspathChanges;.<clinit>()V> (0x00000000ccd22fe8) 
thrown [s\src\hotspot\share\prims\jni.cpp, line 1108]
Event: 7781.559 Thread 0x000001bc35107fa0 Exception <a 'java/lang/NoSuchMethodError'{0x00000000ccd639f0}: static Lorg/jetbrains/kotlin/build/report/metrics/BuildMetricsReporterImpl;.<clinit>()V> (0x00000000ccd639f0) 
thrown [s\src\hotspot\share\prims\jni.cpp, line 1108]
Event: 7783.331 Thread 0x000001bc35108e10 Implicit null exception at 0x000001bc214fafda to 0x000001bc214fb398
Event: 7783.432 Thread 0x000001bc35108e10 Exception <a 'java/lang/NoSuchMethodError'{0x00000000ccc4fba8}: static Lorg/jetbrains/kotlin/daemon/common/LoopbackNetworkInterface$AbstractClientLoopbackSocketFactory;.<clinit>()V> (0x00000000ccc4fba8) 
thrown [s\src\hotspot\share\prims\jni.cpp, line 1108]
Event: 7783.433 Thread 0x000001bc35108e10 Exception <a 'java/lang/NoSuchMethodError'{0x00000000ccc5b7b0}: static Lorg/jetbrains/kotlin/daemon/common/LoopbackNetworkInterface$ClientLoopbackSocketFactory;.<clinit>()V> (0x00000000ccc5b7b0) 
thrown [s\src\hotspot\share\prims\jni.cpp, line 1108]
Event: 7783.455 Thread 0x000001bc35108940 Exception <a 'java/lang/InterruptedException'{0x00000000ccc6fc88}> (0x00000000ccc6fc88) 
thrown [s\src\hotspot\share\runtime\objectMonitor.cpp, line 1648]
Event: 7783.476 Thread 0x000001bc35108e10 Exception <a 'java/lang/NoSuchMethodError'{0x00000000ccc81c98}: static Lorg/jetbrains/kotlin/daemon/common/CompileService$CallResult;.<clinit>()V> (0x00000000ccc81c98) 
thrown [s\src\hotspot\share\prims\jni.cpp, line 1108]
Event: 7783.478 Thread 0x000001bc35108e10 Exception <a 'java/lang/NoSuchMethodError'{0x00000000ccc8d998}: static Lorg/jetbrains/kotlin/daemon/common/CompileService$CallResult$Good;.<clinit>()V> (0x00000000ccc8d998) 
thrown [s\src\hotspot\share\prims\jni.cpp, line 1108]
Event: 7783.479 Thread 0x000001bc35108e10 Exception <a 'java/lang/NoSuchMethodError'{0x00000000ccc9ad50}: static Lorg/jetbrains/kotlin/daemon/common/DaemonJVMOptions;.<clinit>()V> (0x00000000ccc9ad50) 
thrown [s\src\hotspot\share\prims\jni.cpp, line 1108]
Event: 7783.509 Thread 0x000001bc35108e10 Exception <a 'java/lang/NoSuchMethodError'{0x00000000cccad838}: static Lorg/jetbrains/kotlin/daemon/common/CompileService$CallResult$Ok;.<clinit>()V> (0x00000000cccad838) 
thrown [s\src\hotspot\share\prims\jni.cpp, line 1108]
Event: 7783.524 Thread 0x000001bc35108e10 Exception <a 'java/lang/NoSuchMethodError'{0x00000000ccb53020}: static [Ljava/lang/Integer;.<clinit>()V> (0x00000000ccb53020) 
thrown [s\src\hotspot\share\prims\jni.cpp, line 1108]
Event: 7834.350 Thread 0x000001bc35108e10 Exception <a 'sun/net/ConnectionResetException'{0x00000000cc941f28}: Connection reset> (0x00000000cc941f28) 
thrown [s\src\hotspot\share\prims\jni.cpp, line 536]
Event: 7834.352 Thread 0x000001bc35108e10 Exception <a 'java/net/ConnectException'{0x00000000cc944b40}: Connection refused: connect> (0x00000000cc944b40) 
thrown [s\src\hotspot\share\prims\jni.cpp, line 536]
Event: 7834.352 Thread 0x000001bc35108e10 Exception <a 'java/net/SocketException'{0x00000000cc945120}: Socket is not connected: shutdown> (0x00000000cc945120) 
thrown [s\src\hotspot\share\prims\jni.cpp, line 536]
Event: 7834.363 Thread 0x000001bc35108e10 Exception <a 'java/net/ConnectException'{0x00000000cc945bf8}: Connection refused: connect> (0x00000000cc945bf8) 
thrown [s\src\hotspot\share\prims\jni.cpp, line 536]
Event: 7834.363 Thread 0x000001bc35108e10 Exception <a 'java/net/SocketException'{0x00000000cc9461d8}: Socket is not connected: shutdown> (0x00000000cc9461d8) 
thrown [s\src\hotspot\share\prims\jni.cpp, line 536]
Event: 7834.377 Thread 0x000001bc35108e10 Exception <a 'java/net/ConnectException'{0x00000000cc946cb0}: Connection refused: connect> (0x00000000cc946cb0) 
thrown [s\src\hotspot\share\prims\jni.cpp, line 536]
Event: 7834.377 Thread 0x000001bc35108e10 Exception <a 'java/net/SocketException'{0x00000000cc947290}: Socket is not connected: shutdown> (0x00000000cc947290) 
thrown [s\src\hotspot\share\prims\jni.cpp, line 536]

VM Operations (20 events):
Event: 7771.079 Executing VM operation: G1CollectForAllocation done
Event: 7772.089 Executing VM operation: Cleanup
Event: 7772.089 Executing VM operation: Cleanup done
Event: 7773.090 Executing VM operation: Cleanup
Event: 7773.112 Executing VM operation: Cleanup done
Event: 7774.123 Executing VM operation: Cleanup
Event: 7774.123 Executing VM operation: Cleanup done
Event: 7775.138 Executing VM operation: Cleanup
Event: 7775.138 Executing VM operation: Cleanup done
Event: 7778.668 Executing VM operation: G1CollectForAllocation
Event: 7778.734 Executing VM operation: G1CollectForAllocation done
Event: 7779.749 Executing VM operation: Cleanup
Event: 7779.749 Executing VM operation: Cleanup done
Event: 7780.761 Executing VM operation: Cleanup
Event: 7780.882 Executing VM operation: Cleanup done
Event: 7781.893 Executing VM operation: Cleanup
Event: 7781.893 Executing VM operation: Cleanup done
Event: 7783.899 Executing VM operation: Cleanup
Event: 7784.421 Executing VM operation: Cleanup done
Event: 7834.480 Executing VM operation: Cleanup

Events (20 events):
Event: 7834.380 loading class java/lang/Throwable$PrintStreamOrWriter
Event: 7834.380 loading class java/lang/Throwable$PrintStreamOrWriter done
Event: 7834.380 loading class java/lang/Throwable$WrappedPrintWriter done
Event: 7834.407 loading class java/time/temporal/TemporalQueries
Event: 7834.408 loading class java/time/temporal/TemporalQueries done
Event: 7834.408 loading class java/time/temporal/TemporalQueries$1
Event: 7834.408 loading class java/time/temporal/TemporalQueries$1 done
Event: 7834.408 loading class java/time/temporal/TemporalQueries$2
Event: 7834.408 loading class java/time/temporal/TemporalQueries$2 done
Event: 7834.408 loading class java/time/temporal/TemporalQueries$3
Event: 7834.408 loading class java/time/temporal/TemporalQueries$3 done
Event: 7834.408 loading class java/time/temporal/TemporalQueries$4
Event: 7834.408 loading class java/time/temporal/TemporalQueries$4 done
Event: 7834.408 loading class java/time/temporal/TemporalQueries$5
Event: 7834.408 loading class java/time/temporal/TemporalQueries$5 done
Event: 7834.408 loading class java/time/temporal/TemporalQueries$6
Event: 7834.408 loading class java/time/temporal/TemporalQueries$6 done
Event: 7834.408 loading class java/time/temporal/TemporalQueries$7
Event: 7834.408 loading class java/time/temporal/TemporalQueries$7 done
Event: 7834.462 Thread 0x000001bc37fcbc80 Thread added: 0x000001bc37fcbc80


Dynamic libraries:
0x00007ff63c680000 - 0x00007ff63c68a000 	C:\Program Files\Android\Android Studio\jbr\bin\java.exe
0x00007ffdd7a70000 - 0x00007ffdd7c68000 	C:\Windows\SYSTEM32\ntdll.dll
0x00007ffdd6b80000 - 0x00007ffdd6c42000 	C:\Windows\System32\KERNEL32.DLL
0x00007ffdd5150000 - 0x00007ffdd544f000 	C:\Windows\System32\KERNELBASE.dll
0x00007ffdd5790000 - 0x00007ffdd5890000 	C:\Windows\System32\ucrtbase.dll
0x00007ffdafb10000 - 0x00007ffdafb27000 	C:\Program Files\Android\Android Studio\jbr\bin\jli.dll
0x00007ffdd5fe0000 - 0x00007ffdd617d000 	C:\Windows\System32\USER32.dll
0x00007ffdd5900000 - 0x00007ffdd5922000 	C:\Windows\System32\win32u.dll
0x00007ffdd70a0000 - 0x00007ffdd70cb000 	C:\Windows\System32\GDI32.dll
0x00007ffdd5450000 - 0x00007ffdd5567000 	C:\Windows\System32\gdi32full.dll
0x00007ffdd5930000 - 0x00007ffdd59cd000 	C:\Windows\System32\msvcp_win.dll
0x00007ffdbda90000 - 0x00007ffdbdd2a000 	C:\Windows\WinSxS\amd64_microsoft.windows.common-controls_6595b64144ccf1df_6.0.19041.4355_none_60b8b9eb71f62e16\COMCTL32.dll
0x00007ffdd2fc0000 - 0x00007ffdd2fdb000 	C:\Program Files\Android\Android Studio\jbr\bin\VCRUNTIME140.dll
0x00007ffdd7000000 - 0x00007ffdd709e000 	C:\Windows\System32\msvcrt.dll
0x00007ffdd7a00000 - 0x00007ffdd7a2f000 	C:\Windows\System32\IMM32.DLL
0x00007ffdd3890000 - 0x00007ffdd389c000 	C:\Program Files\Android\Android Studio\jbr\bin\vcruntime140_1.dll
0x00007ffdcf7d0000 - 0x00007ffdcf85d000 	C:\Program Files\Android\Android Studio\jbr\bin\msvcp140.dll
0x00007ffd871c0000 - 0x00007ffd87e2e000 	C:\Program Files\Android\Android Studio\jbr\bin\server\jvm.dll
0x00007ffdd70e0000 - 0x00007ffdd7191000 	C:\Windows\System32\ADVAPI32.dll
0x00007ffdd5bb0000 - 0x00007ffdd5c4f000 	C:\Windows\System32\sechost.dll
0x00007ffdd6180000 - 0x00007ffdd62a3000 	C:\Windows\System32\RPCRT4.dll
0x00007ffdd5570000 - 0x00007ffdd5597000 	C:\Windows\System32\bcrypt.dll
0x00007ffdcf3b0000 - 0x00007ffdcf3b9000 	C:\Windows\SYSTEM32\WSOCK32.dll
0x00007ffdd63c0000 - 0x00007ffdd642b000 	C:\Windows\System32\WS2_32.dll
0x00007ffdca300000 - 0x00007ffdca327000 	C:\Windows\SYSTEM32\WINMM.dll
0x00007ffdd3810000 - 0x00007ffdd381a000 	C:\Windows\SYSTEM32\VERSION.dll
0x00007ffdd3920000 - 0x00007ffdd3932000 	C:\Windows\SYSTEM32\kernel.appcore.dll
0x00007ffdcba70000 - 0x00007ffdcba7a000 	C:\Program Files\Android\Android Studio\jbr\bin\jimage.dll
0x00007ffdb7c80000 - 0x00007ffdb7e64000 	C:\Windows\SYSTEM32\DBGHELP.DLL
0x00007ffdb7be0000 - 0x00007ffdb7c14000 	C:\Windows\SYSTEM32\dbgcore.DLL
0x00007ffdd5700000 - 0x00007ffdd5782000 	C:\Windows\System32\bcryptPrimitives.dll
0x00007ffdb6af0000 - 0x00007ffdb6afe000 	C:\Program Files\Android\Android Studio\jbr\bin\instrument.dll
0x00007ffdb64a0000 - 0x00007ffdb64c5000 	C:\Program Files\Android\Android Studio\jbr\bin\java.dll
0x00007ffdb6480000 - 0x00007ffdb6498000 	C:\Program Files\Android\Android Studio\jbr\bin\zip.dll
0x00007ffdd7290000 - 0x00007ffdd79fe000 	C:\Windows\System32\SHELL32.dll
0x00007ffdd3060000 - 0x00007ffdd3804000 	C:\Windows\SYSTEM32\windows.storage.dll
0x00007ffdd5c80000 - 0x00007ffdd5fd5000 	C:\Windows\System32\combase.dll
0x00007ffdd4a60000 - 0x00007ffdd4a8f000 	C:\Windows\SYSTEM32\Wldp.dll
0x00007ffdd6ed0000 - 0x00007ffdd6f9d000 	C:\Windows\System32\OLEAUT32.dll
0x00007ffdd6ad0000 - 0x00007ffdd6b7d000 	C:\Windows\System32\SHCORE.dll
0x00007ffdd71a0000 - 0x00007ffdd71f5000 	C:\Windows\System32\shlwapi.dll
0x00007ffdd5030000 - 0x00007ffdd5054000 	C:\Windows\SYSTEM32\profapi.dll
0x00007ffdb3080000 - 0x00007ffdb3099000 	C:\Program Files\Android\Android Studio\jbr\bin\net.dll
0x00007ffdca7d0000 - 0x00007ffdca8dd000 	C:\Windows\SYSTEM32\WINHTTP.dll
0x00007ffdd47c0000 - 0x00007ffdd482a000 	C:\Windows\system32\mswsock.dll
0x00007ffdb0a60000 - 0x00007ffdb0a76000 	C:\Program Files\Android\Android Studio\jbr\bin\nio.dll
0x00007ffdb7c40000 - 0x00007ffdb7c50000 	C:\Program Files\Android\Android Studio\jbr\bin\verify.dll
0x00007ffdd2fe0000 - 0x00007ffdd3007000 	C:\Users\LENOVO\.gradle\native\68d5fa5c4cc2d200863cafc0d521ce42e7d3e7ee720ec0a83991735586a16f82\windows-amd64\native-platform.dll
0x00007ffdc98b0000 - 0x00007ffdc99f4000 	C:\Users\LENOVO\.gradle\native\e376f236ea51e6404a007f0833ffe2c6e607c4080706a723a18a27aeea778392\windows-amd64\native-platform-file-events.dll
0x00007ffdb7130000 - 0x00007ffdb7139000 	C:\Program Files\Android\Android Studio\jbr\bin\management.dll
0x00007ffdb7100000 - 0x00007ffdb710b000 	C:\Program Files\Android\Android Studio\jbr\bin\management_ext.dll
0x00007ffdd5c70000 - 0x00007ffdd5c78000 	C:\Windows\System32\PSAPI.DLL
0x00007ffdd49c0000 - 0x00007ffdd49d8000 	C:\Windows\SYSTEM32\CRYPTSP.dll
0x00007ffdd40e0000 - 0x00007ffdd4114000 	C:\Windows\system32\rsaenh.dll
0x00007ffdd4ff0000 - 0x00007ffdd501e000 	C:\Windows\SYSTEM32\USERENV.dll
0x00007ffdd49b0000 - 0x00007ffdd49bc000 	C:\Windows\SYSTEM32\CRYPTBASE.dll
0x00007ffdd44a0000 - 0x00007ffdd44db000 	C:\Windows\SYSTEM32\IPHLPAPI.DLL
0x00007ffdd70d0000 - 0x00007ffdd70d8000 	C:\Windows\System32\NSI.dll
0x00007ffdc9f90000 - 0x00007ffdc9fa7000 	C:\Windows\SYSTEM32\dhcpcsvc6.DLL
0x00007ffdcae50000 - 0x00007ffdcae6d000 	C:\Windows\SYSTEM32\dhcpcsvc.DLL
0x00007ffdd44e0000 - 0x00007ffdd45aa000 	C:\Windows\SYSTEM32\DNSAPI.dll
0x00007ffdb83f0000 - 0x00007ffdb83f7000 	C:\Windows\system32\wshunix.dll
0x00007ffdc9c10000 - 0x00007ffdc9c1a000 	C:\Windows\System32\rasadhlp.dll
0x00007ffdc89b0000 - 0x00007ffdc8a30000 	C:\Windows\System32\fwpuclnt.dll
0x00007ffdcb7d0000 - 0x00007ffdcb7e7000 	C:\Windows\system32\napinsp.dll
0x00007ffdc8320000 - 0x00007ffdc833b000 	C:\Windows\system32\pnrpnsp.dll
0x00007ffdcfca0000 - 0x00007ffdcfcb5000 	C:\Windows\system32\wshbth.dll
0x00007ffdcfc80000 - 0x00007ffdcfc9d000 	C:\Windows\system32\NLAapi.dll
0x00007ffdc76b0000 - 0x00007ffdc76c2000 	C:\Windows\System32\winrnr.dll
0x00007ffdd4330000 - 0x00007ffdd4363000 	C:\Windows\SYSTEM32\ntmarta.dll
0x00007ffdd01d0000 - 0x00007ffdd01ee000 	C:\Users\LENOVO\AppData\Local\Temp\native-platform4648119605310351464dir\native-platform.dll
0x00007ffdd3820000 - 0x00007ffdd3827000 	C:\Program Files\Android\Android Studio\jbr\bin\rmi.dll

dbghelp: loaded successfully - version: 4.0.5 - missing functions: none
symbol engine: initialized successfully - sym options: 0x614 - pdb path: .;C:\Program Files\Android\Android Studio\jbr\bin;C:\Windows\SYSTEM32;C:\Windows\WinSxS\amd64_microsoft.windows.common-controls_6595b64144ccf1df_6.0.19041.4355_none_60b8b9eb71f62e16;C:\Program Files\Android\Android Studio\jbr\bin\server;C:\Users\LENOVO\.gradle\native\68d5fa5c4cc2d200863cafc0d521ce42e7d3e7ee720ec0a83991735586a16f82\windows-amd64;C:\Users\LENOVO\.gradle\native\e376f236ea51e6404a007f0833ffe2c6e607c4080706a723a18a27aeea778392\windows-amd64;C:\Users\LENOVO\AppData\Local\Temp\native-platform4648119605310351464dir

VM Arguments:
jvm_args: -XX:MaxPermSize=512m -XX:+HeapDumpOnOutOfMemoryError --add-opens=java.base/java.util=ALL-UNNAMED --add-opens=java.base/java.lang=ALL-UNNAMED --add-opens=java.base/java.lang.invoke=ALL-UNNAMED --add-opens=java.prefs/java.util.prefs=ALL-UNNAMED --add-opens=java.base/java.nio.charset=ALL-UNNAMED --add-opens=java.base/java.net=ALL-UNNAMED --add-opens=java.base/java.util.concurrent.atomic=ALL-UNNAMED -Xmx1024m -Dfile.encoding=UTF-8 -Duser.country=ID -Duser.language=en -Duser.variant -javaagent:C:\Users\LENOVO\.gradle\wrapper\dists\gradle-8.3-bin\dxjbbhstwasg8cbags9q7cvli\gradle-8.3\lib\agents\gradle-instrumentation-agent-8.3.jar 
java_command: org.gradle.launcher.daemon.bootstrap.GradleDaemon 8.3
java_class_path (initial): C:\Users\LENOVO\.gradle\wrapper\dists\gradle-8.3-bin\dxjbbhstwasg8cbags9q7cvli\gradle-8.3\lib\gradle-launcher-8.3.jar
Launcher Type: SUN_STANDARD

[Global flags]
     intx CICompilerCount                          = 2                                         {product} {ergonomic}
     uint ConcGCThreads                            = 1                                         {product} {ergonomic}
     uint G1ConcRefinementThreads                  = 2                                         {product} {ergonomic}
   size_t G1HeapRegionSize                         = 1048576                                   {product} {ergonomic}
    uintx GCDrainStackTargetSize                   = 64                                        {product} {ergonomic}
     bool HeapDumpOnOutOfMemoryError               = true                                   {manageable} {command line}
   size_t InitialHeapSize                          = 192937984                                 {product} {ergonomic}
   size_t MarkStackSize                            = 4194304                                   {product} {ergonomic}
   size_t MaxHeapSize                              = 1073741824                                {product} {command line}
   size_t MaxNewSize                               = 643825664                                 {product} {ergonomic}
   size_t MinHeapDeltaBytes                        = 1048576                                   {product} {ergonomic}
   size_t MinHeapSize                              = 8388608                                   {product} {ergonomic}
    uintx NonNMethodCodeHeapSize                   = 5826188                                {pd product} {ergonomic}
    uintx NonProfiledCodeHeapSize                  = 122916026                              {pd product} {ergonomic}
    uintx ProfiledCodeHeapSize                     = 122916026                              {pd product} {ergonomic}
    uintx ReservedCodeCacheSize                    = 251658240                              {pd product} {ergonomic}
     bool SegmentedCodeCache                       = true                                      {product} {ergonomic}
   size_t SoftMaxHeapSize                          = 1073741824                             {manageable} {ergonomic}
     bool UseCompressedClassPointers               = true                           {product lp64_product} {ergonomic}
     bool UseCompressedOops                        = true                           {product lp64_product} {ergonomic}
     bool UseG1GC                                  = true                                      {product} {ergonomic}
     bool UseLargePagesIndividualAllocation        = false                                  {pd product} {ergonomic}

Logging:
Log output configuration:
 #0: stdout all=warning uptime,level,tags
 #1: stderr all=off uptime,level,tags

Environment Variables:
JAVA_HOME=C:\Program Files\Java\jdk1.8.0_202
PATH=C:\Program Files\Java\jdk1.8.0_202\bin;C:\Program Files (x86)\Common Files\Oracle\Java\javapath;C:\Windows\system32;C:\Windows;C:\Windows\System32\Wbem;C:\Windows\System32\WindowsPowerShell\v1.0\;C:\Windows\System32\OpenSSH\;C:\Program Files (x86)\Rational\common;C:\Program Files\IBM\SPSS\Statistics\25\JRE\bin;C:\laragon\bin\php\php;C:\composer;C:\Program Files\Git\cmd;C:\Program Files\kotlinc\bin;C:\Users\LENOVO\AppData\Local\Microsoft\WindowsApps;C:\Users\LENOVO\AppData\Local\Programs\Microsoft VS Code\bin;C:\Program Files\JetBrains\IntelliJ IDEA 2023.2\bin;C:\Program Files\kotlinc;;C:\Users\LENOVO\AppData\Local\JetBrains\IntelliJ IDEA Community Edition 2023.2.1\bin;;C:\Users\LENOVO\AppData\Roaming\Composer\vendor\bin;C:\Program Files\kotlinc;
USERNAME=DZAKY
OS=Windows_NT
PROCESSOR_IDENTIFIER=AMD64 Family 21 Model 112 Stepping 0, AuthenticAMD
TMP=C:\Users\LENOVO\AppData\Local\Temp
TEMP=C:\Users\LENOVO\AppData\Local\Temp


JNI global refs:
JNI global refs: 25, weak refs: 1

JNI global refs memory usage: 843, weak refs: 841


---------------  S Y S T E M  ---------------

OS:
 Windows 10 , 64 bit Build 19041 (10.0.19041.5198)
OS uptime: 1 days 10:59 hours

CPU: total 2 (initial active 2) (2 cores per cpu, 1 threads per core) family 21 model 112 stepping 0 microcode 0x0, cx8, cmov, fxsr, mmx, 3dnowpref, sse, sse2, sse3, ssse3, sse4a, sse4.1, sse4.2, popcnt, lzcnt, tsc, tscinvbit, avx, avx2, aes, clmul, bmi1, bmi2, fma, vzeroupper, clflush

Memory: 4k page, system-wide physical 11680M (2351M free)
TotalPageFile size 11680M (AvailPageFile size 5M)
current process WorkingSet (physical memory assigned to process): 458M, peak: 554M
current process commit charge ("private bytes"): 588M, peak: 600M

vm_info: OpenJDK 64-Bit Server VM (17.0.6+0-b2043.56-10027231) for windows-amd64 JRE (17.0.6+0-b2043.56-10027231), built on Apr 28 2023 00:43:19 by "androidbuild" with MS VC++ 16.10 / 16.11 (VS2019)

END.
