#
# There is insufficient memory for the Java Runtime Environment to continue.
# Native memory allocation (mmap) failed to map 37748736 bytes for G1 virtual space
# Possible reasons:
#   The system is out of physical RAM or swap space
#   The process is running with CompressedOops enabled, and the Java Heap may be blocking the growth of the native heap
# Possible solutions:
#   Reduce memory load on the system
#   Increase physical memory or swap space
#   Check if swap backing store is full
#   Decrease Java heap size (-Xmx/-Xms)
#   Decrease number of Java threads
#   Decrease Java thread stack sizes (-Xss)
#   Set larger code cache with -XX:ReservedCodeCacheSize=
#   JVM is running with Unscaled Compressed Oops mode in which the Java heap is
#     placed in the first 4GB address space. The Java Heap base address is the
#     maximum limit for the native heap growth. Please use -XX:HeapBaseMinAddress
#     to set the Java Heap base and to place the Java Heap above 4GB virtual address.
# This output file may be truncated or incomplete.
#
#  Out of Memory Error (os_windows.cpp:3769), pid=8620, tid=9832
#
# JRE version: OpenJDK Runtime Environment (17.0.6) (build 17.0.6+0-b2043.56-10027231)
# Java VM: OpenJDK 64-Bit Server VM (17.0.6+0-b2043.56-10027231, mixed mode, tiered, compressed oops, compressed class ptrs, g1 gc, windows-amd64)
# No core dump will be written. Minidumps are not enabled by default on client versions of Windows
#

---------------  S U M M A R Y ------------

Command Line: -XX:MaxPermSize=512m -XX:+HeapDumpOnOutOfMemoryError --add-opens=java.base/java.util=ALL-UNNAMED --add-opens=java.base/java.lang=ALL-UNNAMED --add-opens=java.base/java.lang.invoke=ALL-UNNAMED --add-opens=java.prefs/java.util.prefs=ALL-UNNAMED --add-opens=java.base/java.nio.charset=ALL-UNNAMED --add-opens=java.base/java.net=ALL-UNNAMED --add-opens=java.base/java.util.concurrent.atomic=ALL-UNNAMED -Xmx1024m -Dfile.encoding=UTF-8 -Duser.country=ID -Duser.language=en -Duser.variant org.gradle.launcher.daemon.bootstrap.GradleDaemon 8.0

Host: AMD A9-9420 RADEON R5, 5 COMPUTE CORES 2C+3G   , 2 cores, 11G,  Windows 10 , 64 bit Build 19041 (10.0.19041.5198)
Time: Wed Jan 22 00:17:24 2025 SE Asia Standard Time elapsed time: 107.077339 seconds (0d 0h 1m 47s)

---------------  T H R E A D  ---------------

Current thread (0x0000029b24a0d2c0):  VMThread "VM Thread" [stack: 0x000000c1a5600000,0x000000c1a5700000] [id=9832]

Stack: [0x000000c1a5600000,0x000000c1a5700000]
Native frames: (J=compiled Java code, j=interpreted, Vv=VM code, C=native code)
V  [jvm.dll+0x683c9a]
V  [jvm.dll+0x8427a4]
V  [jvm.dll+0x843f9e]
V  [jvm.dll+0x844603]
V  [jvm.dll+0x249b75]
V  [jvm.dll+0x680b69]
V  [jvm.dll+0x67505a]
V  [jvm.dll+0x309acb]
V  [jvm.dll+0x310f86]
V  [jvm.dll+0x3608ee]
V  [jvm.dll+0x360b1f]
V  [jvm.dll+0x2dfbf8]
V  [jvm.dll+0x2e2ce6]
V  [jvm.dll+0x2ed478]
V  [jvm.dll+0x322150]
V  [jvm.dll+0x848ccb]
V  [jvm.dll+0x849a04]
V  [jvm.dll+0x849f1d]
V  [jvm.dll+0x84a2f4]
V  [jvm.dll+0x84a3c0]
V  [jvm.dll+0x7f274a]
V  [jvm.dll+0x682ad5]
C  [ucrtbase.dll+0x21bb2]
C  [KERNEL32.DLL+0x17374]
C  [ntdll.dll+0x4cc91]

VM_Operation (0x000000c1a52ff7b0): G1Concurrent, mode: safepoint, requested by thread 0x0000029b0e006260


---------------  P R O C E S S  ---------------

Threads class SMR info:
_java_thread_list=0x0000029b2c3eaeb0, length=64, elements={
0x0000029b0dfc1990, 0x0000029b24a5a620, 0x0000029b24a5b3a0, 0x0000029b24a974d0,
0x0000029b24a9adb0, 0x0000029b24a9b670, 0x0000029b24a9bf30, 0x0000029b25408070,
0x0000029b2545e100, 0x0000029b2545e610, 0x0000029b25587430, 0x0000029b2558b910,
0x0000029b26cc6a60, 0x0000029b25d00780, 0x0000029b2675c2f0, 0x0000029b26ca1860,
0x0000029b265ec570, 0x0000029b27cac440, 0x0000029b259ccd40, 0x0000029b25cee260,
0x0000029b25ced3f0, 0x0000029b25cf0db0, 0x0000029b25ced8c0, 0x0000029b25cedd90,
0x0000029b25cf0410, 0x0000029b25cee730, 0x0000029b25ceec00, 0x0000029b25cef5a0,
0x0000029b25cefa70, 0x0000029b25cf08e0, 0x0000029b25ceff40, 0x0000029b27e7d570,
0x0000029b27e7da40, 0x0000029b27e7df10, 0x0000029b27e7e8b0, 0x0000029b27e7b890,
0x0000029b27e7aa20, 0x0000029b27e79210, 0x0000029b27e796e0, 0x0000029b27e77530,
0x0000029b27e7e3e0, 0x0000029b27e78870, 0x0000029b27e7c230, 0x0000029b27e7c700,
0x0000029b27e7cbd0, 0x0000029b27e77a00, 0x0000029b27e78d40, 0x0000029b27e79bb0,
0x0000029b27e7a080, 0x0000029b27e7a550, 0x0000029b27e7d0a0, 0x0000029b27e7aef0,
0x0000029b27ef1f00, 0x0000029b27eefd50, 0x0000029b27ef0bc0, 0x0000029b27ef2d70,
0x0000029b27ef28a0, 0x0000029b27ef1090, 0x0000029b27ef4f20, 0x0000029b27ef0220,
0x0000029b27eef3b0, 0x0000029b27eed6d0, 0x0000029b27eef880, 0x0000029b2ee6c480
}

Java Threads: ( => current thread )
  0x0000029b0dfc1990 JavaThread "main" [_thread_blocked, id=9364, stack(0x000000c1a5000000,0x000000c1a5100000)]
  0x0000029b24a5a620 JavaThread "Reference Handler" daemon [_thread_blocked, id=4308, stack(0x000000c1a5700000,0x000000c1a5800000)]
  0x0000029b24a5b3a0 JavaThread "Finalizer" daemon [_thread_blocked, id=1468, stack(0x000000c1a5800000,0x000000c1a5900000)]
  0x0000029b24a974d0 JavaThread "Signal Dispatcher" daemon [_thread_blocked, id=12516, stack(0x000000c1a5900000,0x000000c1a5a00000)]
  0x0000029b24a9adb0 JavaThread "Attach Listener" daemon [_thread_blocked, id=5404, stack(0x000000c1a5a00000,0x000000c1a5b00000)]
  0x0000029b24a9b670 JavaThread "Service Thread" daemon [_thread_blocked, id=11308, stack(0x000000c1a5b00000,0x000000c1a5c00000)]
  0x0000029b24a9bf30 JavaThread "Monitor Deflation Thread" daemon [_thread_blocked, id=5932, stack(0x000000c1a5c00000,0x000000c1a5d00000)]
  0x0000029b25408070 JavaThread "C2 CompilerThread0" daemon [_thread_blocked, id=4428, stack(0x000000c1a5d00000,0x000000c1a5e00000)]
  0x0000029b2545e100 JavaThread "C1 CompilerThread0" daemon [_thread_blocked, id=9060, stack(0x000000c1a5e00000,0x000000c1a5f00000)]
  0x0000029b2545e610 JavaThread "Sweeper thread" daemon [_thread_blocked, id=12612, stack(0x000000c1a5f00000,0x000000c1a6000000)]
  0x0000029b25587430 JavaThread "Common-Cleaner" daemon [_thread_blocked, id=7528, stack(0x000000c1a6000000,0x000000c1a6100000)]
  0x0000029b2558b910 JavaThread "Notification Thread" daemon [_thread_blocked, id=8900, stack(0x000000c1a6100000,0x000000c1a6200000)]
  0x0000029b26cc6a60 JavaThread "Daemon health stats" [_thread_blocked, id=7780, stack(0x000000c1a6400000,0x000000c1a6500000)]
  0x0000029b25d00780 JavaThread "Incoming local TCP Connector on port 51898" [_thread_in_native, id=13272, stack(0x000000c1a6500000,0x000000c1a6600000)]
  0x0000029b2675c2f0 JavaThread "Daemon periodic checks" [_thread_blocked, id=13256, stack(0x000000c1a6600000,0x000000c1a6700000)]
  0x0000029b26ca1860 JavaThread "Daemon" [_thread_blocked, id=11632, stack(0x000000c1a6700000,0x000000c1a6800000)]
  0x0000029b265ec570 JavaThread "Handler for socket connection from /127.0.0.1:51898 to /127.0.0.1:51899" [_thread_in_native, id=10444, stack(0x000000c1a6800000,0x000000c1a6900000)]
  0x0000029b27cac440 JavaThread "Cancel handler" [_thread_blocked, id=3636, stack(0x000000c1a6900000,0x000000c1a6a00000)]
  0x0000029b259ccd40 JavaThread "Daemon worker" [_thread_blocked, id=9496, stack(0x000000c1a6a00000,0x000000c1a6b00000)]
  0x0000029b25cee260 JavaThread "Asynchronous log dispatcher for DefaultDaemonConnection: socket connection from /127.0.0.1:51898 to /127.0.0.1:51899" [_thread_blocked, id=6832, stack(0x000000c1a6b00000,0x000000c1a6c00000)]
  0x0000029b25ced3f0 JavaThread "Daemon client event forwarder" [_thread_blocked, id=12592, stack(0x000000c1a6d00000,0x000000c1a6e00000)]
  0x0000029b25cf0db0 JavaThread "Cache worker for journal cache (C:\Users\LENOVO\.gradle\caches\journal-1)" [_thread_blocked, id=11880, stack(0x000000c1a6e00000,0x000000c1a6f00000)]
  0x0000029b25ced8c0 JavaThread "File lock request listener" [_thread_in_native, id=11988, stack(0x000000c1a6f00000,0x000000c1a7000000)]
  0x0000029b25cedd90 JavaThread "Cache worker for file hash cache (C:\Users\LENOVO\.gradle\caches\8.0\fileHashes)" [_thread_blocked, id=9016, stack(0x000000c1a7000000,0x000000c1a7100000)]
  0x0000029b25cf0410 JavaThread "File watcher server" daemon [_thread_blocked, id=5320, stack(0x000000c1a7100000,0x000000c1a7200000)]
  0x0000029b25cee730 JavaThread "File watcher consumer" daemon [_thread_blocked, id=12980, stack(0x000000c1a7200000,0x000000c1a7300000)]
  0x0000029b25ceec00 JavaThread "Cache worker for checksums cache (G:\NANDA APRILLIA LESTARI MUFTI\BISMILLAH\SERBA-SERBI SKRIPSI 2024\WidyaAksara\program\.gradle\8.0\checksums)" [_thread_blocked, id=11764, stack(0x000000c1a7300000,0x000000c1a7400000)]
  0x0000029b25cef5a0 JavaThread "Cache worker for cache directory md-rule (C:\Users\LENOVO\.gradle\caches\8.0\md-rule)" [_thread_blocked, id=7288, stack(0x000000c1a7400000,0x000000c1a7500000)]
  0x0000029b25cefa70 JavaThread "Cache worker for file content cache (C:\Users\LENOVO\.gradle\caches\8.0\fileContent)" [_thread_blocked, id=1404, stack(0x000000c1a7500000,0x000000c1a7600000)]
  0x0000029b25cf08e0 JavaThread "Cache worker for file hash cache (G:\NANDA APRILLIA LESTARI MUFTI\BISMILLAH\SERBA-SERBI SKRIPSI 2024\WidyaAksara\program\.gradle\8.0\fileHashes)" [_thread_blocked, id=12212, stack(0x000000c1a7600000,0x000000c1a7700000)]
  0x0000029b25ceff40 JavaThread "Cache worker for cache directory md-supplier (C:\Users\LENOVO\.gradle\caches\8.0\md-supplier)" [_thread_blocked, id=10824, stack(0x000000c1a7800000,0x000000c1a7900000)]
  0x0000029b27e7d570 JavaThread "Cache worker for execution history cache (C:\Users\LENOVO\.gradle\caches\8.0\executionHistory)" [_thread_blocked, id=10024, stack(0x000000c1a7900000,0x000000c1a7a00000)]
  0x0000029b27e7da40 JavaThread "jar transforms" [_thread_blocked, id=12484, stack(0x000000c1a7a00000,0x000000c1a7b00000)]
  0x0000029b27e7df10 JavaThread "jar transforms Thread 2" [_thread_blocked, id=3716, stack(0x000000c1a7b00000,0x000000c1a7c00000)]
  0x0000029b27e7e8b0 JavaThread "Cache worker for kotlin-dsl (C:\Users\LENOVO\.gradle\caches\8.0\kotlin-dsl)" [_thread_blocked, id=12228, stack(0x000000c1a7c00000,0x000000c1a7d00000)]
  0x0000029b27e7b890 JavaThread "Cache worker for dependencies-accessors (G:\NANDA APRILLIA LESTARI MUFTI\BISMILLAH\SERBA-SERBI SKRIPSI 2024\WidyaAksara\program\.gradle\8.0\dependencies-accessors)" [_thread_blocked, id=13136, stack(0x000000c1a7d00000,0x000000c1a7e00000)]
  0x0000029b27e7aa20 JavaThread "Cache worker for Build Output Cleanup Cache (G:\NANDA APRILLIA LESTARI MUFTI\BISMILLAH\SERBA-SERBI SKRIPSI 2024\WidyaAksara\program\.gradle\buildOutputCleanup)" [_thread_blocked, id=1744, stack(0x000000c1a7e00000,0x000000c1a7f00000)]
  0x0000029b27e79210 JavaThread "Unconstrained build operations" [_thread_blocked, id=8148, stack(0x000000c1a7f00000,0x000000c1a8000000)]
  0x0000029b27e796e0 JavaThread "Unconstrained build operations Thread 2" [_thread_blocked, id=6348, stack(0x000000c1a8000000,0x000000c1a8100000)]
  0x0000029b27e77530 JavaThread "Unconstrained build operations Thread 3" [_thread_blocked, id=10904, stack(0x000000c1a8100000,0x000000c1a8200000)]
  0x0000029b27e7e3e0 JavaThread "Unconstrained build operations Thread 4" [_thread_blocked, id=7352, stack(0x000000c1a8200000,0x000000c1a8300000)]
  0x0000029b27e78870 JavaThread "Unconstrained build operations Thread 5" [_thread_blocked, id=10752, stack(0x000000c1a8300000,0x000000c1a8400000)]
  0x0000029b27e7c230 JavaThread "Unconstrained build operations Thread 6" [_thread_blocked, id=7988, stack(0x000000c1a8400000,0x000000c1a8500000)]
  0x0000029b27e7c700 JavaThread "Unconstrained build operations Thread 7" [_thread_blocked, id=7564, stack(0x000000c1a8500000,0x000000c1a8600000)]
  0x0000029b27e7cbd0 JavaThread "Unconstrained build operations Thread 8" [_thread_blocked, id=9232, stack(0x000000c1a8600000,0x000000c1a8700000)]
  0x0000029b27e77a00 JavaThread "Unconstrained build operations Thread 9" [_thread_blocked, id=11720, stack(0x000000c1a8700000,0x000000c1a8800000)]
  0x0000029b27e78d40 JavaThread "Unconstrained build operations Thread 10" [_thread_blocked, id=2980, stack(0x000000c1a8800000,0x000000c1a8900000)]
  0x0000029b27e79bb0 JavaThread "Unconstrained build operations Thread 11" [_thread_blocked, id=12052, stack(0x000000c1a8900000,0x000000c1a8a00000)]
  0x0000029b27e7a080 JavaThread "Unconstrained build operations Thread 12" [_thread_blocked, id=7504, stack(0x000000c1a8a00000,0x000000c1a8b00000)]
  0x0000029b27e7a550 JavaThread "Unconstrained build operations Thread 13" [_thread_blocked, id=11488, stack(0x000000c1a8b00000,0x000000c1a8c00000)]
  0x0000029b27e7d0a0 JavaThread "Unconstrained build operations Thread 14" [_thread_blocked, id=6952, stack(0x000000c1a8c00000,0x000000c1a8d00000)]
  0x0000029b27e7aef0 JavaThread "Unconstrained build operations Thread 15" [_thread_blocked, id=10108, stack(0x000000c1a8d00000,0x000000c1a8e00000)]
  0x0000029b27ef1f00 JavaThread "Unconstrained build operations Thread 16" [_thread_blocked, id=9628, stack(0x000000c1a8e00000,0x000000c1a8f00000)]
  0x0000029b27eefd50 JavaThread "Unconstrained build operations Thread 17" [_thread_blocked, id=7668, stack(0x000000c1a8f00000,0x000000c1a9000000)]
  0x0000029b27ef0bc0 JavaThread "Unconstrained build operations Thread 18" [_thread_blocked, id=11492, stack(0x000000c1a9000000,0x000000c1a9100000)]
  0x0000029b27ef2d70 JavaThread "Unconstrained build operations Thread 19" [_thread_blocked, id=11468, stack(0x000000c1a9100000,0x000000c1a9200000)]
  0x0000029b27ef28a0 JavaThread "Unconstrained build operations Thread 20" [_thread_blocked, id=12712, stack(0x000000c1a9200000,0x000000c1a9300000)]
  0x0000029b27ef1090 JavaThread "build event listener" [_thread_blocked, id=228, stack(0x000000c1a9500000,0x000000c1a9600000)]
  0x0000029b27ef4f20 JavaThread "Memory manager" [_thread_blocked, id=11900, stack(0x000000c1a9600000,0x000000c1a9700000)]
  0x0000029b27ef0220 JavaThread "included builds" [_thread_blocked, id=8812, stack(0x000000c1a4e00000,0x000000c1a4f00000)]
  0x0000029b27eef3b0 JavaThread "Execution worker" [_thread_blocked, id=11624, stack(0x000000c1a4f00000,0x000000c1a5000000)]
  0x0000029b27eed6d0 JavaThread "Cache worker for execution history cache (G:\NANDA APRILLIA LESTARI MUFTI\BISMILLAH\SERBA-SERBI SKRIPSI 2024\WidyaAksara\program\.gradle\8.0\executionHistory)" [_thread_blocked, id=4388, stack(0x000000c1a9700000,0x000000c1a9800000)]
  0x0000029b27eef880 JavaThread "WorkerExecutor Queue" [_thread_blocked, id=11472, stack(0x000000c1a9800000,0x000000c1a9900000)]
  0x0000029b2ee6c480 JavaThread "WorkerExecutor Queue Thread 2" [_thread_blocked, id=9100, stack(0x000000c1a6c00000,0x000000c1a6d00000)]

Other Threads:
=>0x0000029b24a0d2c0 VMThread "VM Thread" [stack: 0x000000c1a5600000,0x000000c1a5700000] [id=9832]
  0x0000029b2558e1f0 WatcherThread [stack: 0x000000c1a6200000,0x000000c1a6300000] [id=5504]
  0x0000029b0dffd410 GCTaskThread "GC Thread#0" [stack: 0x000000c1a5100000,0x000000c1a5200000] [id=12520]
  0x0000029b257cd1c0 GCTaskThread "GC Thread#1" [stack: 0x000000c1a6300000,0x000000c1a6400000] [id=12440]
  0x0000029b0e006260 ConcurrentGCThread "G1 Main Marker" [stack: 0x000000c1a5200000,0x000000c1a5300000] [id=12528]
  0x0000029b0e006b80 ConcurrentGCThread "G1 Conc#0" [stack: 0x000000c1a5300000,0x000000c1a5400000] [id=5996]
  0x0000029b0e08ec10 ConcurrentGCThread "G1 Refine#0" [stack: 0x000000c1a5400000,0x000000c1a5500000] [id=3200]
  0x0000029b28996c10 ConcurrentGCThread "G1 Refine#1" [stack: 0x000000c1a7700000,0x000000c1a7800000] [id=9236]
  0x0000029b248b06d0 ConcurrentGCThread "G1 Service" [stack: 0x000000c1a5500000,0x000000c1a5600000] [id=12564]

Threads with active compile tasks:
C2 CompilerThread0   107130 13649       4       com.android.aaptcompiler.TableExtractor::parseXml (494 bytes)

VM state: at safepoint (normal execution)

VM Mutex/Monitor currently owned by a thread:  ([mutex/lock_event])
[0x0000029b0dfbe090] Threads_lock - owner thread: 0x0000029b24a0d2c0
[0x0000029b0dfbd820] Heap_lock - owner thread: 0x0000029b0e006260

Heap address: 0x00000000c0000000, size: 1024 MB, Compressed Oops mode: 32-bit

CDS archive(s) not mapped
Compressed class space mapped at: 0x0000000100000000-0x0000000140000000, reserved size: 1073741824
Narrow klass base: 0x0000000000000000, Narrow klass shift: 3, Narrow klass range: 0x140000000

GC Precious Log:
 CPUs: 2 total, 2 available
 Memory: 11680M
 Large Page Support: Disabled
 NUMA Support: Disabled
 Compressed Oops: Enabled (32-bit)
 Heap Region Size: 1M
 Heap Min Capacity: 8M
 Heap Initial Capacity: 184M
 Heap Max Capacity: 1G
 Pre-touch: Disabled
 Parallel Workers: 2
 Concurrent Workers: 1
 Concurrent Refinement Workers: 2
 Periodic GC: Disabled

Heap:
 garbage-first heap   total 193536K, used 136445K [0x00000000c0000000, 0x0000000100000000)
  region size 1024K, 2 young (2048K), 1 survivors (1024K)
 Metaspace       used 105580K, committed 106304K, reserved 1146880K
  class space    used 13915K, committed 14272K, reserved 1048576K

Heap Regions: E=young(eden), S=young(survivor), O=old, HS=humongous(starts), HC=humongous(continues), CS=collection set, F=free, OA=open archive, CA=closed archive, TAMS=top-at-mark-start (previous, next)
|   0|0x00000000c0000000, 0x00000000c0100000, 0x00000000c0100000|100%|HS|  |TAMS 0x00000000c0100000, 0x00000000c0000000| Complete 
|   1|0x00000000c0100000, 0x00000000c0200000, 0x00000000c0200000|100%|HC|  |TAMS 0x00000000c0200000, 0x00000000c0100000| Complete 
|   2|0x00000000c0200000, 0x00000000c0300000, 0x00000000c0300000|100%|HC|  |TAMS 0x00000000c0300000, 0x00000000c0200000| Complete 
|   3|0x00000000c0300000, 0x00000000c0400000, 0x00000000c0400000|100%|HC|  |TAMS 0x00000000c0400000, 0x00000000c0300000| Complete 
|   4|0x00000000c0400000, 0x00000000c0500000, 0x00000000c0500000|100%| O|  |TAMS 0x00000000c0500000, 0x00000000c0400000| Untracked 
|   5|0x00000000c0500000, 0x00000000c0600000, 0x00000000c0600000|100%| O|  |TAMS 0x00000000c0600000, 0x00000000c0500000| Untracked 
|   6|0x00000000c0600000, 0x00000000c0700000, 0x00000000c0700000|100%| O|  |TAMS 0x00000000c0700000, 0x00000000c0600000| Untracked 
|   7|0x00000000c0700000, 0x00000000c0800000, 0x00000000c0800000|100%| O|  |TAMS 0x00000000c0800000, 0x00000000c0700000| Untracked 
|   8|0x00000000c0800000, 0x00000000c0900000, 0x00000000c0900000|100%| O|  |TAMS 0x00000000c0900000, 0x00000000c0800000| Updating 
|   9|0x00000000c0900000, 0x00000000c0a00000, 0x00000000c0a00000|100%| O|  |TAMS 0x00000000c0a00000, 0x00000000c0900000| Untracked 
|  10|0x00000000c0a00000, 0x00000000c0b00000, 0x00000000c0b00000|100%| O|  |TAMS 0x00000000c0b00000, 0x00000000c0a00000| Updating 
|  11|0x00000000c0b00000, 0x00000000c0c00000, 0x00000000c0c00000|100%| O|  |TAMS 0x00000000c0c00000, 0x00000000c0b00000| Untracked 
|  12|0x00000000c0c00000, 0x00000000c0d00000, 0x00000000c0d00000|100%| O|  |TAMS 0x00000000c0d00000, 0x00000000c0c00000| Untracked 
|  13|0x00000000c0d00000, 0x00000000c0e00000, 0x00000000c0e00000|100%| O|  |TAMS 0x00000000c0e00000, 0x00000000c0d00000| Untracked 
|  14|0x00000000c0e00000, 0x00000000c0f00000, 0x00000000c0f00000|100%| O|  |TAMS 0x00000000c0f00000, 0x00000000c0e00000| Untracked 
|  15|0x00000000c0f00000, 0x00000000c1000000, 0x00000000c1000000|100%| O|  |TAMS 0x00000000c1000000, 0x00000000c0f00000| Untracked 
|  16|0x00000000c1000000, 0x00000000c1100000, 0x00000000c1100000|100%| O|  |TAMS 0x00000000c1100000, 0x00000000c1000000| Untracked 
|  17|0x00000000c1100000, 0x00000000c1200000, 0x00000000c1200000|100%| O|  |TAMS 0x00000000c1200000, 0x00000000c1100000| Untracked 
|  18|0x00000000c1200000, 0x00000000c1300000, 0x00000000c1300000|100%| O|  |TAMS 0x00000000c1300000, 0x00000000c1200000| Untracked 
|  19|0x00000000c1300000, 0x00000000c1400000, 0x00000000c1400000|100%| O|  |TAMS 0x00000000c1400000, 0x00000000c1300000| Untracked 
|  20|0x00000000c1400000, 0x00000000c1500000, 0x00000000c1500000|100%| O|  |TAMS 0x00000000c1500000, 0x00000000c1400000| Updating 
|  21|0x00000000c1500000, 0x00000000c1600000, 0x00000000c1600000|100%| O|  |TAMS 0x00000000c1600000, 0x00000000c1500000| Untracked 
|  22|0x00000000c1600000, 0x00000000c1700000, 0x00000000c1700000|100%| O|  |TAMS 0x00000000c1700000, 0x00000000c1600000| Untracked 
|  23|0x00000000c1700000, 0x00000000c1800000, 0x00000000c1800000|100%| O|  |TAMS 0x00000000c1800000, 0x00000000c1700000| Untracked 
|  24|0x00000000c1800000, 0x00000000c1900000, 0x00000000c1900000|100%| O|  |TAMS 0x00000000c1900000, 0x00000000c1800000| Updating 
|  25|0x00000000c1900000, 0x00000000c1a00000, 0x00000000c1a00000|100%| O|  |TAMS 0x00000000c1a00000, 0x00000000c1900000| Untracked 
|  26|0x00000000c1a00000, 0x00000000c1b00000, 0x00000000c1b00000|100%| O|  |TAMS 0x00000000c1b00000, 0x00000000c1a00000| Untracked 
|  27|0x00000000c1b00000, 0x00000000c1c00000, 0x00000000c1c00000|100%| O|  |TAMS 0x00000000c1c00000, 0x00000000c1b00000| Updating 
|  28|0x00000000c1c00000, 0x00000000c1d00000, 0x00000000c1d00000|100%| O|  |TAMS 0x00000000c1d00000, 0x00000000c1c00000| Untracked 
|  29|0x00000000c1d00000, 0x00000000c1e00000, 0x00000000c1e00000|100%| O|  |TAMS 0x00000000c1e00000, 0x00000000c1d00000| Untracked 
|  30|0x00000000c1e00000, 0x00000000c1f00000, 0x00000000c1f00000|100%| O|  |TAMS 0x00000000c1f00000, 0x00000000c1e00000| Untracked 
|  31|0x00000000c1f00000, 0x00000000c2000000, 0x00000000c2000000|100%| O|  |TAMS 0x00000000c2000000, 0x00000000c1f00000| Untracked 
|  32|0x00000000c2000000, 0x00000000c2100000, 0x00000000c2100000|100%| O|  |TAMS 0x00000000c2100000, 0x00000000c2000000| Untracked 
|  33|0x00000000c2100000, 0x00000000c2100000, 0x00000000c2200000|  0%| F|  |TAMS 0x00000000c2100000, 0x00000000c2100000| Untracked 
|  34|0x00000000c2200000, 0x00000000c2300000, 0x00000000c2300000|100%| O|  |TAMS 0x00000000c2300000, 0x00000000c2200000| Updating 
|  35|0x00000000c2300000, 0x00000000c2400000, 0x00000000c2400000|100%| O|  |TAMS 0x00000000c2400000, 0x00000000c2300000| Updating 
|  36|0x00000000c2400000, 0x00000000c2500000, 0x00000000c2500000|100%|HS|  |TAMS 0x00000000c2500000, 0x00000000c2400000| Complete 
|  37|0x00000000c2500000, 0x00000000c2600000, 0x00000000c2600000|100%|HS|  |TAMS 0x00000000c2600000, 0x00000000c2500000| Complete 
|  38|0x00000000c2600000, 0x00000000c2700000, 0x00000000c2700000|100%|HS|  |TAMS 0x00000000c2700000, 0x00000000c2600000| Complete 
|  39|0x00000000c2700000, 0x00000000c2800000, 0x00000000c2800000|100%|HC|  |TAMS 0x00000000c2800000, 0x00000000c2700000| Complete 
|  40|0x00000000c2800000, 0x00000000c2900000, 0x00000000c2900000|100%|HS|  |TAMS 0x00000000c2900000, 0x00000000c2800000| Complete 
|  41|0x00000000c2900000, 0x00000000c2a00000, 0x00000000c2a00000|100%|HS|  |TAMS 0x00000000c2a00000, 0x00000000c2900000| Complete 
|  42|0x00000000c2a00000, 0x00000000c2b00000, 0x00000000c2b00000|100%|HC|  |TAMS 0x00000000c2b00000, 0x00000000c2a00000| Complete 
|  43|0x00000000c2b00000, 0x00000000c2c00000, 0x00000000c2c00000|100%|HC|  |TAMS 0x00000000c2c00000, 0x00000000c2b00000| Complete 
|  44|0x00000000c2c00000, 0x00000000c2d00000, 0x00000000c2d00000|100%|HC|  |TAMS 0x00000000c2d00000, 0x00000000c2c00000| Complete 
|  45|0x00000000c2d00000, 0x00000000c2e00000, 0x00000000c2e00000|100%| O|  |TAMS 0x00000000c2e00000, 0x00000000c2d00000| Untracked 
|  46|0x00000000c2e00000, 0x00000000c2f00000, 0x00000000c2f00000|100%| O|  |TAMS 0x00000000c2f00000, 0x00000000c2e00000| Untracked 
|  47|0x00000000c2f00000, 0x00000000c3000000, 0x00000000c3000000|100%| O|  |TAMS 0x00000000c3000000, 0x00000000c2f00000| Untracked 
|  48|0x00000000c3000000, 0x00000000c3100000, 0x00000000c3100000|100%| O|  |TAMS 0x00000000c3100000, 0x00000000c3000000| Untracked 
|  49|0x00000000c3100000, 0x00000000c3200000, 0x00000000c3200000|100%| O|  |TAMS 0x00000000c3200000, 0x00000000c3100000| Untracked 
|  50|0x00000000c3200000, 0x00000000c3300000, 0x00000000c3300000|100%| O|  |TAMS 0x00000000c3300000, 0x00000000c3200000| Untracked 
|  51|0x00000000c3300000, 0x00000000c3400000, 0x00000000c3400000|100%| O|  |TAMS 0x00000000c3400000, 0x00000000c3300000| Untracked 
|  52|0x00000000c3400000, 0x00000000c3500000, 0x00000000c3500000|100%| O|  |TAMS 0x00000000c3500000, 0x00000000c3400000| Untracked 
|  53|0x00000000c3500000, 0x00000000c3600000, 0x00000000c3600000|100%| O|  |TAMS 0x00000000c3600000, 0x00000000c3500000| Updating 
|  54|0x00000000c3600000, 0x00000000c3700000, 0x00000000c3700000|100%| O|  |TAMS 0x00000000c3700000, 0x00000000c3600000| Untracked 
|  55|0x00000000c3700000, 0x00000000c3800000, 0x00000000c3800000|100%| O|  |TAMS 0x00000000c3800000, 0x00000000c3700000| Untracked 
|  56|0x00000000c3800000, 0x00000000c3900000, 0x00000000c3900000|100%| O|  |TAMS 0x00000000c3900000, 0x00000000c3800000| Untracked 
|  57|0x00000000c3900000, 0x00000000c3a00000, 0x00000000c3a00000|100%| O|  |TAMS 0x00000000c3a00000, 0x00000000c3900000| Untracked 
|  58|0x00000000c3a00000, 0x00000000c3b00000, 0x00000000c3b00000|100%| O|  |TAMS 0x00000000c3b00000, 0x00000000c3a00000| Updating 
|  59|0x00000000c3b00000, 0x00000000c3c00000, 0x00000000c3c00000|100%| O|  |TAMS 0x00000000c3c00000, 0x00000000c3b00000| Updating 
|  60|0x00000000c3c00000, 0x00000000c3d00000, 0x00000000c3d00000|100%| O|  |TAMS 0x00000000c3d00000, 0x00000000c3c00000| Untracked 
|  61|0x00000000c3d00000, 0x00000000c3e00000, 0x00000000c3e00000|100%| O|  |TAMS 0x00000000c3e00000, 0x00000000c3d00000| Untracked 
|  62|0x00000000c3e00000, 0x00000000c3f00000, 0x00000000c3f00000|100%| O|  |TAMS 0x00000000c3f00000, 0x00000000c3e00000| Updating 
|  63|0x00000000c3f00000, 0x00000000c4000000, 0x00000000c4000000|100%| O|  |TAMS 0x00000000c4000000, 0x00000000c3f00000| Updating 
|  64|0x00000000c4000000, 0x00000000c4100000, 0x00000000c4100000|100%| O|  |TAMS 0x00000000c4100000, 0x00000000c4000000| Updating 
|  65|0x00000000c4100000, 0x00000000c4200000, 0x00000000c4200000|100%| O|  |TAMS 0x00000000c4200000, 0x00000000c4100000| Updating 
|  66|0x00000000c4200000, 0x00000000c4300000, 0x00000000c4300000|100%| O|  |TAMS 0x00000000c4300000, 0x00000000c4200000| Untracked 
|  67|0x00000000c4300000, 0x00000000c4400000, 0x00000000c4400000|100%| O|  |TAMS 0x00000000c4400000, 0x00000000c4300000| Untracked 
|  68|0x00000000c4400000, 0x00000000c4500000, 0x00000000c4500000|100%| O|  |TAMS 0x00000000c4500000, 0x00000000c4400000| Untracked 
|  69|0x00000000c4500000, 0x00000000c4600000, 0x00000000c4600000|100%| O|  |TAMS 0x00000000c4600000, 0x00000000c4500000| Untracked 
|  70|0x00000000c4600000, 0x00000000c4700000, 0x00000000c4700000|100%| O|  |TAMS 0x00000000c4700000, 0x00000000c4600000| Untracked 
|  71|0x00000000c4700000, 0x00000000c4800000, 0x00000000c4800000|100%| O|  |TAMS 0x00000000c4800000, 0x00000000c4700000| Updating 
|  72|0x00000000c4800000, 0x00000000c4900000, 0x00000000c4900000|100%| O|  |TAMS 0x00000000c4900000, 0x00000000c4800000| Untracked 
|  73|0x00000000c4900000, 0x00000000c4a00000, 0x00000000c4a00000|100%| O|  |TAMS 0x00000000c4a00000, 0x00000000c4900000| Updating 
|  74|0x00000000c4a00000, 0x00000000c4b00000, 0x00000000c4b00000|100%| O|  |TAMS 0x00000000c4b00000, 0x00000000c4a00000| Untracked 
|  75|0x00000000c4b00000, 0x00000000c4c00000, 0x00000000c4c00000|100%| O|  |TAMS 0x00000000c4c00000, 0x00000000c4b00000| Untracked 
|  76|0x00000000c4c00000, 0x00000000c4d00000, 0x00000000c4d00000|100%| O|  |TAMS 0x00000000c4d00000, 0x00000000c4c00000| Untracked 
|  77|0x00000000c4d00000, 0x00000000c4e00000, 0x00000000c4e00000|100%| O|  |TAMS 0x00000000c4e00000, 0x00000000c4d00000| Untracked 
|  78|0x00000000c4e00000, 0x00000000c4f00000, 0x00000000c4f00000|100%| O|  |TAMS 0x00000000c4f00000, 0x00000000c4e00000| Untracked 
|  79|0x00000000c4f00000, 0x00000000c5000000, 0x00000000c5000000|100%| O|  |TAMS 0x00000000c5000000, 0x00000000c4f00000| Updating 
|  80|0x00000000c5000000, 0x00000000c5100000, 0x00000000c5100000|100%| O|  |TAMS 0x00000000c5100000, 0x00000000c5000000| Updating 
|  81|0x00000000c5100000, 0x00000000c5200000, 0x00000000c5200000|100%| O|  |TAMS 0x00000000c5200000, 0x00000000c5100000| Untracked 
|  82|0x00000000c5200000, 0x00000000c5300000, 0x00000000c5300000|100%| O|  |TAMS 0x00000000c5300000, 0x00000000c5200000| Untracked 
|  83|0x00000000c5300000, 0x00000000c5400000, 0x00000000c5400000|100%| O|  |TAMS 0x00000000c5400000, 0x00000000c5300000| Untracked 
|  84|0x00000000c5400000, 0x00000000c5500000, 0x00000000c5500000|100%| O|  |TAMS 0x00000000c5500000, 0x00000000c5400000| Untracked 
|  85|0x00000000c5500000, 0x00000000c5600000, 0x00000000c5600000|100%| O|  |TAMS 0x00000000c5600000, 0x00000000c5500000| Untracked 
|  86|0x00000000c5600000, 0x00000000c5700000, 0x00000000c5700000|100%| O|  |TAMS 0x00000000c5700000, 0x00000000c5600000| Updating 
|  87|0x00000000c5700000, 0x00000000c5800000, 0x00000000c5800000|100%| O|  |TAMS 0x00000000c5800000, 0x00000000c5700000| Untracked 
|  88|0x00000000c5800000, 0x00000000c5900000, 0x00000000c5900000|100%| O|  |TAMS 0x00000000c5900000, 0x00000000c5800000| Untracked 
|  89|0x00000000c5900000, 0x00000000c5a00000, 0x00000000c5a00000|100%| O|  |TAMS 0x00000000c5a00000, 0x00000000c5900000| Untracked 
|  90|0x00000000c5a00000, 0x00000000c5b00000, 0x00000000c5b00000|100%| O|  |TAMS 0x00000000c5b00000, 0x00000000c5a00000| Untracked 
|  91|0x00000000c5b00000, 0x00000000c5c00000, 0x00000000c5c00000|100%| O|  |TAMS 0x00000000c5c00000, 0x00000000c5b00000| Updating 
|  92|0x00000000c5c00000, 0x00000000c5d00000, 0x00000000c5d00000|100%| O|  |TAMS 0x00000000c5d00000, 0x00000000c5c00000| Untracked 
|  93|0x00000000c5d00000, 0x00000000c5e00000, 0x00000000c5e00000|100%| O|  |TAMS 0x00000000c5e00000, 0x00000000c5d00000| Untracked 
|  94|0x00000000c5e00000, 0x00000000c5f00000, 0x00000000c5f00000|100%| O|  |TAMS 0x00000000c5f00000, 0x00000000c5e00000| Updating 
|  95|0x00000000c5f00000, 0x00000000c6000000, 0x00000000c6000000|100%| O|  |TAMS 0x00000000c6000000, 0x00000000c5f00000| Updating 
|  96|0x00000000c6000000, 0x00000000c6000000, 0x00000000c6100000|  0%| F|  |TAMS 0x00000000c6000000, 0x00000000c6000000| Untracked 
|  97|0x00000000c6100000, 0x00000000c6100000, 0x00000000c6200000|  0%| F|  |TAMS 0x00000000c6100000, 0x00000000c6100000| Untracked 
|  98|0x00000000c6200000, 0x00000000c6200000, 0x00000000c6300000|  0%| F|  |TAMS 0x00000000c6200000, 0x00000000c6200000| Untracked 
|  99|0x00000000c6300000, 0x00000000c6400000, 0x00000000c6400000|100%| O|  |TAMS 0x00000000c6400000, 0x00000000c6300000| Updating 
| 100|0x00000000c6400000, 0x00000000c6500000, 0x00000000c6500000|100%| O|  |TAMS 0x00000000c6500000, 0x00000000c6400000| Updating 
| 101|0x00000000c6500000, 0x00000000c6600000, 0x00000000c6600000|100%| O|  |TAMS 0x00000000c6600000, 0x00000000c6500000| Updating 
| 102|0x00000000c6600000, 0x00000000c6700000, 0x00000000c6700000|100%| O|  |TAMS 0x00000000c6700000, 0x00000000c6600000| Updating 
| 103|0x00000000c6700000, 0x00000000c6800000, 0x00000000c6800000|100%| O|  |TAMS 0x00000000c6800000, 0x00000000c6700000| Updating 
| 104|0x00000000c6800000, 0x00000000c6900000, 0x00000000c6900000|100%| O|  |TAMS 0x00000000c6900000, 0x00000000c6800000| Updating 
| 105|0x00000000c6900000, 0x00000000c6a00000, 0x00000000c6a00000|100%| O|  |TAMS 0x00000000c6a00000, 0x00000000c6900000| Updating 
| 106|0x00000000c6a00000, 0x00000000c6b00000, 0x00000000c6b00000|100%| O|  |TAMS 0x00000000c6b00000, 0x00000000c6a00000| Updating 
| 107|0x00000000c6b00000, 0x00000000c6c00000, 0x00000000c6c00000|100%| O|  |TAMS 0x00000000c6c00000, 0x00000000c6b00000| Updating 
| 108|0x00000000c6c00000, 0x00000000c6c00000, 0x00000000c6d00000|  0%| F|  |TAMS 0x00000000c6c00000, 0x00000000c6c00000| Untracked 
| 109|0x00000000c6d00000, 0x00000000c6d00000, 0x00000000c6e00000|  0%| F|  |TAMS 0x00000000c6d00000, 0x00000000c6d00000| Untracked 
| 110|0x00000000c6e00000, 0x00000000c6e00000, 0x00000000c6f00000|  0%| F|  |TAMS 0x00000000c6e00000, 0x00000000c6e00000| Untracked 
| 111|0x00000000c6f00000, 0x00000000c6f00000, 0x00000000c7000000|  0%| F|  |TAMS 0x00000000c6f00000, 0x00000000c6f00000| Untracked 
| 112|0x00000000c7000000, 0x00000000c7000000, 0x00000000c7100000|  0%| F|  |TAMS 0x00000000c7000000, 0x00000000c7000000| Untracked 
| 113|0x00000000c7100000, 0x00000000c7100000, 0x00000000c7200000|  0%| F|  |TAMS 0x00000000c7100000, 0x00000000c7100000| Untracked 
| 114|0x00000000c7200000, 0x00000000c7200000, 0x00000000c7300000|  0%| F|  |TAMS 0x00000000c7200000, 0x00000000c7200000| Untracked 
| 115|0x00000000c7300000, 0x00000000c7300000, 0x00000000c7400000|  0%| F|  |TAMS 0x00000000c7300000, 0x00000000c7300000| Untracked 
| 116|0x00000000c7400000, 0x00000000c7500000, 0x00000000c7500000|100%| O|  |TAMS 0x00000000c7500000, 0x00000000c7400000| Updating 
| 117|0x00000000c7500000, 0x00000000c7600000, 0x00000000c7600000|100%| O|  |TAMS 0x00000000c7600000, 0x00000000c7500000| Updating 
| 118|0x00000000c7600000, 0x00000000c7600000, 0x00000000c7700000|  0%| F|  |TAMS 0x00000000c7600000, 0x00000000c7600000| Untracked 
| 119|0x00000000c7700000, 0x00000000c7800000, 0x00000000c7800000|100%| O|  |TAMS 0x00000000c7800000, 0x00000000c7700000| Updating 
| 120|0x00000000c7800000, 0x00000000c7900000, 0x00000000c7900000|100%| O|  |TAMS 0x00000000c7900000, 0x00000000c7800000| Updating 
| 121|0x00000000c7900000, 0x00000000c7900000, 0x00000000c7a00000|  0%| F|  |TAMS 0x00000000c7900000, 0x00000000c7900000| Untracked 
| 122|0x00000000c7a00000, 0x00000000c7a00000, 0x00000000c7b00000|  0%| F|  |TAMS 0x00000000c7a00000, 0x00000000c7a00000| Untracked 
| 123|0x00000000c7b00000, 0x00000000c7c00000, 0x00000000c7c00000|100%| O|  |TAMS 0x00000000c7c00000, 0x00000000c7b00000| Updating 
| 124|0x00000000c7c00000, 0x00000000c7c00000, 0x00000000c7d00000|  0%| F|  |TAMS 0x00000000c7c00000, 0x00000000c7c00000| Untracked 
| 125|0x00000000c7d00000, 0x00000000c7e00000, 0x00000000c7e00000|100%| O|  |TAMS 0x00000000c7e00000, 0x00000000c7d00000| Updating 
| 126|0x00000000c7e00000, 0x00000000c7f00000, 0x00000000c7f00000|100%| O|  |TAMS 0x00000000c7f00000, 0x00000000c7e00000| Updating 
| 127|0x00000000c7f00000, 0x00000000c8000000, 0x00000000c8000000|100%| O|  |TAMS 0x00000000c8000000, 0x00000000c7f00000| Updating 
| 128|0x00000000c8000000, 0x00000000c8100000, 0x00000000c8100000|100%| O|  |TAMS 0x00000000c8100000, 0x00000000c8000000| Untracked 
| 129|0x00000000c8100000, 0x00000000c8200000, 0x00000000c8200000|100%| O|  |TAMS 0x00000000c8200000, 0x00000000c8100000| Untracked 
| 130|0x00000000c8200000, 0x00000000c8300000, 0x00000000c8300000|100%| O|  |TAMS 0x00000000c8300000, 0x00000000c8200000| Untracked 
| 131|0x00000000c8300000, 0x00000000c8400000, 0x00000000c8400000|100%| O|  |TAMS 0x00000000c8400000, 0x00000000c8300000| Untracked 
| 132|0x00000000c8400000, 0x00000000c8500000, 0x00000000c8500000|100%| O|  |TAMS 0x00000000c8500000, 0x00000000c8400000| Updating 
| 133|0x00000000c8500000, 0x00000000c8600000, 0x00000000c8600000|100%| O|  |TAMS 0x00000000c8600000, 0x00000000c8500000| Untracked 
| 134|0x00000000c8600000, 0x00000000c8700000, 0x00000000c8700000|100%| O|  |TAMS 0x00000000c8700000, 0x00000000c8600000| Updating 
| 135|0x00000000c8700000, 0x00000000c8800000, 0x00000000c8800000|100%| O|  |TAMS 0x00000000c8800000, 0x00000000c8700000| Updating 
| 136|0x00000000c8800000, 0x00000000c8900000, 0x00000000c8900000|100%| O|  |TAMS 0x00000000c8900000, 0x00000000c8800000| Updating 
| 137|0x00000000c8900000, 0x00000000c8a00000, 0x00000000c8a00000|100%| O|  |TAMS 0x00000000c8a00000, 0x00000000c8900000| Updating 
| 138|0x00000000c8a00000, 0x00000000c8b00000, 0x00000000c8b00000|100%| O|  |TAMS 0x00000000c8b00000, 0x00000000c8a00000| Updating 
| 139|0x00000000c8b00000, 0x00000000c8c00000, 0x00000000c8c00000|100%| O|  |TAMS 0x00000000c8c00000, 0x00000000c8b00000| Updating 
| 140|0x00000000c8c00000, 0x00000000c8c00000, 0x00000000c8d00000|  0%| F|  |TAMS 0x00000000c8c00000, 0x00000000c8c00000| Untracked 
| 141|0x00000000c8d00000, 0x00000000c8d00000, 0x00000000c8e00000|  0%| F|  |TAMS 0x00000000c8d00000, 0x00000000c8d00000| Untracked 
| 142|0x00000000c8e00000, 0x00000000c8f00000, 0x00000000c8f00000|100%| O|  |TAMS 0x00000000c8f00000, 0x00000000c8e00000| Updating 
| 143|0x00000000c8f00000, 0x00000000c9000000, 0x00000000c9000000|100%| O|  |TAMS 0x00000000c9000000, 0x00000000c8f00000| Updating 
| 144|0x00000000c9000000, 0x00000000c9100000, 0x00000000c9100000|100%| O|  |TAMS 0x00000000c9100000, 0x00000000c9000000| Updating 
| 145|0x00000000c9100000, 0x00000000c9200000, 0x00000000c9200000|100%| O|  |TAMS 0x00000000c9200000, 0x00000000c9100000| Untracked 
| 146|0x00000000c9200000, 0x00000000c9300000, 0x00000000c9300000|100%| O|  |TAMS 0x00000000c92b5e00, 0x00000000c9200000| Untracked 
| 147|0x00000000c9300000, 0x00000000c9400000, 0x00000000c9400000|100%| O|  |TAMS 0x00000000c9300000, 0x00000000c9300000| Untracked 
| 148|0x00000000c9400000, 0x00000000c9500000, 0x00000000c9500000|100%| O|  |TAMS 0x00000000c9400000, 0x00000000c9400000| Untracked 
| 149|0x00000000c9500000, 0x00000000c95afc00, 0x00000000c9600000| 68%| O|  |TAMS 0x00000000c9500000, 0x00000000c9500000| Updating 
| 150|0x00000000c9600000, 0x00000000c9600000, 0x00000000c9700000|  0%| F|  |TAMS 0x00000000c9600000, 0x00000000c9600000| Untracked 
| 151|0x00000000c9700000, 0x00000000c9700000, 0x00000000c9800000|  0%| F|  |TAMS 0x00000000c9700000, 0x00000000c9700000| Untracked 
| 152|0x00000000c9800000, 0x00000000c9800000, 0x00000000c9900000|  0%| F|  |TAMS 0x00000000c9800000, 0x00000000c9800000| Untracked 
| 153|0x00000000c9900000, 0x00000000c9900000, 0x00000000c9a00000|  0%| F|  |TAMS 0x00000000c9900000, 0x00000000c9900000| Untracked 
| 154|0x00000000c9a00000, 0x00000000c9a00000, 0x00000000c9b00000|  0%| F|  |TAMS 0x00000000c9a00000, 0x00000000c9a00000| Untracked 
| 155|0x00000000c9b00000, 0x00000000c9b00000, 0x00000000c9c00000|  0%| F|  |TAMS 0x00000000c9b00000, 0x00000000c9b00000| Untracked 
| 156|0x00000000c9c00000, 0x00000000c9c00000, 0x00000000c9d00000|  0%| F|  |TAMS 0x00000000c9c00000, 0x00000000c9c00000| Untracked 
| 157|0x00000000c9d00000, 0x00000000c9d00000, 0x00000000c9e00000|  0%| F|  |TAMS 0x00000000c9d00000, 0x00000000c9d00000| Untracked 
| 158|0x00000000c9e00000, 0x00000000c9e00000, 0x00000000c9f00000|  0%| F|  |TAMS 0x00000000c9e00000, 0x00000000c9e00000| Untracked 
| 159|0x00000000c9f00000, 0x00000000c9f00000, 0x00000000ca000000|  0%| F|  |TAMS 0x00000000c9f00000, 0x00000000c9f00000| Untracked 
| 160|0x00000000ca000000, 0x00000000ca000000, 0x00000000ca100000|  0%| F|  |TAMS 0x00000000ca000000, 0x00000000ca000000| Untracked 
| 161|0x00000000ca100000, 0x00000000ca100000, 0x00000000ca200000|  0%| F|  |TAMS 0x00000000ca100000, 0x00000000ca100000| Untracked 
| 162|0x00000000ca200000, 0x00000000ca200000, 0x00000000ca300000|  0%| F|  |TAMS 0x00000000ca200000, 0x00000000ca200000| Untracked 
| 163|0x00000000ca300000, 0x00000000ca300000, 0x00000000ca400000|  0%| F|  |TAMS 0x00000000ca300000, 0x00000000ca300000| Untracked 
| 164|0x00000000ca400000, 0x00000000ca400000, 0x00000000ca500000|  0%| F|  |TAMS 0x00000000ca400000, 0x00000000ca400000| Untracked 
| 165|0x00000000ca500000, 0x00000000ca500000, 0x00000000ca600000|  0%| F|  |TAMS 0x00000000ca500000, 0x00000000ca500000| Untracked 
| 166|0x00000000ca600000, 0x00000000ca600000, 0x00000000ca700000|  0%| F|  |TAMS 0x00000000ca600000, 0x00000000ca600000| Untracked 
| 167|0x00000000ca700000, 0x00000000ca700000, 0x00000000ca800000|  0%| F|  |TAMS 0x00000000ca700000, 0x00000000ca700000| Untracked 
| 168|0x00000000ca800000, 0x00000000ca800000, 0x00000000ca900000|  0%| F|  |TAMS 0x00000000ca800000, 0x00000000ca800000| Untracked 
| 169|0x00000000ca900000, 0x00000000ca900000, 0x00000000caa00000|  0%| F|  |TAMS 0x00000000ca900000, 0x00000000ca900000| Untracked 
| 170|0x00000000caa00000, 0x00000000caa00000, 0x00000000cab00000|  0%| F|  |TAMS 0x00000000caa00000, 0x00000000caa00000| Untracked 
| 171|0x00000000cab00000, 0x00000000cab00000, 0x00000000cac00000|  0%| F|  |TAMS 0x00000000cab00000, 0x00000000cab00000| Untracked 
| 172|0x00000000cac00000, 0x00000000cac00000, 0x00000000cad00000|  0%| F|  |TAMS 0x00000000cac00000, 0x00000000cac00000| Untracked 
| 173|0x00000000cad00000, 0x00000000cad00000, 0x00000000cae00000|  0%| F|  |TAMS 0x00000000cad00000, 0x00000000cad00000| Untracked 
| 174|0x00000000cae00000, 0x00000000cae00000, 0x00000000caf00000|  0%| F|  |TAMS 0x00000000cae00000, 0x00000000cae00000| Untracked 
| 175|0x00000000caf00000, 0x00000000caf00000, 0x00000000cb000000|  0%| F|  |TAMS 0x00000000caf00000, 0x00000000caf00000| Untracked 
| 176|0x00000000cb000000, 0x00000000cb08fbc0, 0x00000000cb100000| 56%| S|CS|TAMS 0x00000000cb000000, 0x00000000cb000000| Complete 
| 177|0x00000000cb100000, 0x00000000cb100000, 0x00000000cb200000|  0%| F|  |TAMS 0x00000000cb100000, 0x00000000cb100000| Untracked 
| 178|0x00000000cb200000, 0x00000000cb200000, 0x00000000cb300000|  0%| F|  |TAMS 0x00000000cb200000, 0x00000000cb200000| Untracked 
| 179|0x00000000cb300000, 0x00000000cb300000, 0x00000000cb400000|  0%| F|  |TAMS 0x00000000cb300000, 0x00000000cb300000| Untracked 
| 180|0x00000000cb400000, 0x00000000cb400000, 0x00000000cb500000|  0%| F|  |TAMS 0x00000000cb400000, 0x00000000cb400000| Untracked 
| 181|0x00000000cb500000, 0x00000000cb500000, 0x00000000cb600000|  0%| F|  |TAMS 0x00000000cb500000, 0x00000000cb500000| Untracked 
| 182|0x00000000cb600000, 0x00000000cb600000, 0x00000000cb700000|  0%| F|  |TAMS 0x00000000cb600000, 0x00000000cb600000| Untracked 
| 183|0x00000000cb700000, 0x00000000cb700000, 0x00000000cb800000|  0%| F|  |TAMS 0x00000000cb700000, 0x00000000cb700000| Untracked 
| 184|0x00000000cb800000, 0x00000000cb800000, 0x00000000cb900000|  0%| F|  |TAMS 0x00000000cb800000, 0x00000000cb800000| Untracked 
| 185|0x00000000cb900000, 0x00000000cb900000, 0x00000000cba00000|  0%| F|  |TAMS 0x00000000cb900000, 0x00000000cb900000| Untracked 
|1021|0x00000000ffd00000, 0x00000000ffe00000, 0x00000000ffe00000|100%| O|  |TAMS 0x00000000ffe00000, 0x00000000ffd00000| Untracked 
|1022|0x00000000ffe00000, 0x00000000ffe00000, 0x00000000fff00000|  0%| F|  |TAMS 0x00000000ffe00000, 0x00000000ffe00000| Untracked 
|1023|0x00000000fff00000, 0x00000000fff23f98, 0x0000000100000000| 14%| E|  |TAMS 0x00000000fff00000, 0x00000000fff00000| Complete 

Card table byte_map: [0x0000029b0dca0000,0x0000029b0dea0000] _byte_map_base: 0x0000029b0d6a0000

Marking Bits (Prev, Next): (CMBitMap*) 0x0000029b0dffd970, (CMBitMap*) 0x0000029b0dffd930
 Prev Bits: [0x0000029b21690000, 0x0000029b22690000)
 Next Bits: [0x0000029b20690000, 0x0000029b21690000)

Polling page: 0x0000029b0bd70000

Metaspace:

Usage:
  Non-class:     89.52 MB used.
      Class:     13.59 MB used.
       Both:    103.11 MB used.

Virtual space:
  Non-class space:       96.00 MB reserved,      89.88 MB ( 94%) committed,  12 nodes.
      Class space:        1.00 GB reserved,      13.94 MB (  1%) committed,  1 nodes.
             Both:        1.09 GB reserved,     103.81 MB (  9%) committed. 

Chunk freelists:
   Non-Class:  1.75 MB
       Class:  2.02 MB
        Both:  3.77 MB

MaxMetaspaceSize: unlimited
CompressedClassSpaceSize: 1.00 GB
Initial GC threshold: 21.00 MB
Current GC threshold: 164.94 MB
CDS: off
MetaspaceReclaimPolicy: balanced
 - commit_granule_bytes: 65536.
 - commit_granule_words: 8192.
 - virtual_space_node_default_size: 1048576.
 - enlarge_chunks_in_place: 1.
 - new_chunks_are_fully_committed: 0.
 - uncommit_free_chunks: 1.
 - use_allocation_guard: 0.
 - handle_deallocations: 1.


Internal statistics:

num_allocs_failed_limit: 6.
num_arena_births: 1160.
num_arena_deaths: 0.
num_vsnodes_births: 13.
num_vsnodes_deaths: 0.
num_space_committed: 1659.
num_space_uncommitted: 0.
num_chunks_returned_to_freelist: 6.
num_chunks_taken_from_freelist: 5047.
num_chunk_merges: 6.
num_chunk_splits: 3385.
num_chunks_enlarged: 2328.
num_purges: 0.
num_inconsistent_stats: 0.

CodeHeap 'non-profiled nmethods': size=120064Kb used=6903Kb max_used=7318Kb free=113160Kb
 bounds [0x0000029b18f50000, 0x0000029b19680000, 0x0000029b20490000]
CodeHeap 'profiled nmethods': size=120000Kb used=21729Kb max_used=24243Kb free=98270Kb
 bounds [0x0000029b11490000, 0x0000029b12c50000, 0x0000029b189c0000]
CodeHeap 'non-nmethods': size=5696Kb used=2403Kb max_used=2452Kb free=3292Kb
 bounds [0x0000029b189c0000, 0x0000029b18c30000, 0x0000029b18f50000]
 total_blobs=12182 nmethods=11240 adapters=853
 compilation: enabled
              stopped_count=0, restarted_count=0
 full_count=0

Compilation events (20 events):
Event: 106.889 Thread 0x0000029b25408070 nmethod 13638 0x0000029b18f68e10 code [0x0000029b18f68fa0, 0x0000029b18f697f8]
Event: 106.890 Thread 0x0000029b25408070 13639       4       com.sun.org.apache.xerces.internal.util.AugmentationsImpl$SmallContainer::clear (41 bytes)
Event: 106.890 Thread 0x0000029b25408070 nmethod 13639 0x0000029b19009f10 code [0x0000029b1900a080, 0x0000029b1900a118]
Event: 106.890 Thread 0x0000029b25408070 13643       4       kotlin.jvm.internal.FunctionReference::<init> (37 bytes)
Event: 106.895 Thread 0x0000029b25408070 nmethod 13643 0x0000029b19017890 code [0x0000029b19017a00, 0x0000029b19017e38]
Event: 106.895 Thread 0x0000029b25408070 13640       4       com.sun.org.apache.xerces.internal.impl.XMLStreamReaderImpl::getProperty (60 bytes)
Event: 106.897 Thread 0x0000029b25408070 nmethod 13640 0x0000029b1907dc90 code [0x0000029b1907de20, 0x0000029b1907e148]
Event: 106.897 Thread 0x0000029b25408070 13266       4       java.util.Spliterators$2Adapter::nextInt (32 bytes)
Event: 106.898 Thread 0x0000029b25408070 nmethod 13266 0x0000029b19503510 code [0x0000029b19503680, 0x0000029b19503718]
Event: 106.898 Thread 0x0000029b25408070 13267       4       java.lang.Character::isValidCodePoint (17 bytes)
Event: 106.898 Thread 0x0000029b25408070 nmethod 13267 0x0000029b19510310 code [0x0000029b19510480, 0x0000029b195104f8]
Event: 106.898 Thread 0x0000029b25408070 13469       4       com.android.aaptcompiler.android.UtilKt::hostToDevice (15 bytes)
Event: 106.899 Thread 0x0000029b25408070 nmethod 13469 0x0000029b194e2510 code [0x0000029b194e2680, 0x0000029b194e26d8]
Event: 106.899 Thread 0x0000029b25408070 13647       4       com.sun.xml.internal.stream.events.StartElementEvent::<init> (19 bytes)
Event: 106.904 Thread 0x0000029b25408070 nmethod 13647 0x0000029b18f63790 code [0x0000029b18f63920, 0x0000029b18f63e18]
Event: 106.904 Thread 0x0000029b25408070 13591       4       com.google.protobuf.CodedOutputStream$AbstractBufferedEncoder::buffer (28 bytes)
Event: 106.905 Thread 0x0000029b25408070 nmethod 13591 0x0000029b194e8910 code [0x0000029b194e8a80, 0x0000029b194e8b58]
Event: 106.926 Thread 0x0000029b25408070 13648       4       java.lang.StringUTF16$CodePointsSpliterator::tryAdvance (54 bytes)
Event: 106.928 Thread 0x0000029b25408070 nmethod 13648 0x0000029b19553f10 code [0x0000029b195540a0, 0x0000029b19554218]
Event: 106.929 Thread 0x0000029b25408070 13649       4       com.android.aaptcompiler.TableExtractor::parseXml (494 bytes)

GC Heap History (20 events):
Event: 93.559 GC heap before
{Heap before GC invocations=62 (full 0):
 garbage-first heap   total 193536K, used 147968K [0x00000000c0000000, 0x0000000100000000)
  region size 1024K, 24 young (24576K), 2 survivors (2048K)
 Metaspace       used 101019K, committed 101696K, reserved 1138688K
  class space    used 13548K, committed 13888K, reserved 1048576K
}
Event: 93.585 GC heap after
{Heap after GC invocations=63 (full 0):
 garbage-first heap   total 193536K, used 128417K [0x00000000c0000000, 0x0000000100000000)
  region size 1024K, 3 young (3072K), 3 survivors (3072K)
 Metaspace       used 101019K, committed 101696K, reserved 1138688K
  class space    used 13548K, committed 13888K, reserved 1048576K
}
Event: 95.399 GC heap before
{Heap before GC invocations=63 (full 0):
 garbage-first heap   total 193536K, used 150945K [0x00000000c0000000, 0x0000000100000000)
  region size 1024K, 23 young (23552K), 3 survivors (3072K)
 Metaspace       used 101230K, committed 102016K, reserved 1138688K
  class space    used 13557K, committed 13952K, reserved 1048576K
}
Event: 95.426 GC heap after
{Heap after GC invocations=64 (full 0):
 garbage-first heap   total 193536K, used 130495K [0x00000000c0000000, 0x0000000100000000)
  region size 1024K, 3 young (3072K), 3 survivors (3072K)
 Metaspace       used 101230K, committed 102016K, reserved 1138688K
  class space    used 13557K, committed 13952K, reserved 1048576K
}
Event: 97.632 GC heap before
{Heap before GC invocations=64 (full 0):
 garbage-first heap   total 193536K, used 162239K [0x00000000c0000000, 0x0000000100000000)
  region size 1024K, 23 young (23552K), 3 survivors (3072K)
 Metaspace       used 101320K, committed 102080K, reserved 1138688K
  class space    used 13567K, committed 13952K, reserved 1048576K
}
Event: 97.657 GC heap after
{Heap after GC invocations=65 (full 0):
 garbage-first heap   total 193536K, used 140044K [0x00000000c0000000, 0x0000000100000000)
  region size 1024K, 3 young (3072K), 3 survivors (3072K)
 Metaspace       used 101320K, committed 102080K, reserved 1138688K
  class space    used 13567K, committed 13952K, reserved 1048576K
}
Event: 98.391 GC heap before
{Heap before GC invocations=65 (full 0):
 garbage-first heap   total 193536K, used 159500K [0x00000000c0000000, 0x0000000100000000)
  region size 1024K, 19 young (19456K), 3 survivors (3072K)
 Metaspace       used 101669K, committed 102464K, reserved 1138688K
  class space    used 13596K, committed 13952K, reserved 1048576K
}
Event: 98.408 GC heap after
{Heap after GC invocations=66 (full 0):
 garbage-first heap   total 193536K, used 139514K [0x00000000c0000000, 0x0000000100000000)
  region size 1024K, 3 young (3072K), 3 survivors (3072K)
 Metaspace       used 101669K, committed 102464K, reserved 1138688K
  class space    used 13596K, committed 13952K, reserved 1048576K
}
Event: 99.341 GC heap before
{Heap before GC invocations=66 (full 0):
 garbage-first heap   total 193536K, used 156922K [0x00000000c0000000, 0x0000000100000000)
  region size 1024K, 20 young (20480K), 3 survivors (3072K)
 Metaspace       used 101700K, committed 102528K, reserved 1138688K
  class space    used 13601K, committed 14016K, reserved 1048576K
}
Event: 99.353 GC heap after
{Heap after GC invocations=67 (full 0):
 garbage-first heap   total 193536K, used 142336K [0x00000000c0000000, 0x0000000100000000)
  region size 1024K, 3 young (3072K), 3 survivors (3072K)
 Metaspace       used 101700K, committed 102528K, reserved 1138688K
  class space    used 13601K, committed 14016K, reserved 1048576K
}
Event: 104.857 GC heap before
{Heap before GC invocations=67 (full 0):
 garbage-first heap   total 193536K, used 159744K [0x00000000c0000000, 0x0000000100000000)
  region size 1024K, 20 young (20480K), 3 survivors (3072K)
 Metaspace       used 104329K, committed 105152K, reserved 1146880K
  class space    used 13823K, committed 14208K, reserved 1048576K
}
Event: 104.873 GC heap after
{Heap after GC invocations=68 (full 0):
 garbage-first heap   total 193536K, used 144948K [0x00000000c0000000, 0x0000000100000000)
  region size 1024K, 3 young (3072K), 3 survivors (3072K)
 Metaspace       used 104329K, committed 105152K, reserved 1146880K
  class space    used 13823K, committed 14208K, reserved 1048576K
}
Event: 105.640 GC heap before
{Heap before GC invocations=68 (full 0):
 garbage-first heap   total 193536K, used 161332K [0x00000000c0000000, 0x0000000100000000)
  region size 1024K, 19 young (19456K), 3 survivors (3072K)
 Metaspace       used 104811K, committed 105536K, reserved 1146880K
  class space    used 13868K, committed 14208K, reserved 1048576K
}
Event: 105.653 GC heap after
{Heap after GC invocations=69 (full 0):
 garbage-first heap   total 193536K, used 147211K [0x00000000c0000000, 0x0000000100000000)
  region size 1024K, 3 young (3072K), 3 survivors (3072K)
 Metaspace       used 104811K, committed 105536K, reserved 1146880K
  class space    used 13868K, committed 14208K, reserved 1048576K
}
Event: 106.140 GC heap before
{Heap before GC invocations=69 (full 0):
 garbage-first heap   total 193536K, used 162571K [0x00000000c0000000, 0x0000000100000000)
  region size 1024K, 18 young (18432K), 3 survivors (3072K)
 Metaspace       used 105228K, committed 105984K, reserved 1146880K
  class space    used 13890K, committed 14272K, reserved 1048576K
}
Event: 106.166 GC heap after
{Heap after GC invocations=70 (full 0):
 garbage-first heap   total 193536K, used 150440K [0x00000000c0000000, 0x0000000100000000)
  region size 1024K, 3 young (3072K), 3 survivors (3072K)
 Metaspace       used 105228K, committed 105984K, reserved 1146880K
  class space    used 13890K, committed 14272K, reserved 1048576K
}
Event: 106.464 GC heap before
{Heap before GC invocations=70 (full 0):
 garbage-first heap   total 193536K, used 164776K [0x00000000c0000000, 0x0000000100000000)
  region size 1024K, 17 young (17408K), 3 survivors (3072K)
 Metaspace       used 105567K, committed 106304K, reserved 1146880K
  class space    used 13915K, committed 14272K, reserved 1048576K
}
Event: 106.486 GC heap after
{Heap after GC invocations=71 (full 0):
 garbage-first heap   total 193536K, used 154327K [0x00000000c0000000, 0x0000000100000000)
  region size 1024K, 3 young (3072K), 3 survivors (3072K)
 Metaspace       used 105567K, committed 106304K, reserved 1146880K
  class space    used 13915K, committed 14272K, reserved 1048576K
}
Event: 106.827 GC heap before
{Heap before GC invocations=71 (full 0):
 garbage-first heap   total 193536K, used 165591K [0x00000000c0000000, 0x0000000100000000)
  region size 1024K, 14 young (14336K), 3 survivors (3072K)
 Metaspace       used 105580K, committed 106304K, reserved 1146880K
  class space    used 13915K, committed 14272K, reserved 1048576K
}
Event: 106.835 GC heap after
{Heap after GC invocations=72 (full 0):
 garbage-first heap   total 193536K, used 154877K [0x00000000c0000000, 0x0000000100000000)
  region size 1024K, 1 young (1024K), 1 survivors (1024K)
 Metaspace       used 105580K, committed 106304K, reserved 1146880K
  class space    used 13915K, committed 14272K, reserved 1048576K
}

Dll operation events (2 events):
Event: 0.323 Loaded shared library C:\Program Files\Android\Android Studio\jbr\bin\java.dll
Event: 13.976 Loaded shared library C:\Program Files\Android\Android Studio\jbr\bin\verify.dll

Deoptimization events (20 events):
Event: 105.598 Thread 0x0000029b2ee6c480 Uncommon trap: trap_request=0xffffff45 fr.pc=0x0000029b1962d55c relative=0x000000000000051c
Event: 105.598 Thread 0x0000029b2ee6c480 Uncommon trap: reason=unstable_if action=reinterpret pc=0x0000029b1962d55c method=com.sun.org.apache.xerces.internal.impl.XMLEntityScanner.scanLiteral(ILcom/sun/org/apache/xerces/internal/xni/XMLString;Z)I @ 299 c2
Event: 105.598 Thread 0x0000029b2ee6c480 DEOPT PACKING pc=0x0000029b1962d55c sp=0x000000c1a6cfd640
Event: 105.598 Thread 0x0000029b2ee6c480 DEOPT UNPACKING pc=0x0000029b18a169a3 sp=0x000000c1a6cfd5f0 mode 2
Event: 105.598 Thread 0x0000029b2ee6c480 Uncommon trap: trap_request=0xffffff45 fr.pc=0x0000029b19636bf4 relative=0x0000000000001974
Event: 105.598 Thread 0x0000029b2ee6c480 Uncommon trap: reason=unstable_if action=reinterpret pc=0x0000029b19636bf4 method=com.android.aaptcompiler.XmlStringBuilder.append(Ljava/lang/String;)Lcom/android/aaptcompiler/XmlStringBuilder; @ 253 c2
Event: 105.598 Thread 0x0000029b2ee6c480 DEOPT PACKING pc=0x0000029b19636bf4 sp=0x000000c1a6cfd320
Event: 105.598 Thread 0x0000029b2ee6c480 DEOPT UNPACKING pc=0x0000029b18a169a3 sp=0x000000c1a6cfd308 mode 2
Event: 105.637 Thread 0x0000029b27eef880 Uncommon trap: trap_request=0xffffff45 fr.pc=0x0000029b1961a9f0 relative=0x0000000000000210
Event: 105.637 Thread 0x0000029b27eef880 Uncommon trap: reason=unstable_if action=reinterpret pc=0x0000029b1961a9f0 method=com.sun.org.apache.xerces.internal.impl.XMLStreamReaderImpl.next()I @ 125 c2
Event: 105.637 Thread 0x0000029b27eef880 DEOPT PACKING pc=0x0000029b1961a9f0 sp=0x000000c1a98fcf30
Event: 105.637 Thread 0x0000029b27eef880 DEOPT UNPACKING pc=0x0000029b18a169a3 sp=0x000000c1a98fcef0 mode 2
Event: 105.788 Thread 0x0000029b27eef880 DEOPT PACKING pc=0x0000029b12ba42b2 sp=0x000000c1a98fcb80
Event: 105.788 Thread 0x0000029b27eef880 DEOPT UNPACKING pc=0x0000029b18a17143 sp=0x000000c1a98fc0c8 mode 0
Event: 106.530 Thread 0x0000029b2ee6c480 Uncommon trap: trap_request=0xffffff45 fr.pc=0x0000029b19669fb4 relative=0x0000000000000814
Event: 106.530 Thread 0x0000029b2ee6c480 Uncommon trap: reason=unstable_if action=reinterpret pc=0x0000029b19669fb4 method=com.google.protobuf.Utf8$UnsafeProcessor.encodeUtf8(Ljava/lang/CharSequence;[BII)I @ 261 c2
Event: 106.530 Thread 0x0000029b2ee6c480 DEOPT PACKING pc=0x0000029b19669fb4 sp=0x000000c1a6cfd120
Event: 106.530 Thread 0x0000029b2ee6c480 DEOPT UNPACKING pc=0x0000029b18a169a3 sp=0x000000c1a6cfd068 mode 2
Event: 106.618 Thread 0x0000029b2ee6c480 DEOPT PACKING pc=0x0000029b12b85b63 sp=0x000000c1a6cfcf60
Event: 106.618 Thread 0x0000029b2ee6c480 DEOPT UNPACKING pc=0x0000029b18a17143 sp=0x000000c1a6cfc4c8 mode 0

Classes unloaded (0 events):
No events

Classes redefined (0 events):
No events

Internal exceptions (20 events):
Event: 81.799 Thread 0x0000029b27eef880 Exception <a 'java/lang/NoSuchMethodError'{0x00000000c82df910}: 'java.lang.Object java.lang.invoke.Invokers$Holder.linkToTargetMethod(java.lang.Object, java.lang.Object, java.lang.Object, java.lang.Object, java.lang.Object, java.lang.Object, java.lang.Object, java.lang.Object, java.lang.Object, java.lang.Object)'> (0x00000000c82df910) 
thrown [s\src\hotspot\share\interpreter\linkResolver.cpp, line 771]
Event: 81.945 Thread 0x0000029b25ced3f0 Exception <a 'java/lang/NoSuchMethodError'{0x00000000c7f73d68}: static Lorg/gradle/internal/build/event/types/DefaultTaskFailureResult;.<clinit>()V> (0x00000000c7f73d68) 
thrown [s\src\hotspot\share\prims\jni.cpp, line 1108]
Event: 81.950 Thread 0x0000029b25ced3f0 Exception <a 'java/lang/NoSuchMethodError'{0x00000000c7f8a8b8}: static Lorg/gradle/internal/build/event/types/DefaultFailure;.<clinit>()V> (0x00000000c7f8a8b8) 
thrown [s\src\hotspot\share\prims\jni.cpp, line 1108]
Event: 82.073 Thread 0x0000029b27eef3b0 Exception <a 'sun/nio/fs/WindowsException'{0x00000000c7f9c848}> (0x00000000c7f9c848) 
thrown [s\src\hotspot\share\prims\jni.cpp, line 517]
Event: 83.869 Thread 0x0000029b27eef3b0 Exception <a 'sun/nio/fs/WindowsException'{0x00000000c87d7b28}> (0x00000000c87d7b28) 
thrown [s\src\hotspot\share\prims\jni.cpp, line 517]
Event: 83.869 Thread 0x0000029b27eef3b0 Exception <a 'sun/nio/fs/WindowsException'{0x00000000c87d8a10}> (0x00000000c87d8a10) 
thrown [s\src\hotspot\share\prims\jni.cpp, line 517]
Event: 83.869 Thread 0x0000029b27eef3b0 Exception <a 'sun/nio/fs/WindowsException'{0x00000000c87d8a80}> (0x00000000c87d8a80) 
thrown [s\src\hotspot\share\prims\jni.cpp, line 517]
Event: 83.869 Thread 0x0000029b27eef3b0 Exception <a 'sun/nio/fs/WindowsException'{0x00000000c87d8f30}> (0x00000000c87d8f30) 
thrown [s\src\hotspot\share\prims\jni.cpp, line 517]
Event: 84.384 Thread 0x0000029b27eef3b0 Exception <a 'sun/nio/fs/WindowsException'{0x00000000c86f5910}> (0x00000000c86f5910) 
thrown [s\src\hotspot\share\prims\jni.cpp, line 517]
Event: 84.385 Thread 0x0000029b27eef3b0 Exception <a 'sun/nio/fs/WindowsException'{0x00000000c86f7cb8}> (0x00000000c86f7cb8) 
thrown [s\src\hotspot\share\prims\jni.cpp, line 517]
Event: 84.388 Thread 0x0000029b27eef3b0 Exception <a 'sun/nio/fs/WindowsException'{0x00000000c86f9de0}> (0x00000000c86f9de0) 
thrown [s\src\hotspot\share\prims\jni.cpp, line 517]
Event: 84.389 Thread 0x0000029b27eef3b0 Exception <a 'sun/nio/fs/WindowsException'{0x00000000c86fc0e8}> (0x00000000c86fc0e8) 
thrown [s\src\hotspot\share\prims\jni.cpp, line 517]
Event: 84.389 Thread 0x0000029b27eef3b0 Exception <a 'sun/nio/fs/WindowsException'{0x00000000c86fe070}> (0x00000000c86fe070) 
thrown [s\src\hotspot\share\prims\jni.cpp, line 517]
Event: 92.271 Thread 0x0000029b27eef3b0 Implicit null exception at 0x0000029b194b3057 to 0x0000029b194b3fac
Event: 97.627 Thread 0x0000029b27eef3b0 Implicit null exception at 0x0000029b19562aba to 0x0000029b19568d30
Event: 98.130 Thread 0x0000029b27eef3b0 Exception <a 'java/lang/NoSuchMethodError'{0x00000000ffe60508}: static Lcom/android/ide/common/resources/CompileResourceRequest;.<clinit>()V> (0x00000000ffe60508) 
thrown [s\src\hotspot\share\prims\jni.cpp, line 1108]
Event: 98.139 Thread 0x0000029b27eef3b0 Exception <a 'java/lang/NoSuchMethodError'{0x00000000ffe96e00}: static Ljava/lang/Object;.<clinit>()V> (0x00000000ffe96e00) 
thrown [s\src\hotspot\share\prims\jni.cpp, line 1108]
Event: 98.142 Thread 0x0000029b27eef3b0 Exception <a 'java/lang/NoSuchMethodError'{0x00000000ffea9338}: static Ljava/lang/Object;.<clinit>()V> (0x00000000ffea9338) 
thrown [s\src\hotspot\share\prims\jni.cpp, line 1108]
Event: 98.144 Thread 0x0000029b27eef3b0 Exception <a 'java/lang/NoSuchMethodError'{0x00000000ffebaa20}: static Ljava/lang/Object;.<clinit>()V> (0x00000000ffebaa20) 
thrown [s\src\hotspot\share\prims\jni.cpp, line 1108]
Event: 98.173 Thread 0x0000029b27eef3b0 Exception <a 'java/lang/NoSuchMethodError'{0x00000000cb9d40a0}: static Lkotlin/InitializedLazyImpl;.<clinit>()V> (0x00000000cb9d40a0) 
thrown [s\src\hotspot\share\prims\jni.cpp, line 1108]

VM Operations (20 events):
Event: 103.024 Executing VM operation: Cleanup done
Event: 104.024 Executing VM operation: Cleanup
Event: 104.169 Executing VM operation: Cleanup done
Event: 104.857 Executing VM operation: G1CollectForAllocation
Event: 104.875 Executing VM operation: G1CollectForAllocation done
Event: 105.640 Executing VM operation: G1CollectForAllocation
Event: 105.664 Executing VM operation: G1CollectForAllocation done
Event: 106.140 Executing VM operation: G1CollectForAllocation
Event: 106.170 Executing VM operation: G1CollectForAllocation done
Event: 106.463 Executing VM operation: G1CollectForAllocation
Event: 106.486 Executing VM operation: G1CollectForAllocation done
Event: 106.691 Executing VM operation: HandshakeAllThreads
Event: 106.691 Executing VM operation: HandshakeAllThreads done
Event: 106.727 Executing VM operation: HandshakeAllThreads
Event: 106.728 Executing VM operation: HandshakeAllThreads done
Event: 106.827 Executing VM operation: G1CollectForAllocation
Event: 106.836 Executing VM operation: G1CollectForAllocation done
Event: 106.895 Executing VM operation: HandshakeAllThreads
Event: 106.905 Executing VM operation: HandshakeAllThreads done
Event: 107.059 Executing VM operation: G1Concurrent

Events (20 events):
Event: 106.925 Thread 0x0000029b2545e610 flushing nmethod 0x0000029b12b45c90
Event: 106.925 Thread 0x0000029b2545e610 flushing nmethod 0x0000029b12b46910
Event: 106.925 Thread 0x0000029b2545e610 flushing nmethod 0x0000029b12b47010
Event: 106.925 Thread 0x0000029b2545e610 flushing nmethod 0x0000029b12b48910
Event: 106.925 Thread 0x0000029b2545e610 flushing nmethod 0x0000029b12b4a890
Event: 106.925 Thread 0x0000029b2545e610 flushing nmethod 0x0000029b12b4af90
Event: 106.925 Thread 0x0000029b2545e610 flushing nmethod 0x0000029b12b4b410
Event: 106.925 Thread 0x0000029b2545e610 flushing nmethod 0x0000029b12b4dc90
Event: 106.925 Thread 0x0000029b2545e610 flushing nmethod 0x0000029b12b56c90
Event: 106.925 Thread 0x0000029b2545e610 flushing nmethod 0x0000029b12b5e290
Event: 106.925 Thread 0x0000029b2545e610 flushing nmethod 0x0000029b12b62a10
Event: 106.925 Thread 0x0000029b2545e610 flushing nmethod 0x0000029b12b62d90
Event: 106.925 Thread 0x0000029b2545e610 flushing nmethod 0x0000029b12b6c910
Event: 106.925 Thread 0x0000029b2545e610 flushing nmethod 0x0000029b12b73f90
Event: 106.925 Thread 0x0000029b2545e610 flushing nmethod 0x0000029b12b78a90
Event: 106.925 Thread 0x0000029b2545e610 flushing nmethod 0x0000029b12b83910
Event: 106.925 Thread 0x0000029b2545e610 flushing nmethod 0x0000029b12b84c10
Event: 106.925 Thread 0x0000029b2545e610 flushing nmethod 0x0000029b12b9c490
Event: 106.925 Thread 0x0000029b2545e610 flushing nmethod 0x0000029b12ba3390
Event: 106.926 Thread 0x0000029b2545e610 flushing nmethod 0x0000029b12c2e490


Dynamic libraries:
0x00007ff712660000 - 0x00007ff71266a000 	C:\Program Files\Android\Android Studio\jbr\bin\java.exe
0x00007ff917ff0000 - 0x00007ff9181e8000 	C:\Windows\SYSTEM32\ntdll.dll
0x00007ff916000000 - 0x00007ff9160c2000 	C:\Windows\System32\KERNEL32.DLL
0x00007ff915980000 - 0x00007ff915c7f000 	C:\Windows\System32\KERNELBASE.dll
0x00007ff915c80000 - 0x00007ff915d80000 	C:\Windows\System32\ucrtbase.dll
0x00007ff906df0000 - 0x00007ff906e0b000 	C:\Program Files\Android\Android Studio\jbr\bin\VCRUNTIME140.dll
0x00007ff908f10000 - 0x00007ff908f27000 	C:\Program Files\Android\Android Studio\jbr\bin\jli.dll
0x00007ff917380000 - 0x00007ff91751d000 	C:\Windows\System32\USER32.dll
0x00007ff915730000 - 0x00007ff915752000 	C:\Windows\System32\win32u.dll
0x00007ff916eb0000 - 0x00007ff916edb000 	C:\Windows\System32\GDI32.dll
0x00007ff915ee0000 - 0x00007ff915ff7000 	C:\Windows\System32\gdi32full.dll
0x00007ff915850000 - 0x00007ff9158ed000 	C:\Windows\System32\msvcp_win.dll
0x00007ff904c30000 - 0x00007ff904eca000 	C:\Windows\WinSxS\amd64_microsoft.windows.common-controls_6595b64144ccf1df_6.0.19041.4355_none_60b8b9eb71f62e16\COMCTL32.dll
0x00007ff917130000 - 0x00007ff9171ce000 	C:\Windows\System32\msvcrt.dll
0x00007ff917350000 - 0x00007ff91737f000 	C:\Windows\System32\IMM32.DLL
0x00007ff90ff80000 - 0x00007ff90ff8c000 	C:\Program Files\Android\Android Studio\jbr\bin\vcruntime140_1.dll
0x00007ff8ebc00000 - 0x00007ff8ebc8d000 	C:\Program Files\Android\Android Studio\jbr\bin\msvcp140.dll
0x00007ff89e690000 - 0x00007ff89f2fe000 	C:\Program Files\Android\Android Studio\jbr\bin\server\jvm.dll
0x00007ff917e20000 - 0x00007ff917ed1000 	C:\Windows\System32\ADVAPI32.dll
0x00007ff9179a0000 - 0x00007ff917a3f000 	C:\Windows\System32\sechost.dll
0x00007ff917cf0000 - 0x00007ff917e13000 	C:\Windows\System32\RPCRT4.dll
0x00007ff9157b0000 - 0x00007ff9157d7000 	C:\Windows\System32\bcrypt.dll
0x00007ff910350000 - 0x00007ff910359000 	C:\Windows\SYSTEM32\WSOCK32.dll
0x00007ff917ee0000 - 0x00007ff917f4b000 	C:\Windows\System32\WS2_32.dll
0x00007ff90b100000 - 0x00007ff90b127000 	C:\Windows\SYSTEM32\WINMM.dll
0x00007ff90c410000 - 0x00007ff90c41a000 	C:\Windows\SYSTEM32\VERSION.dll
0x00007ff913500000 - 0x00007ff913512000 	C:\Windows\SYSTEM32\kernel.appcore.dll
0x00007ff9100a0000 - 0x00007ff9100aa000 	C:\Program Files\Android\Android Studio\jbr\bin\jimage.dll
0x00007ff8f8810000 - 0x00007ff8f89f4000 	C:\Windows\SYSTEM32\DBGHELP.DLL
0x00007ff8f87d0000 - 0x00007ff8f8804000 	C:\Windows\SYSTEM32\dbgcore.DLL
0x00007ff9158f0000 - 0x00007ff915972000 	C:\Windows\System32\bcryptPrimitives.dll
0x00007ff90e640000 - 0x00007ff90e665000 	C:\Program Files\Android\Android Studio\jbr\bin\java.dll
0x00007ff90e230000 - 0x00007ff90e248000 	C:\Program Files\Android\Android Studio\jbr\bin\zip.dll
0x00007ff9164b0000 - 0x00007ff916c1e000 	C:\Windows\System32\SHELL32.dll
0x00007ff913700000 - 0x00007ff913ea4000 	C:\Windows\SYSTEM32\windows.storage.dll
0x00007ff916130000 - 0x00007ff916485000 	C:\Windows\System32\combase.dll
0x00007ff914fe0000 - 0x00007ff91500f000 	C:\Windows\SYSTEM32\Wldp.dll
0x00007ff917b70000 - 0x00007ff917c3d000 	C:\Windows\System32\OLEAUT32.dll
0x00007ff917230000 - 0x00007ff9172dd000 	C:\Windows\System32\SHCORE.dll
0x00007ff917f50000 - 0x00007ff917fa5000 	C:\Windows\System32\shlwapi.dll
0x00007ff9155b0000 - 0x00007ff9155d4000 	C:\Windows\SYSTEM32\profapi.dll
0x00007ff90c3d0000 - 0x00007ff90c3e9000 	C:\Program Files\Android\Android Studio\jbr\bin\net.dll
0x00007ff908fc0000 - 0x00007ff9090cd000 	C:\Windows\SYSTEM32\WINHTTP.dll
0x00007ff914d40000 - 0x00007ff914daa000 	C:\Windows\system32\mswsock.dll
0x00007ff90c3b0000 - 0x00007ff90c3c6000 	C:\Program Files\Android\Android Studio\jbr\bin\nio.dll
0x00007ff90ffe0000 - 0x00007ff90fff0000 	C:\Program Files\Android\Android Studio\jbr\bin\verify.dll
0x00007ff906e10000 - 0x00007ff906e37000 	C:\Users\LENOVO\.gradle\native\68d5fa5c4cc2d200863cafc0d521ce42e7d3e7ee720ec0a83991735586a16f82\windows-amd64\native-platform.dll
0x00007ff8dca00000 - 0x00007ff8dcb44000 	C:\Users\LENOVO\.gradle\native\e376f236ea51e6404a007f0833ffe2c6e607c4080706a723a18a27aeea778392\windows-amd64\native-platform-file-events.dll
0x00007ff90f980000 - 0x00007ff90f989000 	C:\Program Files\Android\Android Studio\jbr\bin\management.dll
0x00007ff90f2f0000 - 0x00007ff90f2fb000 	C:\Program Files\Android\Android Studio\jbr\bin\management_ext.dll
0x00007ff917090000 - 0x00007ff917098000 	C:\Windows\System32\PSAPI.DLL
0x00007ff914f40000 - 0x00007ff914f58000 	C:\Windows\SYSTEM32\CRYPTSP.dll
0x00007ff914660000 - 0x00007ff914694000 	C:\Windows\system32\rsaenh.dll
0x00007ff915570000 - 0x00007ff91559e000 	C:\Windows\SYSTEM32\USERENV.dll
0x00007ff914f30000 - 0x00007ff914f3c000 	C:\Windows\SYSTEM32\CRYPTBASE.dll
0x00007ff914a20000 - 0x00007ff914a5b000 	C:\Windows\SYSTEM32\IPHLPAPI.DLL
0x00007ff917340000 - 0x00007ff917348000 	C:\Windows\System32\NSI.dll
0x00007ff90afb0000 - 0x00007ff90afc7000 	C:\Windows\SYSTEM32\dhcpcsvc6.DLL
0x00007ff90c030000 - 0x00007ff90c04d000 	C:\Windows\SYSTEM32\dhcpcsvc.DLL
0x00007ff914a60000 - 0x00007ff914b2a000 	C:\Windows\SYSTEM32\DNSAPI.dll
0x00007ff90e5a0000 - 0x00007ff90e5a7000 	C:\Windows\system32\wshunix.dll
0x00007ff906af0000 - 0x00007ff906b07000 	C:\Windows\system32\napinsp.dll
0x00007ff906ad0000 - 0x00007ff906aeb000 	C:\Windows\system32\pnrpnsp.dll
0x00007ff90f960000 - 0x00007ff90f975000 	C:\Windows\system32\wshbth.dll
0x00007ff910ac0000 - 0x00007ff910add000 	C:\Windows\system32\NLAapi.dll
0x00007ff8f6840000 - 0x00007ff8f6852000 	C:\Windows\System32\winrnr.dll
0x00007ff9061e0000 - 0x00007ff9061ea000 	C:\Windows\System32\rasadhlp.dll
0x00007ff906370000 - 0x00007ff9063f0000 	C:\Windows\System32\fwpuclnt.dll

dbghelp: loaded successfully - version: 4.0.5 - missing functions: none
symbol engine: initialized successfully - sym options: 0x614 - pdb path: .;C:\Program Files\Android\Android Studio\jbr\bin;C:\Windows\SYSTEM32;C:\Windows\WinSxS\amd64_microsoft.windows.common-controls_6595b64144ccf1df_6.0.19041.4355_none_60b8b9eb71f62e16;C:\Program Files\Android\Android Studio\jbr\bin\server;C:\Users\LENOVO\.gradle\native\68d5fa5c4cc2d200863cafc0d521ce42e7d3e7ee720ec0a83991735586a16f82\windows-amd64;C:\Users\LENOVO\.gradle\native\e376f236ea51e6404a007f0833ffe2c6e607c4080706a723a18a27aeea778392\windows-amd64

VM Arguments:
jvm_args: -XX:MaxPermSize=512m -XX:+HeapDumpOnOutOfMemoryError --add-opens=java.base/java.util=ALL-UNNAMED --add-opens=java.base/java.lang=ALL-UNNAMED --add-opens=java.base/java.lang.invoke=ALL-UNNAMED --add-opens=java.prefs/java.util.prefs=ALL-UNNAMED --add-opens=java.base/java.nio.charset=ALL-UNNAMED --add-opens=java.base/java.net=ALL-UNNAMED --add-opens=java.base/java.util.concurrent.atomic=ALL-UNNAMED -Xmx1024m -Dfile.encoding=UTF-8 -Duser.country=ID -Duser.language=en -Duser.variant 
java_command: org.gradle.launcher.daemon.bootstrap.GradleDaemon 8.0
java_class_path (initial): C:\Users\LENOVO\.gradle\wrapper\dists\gradle-8.0-bin\ca5e32bp14vu59qr306oxotwh\gradle-8.0\lib\gradle-launcher-8.0.jar
Launcher Type: SUN_STANDARD

[Global flags]
     intx CICompilerCount                          = 2                                         {product} {ergonomic}
     uint ConcGCThreads                            = 1                                         {product} {ergonomic}
     uint G1ConcRefinementThreads                  = 2                                         {product} {ergonomic}
   size_t G1HeapRegionSize                         = 1048576                                   {product} {ergonomic}
    uintx GCDrainStackTargetSize                   = 64                                        {product} {ergonomic}
     bool HeapDumpOnOutOfMemoryError               = true                                   {manageable} {command line}
   size_t InitialHeapSize                          = 192937984                                 {product} {ergonomic}
   size_t MarkStackSize                            = 4194304                                   {product} {ergonomic}
   size_t MaxHeapSize                              = 1073741824                                {product} {command line}
   size_t MaxNewSize                               = 643825664                                 {product} {ergonomic}
   size_t MinHeapDeltaBytes                        = 1048576                                   {product} {ergonomic}
   size_t MinHeapSize                              = 8388608                                   {product} {ergonomic}
    uintx NonNMethodCodeHeapSize                   = 5826188                                {pd product} {ergonomic}
    uintx NonProfiledCodeHeapSize                  = 122916026                              {pd product} {ergonomic}
    uintx ProfiledCodeHeapSize                     = 122916026                              {pd product} {ergonomic}
    uintx ReservedCodeCacheSize                    = 251658240                              {pd product} {ergonomic}
     bool SegmentedCodeCache                       = true                                      {product} {ergonomic}
   size_t SoftMaxHeapSize                          = 1073741824                             {manageable} {ergonomic}
     bool UseCompressedClassPointers               = true                           {product lp64_product} {ergonomic}
     bool UseCompressedOops                        = true                           {product lp64_product} {ergonomic}
     bool UseG1GC                                  = true                                      {product} {ergonomic}
     bool UseLargePagesIndividualAllocation        = false                                  {pd product} {ergonomic}

Logging:
Log output configuration:
 #0: stdout all=warning uptime,level,tags
 #1: stderr all=off uptime,level,tags

Environment Variables:
JAVA_HOME=C:\Program Files\Java\jdk1.8.0_202
PATH=C:\Program Files\Java\jdk1.8.0_202\bin;C:\Program Files (x86)\Common Files\Oracle\Java\javapath;C:\Windows\system32;C:\Windows;C:\Windows\System32\Wbem;C:\Windows\System32\WindowsPowerShell\v1.0\;C:\Windows\System32\OpenSSH\;C:\Program Files (x86)\Rational\common;C:\Program Files\IBM\SPSS\Statistics\25\JRE\bin;C:\laragon\bin\php\php;C:\composer;C:\Program Files\Git\cmd;C:\Program Files\kotlinc\bin;C:\Users\LENOVO\AppData\Local\Microsoft\WindowsApps;C:\Users\LENOVO\AppData\Local\Programs\Microsoft VS Code\bin;C:\Program Files\JetBrains\IntelliJ IDEA 2023.2\bin;C:\Program Files\kotlinc;;C:\Users\LENOVO\AppData\Local\JetBrains\IntelliJ IDEA Community Edition 2023.2.1\bin;;C:\Users\LENOVO\AppData\Roaming\Composer\vendor\bin;C:\Program Files\kotlinc;
USERNAME=DZAKY
OS=Windows_NT
PROCESSOR_IDENTIFIER=AMD64 Family 21 Model 112 Stepping 0, AuthenticAMD
TMP=C:\Users\LENOVO\AppData\Local\Temp
TEMP=C:\Users\LENOVO\AppData\Local\Temp


JNI global refs:
JNI global refs: 24, weak refs: 0

JNI global refs memory usage: 843, weak refs: 841


---------------  S Y S T E M  ---------------

OS:
 Windows 10 , 64 bit Build 19041 (10.0.19041.5198)
OS uptime: 0 days 7:36 hours

CPU: total 2 (initial active 2) (2 cores per cpu, 1 threads per core) family 21 model 112 stepping 0 microcode 0x0, cx8, cmov, fxsr, mmx, 3dnowpref, sse, sse2, sse3, ssse3, sse4a, sse4.1, sse4.2, popcnt, lzcnt, tsc, tscinvbit, avx, avx2, aes, clmul, bmi1, bmi2, fma, vzeroupper, clflush

Memory: 4k page, system-wide physical 11680M (1768M free)
TotalPageFile size 11680M (AvailPageFile size 304M)
current process WorkingSet (physical memory assigned to process): 436M, peak: 436M
current process commit charge ("private bytes"): 469M, peak: 505M

vm_info: OpenJDK 64-Bit Server VM (17.0.6+0-b2043.56-10027231) for windows-amd64 JRE (17.0.6+0-b2043.56-10027231), built on Apr 28 2023 00:43:19 by "androidbuild" with MS VC++ 16.10 / 16.11 (VS2019)

END.
